INFO:root:Scene Object change detection Job Started...
DEBUG:root:Monitering started...
DEBUG:matplotlib.font_manager:findfont: Matching :family=sans-serif:style=normal:variant=normal:weight=normal:stretch=normal:size=10.0.
DEBUG:matplotlib.font_manager:findfont: score(<Font 'STIXSizeThreeSym' (STIXSizThreeSymBol.ttf) normal normal bold normal>) = 10.335
DEBUG:matplotlib.font_manager:findfont: score(<Font 'DejaVu Sans Mono' (DejaVuSansMono.ttf) normal normal 400 normal>) = 10.05
DEBUG:matplotlib.font_manager:findfont: score(<Font 'DejaVu Serif' (DejaVuSerif.ttf) normal normal 400 normal>) = 10.05
DEBUG:matplotlib.font_manager:findfont: score(<Font 'DejaVu Sans Mono' (DejaVuSansMono-Bold.ttf) normal normal bold normal>) = 10.335
DEBUG:matplotlib.font_manager:findfont: score(<Font 'cmtt10' (cmtt10.ttf) normal normal 400 normal>) = 10.05
DEBUG:matplotlib.font_manager:findfont: score(<Font 'STIXNonUnicode' (STIXNonUni.ttf) normal normal regular normal>) = 10.05
DEBUG:matplotlib.font_manager:findfont: score(<Font 'STIXSizeFourSym' (STIXSizFourSymBol.ttf) normal normal bold normal>) = 10.335
DEBUG:matplotlib.font_manager:findfont: score(<Font 'STIXNonUnicode' (STIXNonUniBolIta.ttf) italic normal bold normal>) = 11.335
DEBUG:matplotlib.font_manager:findfont: score(<Font 'DejaVu Sans' (DejaVuSans-BoldOblique.ttf) oblique normal bold normal>) = 1.335
DEBUG:matplotlib.font_manager:findfont: score(<Font 'STIXSizeOneSym' (STIXSizOneSymReg.ttf) normal normal regular normal>) = 10.05
DEBUG:matplotlib.font_manager:findfont: score(<Font 'cmr10' (cmr10.ttf) normal normal 400 normal>) = 10.05
DEBUG:matplotlib.font_manager:findfont: score(<Font 'cmss10' (cmss10.ttf) normal normal 400 normal>) = 10.05
DEBUG:matplotlib.font_manager:findfont: score(<Font 'STIXSizeOneSym' (STIXSizOneSymBol.ttf) normal normal bold normal>) = 10.335
DEBUG:matplotlib.font_manager:findfont: score(<Font 'cmb10' (cmb10.ttf) normal normal 400 normal>) = 10.05
DEBUG:matplotlib.font_manager:findfont: score(<Font 'DejaVu Serif' (DejaVuSerif-Italic.ttf) italic normal 400 normal>) = 11.05
DEBUG:matplotlib.font_manager:findfont: score(<Font 'DejaVu Sans Mono' (DejaVuSansMono-BoldOblique.ttf) oblique normal bold normal>) = 11.335
DEBUG:matplotlib.font_manager:findfont: score(<Font 'DejaVu Serif Display' (DejaVuSerifDisplay.ttf) normal normal 400 normal>) = 10.05
DEBUG:matplotlib.font_manager:findfont: score(<Font 'DejaVu Sans Display' (DejaVuSansDisplay.ttf) normal normal 400 normal>) = 10.05
DEBUG:matplotlib.font_manager:findfont: score(<Font 'cmex10' (cmex10.ttf) normal normal 400 normal>) = 10.05
DEBUG:matplotlib.font_manager:findfont: score(<Font 'STIXNonUnicode' (STIXNonUniBol.ttf) normal normal bold normal>) = 10.335
DEBUG:matplotlib.font_manager:findfont: score(<Font 'cmsy10' (cmsy10.ttf) normal normal 400 normal>) = 10.05
DEBUG:matplotlib.font_manager:findfont: score(<Font 'DejaVu Sans' (DejaVuSans-Bold.ttf) normal normal bold normal>) = 0.33499999999999996
DEBUG:matplotlib.font_manager:findfont: score(<Font 'STIXSizeTwoSym' (STIXSizTwoSymBol.ttf) normal normal bold normal>) = 10.335
DEBUG:matplotlib.font_manager:findfont: score(<Font 'DejaVu Sans' (DejaVuSans.ttf) normal normal 400 normal>) = 0.05
DEBUG:matplotlib.font_manager:findfont: score(<Font 'STIXGeneral' (STIXGeneral.ttf) normal normal regular normal>) = 10.05
DEBUG:matplotlib.font_manager:findfont: score(<Font 'STIXSizeFiveSym' (STIXSizFiveSymReg.ttf) normal normal regular normal>) = 10.05
DEBUG:matplotlib.font_manager:findfont: score(<Font 'STIXSizeThreeSym' (STIXSizThreeSymReg.ttf) normal normal regular normal>) = 10.05
DEBUG:matplotlib.font_manager:findfont: score(<Font 'cmmi10' (cmmi10.ttf) normal normal 400 normal>) = 10.05
DEBUG:matplotlib.font_manager:findfont: score(<Font 'STIXGeneral' (STIXGeneralBolIta.ttf) italic normal bold normal>) = 11.335
DEBUG:matplotlib.font_manager:findfont: score(<Font 'DejaVu Sans' (DejaVuSans-Oblique.ttf) oblique normal 400 normal>) = 1.05
DEBUG:matplotlib.font_manager:findfont: score(<Font 'STIXGeneral' (STIXGeneralBol.ttf) normal normal bold normal>) = 10.335
DEBUG:matplotlib.font_manager:findfont: score(<Font 'DejaVu Sans Mono' (DejaVuSansMono-Oblique.ttf) oblique normal 400 normal>) = 11.05
DEBUG:matplotlib.font_manager:findfont: score(<Font 'DejaVu Serif' (DejaVuSerif-Bold.ttf) normal normal bold normal>) = 10.335
DEBUG:matplotlib.font_manager:findfont: score(<Font 'DejaVu Serif' (DejaVuSerif-BoldItalic.ttf) italic normal bold normal>) = 11.335
DEBUG:matplotlib.font_manager:findfont: score(<Font 'STIXNonUnicode' (STIXNonUniIta.ttf) italic normal 400 normal>) = 11.05
DEBUG:matplotlib.font_manager:findfont: score(<Font 'STIXGeneral' (STIXGeneralItalic.ttf) italic normal 400 normal>) = 11.05
DEBUG:matplotlib.font_manager:findfont: score(<Font 'STIXSizeFourSym' (STIXSizFourSymReg.ttf) normal normal regular normal>) = 10.05
DEBUG:matplotlib.font_manager:findfont: score(<Font 'STIXSizeTwoSym' (STIXSizTwoSymReg.ttf) normal normal regular normal>) = 10.05
DEBUG:matplotlib.font_manager:findfont: score(<Font 'Liberation Sans' (LiberationSans-Regular.ttf) normal normal 400 normal>) = 10.05
DEBUG:matplotlib.font_manager:findfont: score(<Font 'Tlwg Typo' (TlwgTypo-BoldOblique.ttf) oblique normal bold normal>) = 11.335
DEBUG:matplotlib.font_manager:findfont: score(<Font 'Liberation Serif' (LiberationSerif-Regular.ttf) normal normal 400 normal>) = 10.05
DEBUG:matplotlib.font_manager:findfont: score(<Font 'Norasi' (Norasi-Oblique.ttf) oblique normal 400 normal>) = 11.05
DEBUG:matplotlib.font_manager:findfont: score(<Font 'Ubuntu' (Ubuntu-RI.ttf) italic normal 400 normal>) = 11.05
DEBUG:matplotlib.font_manager:findfont: score(<Font 'Liberation Mono' (LiberationMono-Bold.ttf) normal normal bold normal>) = 10.335
DEBUG:matplotlib.font_manager:findfont: score(<Font 'Loma' (Loma-Bold.ttf) normal normal bold normal>) = 10.335
DEBUG:matplotlib.font_manager:findfont: score(<Font 'Noto Serif CJK JP' (NotoSerifCJK-Regular.ttc) normal normal 400 normal>) = 10.05
DEBUG:matplotlib.font_manager:findfont: score(<Font 'Waree' (Waree-Bold.ttf) normal normal bold normal>) = 10.335
DEBUG:matplotlib.font_manager:findfont: score(<Font 'Lohit Malayalam' (Lohit-Malayalam.ttf) normal normal 400 normal>) = 10.05
DEBUG:matplotlib.font_manager:findfont: score(<Font 'FreeSerif' (FreeSerifItalic.ttf) italic normal 400 normal>) = 11.05
DEBUG:matplotlib.font_manager:findfont: score(<Font 'Ubuntu Mono' (UbuntuMono-RI.ttf) italic normal 400 normal>) = 11.05
DEBUG:matplotlib.font_manager:findfont: score(<Font 'Meera' (Meera.ttf) normal normal 400 normal>) = 10.05
DEBUG:matplotlib.font_manager:findfont: score(<Font 'Lohit Tamil Classical' (Lohit-Tamil-Classical.ttf) normal normal 400 normal>) = 10.05
DEBUG:matplotlib.font_manager:findfont: score(<Font 'Tlwg Typewriter' (TlwgTypewriter.ttf) normal normal 400 normal>) = 10.05
DEBUG:matplotlib.font_manager:findfont: score(<Font 'Tlwg Typo' (TlwgTypo-Oblique.ttf) oblique normal 400 normal>) = 11.05
DEBUG:matplotlib.font_manager:findfont: score(<Font 'DejaVu Sans' (DejaVuSansCondensed-Bold.ttf) normal normal bold condensed>) = 0.5349999999999999
DEBUG:matplotlib.font_manager:findfont: score(<Font 'Dyuthi' (Dyuthi.ttf) normal normal 400 normal>) = 10.05
DEBUG:matplotlib.font_manager:findfont: score(<Font 'KacstOne' (KacstOne.ttf) normal normal 400 normal>) = 10.05
DEBUG:matplotlib.font_manager:findfont: score(<Font 'Suruma' (Suruma.ttf) normal normal 400 normal>) = 10.05
DEBUG:matplotlib.font_manager:findfont: score(<Font 'Liberation Serif' (LiberationSerif-Bold.ttf) normal normal bold normal>) = 10.335
DEBUG:matplotlib.font_manager:findfont: score(<Font 'Kalapi' (Kalapi.ttf) normal normal 400 normal>) = 10.05
DEBUG:matplotlib.font_manager:findfont: score(<Font 'Tlwg Typewriter' (TlwgTypewriter-Bold.ttf) normal normal bold normal>) = 10.335
DEBUG:matplotlib.font_manager:findfont: score(<Font 'Loma' (Loma-Oblique.ttf) oblique normal 400 normal>) = 11.05
DEBUG:matplotlib.font_manager:findfont: score(<Font 'Kinnari' (Kinnari-Bold.ttf) normal normal bold normal>) = 10.335
DEBUG:matplotlib.font_manager:findfont: score(<Font 'Sahadeva' (sahadeva.ttf) normal normal 400 normal>) = 10.05
DEBUG:matplotlib.font_manager:findfont: score(<Font 'LKLUG' (lklug.ttf) normal normal 400 normal>) = 10.05
DEBUG:matplotlib.font_manager:findfont: score(<Font 'Liberation Serif' (LiberationSerif-Italic.ttf) italic normal 400 normal>) = 11.05
DEBUG:matplotlib.font_manager:findfont: score(<Font 'Tlwg Typist' (TlwgTypist.ttf) normal normal 400 normal>) = 10.05
DEBUG:matplotlib.font_manager:findfont: score(<Font 'Mitra Mono' (mitra.ttf) normal normal 400 normal>) = 10.05
DEBUG:matplotlib.font_manager:findfont: score(<Font 'Lohit Bengali' (Lohit-Bengali.ttf) normal normal 400 normal>) = 10.05
DEBUG:matplotlib.font_manager:findfont: score(<Font 'Jamrul' (JamrulNormal.ttf) normal normal 400 normal>) = 10.05
DEBUG:matplotlib.font_manager:findfont: score(<Font 'DejaVu Sans' (DejaVuSansCondensed.ttf) normal normal 400 condensed>) = 0.25
DEBUG:matplotlib.font_manager:findfont: score(<Font 'Padauk Book' (PadaukBook-Bold.ttf) normal normal book normal>) = 10.05
DEBUG:matplotlib.font_manager:findfont: score(<Font 'KacstScreen' (KacstScreen.ttf) normal normal 400 normal>) = 10.05
DEBUG:matplotlib.font_manager:findfont: score(<Font 'Samyak Gujarati' (Samyak-Gujarati.ttf) normal normal 400 normal>) = 10.05
DEBUG:matplotlib.font_manager:findfont: score(<Font 'Ubuntu' (Ubuntu-LI.ttf) italic normal light normal>) = 11.24
DEBUG:matplotlib.font_manager:findfont: score(<Font 'Norasi' (Norasi-BoldOblique.ttf) oblique normal bold normal>) = 11.335
DEBUG:matplotlib.font_manager:findfont: score(<Font 'Laksaman' (Laksaman-Italic.ttf) italic normal 400 normal>) = 11.05
DEBUG:matplotlib.font_manager:findfont: score(<Font 'Ubuntu Condensed' (Ubuntu-C.ttf) normal normal 400 condensed>) = 10.25
DEBUG:matplotlib.font_manager:findfont: score(<Font 'Karumbi' (Karumbi.ttf) normal normal 400 normal>) = 10.05
DEBUG:matplotlib.font_manager:findfont: score(<Font 'Kinnari' (Kinnari-Italic.ttf) italic normal 400 normal>) = 11.05
DEBUG:matplotlib.font_manager:findfont: score(<Font 'Ubuntu' (Ubuntu-BI.ttf) italic normal bold normal>) = 11.335
DEBUG:matplotlib.font_manager:findfont: score(<Font 'Loma' (Loma-BoldOblique.ttf) oblique normal bold normal>) = 11.335
DEBUG:matplotlib.font_manager:findfont: score(<Font 'Laksaman' (Laksaman.ttf) normal normal 400 normal>) = 10.05
DEBUG:matplotlib.font_manager:findfont: score(<Font 'Laksaman' (Laksaman-BoldItalic.ttf) italic normal bold normal>) = 11.335
DEBUG:matplotlib.font_manager:findfont: score(<Font 'Likhan' (LikhanNormal.ttf) normal normal 400 normal>) = 10.05
DEBUG:matplotlib.font_manager:findfont: score(<Font 'Lohit Telugu' (Lohit-Telugu.ttf) normal normal 400 normal>) = 10.05
DEBUG:matplotlib.font_manager:findfont: score(<Font 'Liberation Sans Narrow' (LiberationSansNarrow-BoldItalic.ttf) italic normal bold condensed>) = 11.535
DEBUG:matplotlib.font_manager:findfont: score(<Font 'FreeMono' (FreeMono.ttf) normal normal 400 normal>) = 10.05
DEBUG:matplotlib.font_manager:findfont: score(<Font 'padmaa' (padmaa-Medium-0.5.ttf) normal normal normal normal>) = 10.0
DEBUG:matplotlib.font_manager:findfont: score(<Font 'Sawasdee' (Sawasdee-Oblique.ttf) oblique normal 400 normal>) = 11.05
DEBUG:matplotlib.font_manager:findfont: score(<Font 'Umpush' (Umpush-Light.ttf) normal normal light normal>) = 10.24
DEBUG:matplotlib.font_manager:findfont: score(<Font 'KacstOne' (KacstOne-Bold.ttf) normal normal bold normal>) = 10.335
DEBUG:matplotlib.font_manager:findfont: score(<Font 'Waree' (Waree.ttf) normal normal 400 normal>) = 10.05
DEBUG:matplotlib.font_manager:findfont: score(<Font 'Lohit Devanagari' (Lohit-Devanagari.ttf) normal normal 400 normal>) = 10.05
DEBUG:matplotlib.font_manager:findfont: score(<Font 'Tlwg Typewriter' (TlwgTypewriter-Oblique.ttf) oblique normal 400 normal>) = 11.05
DEBUG:matplotlib.font_manager:findfont: score(<Font 'Tlwg Typist' (TlwgTypist-Bold.ttf) normal normal bold normal>) = 10.335
DEBUG:matplotlib.font_manager:findfont: score(<Font 'Ubuntu Mono' (UbuntuMono-R.ttf) normal normal 400 normal>) = 10.05
DEBUG:matplotlib.font_manager:findfont: score(<Font 'Tibetan Machine Uni' (TibetanMachineUni.ttf) normal normal 400 normal>) = 10.05
DEBUG:matplotlib.font_manager:findfont: score(<Font 'Khmer OS System' (KhmerOSsys.ttf) normal normal 400 normal>) = 10.05
DEBUG:matplotlib.font_manager:findfont: score(<Font 'Droid Sans Fallback' (DroidSansFallbackFull.ttf) normal normal 400 normal>) = 10.05
DEBUG:matplotlib.font_manager:findfont: score(<Font 'Purisa' (Purisa.ttf) normal normal 400 normal>) = 10.05
DEBUG:matplotlib.font_manager:findfont: score(<Font 'Padauk' (Padauk-Regular.ttf) normal normal 400 normal>) = 10.05
DEBUG:matplotlib.font_manager:findfont: score(<Font 'Manjari' (Manjari-Bold.otf) normal normal bold normal>) = 10.335
DEBUG:matplotlib.font_manager:findfont: score(<Font 'KacstNaskh' (KacstNaskh.ttf) normal normal 400 normal>) = 10.05
DEBUG:matplotlib.font_manager:findfont: score(<Font 'Keraleeyam' (Keraleeyam.ttf) normal normal 700 normal>) = 10.335
DEBUG:matplotlib.font_manager:findfont: score(<Font 'Purisa' (Purisa-Bold.ttf) normal normal bold normal>) = 10.335
DEBUG:matplotlib.font_manager:findfont: score(<Font 'Norasi' (Norasi.ttf) normal normal 400 normal>) = 10.05
DEBUG:matplotlib.font_manager:findfont: score(<Font 'KacstPen' (KacstPen.ttf) normal normal 400 normal>) = 10.05
DEBUG:matplotlib.font_manager:findfont: score(<Font 'Kinnari' (Kinnari-Oblique.ttf) oblique normal 400 normal>) = 11.05
DEBUG:matplotlib.font_manager:findfont: score(<Font 'Garuda' (Garuda-BoldOblique.ttf) oblique normal bold normal>) = 11.335
DEBUG:matplotlib.font_manager:findfont: score(<Font 'Liberation Sans' (LiberationSans-BoldItalic.ttf) italic normal bold normal>) = 11.335
DEBUG:matplotlib.font_manager:findfont: score(<Font 'Tlwg Typo' (TlwgTypo.ttf) normal normal 400 normal>) = 10.05
DEBUG:matplotlib.font_manager:findfont: score(<Font 'FreeMono' (FreeMonoOblique.ttf) oblique normal 400 normal>) = 11.05
DEBUG:matplotlib.font_manager:findfont: score(<Font 'Tlwg Typo' (TlwgTypo-Bold.ttf) normal normal bold normal>) = 10.335
DEBUG:matplotlib.font_manager:findfont: score(<Font 'Noto Mono' (NotoMono-Regular.ttf) normal normal 400 normal>) = 10.05
DEBUG:matplotlib.font_manager:findfont: score(<Font 'FreeSans' (FreeSansBoldOblique.ttf) oblique normal bold normal>) = 11.335
DEBUG:matplotlib.font_manager:findfont: score(<Font 'Liberation Sans' (LiberationSans-Bold.ttf) normal normal bold normal>) = 10.335
DEBUG:matplotlib.font_manager:findfont: score(<Font 'Liberation Sans Narrow' (LiberationSansNarrow-Regular.ttf) normal normal 400 condensed>) = 10.25
DEBUG:matplotlib.font_manager:findfont: score(<Font 'RaghuMalayalam' (RaghuMalayalamSans-Regular.ttf) normal normal regular normal>) = 10.05
DEBUG:matplotlib.font_manager:findfont: score(<Font 'Kalimati' (kalimati.ttf) normal normal 400 normal>) = 10.05
DEBUG:matplotlib.font_manager:findfont: score(<Font 'Samyak Malayalam' (Samyak-Malayalam.ttf) normal normal 400 normal>) = 10.05
DEBUG:matplotlib.font_manager:findfont: score(<Font 'KacstDecorative' (KacstDecorative.ttf) normal normal 400 normal>) = 10.05
DEBUG:matplotlib.font_manager:findfont: score(<Font 'Abyssinica SIL' (AbyssinicaSIL-R.ttf) normal normal 400 normal>) = 10.05
DEBUG:matplotlib.font_manager:findfont: score(<Font 'AnjaliOldLipi' (AnjaliOldLipi.ttf) normal normal 400 normal>) = 10.05
DEBUG:matplotlib.font_manager:findfont: score(<Font 'Manjari' (Manjari-Thin.otf) normal normal 400 normal>) = 10.05
DEBUG:matplotlib.font_manager:findfont: score(<Font 'KacstArt' (KacstArt.ttf) normal normal 400 normal>) = 10.05
DEBUG:matplotlib.font_manager:findfont: score(<Font 'Purisa' (Purisa-Oblique.ttf) oblique normal 400 normal>) = 11.05
DEBUG:matplotlib.font_manager:findfont: score(<Font 'Lohit Odia' (Lohit-Odia.ttf) normal normal 400 normal>) = 10.05
DEBUG:matplotlib.font_manager:findfont: score(<Font 'KacstDigital' (KacstDigital.ttf) normal normal 400 normal>) = 10.05
DEBUG:matplotlib.font_manager:findfont: score(<Font 'Samyak Devanagari' (Samyak-Devanagari.ttf) normal normal 400 normal>) = 10.05
DEBUG:matplotlib.font_manager:findfont: score(<Font 'Umpush' (Umpush-Oblique.ttf) oblique normal 400 normal>) = 11.05
DEBUG:matplotlib.font_manager:findfont: score(<Font 'Lohit Tamil' (Lohit-Tamil.ttf) normal normal 400 normal>) = 10.05
DEBUG:matplotlib.font_manager:findfont: score(<Font 'Ubuntu' (Ubuntu-L.ttf) normal normal light normal>) = 10.24
DEBUG:matplotlib.font_manager:findfont: score(<Font 'Liberation Mono' (LiberationMono-Regular.ttf) normal normal 400 normal>) = 10.05
DEBUG:matplotlib.font_manager:findfont: score(<Font 'mry_KacstQurn' (mry_KacstQurn.ttf) normal normal 400 normal>) = 10.05
DEBUG:matplotlib.font_manager:findfont: score(<Font 'Liberation Mono' (LiberationMono-BoldItalic.ttf) italic normal bold normal>) = 11.335
DEBUG:matplotlib.font_manager:findfont: score(<Font 'Laksaman' (Laksaman-Bold.ttf) normal normal bold normal>) = 10.335
DEBUG:matplotlib.font_manager:findfont: score(<Font 'DejaVu Sans' (DejaVuSansCondensed-BoldOblique.ttf) oblique normal bold condensed>) = 1.535
DEBUG:matplotlib.font_manager:findfont: score(<Font 'Umpush' (Umpush.ttf) normal normal 400 normal>) = 10.05
DEBUG:matplotlib.font_manager:findfont: score(<Font 'Khmer OS' (KhmerOS.ttf) normal normal 400 normal>) = 10.05
DEBUG:matplotlib.font_manager:findfont: score(<Font 'Garuda' (Garuda.ttf) normal normal 400 normal>) = 10.05
DEBUG:matplotlib.font_manager:findfont: score(<Font 'DejaVu Sans' (DejaVuSansCondensed-Oblique.ttf) oblique normal 400 condensed>) = 1.25
DEBUG:matplotlib.font_manager:findfont: score(<Font 'FreeSans' (FreeSansOblique.ttf) oblique normal 400 normal>) = 11.05
DEBUG:matplotlib.font_manager:findfont: score(<Font 'FreeSerif' (FreeSerif.ttf) normal normal 400 normal>) = 10.05
DEBUG:matplotlib.font_manager:findfont: score(<Font 'Noto Sans CJK JP' (NotoSansCJK-Bold.ttc) normal normal bold normal>) = 10.335
DEBUG:matplotlib.font_manager:findfont: score(<Font 'Rachana' (Rachana-Bold.ttf) normal normal bold normal>) = 10.335
DEBUG:matplotlib.font_manager:findfont: score(<Font 'DejaVu Serif' (DejaVuSerifCondensed.ttf) normal normal 400 condensed>) = 10.25
DEBUG:matplotlib.font_manager:findfont: score(<Font 'padmaa-Bold.1.1' (padmaa-Bold.1.1.ttf) normal normal bold normal>) = 10.335
DEBUG:matplotlib.font_manager:findfont: score(<Font 'Uroob' (Uroob.ttf) normal normal 700 normal>) = 10.335
DEBUG:matplotlib.font_manager:findfont: score(<Font 'Purisa' (Purisa-BoldOblique.ttf) oblique normal bold normal>) = 11.335
DEBUG:matplotlib.font_manager:findfont: score(<Font 'Vemana2000' (vemana2000.ttf) normal normal 400 normal>) = 10.05
DEBUG:matplotlib.font_manager:findfont: score(<Font 'KacstLetter' (KacstLetter.ttf) normal normal 400 normal>) = 10.05
DEBUG:matplotlib.font_manager:findfont: score(<Font 'KacstOffice' (KacstOffice.ttf) normal normal 400 normal>) = 10.05
DEBUG:matplotlib.font_manager:findfont: score(<Font 'DejaVu Math TeX Gyre' (DejaVuMathTeXGyre.ttf) normal normal regular normal>) = 10.05
DEBUG:matplotlib.font_manager:findfont: score(<Font 'Chandas' (chandas1-2.ttf) normal normal 400 normal>) = 10.05
DEBUG:matplotlib.font_manager:findfont: score(<Font 'Samyak Tamil' (Samyak-Tamil.ttf) normal normal 400 normal>) = 10.05
DEBUG:matplotlib.font_manager:findfont: score(<Font 'aakar' (aakar-medium.ttf) normal normal 400 normal>) = 10.05
DEBUG:matplotlib.font_manager:findfont: score(<Font 'KacstTitleL' (KacstTitleL.ttf) normal normal 400 normal>) = 10.05
DEBUG:matplotlib.font_manager:findfont: score(<Font 'Nakula' (nakula.ttf) normal normal 400 normal>) = 10.05
DEBUG:matplotlib.font_manager:findfont: score(<Font 'Kinnari' (Kinnari.ttf) normal normal 400 normal>) = 10.05
DEBUG:matplotlib.font_manager:findfont: score(<Font 'Tlwg Mono' (TlwgMono-Oblique.ttf) oblique normal 400 normal>) = 11.05
DEBUG:matplotlib.font_manager:findfont: score(<Font 'OpenSymbol' (opens___.ttf) normal normal 400 normal>) = 10.05
DEBUG:matplotlib.font_manager:findfont: score(<Font 'Noto Sans CJK JP' (NotoSansCJK-Regular.ttc) normal normal 400 normal>) = 10.05
DEBUG:matplotlib.font_manager:findfont: score(<Font 'Ubuntu Mono' (UbuntuMono-B.ttf) normal normal bold normal>) = 10.335
DEBUG:matplotlib.font_manager:findfont: score(<Font 'KacstFarsi' (KacstFarsi.ttf) normal normal 400 normal>) = 10.05
DEBUG:matplotlib.font_manager:findfont: score(<Font 'Loma' (Loma.ttf) normal normal 400 normal>) = 10.05
DEBUG:matplotlib.font_manager:findfont: score(<Font 'Gargi' (Gargi.ttf) normal normal 400 normal>) = 10.05
DEBUG:matplotlib.font_manager:findfont: score(<Font 'DejaVu Serif' (DejaVuSerifCondensed-Italic.ttf) italic normal 400 condensed>) = 11.25
DEBUG:matplotlib.font_manager:findfont: score(<Font 'FreeMono' (FreeMonoBoldOblique.ttf) oblique normal bold normal>) = 11.335
DEBUG:matplotlib.font_manager:findfont: score(<Font 'DejaVu Serif' (DejaVuSerifCondensed-BoldItalic.ttf) italic normal bold condensed>) = 11.535
DEBUG:matplotlib.font_manager:findfont: score(<Font 'Sawasdee' (Sawasdee-BoldOblique.ttf) oblique normal bold normal>) = 11.335
DEBUG:matplotlib.font_manager:findfont: score(<Font 'Waree' (Waree-BoldOblique.ttf) oblique normal bold normal>) = 11.335
DEBUG:matplotlib.font_manager:findfont: score(<Font 'Tlwg Mono' (TlwgMono-Bold.ttf) normal normal bold normal>) = 10.335
DEBUG:matplotlib.font_manager:findfont: score(<Font 'Liberation Sans Narrow' (LiberationSansNarrow-Bold.ttf) normal normal bold condensed>) = 10.535
DEBUG:matplotlib.font_manager:findfont: score(<Font 'Sawasdee' (Sawasdee.ttf) normal normal 400 normal>) = 10.05
DEBUG:matplotlib.font_manager:findfont: score(<Font 'Liberation Mono' (LiberationMono-Italic.ttf) italic normal 400 normal>) = 11.05
DEBUG:matplotlib.font_manager:findfont: score(<Font 'DejaVu Sans' (DejaVuSans-ExtraLight.ttf) normal normal light normal>) = 0.24
DEBUG:matplotlib.font_manager:findfont: score(<Font 'FreeMono' (FreeMonoBold.ttf) normal normal bold normal>) = 10.335
DEBUG:matplotlib.font_manager:findfont: score(<Font 'Padauk' (Padauk-Bold.ttf) normal normal bold normal>) = 10.335
DEBUG:matplotlib.font_manager:findfont: score(<Font 'Phetsarath OT' (Phetsarath_OT.ttf) normal normal 400 normal>) = 10.05
DEBUG:matplotlib.font_manager:findfont: score(<Font 'Ubuntu' (Ubuntu-B.ttf) normal normal bold normal>) = 10.335
DEBUG:matplotlib.font_manager:findfont: score(<Font 'Garuda' (Garuda-Bold.ttf) normal normal bold normal>) = 10.335
DEBUG:matplotlib.font_manager:findfont: score(<Font 'Umpush' (Umpush-LightOblique.ttf) oblique normal light normal>) = 11.24
DEBUG:matplotlib.font_manager:findfont: score(<Font 'Padauk Book' (PadaukBook-Regular.ttf) normal normal book normal>) = 10.05
DEBUG:matplotlib.font_manager:findfont: score(<Font 'Saab' (Saab.ttf) normal normal 400 normal>) = 10.05
DEBUG:matplotlib.font_manager:findfont: score(<Font 'Mukti Narrow' (MuktiNarrowBold.ttf) normal normal 700 normal>) = 10.335
DEBUG:matplotlib.font_manager:findfont: score(<Font 'Tlwg Typist' (TlwgTypist-BoldOblique.ttf) oblique normal bold normal>) = 11.335
DEBUG:matplotlib.font_manager:findfont: score(<Font 'Liberation Sans Narrow' (LiberationSansNarrow-Italic.ttf) italic normal 400 condensed>) = 11.25
DEBUG:matplotlib.font_manager:findfont: score(<Font 'Waree' (Waree-Oblique.ttf) oblique normal 400 normal>) = 11.05
DEBUG:matplotlib.font_manager:findfont: score(<Font 'Navilu' (Navilu.ttf) normal normal 400 normal>) = 10.05
DEBUG:matplotlib.font_manager:findfont: score(<Font 'Garuda' (Garuda-Oblique.ttf) oblique normal 400 normal>) = 11.05
DEBUG:matplotlib.font_manager:findfont: score(<Font 'Ubuntu' (Ubuntu-R.ttf) normal normal 400 normal>) = 10.05
DEBUG:matplotlib.font_manager:findfont: score(<Font 'Sawasdee' (Sawasdee-Bold.ttf) normal normal bold normal>) = 10.335
DEBUG:matplotlib.font_manager:findfont: score(<Font 'KacstPoster' (KacstPoster.ttf) normal normal 400 normal>) = 10.05
DEBUG:matplotlib.font_manager:findfont: score(<Font 'KacstTitle' (KacstTitle.ttf) normal normal 400 normal>) = 10.05
DEBUG:matplotlib.font_manager:findfont: score(<Font 'FreeSans' (FreeSans.ttf) normal normal 400 normal>) = 10.05
DEBUG:matplotlib.font_manager:findfont: score(<Font 'ori1Uni' (utkal.ttf) normal normal medium normal>) = 10.145
DEBUG:matplotlib.font_manager:findfont: score(<Font 'Ubuntu Mono' (UbuntuMono-BI.ttf) italic normal bold normal>) = 11.335
DEBUG:matplotlib.font_manager:findfont: score(<Font 'Samanata' (samanata.ttf) normal normal 400 normal>) = 10.05
DEBUG:matplotlib.font_manager:findfont: score(<Font 'Chilanka' (Chilanka-Regular.ttf) normal normal regular normal>) = 10.05
DEBUG:matplotlib.font_manager:findfont: score(<Font 'Norasi' (Norasi-BoldItalic.ttf) italic normal bold normal>) = 11.335
DEBUG:matplotlib.font_manager:findfont: score(<Font 'Mukti Narrow' (MuktiNarrow.ttf) normal normal 400 normal>) = 10.05
DEBUG:matplotlib.font_manager:findfont: score(<Font 'Ani' (ani.ttf) normal normal 400 normal>) = 10.05
DEBUG:matplotlib.font_manager:findfont: score(<Font 'Noto Serif CJK JP' (NotoSerifCJK-Bold.ttc) normal normal bold normal>) = 10.335
DEBUG:matplotlib.font_manager:findfont: score(<Font 'Manjari' (Manjari-Regular.otf) normal normal regular normal>) = 10.05
DEBUG:matplotlib.font_manager:findfont: score(<Font 'Lohit Assamese' (Lohit-Assamese.ttf) normal normal 400 normal>) = 10.05
DEBUG:matplotlib.font_manager:findfont: score(<Font 'Kinnari' (Kinnari-BoldItalic.ttf) italic normal bold normal>) = 11.335
DEBUG:matplotlib.font_manager:findfont: score(<Font 'Gubbi' (Gubbi.ttf) normal normal 400 normal>) = 10.05
DEBUG:matplotlib.font_manager:findfont: score(<Font 'Ubuntu' (Ubuntu-M.ttf) normal normal medium normal>) = 10.145
DEBUG:matplotlib.font_manager:findfont: score(<Font 'Liberation Serif' (LiberationSerif-BoldItalic.ttf) italic normal bold normal>) = 11.335
DEBUG:matplotlib.font_manager:findfont: score(<Font 'Kinnari' (Kinnari-BoldOblique.ttf) oblique normal bold normal>) = 11.335
DEBUG:matplotlib.font_manager:findfont: score(<Font 'FreeSans' (FreeSansBold.ttf) normal normal bold normal>) = 10.335
DEBUG:matplotlib.font_manager:findfont: score(<Font 'Liberation Sans' (LiberationSans-Italic.ttf) italic normal 400 normal>) = 11.05
DEBUG:matplotlib.font_manager:findfont: score(<Font 'padmaa' (padmaa.ttf) normal normal 400 normal>) = 10.05
DEBUG:matplotlib.font_manager:findfont: score(<Font 'Rekha' (Rekha.ttf) normal normal 400 normal>) = 10.05
DEBUG:matplotlib.font_manager:findfont: score(<Font 'Lohit Gujarati' (Lohit-Gujarati.ttf) normal normal 400 normal>) = 10.05
DEBUG:matplotlib.font_manager:findfont: score(<Font 'Umpush' (Umpush-Bold.ttf) normal normal bold normal>) = 10.335
DEBUG:matplotlib.font_manager:findfont: score(<Font 'DejaVu Serif' (DejaVuSerifCondensed-Bold.ttf) normal normal bold condensed>) = 10.535
DEBUG:matplotlib.font_manager:findfont: score(<Font 'Norasi' (Norasi-Bold.ttf) normal normal bold normal>) = 10.335
DEBUG:matplotlib.font_manager:findfont: score(<Font 'Norasi' (Norasi-Italic.ttf) italic normal 400 normal>) = 11.05
DEBUG:matplotlib.font_manager:findfont: score(<Font 'FreeSerif' (FreeSerifBold.ttf) normal normal bold normal>) = 10.335
DEBUG:matplotlib.font_manager:findfont: score(<Font 'Tlwg Typist' (TlwgTypist-Oblique.ttf) oblique normal 400 normal>) = 11.05
DEBUG:matplotlib.font_manager:findfont: score(<Font 'Tlwg Mono' (TlwgMono-BoldOblique.ttf) oblique normal bold normal>) = 11.335
DEBUG:matplotlib.font_manager:findfont: score(<Font 'Pothana2000' (Pothana2000.ttf) normal normal 400 normal>) = 10.05
DEBUG:matplotlib.font_manager:findfont: score(<Font 'Rachana' (Rachana-Regular.ttf) normal normal regular normal>) = 10.05
DEBUG:matplotlib.font_manager:findfont: score(<Font 'Ubuntu' (Ubuntu-MI.ttf) italic normal medium normal>) = 11.145
DEBUG:matplotlib.font_manager:findfont: score(<Font 'Sarai' (Sarai.ttf) normal normal 400 normal>) = 10.05
DEBUG:matplotlib.font_manager:findfont: score(<Font 'KacstQurn' (KacstQurn.ttf) normal normal 400 normal>) = 10.05
DEBUG:matplotlib.font_manager:findfont: score(<Font 'Tlwg Mono' (TlwgMono.ttf) normal normal 400 normal>) = 10.05
DEBUG:matplotlib.font_manager:findfont: score(<Font 'Lohit Gurmukhi' (Lohit-Gurmukhi.ttf) normal normal 400 normal>) = 10.05
DEBUG:matplotlib.font_manager:findfont: score(<Font 'Tlwg Typewriter' (TlwgTypewriter-BoldOblique.ttf) oblique normal bold normal>) = 11.335
DEBUG:matplotlib.font_manager:findfont: score(<Font 'Umpush' (Umpush-BoldOblique.ttf) oblique normal bold normal>) = 11.335
DEBUG:matplotlib.font_manager:findfont: score(<Font 'KacstBook' (KacstBook.ttf) normal normal book normal>) = 10.05
DEBUG:matplotlib.font_manager:findfont: score(<Font 'Pagul' (Pagul.ttf) normal normal 400 normal>) = 10.05
DEBUG:matplotlib.font_manager:findfont: score(<Font 'FreeSerif' (FreeSerifBoldItalic.ttf) italic normal bold normal>) = 11.335
DEBUG:matplotlib.font_manager:findfont: score(<Font 'Lohit Kannada' (Lohit-Kannada.ttf) normal normal 400 normal>) = 10.05
DEBUG:matplotlib.font_manager:findfont: Matching :family=sans-serif:style=normal:variant=normal:weight=normal:stretch=normal:size=10.0 to DejaVu Sans ('/home/ram/.local/lib/python3.6/site-packages/matplotlib/mpl-data/fonts/ttf/DejaVuSans.ttf') with score of 0.050000.
DEBUG:roipoly.roipoly:Creating new ROI 0
DEBUG:matplotlib.font_manager:findfont: Matching :family=sans-serif:style=normal:variant=normal:weight=normal:stretch=normal:size=12.0.
DEBUG:matplotlib.font_manager:findfont: score(<Font 'STIXSizeThreeSym' (STIXSizThreeSymBol.ttf) normal normal bold normal>) = 10.335
DEBUG:matplotlib.font_manager:findfont: score(<Font 'DejaVu Sans Mono' (DejaVuSansMono.ttf) normal normal 400 normal>) = 10.05
DEBUG:matplotlib.font_manager:findfont: score(<Font 'DejaVu Serif' (DejaVuSerif.ttf) normal normal 400 normal>) = 10.05
DEBUG:matplotlib.font_manager:findfont: score(<Font 'DejaVu Sans Mono' (DejaVuSansMono-Bold.ttf) normal normal bold normal>) = 10.335
DEBUG:matplotlib.font_manager:findfont: score(<Font 'cmtt10' (cmtt10.ttf) normal normal 400 normal>) = 10.05
DEBUG:matplotlib.font_manager:findfont: score(<Font 'STIXNonUnicode' (STIXNonUni.ttf) normal normal regular normal>) = 10.05
DEBUG:matplotlib.font_manager:findfont: score(<Font 'STIXSizeFourSym' (STIXSizFourSymBol.ttf) normal normal bold normal>) = 10.335
DEBUG:matplotlib.font_manager:findfont: score(<Font 'STIXNonUnicode' (STIXNonUniBolIta.ttf) italic normal bold normal>) = 11.335
DEBUG:matplotlib.font_manager:findfont: score(<Font 'DejaVu Sans' (DejaVuSans-BoldOblique.ttf) oblique normal bold normal>) = 1.335
DEBUG:matplotlib.font_manager:findfont: score(<Font 'STIXSizeOneSym' (STIXSizOneSymReg.ttf) normal normal regular normal>) = 10.05
DEBUG:matplotlib.font_manager:findfont: score(<Font 'cmr10' (cmr10.ttf) normal normal 400 normal>) = 10.05
DEBUG:matplotlib.font_manager:findfont: score(<Font 'cmss10' (cmss10.ttf) normal normal 400 normal>) = 10.05
DEBUG:matplotlib.font_manager:findfont: score(<Font 'STIXSizeOneSym' (STIXSizOneSymBol.ttf) normal normal bold normal>) = 10.335
DEBUG:matplotlib.font_manager:findfont: score(<Font 'cmb10' (cmb10.ttf) normal normal 400 normal>) = 10.05
DEBUG:matplotlib.font_manager:findfont: score(<Font 'DejaVu Serif' (DejaVuSerif-Italic.ttf) italic normal 400 normal>) = 11.05
DEBUG:matplotlib.font_manager:findfont: score(<Font 'DejaVu Sans Mono' (DejaVuSansMono-BoldOblique.ttf) oblique normal bold normal>) = 11.335
DEBUG:matplotlib.font_manager:findfont: score(<Font 'DejaVu Serif Display' (DejaVuSerifDisplay.ttf) normal normal 400 normal>) = 10.05
DEBUG:matplotlib.font_manager:findfont: score(<Font 'DejaVu Sans Display' (DejaVuSansDisplay.ttf) normal normal 400 normal>) = 10.05
DEBUG:matplotlib.font_manager:findfont: score(<Font 'cmex10' (cmex10.ttf) normal normal 400 normal>) = 10.05
DEBUG:matplotlib.font_manager:findfont: score(<Font 'STIXNonUnicode' (STIXNonUniBol.ttf) normal normal bold normal>) = 10.335
DEBUG:matplotlib.font_manager:findfont: score(<Font 'cmsy10' (cmsy10.ttf) normal normal 400 normal>) = 10.05
DEBUG:matplotlib.font_manager:findfont: score(<Font 'DejaVu Sans' (DejaVuSans-Bold.ttf) normal normal bold normal>) = 0.33499999999999996
DEBUG:matplotlib.font_manager:findfont: score(<Font 'STIXSizeTwoSym' (STIXSizTwoSymBol.ttf) normal normal bold normal>) = 10.335
DEBUG:matplotlib.font_manager:findfont: score(<Font 'DejaVu Sans' (DejaVuSans.ttf) normal normal 400 normal>) = 0.05
DEBUG:matplotlib.font_manager:findfont: score(<Font 'STIXGeneral' (STIXGeneral.ttf) normal normal regular normal>) = 10.05
DEBUG:matplotlib.font_manager:findfont: score(<Font 'STIXSizeFiveSym' (STIXSizFiveSymReg.ttf) normal normal regular normal>) = 10.05
DEBUG:matplotlib.font_manager:findfont: score(<Font 'STIXSizeThreeSym' (STIXSizThreeSymReg.ttf) normal normal regular normal>) = 10.05
DEBUG:matplotlib.font_manager:findfont: score(<Font 'cmmi10' (cmmi10.ttf) normal normal 400 normal>) = 10.05
DEBUG:matplotlib.font_manager:findfont: score(<Font 'STIXGeneral' (STIXGeneralBolIta.ttf) italic normal bold normal>) = 11.335
DEBUG:matplotlib.font_manager:findfont: score(<Font 'DejaVu Sans' (DejaVuSans-Oblique.ttf) oblique normal 400 normal>) = 1.05
DEBUG:matplotlib.font_manager:findfont: score(<Font 'STIXGeneral' (STIXGeneralBol.ttf) normal normal bold normal>) = 10.335
DEBUG:matplotlib.font_manager:findfont: score(<Font 'DejaVu Sans Mono' (DejaVuSansMono-Oblique.ttf) oblique normal 400 normal>) = 11.05
DEBUG:matplotlib.font_manager:findfont: score(<Font 'DejaVu Serif' (DejaVuSerif-Bold.ttf) normal normal bold normal>) = 10.335
DEBUG:matplotlib.font_manager:findfont: score(<Font 'DejaVu Serif' (DejaVuSerif-BoldItalic.ttf) italic normal bold normal>) = 11.335
DEBUG:matplotlib.font_manager:findfont: score(<Font 'STIXNonUnicode' (STIXNonUniIta.ttf) italic normal 400 normal>) = 11.05
DEBUG:matplotlib.font_manager:findfont: score(<Font 'STIXGeneral' (STIXGeneralItalic.ttf) italic normal 400 normal>) = 11.05
DEBUG:matplotlib.font_manager:findfont: score(<Font 'STIXSizeFourSym' (STIXSizFourSymReg.ttf) normal normal regular normal>) = 10.05
DEBUG:matplotlib.font_manager:findfont: score(<Font 'STIXSizeTwoSym' (STIXSizTwoSymReg.ttf) normal normal regular normal>) = 10.05
DEBUG:matplotlib.font_manager:findfont: score(<Font 'Liberation Sans' (LiberationSans-Regular.ttf) normal normal 400 normal>) = 10.05
DEBUG:matplotlib.font_manager:findfont: score(<Font 'Tlwg Typo' (TlwgTypo-BoldOblique.ttf) oblique normal bold normal>) = 11.335
DEBUG:matplotlib.font_manager:findfont: score(<Font 'Liberation Serif' (LiberationSerif-Regular.ttf) normal normal 400 normal>) = 10.05
DEBUG:matplotlib.font_manager:findfont: score(<Font 'Norasi' (Norasi-Oblique.ttf) oblique normal 400 normal>) = 11.05
DEBUG:matplotlib.font_manager:findfont: score(<Font 'Ubuntu' (Ubuntu-RI.ttf) italic normal 400 normal>) = 11.05
DEBUG:matplotlib.font_manager:findfont: score(<Font 'Liberation Mono' (LiberationMono-Bold.ttf) normal normal bold normal>) = 10.335
DEBUG:matplotlib.font_manager:findfont: score(<Font 'Loma' (Loma-Bold.ttf) normal normal bold normal>) = 10.335
DEBUG:matplotlib.font_manager:findfont: score(<Font 'Noto Serif CJK JP' (NotoSerifCJK-Regular.ttc) normal normal 400 normal>) = 10.05
DEBUG:matplotlib.font_manager:findfont: score(<Font 'Waree' (Waree-Bold.ttf) normal normal bold normal>) = 10.335
DEBUG:matplotlib.font_manager:findfont: score(<Font 'Lohit Malayalam' (Lohit-Malayalam.ttf) normal normal 400 normal>) = 10.05
DEBUG:matplotlib.font_manager:findfont: score(<Font 'FreeSerif' (FreeSerifItalic.ttf) italic normal 400 normal>) = 11.05
DEBUG:matplotlib.font_manager:findfont: score(<Font 'Ubuntu Mono' (UbuntuMono-RI.ttf) italic normal 400 normal>) = 11.05
DEBUG:matplotlib.font_manager:findfont: score(<Font 'Meera' (Meera.ttf) normal normal 400 normal>) = 10.05
DEBUG:matplotlib.font_manager:findfont: score(<Font 'Lohit Tamil Classical' (Lohit-Tamil-Classical.ttf) normal normal 400 normal>) = 10.05
DEBUG:matplotlib.font_manager:findfont: score(<Font 'Tlwg Typewriter' (TlwgTypewriter.ttf) normal normal 400 normal>) = 10.05
DEBUG:matplotlib.font_manager:findfont: score(<Font 'Tlwg Typo' (TlwgTypo-Oblique.ttf) oblique normal 400 normal>) = 11.05
DEBUG:matplotlib.font_manager:findfont: score(<Font 'DejaVu Sans' (DejaVuSansCondensed-Bold.ttf) normal normal bold condensed>) = 0.5349999999999999
DEBUG:matplotlib.font_manager:findfont: score(<Font 'Dyuthi' (Dyuthi.ttf) normal normal 400 normal>) = 10.05
DEBUG:matplotlib.font_manager:findfont: score(<Font 'KacstOne' (KacstOne.ttf) normal normal 400 normal>) = 10.05
DEBUG:matplotlib.font_manager:findfont: score(<Font 'Suruma' (Suruma.ttf) normal normal 400 normal>) = 10.05
DEBUG:matplotlib.font_manager:findfont: score(<Font 'Liberation Serif' (LiberationSerif-Bold.ttf) normal normal bold normal>) = 10.335
DEBUG:matplotlib.font_manager:findfont: score(<Font 'Kalapi' (Kalapi.ttf) normal normal 400 normal>) = 10.05
DEBUG:matplotlib.font_manager:findfont: score(<Font 'Tlwg Typewriter' (TlwgTypewriter-Bold.ttf) normal normal bold normal>) = 10.335
DEBUG:matplotlib.font_manager:findfont: score(<Font 'Loma' (Loma-Oblique.ttf) oblique normal 400 normal>) = 11.05
DEBUG:matplotlib.font_manager:findfont: score(<Font 'Kinnari' (Kinnari-Bold.ttf) normal normal bold normal>) = 10.335
DEBUG:matplotlib.font_manager:findfont: score(<Font 'Sahadeva' (sahadeva.ttf) normal normal 400 normal>) = 10.05
DEBUG:matplotlib.font_manager:findfont: score(<Font 'LKLUG' (lklug.ttf) normal normal 400 normal>) = 10.05
DEBUG:matplotlib.font_manager:findfont: score(<Font 'Liberation Serif' (LiberationSerif-Italic.ttf) italic normal 400 normal>) = 11.05
DEBUG:matplotlib.font_manager:findfont: score(<Font 'Tlwg Typist' (TlwgTypist.ttf) normal normal 400 normal>) = 10.05
DEBUG:matplotlib.font_manager:findfont: score(<Font 'Mitra Mono' (mitra.ttf) normal normal 400 normal>) = 10.05
DEBUG:matplotlib.font_manager:findfont: score(<Font 'Lohit Bengali' (Lohit-Bengali.ttf) normal normal 400 normal>) = 10.05
DEBUG:matplotlib.font_manager:findfont: score(<Font 'Jamrul' (JamrulNormal.ttf) normal normal 400 normal>) = 10.05
DEBUG:matplotlib.font_manager:findfont: score(<Font 'DejaVu Sans' (DejaVuSansCondensed.ttf) normal normal 400 condensed>) = 0.25
DEBUG:matplotlib.font_manager:findfont: score(<Font 'Padauk Book' (PadaukBook-Bold.ttf) normal normal book normal>) = 10.05
DEBUG:matplotlib.font_manager:findfont: score(<Font 'KacstScreen' (KacstScreen.ttf) normal normal 400 normal>) = 10.05
DEBUG:matplotlib.font_manager:findfont: score(<Font 'Samyak Gujarati' (Samyak-Gujarati.ttf) normal normal 400 normal>) = 10.05
DEBUG:matplotlib.font_manager:findfont: score(<Font 'Ubuntu' (Ubuntu-LI.ttf) italic normal light normal>) = 11.24
DEBUG:matplotlib.font_manager:findfont: score(<Font 'Norasi' (Norasi-BoldOblique.ttf) oblique normal bold normal>) = 11.335
DEBUG:matplotlib.font_manager:findfont: score(<Font 'Laksaman' (Laksaman-Italic.ttf) italic normal 400 normal>) = 11.05
DEBUG:matplotlib.font_manager:findfont: score(<Font 'Ubuntu Condensed' (Ubuntu-C.ttf) normal normal 400 condensed>) = 10.25
DEBUG:matplotlib.font_manager:findfont: score(<Font 'Karumbi' (Karumbi.ttf) normal normal 400 normal>) = 10.05
DEBUG:matplotlib.font_manager:findfont: score(<Font 'Kinnari' (Kinnari-Italic.ttf) italic normal 400 normal>) = 11.05
DEBUG:matplotlib.font_manager:findfont: score(<Font 'Ubuntu' (Ubuntu-BI.ttf) italic normal bold normal>) = 11.335
DEBUG:matplotlib.font_manager:findfont: score(<Font 'Loma' (Loma-BoldOblique.ttf) oblique normal bold normal>) = 11.335
DEBUG:matplotlib.font_manager:findfont: score(<Font 'Laksaman' (Laksaman.ttf) normal normal 400 normal>) = 10.05
DEBUG:matplotlib.font_manager:findfont: score(<Font 'Laksaman' (Laksaman-BoldItalic.ttf) italic normal bold normal>) = 11.335
DEBUG:matplotlib.font_manager:findfont: score(<Font 'Likhan' (LikhanNormal.ttf) normal normal 400 normal>) = 10.05
DEBUG:matplotlib.font_manager:findfont: score(<Font 'Lohit Telugu' (Lohit-Telugu.ttf) normal normal 400 normal>) = 10.05
DEBUG:matplotlib.font_manager:findfont: score(<Font 'Liberation Sans Narrow' (LiberationSansNarrow-BoldItalic.ttf) italic normal bold condensed>) = 11.535
DEBUG:matplotlib.font_manager:findfont: score(<Font 'FreeMono' (FreeMono.ttf) normal normal 400 normal>) = 10.05
DEBUG:matplotlib.font_manager:findfont: score(<Font 'padmaa' (padmaa-Medium-0.5.ttf) normal normal normal normal>) = 10.0
DEBUG:matplotlib.font_manager:findfont: score(<Font 'Sawasdee' (Sawasdee-Oblique.ttf) oblique normal 400 normal>) = 11.05
DEBUG:matplotlib.font_manager:findfont: score(<Font 'Umpush' (Umpush-Light.ttf) normal normal light normal>) = 10.24
DEBUG:matplotlib.font_manager:findfont: score(<Font 'KacstOne' (KacstOne-Bold.ttf) normal normal bold normal>) = 10.335
DEBUG:matplotlib.font_manager:findfont: score(<Font 'Waree' (Waree.ttf) normal normal 400 normal>) = 10.05
DEBUG:matplotlib.font_manager:findfont: score(<Font 'Lohit Devanagari' (Lohit-Devanagari.ttf) normal normal 400 normal>) = 10.05
DEBUG:matplotlib.font_manager:findfont: score(<Font 'Tlwg Typewriter' (TlwgTypewriter-Oblique.ttf) oblique normal 400 normal>) = 11.05
DEBUG:matplotlib.font_manager:findfont: score(<Font 'Tlwg Typist' (TlwgTypist-Bold.ttf) normal normal bold normal>) = 10.335
DEBUG:matplotlib.font_manager:findfont: score(<Font 'Ubuntu Mono' (UbuntuMono-R.ttf) normal normal 400 normal>) = 10.05
DEBUG:matplotlib.font_manager:findfont: score(<Font 'Tibetan Machine Uni' (TibetanMachineUni.ttf) normal normal 400 normal>) = 10.05
DEBUG:matplotlib.font_manager:findfont: score(<Font 'Khmer OS System' (KhmerOSsys.ttf) normal normal 400 normal>) = 10.05
DEBUG:matplotlib.font_manager:findfont: score(<Font 'Droid Sans Fallback' (DroidSansFallbackFull.ttf) normal normal 400 normal>) = 10.05
DEBUG:matplotlib.font_manager:findfont: score(<Font 'Purisa' (Purisa.ttf) normal normal 400 normal>) = 10.05
DEBUG:matplotlib.font_manager:findfont: score(<Font 'Padauk' (Padauk-Regular.ttf) normal normal 400 normal>) = 10.05
DEBUG:matplotlib.font_manager:findfont: score(<Font 'Manjari' (Manjari-Bold.otf) normal normal bold normal>) = 10.335
DEBUG:matplotlib.font_manager:findfont: score(<Font 'KacstNaskh' (KacstNaskh.ttf) normal normal 400 normal>) = 10.05
DEBUG:matplotlib.font_manager:findfont: score(<Font 'Keraleeyam' (Keraleeyam.ttf) normal normal 700 normal>) = 10.335
DEBUG:matplotlib.font_manager:findfont: score(<Font 'Purisa' (Purisa-Bold.ttf) normal normal bold normal>) = 10.335
DEBUG:matplotlib.font_manager:findfont: score(<Font 'Norasi' (Norasi.ttf) normal normal 400 normal>) = 10.05
DEBUG:matplotlib.font_manager:findfont: score(<Font 'KacstPen' (KacstPen.ttf) normal normal 400 normal>) = 10.05
DEBUG:matplotlib.font_manager:findfont: score(<Font 'Kinnari' (Kinnari-Oblique.ttf) oblique normal 400 normal>) = 11.05
DEBUG:matplotlib.font_manager:findfont: score(<Font 'Garuda' (Garuda-BoldOblique.ttf) oblique normal bold normal>) = 11.335
DEBUG:matplotlib.font_manager:findfont: score(<Font 'Liberation Sans' (LiberationSans-BoldItalic.ttf) italic normal bold normal>) = 11.335
DEBUG:matplotlib.font_manager:findfont: score(<Font 'Tlwg Typo' (TlwgTypo.ttf) normal normal 400 normal>) = 10.05
DEBUG:matplotlib.font_manager:findfont: score(<Font 'FreeMono' (FreeMonoOblique.ttf) oblique normal 400 normal>) = 11.05
DEBUG:matplotlib.font_manager:findfont: score(<Font 'Tlwg Typo' (TlwgTypo-Bold.ttf) normal normal bold normal>) = 10.335
DEBUG:matplotlib.font_manager:findfont: score(<Font 'Noto Mono' (NotoMono-Regular.ttf) normal normal 400 normal>) = 10.05
DEBUG:matplotlib.font_manager:findfont: score(<Font 'FreeSans' (FreeSansBoldOblique.ttf) oblique normal bold normal>) = 11.335
DEBUG:matplotlib.font_manager:findfont: score(<Font 'Liberation Sans' (LiberationSans-Bold.ttf) normal normal bold normal>) = 10.335
DEBUG:matplotlib.font_manager:findfont: score(<Font 'Liberation Sans Narrow' (LiberationSansNarrow-Regular.ttf) normal normal 400 condensed>) = 10.25
DEBUG:matplotlib.font_manager:findfont: score(<Font 'RaghuMalayalam' (RaghuMalayalamSans-Regular.ttf) normal normal regular normal>) = 10.05
DEBUG:matplotlib.font_manager:findfont: score(<Font 'Kalimati' (kalimati.ttf) normal normal 400 normal>) = 10.05
DEBUG:matplotlib.font_manager:findfont: score(<Font 'Samyak Malayalam' (Samyak-Malayalam.ttf) normal normal 400 normal>) = 10.05
DEBUG:matplotlib.font_manager:findfont: score(<Font 'KacstDecorative' (KacstDecorative.ttf) normal normal 400 normal>) = 10.05
DEBUG:matplotlib.font_manager:findfont: score(<Font 'Abyssinica SIL' (AbyssinicaSIL-R.ttf) normal normal 400 normal>) = 10.05
DEBUG:matplotlib.font_manager:findfont: score(<Font 'AnjaliOldLipi' (AnjaliOldLipi.ttf) normal normal 400 normal>) = 10.05
DEBUG:matplotlib.font_manager:findfont: score(<Font 'Manjari' (Manjari-Thin.otf) normal normal 400 normal>) = 10.05
DEBUG:matplotlib.font_manager:findfont: score(<Font 'KacstArt' (KacstArt.ttf) normal normal 400 normal>) = 10.05
DEBUG:matplotlib.font_manager:findfont: score(<Font 'Purisa' (Purisa-Oblique.ttf) oblique normal 400 normal>) = 11.05
DEBUG:matplotlib.font_manager:findfont: score(<Font 'Lohit Odia' (Lohit-Odia.ttf) normal normal 400 normal>) = 10.05
DEBUG:matplotlib.font_manager:findfont: score(<Font 'KacstDigital' (KacstDigital.ttf) normal normal 400 normal>) = 10.05
DEBUG:matplotlib.font_manager:findfont: score(<Font 'Samyak Devanagari' (Samyak-Devanagari.ttf) normal normal 400 normal>) = 10.05
DEBUG:matplotlib.font_manager:findfont: score(<Font 'Umpush' (Umpush-Oblique.ttf) oblique normal 400 normal>) = 11.05
DEBUG:matplotlib.font_manager:findfont: score(<Font 'Lohit Tamil' (Lohit-Tamil.ttf) normal normal 400 normal>) = 10.05
DEBUG:matplotlib.font_manager:findfont: score(<Font 'Ubuntu' (Ubuntu-L.ttf) normal normal light normal>) = 10.24
DEBUG:matplotlib.font_manager:findfont: score(<Font 'Liberation Mono' (LiberationMono-Regular.ttf) normal normal 400 normal>) = 10.05
DEBUG:matplotlib.font_manager:findfont: score(<Font 'mry_KacstQurn' (mry_KacstQurn.ttf) normal normal 400 normal>) = 10.05
DEBUG:matplotlib.font_manager:findfont: score(<Font 'Liberation Mono' (LiberationMono-BoldItalic.ttf) italic normal bold normal>) = 11.335
DEBUG:matplotlib.font_manager:findfont: score(<Font 'Laksaman' (Laksaman-Bold.ttf) normal normal bold normal>) = 10.335
DEBUG:matplotlib.font_manager:findfont: score(<Font 'DejaVu Sans' (DejaVuSansCondensed-BoldOblique.ttf) oblique normal bold condensed>) = 1.535
DEBUG:matplotlib.font_manager:findfont: score(<Font 'Umpush' (Umpush.ttf) normal normal 400 normal>) = 10.05
DEBUG:matplotlib.font_manager:findfont: score(<Font 'Khmer OS' (KhmerOS.ttf) normal normal 400 normal>) = 10.05
DEBUG:matplotlib.font_manager:findfont: score(<Font 'Garuda' (Garuda.ttf) normal normal 400 normal>) = 10.05
DEBUG:matplotlib.font_manager:findfont: score(<Font 'DejaVu Sans' (DejaVuSansCondensed-Oblique.ttf) oblique normal 400 condensed>) = 1.25
DEBUG:matplotlib.font_manager:findfont: score(<Font 'FreeSans' (FreeSansOblique.ttf) oblique normal 400 normal>) = 11.05
DEBUG:matplotlib.font_manager:findfont: score(<Font 'FreeSerif' (FreeSerif.ttf) normal normal 400 normal>) = 10.05
DEBUG:matplotlib.font_manager:findfont: score(<Font 'Noto Sans CJK JP' (NotoSansCJK-Bold.ttc) normal normal bold normal>) = 10.335
DEBUG:matplotlib.font_manager:findfont: score(<Font 'Rachana' (Rachana-Bold.ttf) normal normal bold normal>) = 10.335
DEBUG:matplotlib.font_manager:findfont: score(<Font 'DejaVu Serif' (DejaVuSerifCondensed.ttf) normal normal 400 condensed>) = 10.25
DEBUG:matplotlib.font_manager:findfont: score(<Font 'padmaa-Bold.1.1' (padmaa-Bold.1.1.ttf) normal normal bold normal>) = 10.335
DEBUG:matplotlib.font_manager:findfont: score(<Font 'Uroob' (Uroob.ttf) normal normal 700 normal>) = 10.335
DEBUG:matplotlib.font_manager:findfont: score(<Font 'Purisa' (Purisa-BoldOblique.ttf) oblique normal bold normal>) = 11.335
DEBUG:matplotlib.font_manager:findfont: score(<Font 'Vemana2000' (vemana2000.ttf) normal normal 400 normal>) = 10.05
DEBUG:matplotlib.font_manager:findfont: score(<Font 'KacstLetter' (KacstLetter.ttf) normal normal 400 normal>) = 10.05
DEBUG:matplotlib.font_manager:findfont: score(<Font 'KacstOffice' (KacstOffice.ttf) normal normal 400 normal>) = 10.05
DEBUG:matplotlib.font_manager:findfont: score(<Font 'DejaVu Math TeX Gyre' (DejaVuMathTeXGyre.ttf) normal normal regular normal>) = 10.05
DEBUG:matplotlib.font_manager:findfont: score(<Font 'Chandas' (chandas1-2.ttf) normal normal 400 normal>) = 10.05
DEBUG:matplotlib.font_manager:findfont: score(<Font 'Samyak Tamil' (Samyak-Tamil.ttf) normal normal 400 normal>) = 10.05
DEBUG:matplotlib.font_manager:findfont: score(<Font 'aakar' (aakar-medium.ttf) normal normal 400 normal>) = 10.05
DEBUG:matplotlib.font_manager:findfont: score(<Font 'KacstTitleL' (KacstTitleL.ttf) normal normal 400 normal>) = 10.05
DEBUG:matplotlib.font_manager:findfont: score(<Font 'Nakula' (nakula.ttf) normal normal 400 normal>) = 10.05
DEBUG:matplotlib.font_manager:findfont: score(<Font 'Kinnari' (Kinnari.ttf) normal normal 400 normal>) = 10.05
DEBUG:matplotlib.font_manager:findfont: score(<Font 'Tlwg Mono' (TlwgMono-Oblique.ttf) oblique normal 400 normal>) = 11.05
DEBUG:matplotlib.font_manager:findfont: score(<Font 'OpenSymbol' (opens___.ttf) normal normal 400 normal>) = 10.05
DEBUG:matplotlib.font_manager:findfont: score(<Font 'Noto Sans CJK JP' (NotoSansCJK-Regular.ttc) normal normal 400 normal>) = 10.05
DEBUG:matplotlib.font_manager:findfont: score(<Font 'Ubuntu Mono' (UbuntuMono-B.ttf) normal normal bold normal>) = 10.335
DEBUG:matplotlib.font_manager:findfont: score(<Font 'KacstFarsi' (KacstFarsi.ttf) normal normal 400 normal>) = 10.05
DEBUG:matplotlib.font_manager:findfont: score(<Font 'Loma' (Loma.ttf) normal normal 400 normal>) = 10.05
DEBUG:matplotlib.font_manager:findfont: score(<Font 'Gargi' (Gargi.ttf) normal normal 400 normal>) = 10.05
DEBUG:matplotlib.font_manager:findfont: score(<Font 'DejaVu Serif' (DejaVuSerifCondensed-Italic.ttf) italic normal 400 condensed>) = 11.25
DEBUG:matplotlib.font_manager:findfont: score(<Font 'FreeMono' (FreeMonoBoldOblique.ttf) oblique normal bold normal>) = 11.335
DEBUG:matplotlib.font_manager:findfont: score(<Font 'DejaVu Serif' (DejaVuSerifCondensed-BoldItalic.ttf) italic normal bold condensed>) = 11.535
DEBUG:matplotlib.font_manager:findfont: score(<Font 'Sawasdee' (Sawasdee-BoldOblique.ttf) oblique normal bold normal>) = 11.335
DEBUG:matplotlib.font_manager:findfont: score(<Font 'Waree' (Waree-BoldOblique.ttf) oblique normal bold normal>) = 11.335
DEBUG:matplotlib.font_manager:findfont: score(<Font 'Tlwg Mono' (TlwgMono-Bold.ttf) normal normal bold normal>) = 10.335
DEBUG:matplotlib.font_manager:findfont: score(<Font 'Liberation Sans Narrow' (LiberationSansNarrow-Bold.ttf) normal normal bold condensed>) = 10.535
DEBUG:matplotlib.font_manager:findfont: score(<Font 'Sawasdee' (Sawasdee.ttf) normal normal 400 normal>) = 10.05
DEBUG:matplotlib.font_manager:findfont: score(<Font 'Liberation Mono' (LiberationMono-Italic.ttf) italic normal 400 normal>) = 11.05
DEBUG:matplotlib.font_manager:findfont: score(<Font 'DejaVu Sans' (DejaVuSans-ExtraLight.ttf) normal normal light normal>) = 0.24
DEBUG:matplotlib.font_manager:findfont: score(<Font 'FreeMono' (FreeMonoBold.ttf) normal normal bold normal>) = 10.335
DEBUG:matplotlib.font_manager:findfont: score(<Font 'Padauk' (Padauk-Bold.ttf) normal normal bold normal>) = 10.335
DEBUG:matplotlib.font_manager:findfont: score(<Font 'Phetsarath OT' (Phetsarath_OT.ttf) normal normal 400 normal>) = 10.05
DEBUG:matplotlib.font_manager:findfont: score(<Font 'Ubuntu' (Ubuntu-B.ttf) normal normal bold normal>) = 10.335
DEBUG:matplotlib.font_manager:findfont: score(<Font 'Garuda' (Garuda-Bold.ttf) normal normal bold normal>) = 10.335
DEBUG:matplotlib.font_manager:findfont: score(<Font 'Umpush' (Umpush-LightOblique.ttf) oblique normal light normal>) = 11.24
DEBUG:matplotlib.font_manager:findfont: score(<Font 'Padauk Book' (PadaukBook-Regular.ttf) normal normal book normal>) = 10.05
DEBUG:matplotlib.font_manager:findfont: score(<Font 'Saab' (Saab.ttf) normal normal 400 normal>) = 10.05
DEBUG:matplotlib.font_manager:findfont: score(<Font 'Mukti Narrow' (MuktiNarrowBold.ttf) normal normal 700 normal>) = 10.335
DEBUG:matplotlib.font_manager:findfont: score(<Font 'Tlwg Typist' (TlwgTypist-BoldOblique.ttf) oblique normal bold normal>) = 11.335
DEBUG:matplotlib.font_manager:findfont: score(<Font 'Liberation Sans Narrow' (LiberationSansNarrow-Italic.ttf) italic normal 400 condensed>) = 11.25
DEBUG:matplotlib.font_manager:findfont: score(<Font 'Waree' (Waree-Oblique.ttf) oblique normal 400 normal>) = 11.05
DEBUG:matplotlib.font_manager:findfont: score(<Font 'Navilu' (Navilu.ttf) normal normal 400 normal>) = 10.05
DEBUG:matplotlib.font_manager:findfont: score(<Font 'Garuda' (Garuda-Oblique.ttf) oblique normal 400 normal>) = 11.05
DEBUG:matplotlib.font_manager:findfont: score(<Font 'Ubuntu' (Ubuntu-R.ttf) normal normal 400 normal>) = 10.05
DEBUG:matplotlib.font_manager:findfont: score(<Font 'Sawasdee' (Sawasdee-Bold.ttf) normal normal bold normal>) = 10.335
DEBUG:matplotlib.font_manager:findfont: score(<Font 'KacstPoster' (KacstPoster.ttf) normal normal 400 normal>) = 10.05
DEBUG:matplotlib.font_manager:findfont: score(<Font 'KacstTitle' (KacstTitle.ttf) normal normal 400 normal>) = 10.05
DEBUG:matplotlib.font_manager:findfont: score(<Font 'FreeSans' (FreeSans.ttf) normal normal 400 normal>) = 10.05
DEBUG:matplotlib.font_manager:findfont: score(<Font 'ori1Uni' (utkal.ttf) normal normal medium normal>) = 10.145
DEBUG:matplotlib.font_manager:findfont: score(<Font 'Ubuntu Mono' (UbuntuMono-BI.ttf) italic normal bold normal>) = 11.335
DEBUG:matplotlib.font_manager:findfont: score(<Font 'Samanata' (samanata.ttf) normal normal 400 normal>) = 10.05
DEBUG:matplotlib.font_manager:findfont: score(<Font 'Chilanka' (Chilanka-Regular.ttf) normal normal regular normal>) = 10.05
DEBUG:matplotlib.font_manager:findfont: score(<Font 'Norasi' (Norasi-BoldItalic.ttf) italic normal bold normal>) = 11.335
DEBUG:matplotlib.font_manager:findfont: score(<Font 'Mukti Narrow' (MuktiNarrow.ttf) normal normal 400 normal>) = 10.05
DEBUG:matplotlib.font_manager:findfont: score(<Font 'Ani' (ani.ttf) normal normal 400 normal>) = 10.05
DEBUG:matplotlib.font_manager:findfont: score(<Font 'Noto Serif CJK JP' (NotoSerifCJK-Bold.ttc) normal normal bold normal>) = 10.335
DEBUG:matplotlib.font_manager:findfont: score(<Font 'Manjari' (Manjari-Regular.otf) normal normal regular normal>) = 10.05
DEBUG:matplotlib.font_manager:findfont: score(<Font 'Lohit Assamese' (Lohit-Assamese.ttf) normal normal 400 normal>) = 10.05
DEBUG:matplotlib.font_manager:findfont: score(<Font 'Kinnari' (Kinnari-BoldItalic.ttf) italic normal bold normal>) = 11.335
DEBUG:matplotlib.font_manager:findfont: score(<Font 'Gubbi' (Gubbi.ttf) normal normal 400 normal>) = 10.05
DEBUG:matplotlib.font_manager:findfont: score(<Font 'Ubuntu' (Ubuntu-M.ttf) normal normal medium normal>) = 10.145
DEBUG:matplotlib.font_manager:findfont: score(<Font 'Liberation Serif' (LiberationSerif-BoldItalic.ttf) italic normal bold normal>) = 11.335
DEBUG:matplotlib.font_manager:findfont: score(<Font 'Kinnari' (Kinnari-BoldOblique.ttf) oblique normal bold normal>) = 11.335
DEBUG:matplotlib.font_manager:findfont: score(<Font 'FreeSans' (FreeSansBold.ttf) normal normal bold normal>) = 10.335
DEBUG:matplotlib.font_manager:findfont: score(<Font 'Liberation Sans' (LiberationSans-Italic.ttf) italic normal 400 normal>) = 11.05
DEBUG:matplotlib.font_manager:findfont: score(<Font 'padmaa' (padmaa.ttf) normal normal 400 normal>) = 10.05
DEBUG:matplotlib.font_manager:findfont: score(<Font 'Rekha' (Rekha.ttf) normal normal 400 normal>) = 10.05
DEBUG:matplotlib.font_manager:findfont: score(<Font 'Lohit Gujarati' (Lohit-Gujarati.ttf) normal normal 400 normal>) = 10.05
DEBUG:matplotlib.font_manager:findfont: score(<Font 'Umpush' (Umpush-Bold.ttf) normal normal bold normal>) = 10.335
DEBUG:matplotlib.font_manager:findfont: score(<Font 'DejaVu Serif' (DejaVuSerifCondensed-Bold.ttf) normal normal bold condensed>) = 10.535
DEBUG:matplotlib.font_manager:findfont: score(<Font 'Norasi' (Norasi-Bold.ttf) normal normal bold normal>) = 10.335
DEBUG:matplotlib.font_manager:findfont: score(<Font 'Norasi' (Norasi-Italic.ttf) italic normal 400 normal>) = 11.05
DEBUG:matplotlib.font_manager:findfont: score(<Font 'FreeSerif' (FreeSerifBold.ttf) normal normal bold normal>) = 10.335
DEBUG:matplotlib.font_manager:findfont: score(<Font 'Tlwg Typist' (TlwgTypist-Oblique.ttf) oblique normal 400 normal>) = 11.05
DEBUG:matplotlib.font_manager:findfont: score(<Font 'Tlwg Mono' (TlwgMono-BoldOblique.ttf) oblique normal bold normal>) = 11.335
DEBUG:matplotlib.font_manager:findfont: score(<Font 'Pothana2000' (Pothana2000.ttf) normal normal 400 normal>) = 10.05
DEBUG:matplotlib.font_manager:findfont: score(<Font 'Rachana' (Rachana-Regular.ttf) normal normal regular normal>) = 10.05
DEBUG:matplotlib.font_manager:findfont: score(<Font 'Ubuntu' (Ubuntu-MI.ttf) italic normal medium normal>) = 11.145
DEBUG:matplotlib.font_manager:findfont: score(<Font 'Sarai' (Sarai.ttf) normal normal 400 normal>) = 10.05
DEBUG:matplotlib.font_manager:findfont: score(<Font 'KacstQurn' (KacstQurn.ttf) normal normal 400 normal>) = 10.05
DEBUG:matplotlib.font_manager:findfont: score(<Font 'Tlwg Mono' (TlwgMono.ttf) normal normal 400 normal>) = 10.05
DEBUG:matplotlib.font_manager:findfont: score(<Font 'Lohit Gurmukhi' (Lohit-Gurmukhi.ttf) normal normal 400 normal>) = 10.05
DEBUG:matplotlib.font_manager:findfont: score(<Font 'Tlwg Typewriter' (TlwgTypewriter-BoldOblique.ttf) oblique normal bold normal>) = 11.335
DEBUG:matplotlib.font_manager:findfont: score(<Font 'Umpush' (Umpush-BoldOblique.ttf) oblique normal bold normal>) = 11.335
DEBUG:matplotlib.font_manager:findfont: score(<Font 'KacstBook' (KacstBook.ttf) normal normal book normal>) = 10.05
DEBUG:matplotlib.font_manager:findfont: score(<Font 'Pagul' (Pagul.ttf) normal normal 400 normal>) = 10.05
DEBUG:matplotlib.font_manager:findfont: score(<Font 'FreeSerif' (FreeSerifBoldItalic.ttf) italic normal bold normal>) = 11.335
DEBUG:matplotlib.font_manager:findfont: score(<Font 'Lohit Kannada' (Lohit-Kannada.ttf) normal normal 400 normal>) = 10.05
DEBUG:matplotlib.font_manager:findfont: Matching :family=sans-serif:style=normal:variant=normal:weight=normal:stretch=normal:size=12.0 to DejaVu Sans ('/home/ram/.local/lib/python3.6/site-packages/matplotlib/mpl-data/fonts/ttf/DejaVuSans.ttf') with score of 0.050000.
DEBUG:roipoly.roipoly:Received single left mouse button click
DEBUG:roipoly.roipoly:draw line x: [17.097402597402564, 17.876623376623343] y: [55.136363636363626, 55.136363636363626]
DEBUG:roipoly.roipoly:draw line x: [17.097402597402564, 18.65584415584412] y: [55.136363636363626, 55.136363636363626]
DEBUG:roipoly.roipoly:draw line x: [17.097402597402564, 20.21428571428568] y: [55.136363636363626, 55.136363636363626]
DEBUG:roipoly.roipoly:draw line x: [17.097402597402564, 50.60389610389606] y: [55.136363636363626, 53.577922077922096]
DEBUG:roipoly.roipoly:draw line x: [17.097402597402564, 76.31818181818178] y: [55.136363636363626, 47.344155844155864]
DEBUG:roipoly.roipoly:draw line x: [17.097402597402564, 98.13636363636363] y: [55.136363636363626, 44.22727272727275]
DEBUG:roipoly.roipoly:draw line x: [17.097402597402564, 109.04545454545453] y: [55.136363636363626, 41.11038961038963]
DEBUG:roipoly.roipoly:draw line x: [17.097402597402564, 128.52597402597402] y: [55.136363636363626, 39.551948051948045]
DEBUG:roipoly.roipoly:draw line x: [17.097402597402564, 161.25324675324674] y: [55.136363636363626, 34.097402597402606]
DEBUG:roipoly.roipoly:draw line x: [17.097402597402564, 200.99350649350652] y: [55.136363636363626, 26.305194805194787]
DEBUG:roipoly.roipoly:draw line x: [17.097402597402564, 274.2402597402598] y: [55.136363636363626, 23.18831168831167]
DEBUG:roipoly.roipoly:draw line x: [17.097402597402564, 298.3961038961039] y: [55.136363636363626, 23.18831168831167]
DEBUG:roipoly.roipoly:draw line x: [17.097402597402564, 300.73376623376623] y: [55.136363636363626, 23.18831168831167]
DEBUG:roipoly.roipoly:draw line x: [17.097402597402564, 309.30519480519484] y: [55.136363636363626, 21.62987012987014]
DEBUG:roipoly.roipoly:Received single left mouse button click
DEBUG:roipoly.roipoly:draw line x: [17.097402597402564, 309.30519480519484] y: [55.136363636363626, 21.62987012987014]
DEBUG:roipoly.roipoly:draw line x: [309.30519480519484, 309.30519480519484] y: [21.62987012987014, 22.409090909090935]
DEBUG:roipoly.roipoly:draw line x: [309.30519480519484, 309.30519480519484] y: [21.62987012987014, 34.097402597402606]
DEBUG:roipoly.roipoly:draw line x: [309.30519480519484, 306.1883116883117] y: [21.62987012987014, 60.59090909090912]
DEBUG:roipoly.roipoly:draw line x: [309.30519480519484, 309.30519480519484] y: [21.62987012987014, 97.99350649350652]
DEBUG:roipoly.roipoly:draw line x: [309.30519480519484, 320.9935064935065] y: [21.62987012987014, 142.40909090909093]
DEBUG:roipoly.roipoly:draw line x: [309.30519480519484, 326.44805194805195] y: [21.62987012987014, 158.77272727272728]
DEBUG:roipoly.roipoly:draw line x: [309.30519480519484, 328.78571428571433] y: [21.62987012987014, 167.34415584415586]
DEBUG:roipoly.roipoly:draw line x: [309.30519480519484, 329.56493506493507] y: [21.62987012987014, 175.91558441558442]
DEBUG:roipoly.roipoly:draw line x: [309.30519480519484, 332.6818181818182] y: [21.62987012987014, 184.487012987013]
DEBUG:roipoly.roipoly:draw line x: [309.30519480519484, 340.474025974026] y: [21.62987012987014, 194.61688311688314]
DEBUG:roipoly.roipoly:draw line x: [309.30519480519484, 348.26623376623377] y: [21.62987012987014, 223.44805194805195]
DEBUG:roipoly.roipoly:draw line x: [309.30519480519484, 313.2012987012987] y: [21.62987012987014, 221.88961038961043]
DEBUG:roipoly.roipoly:draw line x: [309.30519480519484, 283.5909090909091] y: [21.62987012987014, 221.88961038961043]
DEBUG:roipoly.roipoly:draw line x: [309.30519480519484, 270.34415584415586] y: [21.62987012987014, 224.22727272727275]
DEBUG:roipoly.roipoly:draw line x: [309.30519480519484, 268.00649350649354] y: [21.62987012987014, 224.22727272727275]
DEBUG:roipoly.roipoly:draw line x: [309.30519480519484, 250.86363636363637] y: [21.62987012987014, 226.56493506493507]
DEBUG:roipoly.roipoly:draw line x: [309.30519480519484, 199.43506493506493] y: [21.62987012987014, 233.5779220779221]
DEBUG:roipoly.roipoly:draw line x: [309.30519480519484, 130.86363636363635] y: [21.62987012987014, 235.13636363636365]
DEBUG:roipoly.roipoly:draw line x: [309.30519480519484, 116.83766233766232] y: [21.62987012987014, 238.25324675324677]
DEBUG:roipoly.roipoly:draw line x: [309.30519480519484, 116.05844155844153] y: [21.62987012987014, 238.25324675324677]
DEBUG:roipoly.roipoly:draw line x: [309.30519480519484, 115.27922077922076] y: [21.62987012987014, 239.03246753246754]
DEBUG:roipoly.roipoly:draw line x: [309.30519480519484, 114.49999999999997] y: [21.62987012987014, 239.03246753246754]
DEBUG:roipoly.roipoly:draw line x: [309.30519480519484, 113.7207792207792] y: [21.62987012987014, 239.81168831168833]
DEBUG:roipoly.roipoly:draw line x: [309.30519480519484, 113.7207792207792] y: [21.62987012987014, 240.59090909090912]
DEBUG:roipoly.roipoly:draw line x: [309.30519480519484, 144.88961038961037] y: [21.62987012987014, 245.26623376623377]
DEBUG:roipoly.roipoly:draw line x: [309.30519480519484, 225.14935064935065] y: [21.62987012987014, 245.26623376623377]
DEBUG:roipoly.roipoly:draw line x: [309.30519480519484, 285.92857142857144] y: [21.62987012987014, 232.7987012987013]
DEBUG:roipoly.roipoly:draw line x: [309.30519480519484, 308.52597402597405] y: [21.62987012987014, 218.7727272727273]
DEBUG:roipoly.roipoly:draw line x: [309.30519480519484, 313.2012987012987] y: [21.62987012987014, 212.53896103896108]
DEBUG:roipoly.roipoly:draw line x: [309.30519480519484, 313.9805194805195] y: [21.62987012987014, 211.75974025974028]
DEBUG:roipoly.roipoly:draw line x: [309.30519480519484, 318.6558441558442] y: [21.62987012987014, 209.42207792207796]
DEBUG:roipoly.roipoly:draw line x: [309.30519480519484, 322.5519480519481] y: [21.62987012987014, 209.42207792207796]
DEBUG:roipoly.roipoly:draw line x: [309.30519480519484, 324.8896103896104] y: [21.62987012987014, 209.42207792207796]
DEBUG:roipoly.roipoly:draw line x: [309.30519480519484, 335.7987012987013] y: [21.62987012987014, 207.86363636363637]
DEBUG:roipoly.roipoly:draw line x: [309.30519480519484, 342.81168831168833] y: [21.62987012987014, 206.30519480519484]
DEBUG:roipoly.roipoly:draw line x: [309.30519480519484, 342.03246753246754] y: [21.62987012987014, 205.52597402597405]
DEBUG:roipoly.roipoly:draw line x: [309.30519480519484, 338.9155844155844] y: [21.62987012987014, 205.52597402597405]
DEBUG:roipoly.roipoly:draw line x: [309.30519480519484, 336.5779220779221] y: [21.62987012987014, 206.30519480519484]
DEBUG:roipoly.roipoly:draw line x: [309.30519480519484, 335.7987012987013] y: [21.62987012987014, 207.0844155844156]
DEBUG:roipoly.roipoly:draw line x: [309.30519480519484, 333.461038961039] y: [21.62987012987014, 208.64285714285717]
DEBUG:roipoly.roipoly:Received single left mouse button click
DEBUG:roipoly.roipoly:draw line x: [309.30519480519484, 333.461038961039] y: [21.62987012987014, 208.64285714285717]
DEBUG:roipoly.roipoly:draw line x: [333.461038961039, 332.6818181818182] y: [208.64285714285717, 209.42207792207796]
DEBUG:roipoly.roipoly:draw line x: [333.461038961039, 331.12337662337666] y: [208.64285714285717, 210.20129870129873]
DEBUG:roipoly.roipoly:draw line x: [333.461038961039, 263.33116883116884] y: [208.64285714285717, 228.12337662337666]
DEBUG:roipoly.roipoly:draw line x: [333.461038961039, 245.40909090909093] y: [208.64285714285717, 228.90259740259742]
DEBUG:roipoly.roipoly:draw line x: [333.461038961039, 221.25324675324674] y: [208.64285714285717, 233.5779220779221]
DEBUG:roipoly.roipoly:draw line x: [333.461038961039, 192.4220779220779] y: [208.64285714285717, 239.81168831168833]
DEBUG:roipoly.roipoly:draw line x: [333.461038961039, 179.17532467532465] y: [208.64285714285717, 245.26623376623377]
DEBUG:roipoly.roipoly:draw line x: [333.461038961039, 165.92857142857142] y: [208.64285714285717, 249.16233766233768]
DEBUG:roipoly.roipoly:draw line x: [333.461038961039, 150.34415584415584] y: [208.64285714285717, 254.61688311688314]
DEBUG:roipoly.roipoly:draw line x: [333.461038961039, 137.09740259740258] y: [208.64285714285717, 257.73376623376623]
DEBUG:roipoly.roipoly:draw line x: [333.461038961039, 123.85064935064935] y: [208.64285714285717, 259.2922077922078]
DEBUG:roipoly.roipoly:draw line x: [333.461038961039, 119.17532467532467] y: [208.64285714285717, 260.8506493506494]
DEBUG:roipoly.roipoly:draw line x: [333.461038961039, 114.49999999999997] y: [208.64285714285717, 261.62987012987014]
DEBUG:roipoly.roipoly:draw line x: [333.461038961039, 109.8246753246753] y: [208.64285714285717, 263.1883116883117]
DEBUG:roipoly.roipoly:draw line x: [333.461038961039, 104.37012987012986] y: [208.64285714285717, 263.96753246753246]
DEBUG:roipoly.roipoly:draw line x: [333.461038961039, 102.0324675324675] y: [208.64285714285717, 264.74675324675326]
DEBUG:roipoly.roipoly:draw line x: [333.461038961039, 100.47402597402595] y: [208.64285714285717, 264.74675324675326]
DEBUG:roipoly.roipoly:draw line x: [333.461038961039, 99.69480519480518] y: [208.64285714285717, 264.74675324675326]
DEBUG:roipoly.roipoly:Received single left mouse button click
DEBUG:roipoly.roipoly:draw line x: [333.461038961039, 99.69480519480518] y: [208.64285714285717, 264.74675324675326]
DEBUG:roipoly.roipoly:draw line x: [99.69480519480518, 100.47402597402595] y: [264.74675324675326, 263.96753246753246]
DEBUG:roipoly.roipoly:draw line x: [99.69480519480518, 98.13636363636363] y: [264.74675324675326, 261.62987012987014]
DEBUG:roipoly.roipoly:draw line x: [99.69480519480518, 91.9025974025974] y: [264.74675324675326, 253.83766233766235]
DEBUG:roipoly.roipoly:draw line x: [99.69480519480518, 79.4350649350649] y: [264.74675324675326, 240.59090909090912]
DEBUG:roipoly.roipoly:draw line x: [99.69480519480518, 67.74675324675323] y: [264.74675324675326, 228.12337662337666]
DEBUG:roipoly.roipoly:draw line x: [99.69480519480518, 44.370129870129844] y: [264.74675324675326, 202.40909090909093]
DEBUG:roipoly.roipoly:draw line x: [99.69480519480518, 24.889610389610354] y: [264.74675324675326, 188.3831168831169]
DEBUG:roipoly.roipoly:draw line x: [99.69480519480518, 21.772727272727238] y: [264.74675324675326, 185.2662337662338]
DEBUG:roipoly.roipoly:draw line x: [99.69480519480518, 20.99350649350646] y: [264.74675324675326, 182.92857142857144]
DEBUG:roipoly.roipoly:draw line x: [99.69480519480518, 20.21428571428568] y: [264.74675324675326, 181.3701298701299]
DEBUG:roipoly.roipoly:draw line x: [99.69480519480518, 17.097402597402564] y: [264.74675324675326, 174.35714285714286]
DEBUG:roipoly.roipoly:draw line x: [99.69480519480518, 13.980519480519447] y: [264.74675324675326, 168.12337662337663]
DEBUG:roipoly.roipoly:draw line x: [99.69480519480518, 11.64285714285711] y: [264.74675324675326, 159.55194805194807]
DEBUG:roipoly.roipoly:draw line x: [99.69480519480518, 10.863636363636331] y: [264.74675324675326, 154.8766233766234]
DEBUG:roipoly.roipoly:draw line x: [99.69480519480518, 10.863636363636331] y: [264.74675324675326, 150.9805194805195]
DEBUG:roipoly.roipoly:draw line x: [99.69480519480518, 10.863636363636331] y: [264.74675324675326, 150.20129870129873]
DEBUG:roipoly.roipoly:draw line x: [99.69480519480518, 10.863636363636331] y: [264.74675324675326, 149.42207792207793]
DEBUG:roipoly.roipoly:draw line x: [99.69480519480518, 10.863636363636331] y: [264.74675324675326, 146.30519480519482]
DEBUG:roipoly.roipoly:draw line x: [99.69480519480518, 10.863636363636331] y: [264.74675324675326, 144.74675324675326]
DEBUG:roipoly.roipoly:draw line x: [99.69480519480518, 12.42207792207789] y: [264.74675324675326, 140.85064935064938]
DEBUG:roipoly.roipoly:draw line x: [99.69480519480518, 13.201298701298668] y: [264.74675324675326, 138.51298701298703]
DEBUG:roipoly.roipoly:draw line x: [99.69480519480518, 13.980519480519447] y: [264.74675324675326, 136.95454545454547]
DEBUG:roipoly.roipoly:draw line x: [99.69480519480518, 13.980519480519447] y: [264.74675324675326, 133.0584415584416]
DEBUG:roipoly.roipoly:draw line x: [99.69480519480518, 14.759740259740227] y: [264.74675324675326, 130.72077922077924]
DEBUG:roipoly.roipoly:draw line x: [99.69480519480518, 14.759740259740227] y: [264.74675324675326, 127.60389610389612]
DEBUG:roipoly.roipoly:draw line x: [99.69480519480518, 14.759740259740227] y: [264.74675324675326, 126.82467532467533]
DEBUG:roipoly.roipoly:Received single left mouse button click
DEBUG:roipoly.roipoly:draw line x: [99.69480519480518, 14.759740259740227] y: [264.74675324675326, 126.82467532467533]
DEBUG:roipoly.roipoly:draw line x: [14.759740259740227, 15.538961038961006] y: [126.82467532467533, 126.04545454545456]
DEBUG:roipoly.roipoly:draw line x: [14.759740259740227, 15.538961038961006] y: [126.82467532467533, 125.26623376623377]
DEBUG:roipoly.roipoly:draw line x: [14.759740259740227, 20.21428571428568] y: [126.82467532467533, 112.7987012987013]
DEBUG:roipoly.roipoly:draw line x: [14.759740259740227, 24.889610389610354] y: [126.82467532467533, 94.0974025974026]
DEBUG:roipoly.roipoly:draw line x: [14.759740259740227, 28.00649350649347] y: [126.82467532467533, 80.85064935064938]
DEBUG:roipoly.roipoly:draw line x: [14.759740259740227, 28.00649350649347] y: [126.82467532467533, 76.95454545454547]
DEBUG:roipoly.roipoly:draw line x: [14.759740259740227, 28.00649350649347] y: [126.82467532467533, 76.17532467532467]
DEBUG:roipoly.roipoly:draw line x: [14.759740259740227, 28.00649350649347] y: [126.82467532467533, 75.39610389610391]
DEBUG:roipoly.roipoly:draw line x: [14.759740259740227, 28.00649350649347] y: [126.82467532467533, 74.61688311688312]
DEBUG:roipoly.roipoly:draw line x: [14.759740259740227, 28.00649350649347] y: [126.82467532467533, 73.83766233766235]
DEBUG:roipoly.roipoly:draw line x: [14.759740259740227, 28.00649350649347] y: [126.82467532467533, 73.05844155844156]
DEBUG:roipoly.roipoly:draw line x: [14.759740259740227, 28.00649350649347] y: [126.82467532467533, 72.2792207792208]
DEBUG:roipoly.roipoly:draw line x: [14.759740259740227, 27.22727272727269] y: [126.82467532467533, 70.7207792207792]
DEBUG:roipoly.roipoly:draw line x: [14.759740259740227, 26.448051948051912] y: [126.82467532467533, 69.94155844155847]
DEBUG:roipoly.roipoly:Received single right mouse button click or double left click
DEBUG:roipoly.roipoly:Stop ROI drawing
