INFO:root:Scene Object change detection Job Started...
DEBUG:root:Monitering started...
DEBUG:matplotlib.font_manager:findfont: Matching :family=sans-serif:style=normal:variant=normal:weight=normal:stretch=normal:size=10.0.
DEBUG:matplotlib.font_manager:findfont: score(<Font 'STIXSizeThreeSym' (STIXSizThreeSymBol.ttf) normal normal bold normal>) = 10.335
DEBUG:matplotlib.font_manager:findfont: score(<Font 'DejaVu Sans Mono' (DejaVuSansMono.ttf) normal normal 400 normal>) = 10.05
DEBUG:matplotlib.font_manager:findfont: score(<Font 'DejaVu Serif' (DejaVuSerif.ttf) normal normal 400 normal>) = 10.05
DEBUG:matplotlib.font_manager:findfont: score(<Font 'DejaVu Sans Mono' (DejaVuSansMono-Bold.ttf) normal normal bold normal>) = 10.335
DEBUG:matplotlib.font_manager:findfont: score(<Font 'cmtt10' (cmtt10.ttf) normal normal 400 normal>) = 10.05
DEBUG:matplotlib.font_manager:findfont: score(<Font 'STIXNonUnicode' (STIXNonUni.ttf) normal normal regular normal>) = 10.05
DEBUG:matplotlib.font_manager:findfont: score(<Font 'STIXSizeFourSym' (STIXSizFourSymBol.ttf) normal normal bold normal>) = 10.335
DEBUG:matplotlib.font_manager:findfont: score(<Font 'STIXNonUnicode' (STIXNonUniBolIta.ttf) italic normal bold normal>) = 11.335
DEBUG:matplotlib.font_manager:findfont: score(<Font 'DejaVu Sans' (DejaVuSans-BoldOblique.ttf) oblique normal bold normal>) = 1.335
DEBUG:matplotlib.font_manager:findfont: score(<Font 'STIXSizeOneSym' (STIXSizOneSymReg.ttf) normal normal regular normal>) = 10.05
DEBUG:matplotlib.font_manager:findfont: score(<Font 'cmr10' (cmr10.ttf) normal normal 400 normal>) = 10.05
DEBUG:matplotlib.font_manager:findfont: score(<Font 'cmss10' (cmss10.ttf) normal normal 400 normal>) = 10.05
DEBUG:matplotlib.font_manager:findfont: score(<Font 'STIXSizeOneSym' (STIXSizOneSymBol.ttf) normal normal bold normal>) = 10.335
DEBUG:matplotlib.font_manager:findfont: score(<Font 'cmb10' (cmb10.ttf) normal normal 400 normal>) = 10.05
DEBUG:matplotlib.font_manager:findfont: score(<Font 'DejaVu Serif' (DejaVuSerif-Italic.ttf) italic normal 400 normal>) = 11.05
DEBUG:matplotlib.font_manager:findfont: score(<Font 'DejaVu Sans Mono' (DejaVuSansMono-BoldOblique.ttf) oblique normal bold normal>) = 11.335
DEBUG:matplotlib.font_manager:findfont: score(<Font 'DejaVu Serif Display' (DejaVuSerifDisplay.ttf) normal normal 400 normal>) = 10.05
DEBUG:matplotlib.font_manager:findfont: score(<Font 'DejaVu Sans Display' (DejaVuSansDisplay.ttf) normal normal 400 normal>) = 10.05
DEBUG:matplotlib.font_manager:findfont: score(<Font 'cmex10' (cmex10.ttf) normal normal 400 normal>) = 10.05
DEBUG:matplotlib.font_manager:findfont: score(<Font 'STIXNonUnicode' (STIXNonUniBol.ttf) normal normal bold normal>) = 10.335
DEBUG:matplotlib.font_manager:findfont: score(<Font 'cmsy10' (cmsy10.ttf) normal normal 400 normal>) = 10.05
DEBUG:matplotlib.font_manager:findfont: score(<Font 'DejaVu Sans' (DejaVuSans-Bold.ttf) normal normal bold normal>) = 0.33499999999999996
DEBUG:matplotlib.font_manager:findfont: score(<Font 'STIXSizeTwoSym' (STIXSizTwoSymBol.ttf) normal normal bold normal>) = 10.335
DEBUG:matplotlib.font_manager:findfont: score(<Font 'DejaVu Sans' (DejaVuSans.ttf) normal normal 400 normal>) = 0.05
DEBUG:matplotlib.font_manager:findfont: score(<Font 'STIXGeneral' (STIXGeneral.ttf) normal normal regular normal>) = 10.05
DEBUG:matplotlib.font_manager:findfont: score(<Font 'STIXSizeFiveSym' (STIXSizFiveSymReg.ttf) normal normal regular normal>) = 10.05
DEBUG:matplotlib.font_manager:findfont: score(<Font 'STIXSizeThreeSym' (STIXSizThreeSymReg.ttf) normal normal regular normal>) = 10.05
DEBUG:matplotlib.font_manager:findfont: score(<Font 'cmmi10' (cmmi10.ttf) normal normal 400 normal>) = 10.05
DEBUG:matplotlib.font_manager:findfont: score(<Font 'STIXGeneral' (STIXGeneralBolIta.ttf) italic normal bold normal>) = 11.335
DEBUG:matplotlib.font_manager:findfont: score(<Font 'DejaVu Sans' (DejaVuSans-Oblique.ttf) oblique normal 400 normal>) = 1.05
DEBUG:matplotlib.font_manager:findfont: score(<Font 'STIXGeneral' (STIXGeneralBol.ttf) normal normal bold normal>) = 10.335
DEBUG:matplotlib.font_manager:findfont: score(<Font 'DejaVu Sans Mono' (DejaVuSansMono-Oblique.ttf) oblique normal 400 normal>) = 11.05
DEBUG:matplotlib.font_manager:findfont: score(<Font 'DejaVu Serif' (DejaVuSerif-Bold.ttf) normal normal bold normal>) = 10.335
DEBUG:matplotlib.font_manager:findfont: score(<Font 'DejaVu Serif' (DejaVuSerif-BoldItalic.ttf) italic normal bold normal>) = 11.335
DEBUG:matplotlib.font_manager:findfont: score(<Font 'STIXNonUnicode' (STIXNonUniIta.ttf) italic normal 400 normal>) = 11.05
DEBUG:matplotlib.font_manager:findfont: score(<Font 'STIXGeneral' (STIXGeneralItalic.ttf) italic normal 400 normal>) = 11.05
DEBUG:matplotlib.font_manager:findfont: score(<Font 'STIXSizeFourSym' (STIXSizFourSymReg.ttf) normal normal regular normal>) = 10.05
DEBUG:matplotlib.font_manager:findfont: score(<Font 'STIXSizeTwoSym' (STIXSizTwoSymReg.ttf) normal normal regular normal>) = 10.05
DEBUG:matplotlib.font_manager:findfont: score(<Font 'Liberation Sans' (LiberationSans-Regular.ttf) normal normal 400 normal>) = 10.05
DEBUG:matplotlib.font_manager:findfont: score(<Font 'Tlwg Typo' (TlwgTypo-BoldOblique.ttf) oblique normal bold normal>) = 11.335
DEBUG:matplotlib.font_manager:findfont: score(<Font 'Liberation Serif' (LiberationSerif-Regular.ttf) normal normal 400 normal>) = 10.05
DEBUG:matplotlib.font_manager:findfont: score(<Font 'Norasi' (Norasi-Oblique.ttf) oblique normal 400 normal>) = 11.05
DEBUG:matplotlib.font_manager:findfont: score(<Font 'Ubuntu' (Ubuntu-RI.ttf) italic normal 400 normal>) = 11.05
DEBUG:matplotlib.font_manager:findfont: score(<Font 'Liberation Mono' (LiberationMono-Bold.ttf) normal normal bold normal>) = 10.335
DEBUG:matplotlib.font_manager:findfont: score(<Font 'Loma' (Loma-Bold.ttf) normal normal bold normal>) = 10.335
DEBUG:matplotlib.font_manager:findfont: score(<Font 'Noto Serif CJK JP' (NotoSerifCJK-Regular.ttc) normal normal 400 normal>) = 10.05
DEBUG:matplotlib.font_manager:findfont: score(<Font 'Waree' (Waree-Bold.ttf) normal normal bold normal>) = 10.335
DEBUG:matplotlib.font_manager:findfont: score(<Font 'Lohit Malayalam' (Lohit-Malayalam.ttf) normal normal 400 normal>) = 10.05
DEBUG:matplotlib.font_manager:findfont: score(<Font 'FreeSerif' (FreeSerifItalic.ttf) italic normal 400 normal>) = 11.05
DEBUG:matplotlib.font_manager:findfont: score(<Font 'Ubuntu Mono' (UbuntuMono-RI.ttf) italic normal 400 normal>) = 11.05
DEBUG:matplotlib.font_manager:findfont: score(<Font 'Meera' (Meera.ttf) normal normal 400 normal>) = 10.05
DEBUG:matplotlib.font_manager:findfont: score(<Font 'Lohit Tamil Classical' (Lohit-Tamil-Classical.ttf) normal normal 400 normal>) = 10.05
DEBUG:matplotlib.font_manager:findfont: score(<Font 'Tlwg Typewriter' (TlwgTypewriter.ttf) normal normal 400 normal>) = 10.05
DEBUG:matplotlib.font_manager:findfont: score(<Font 'Tlwg Typo' (TlwgTypo-Oblique.ttf) oblique normal 400 normal>) = 11.05
DEBUG:matplotlib.font_manager:findfont: score(<Font 'DejaVu Sans' (DejaVuSansCondensed-Bold.ttf) normal normal bold condensed>) = 0.5349999999999999
DEBUG:matplotlib.font_manager:findfont: score(<Font 'Dyuthi' (Dyuthi.ttf) normal normal 400 normal>) = 10.05
DEBUG:matplotlib.font_manager:findfont: score(<Font 'KacstOne' (KacstOne.ttf) normal normal 400 normal>) = 10.05
DEBUG:matplotlib.font_manager:findfont: score(<Font 'Suruma' (Suruma.ttf) normal normal 400 normal>) = 10.05
DEBUG:matplotlib.font_manager:findfont: score(<Font 'Liberation Serif' (LiberationSerif-Bold.ttf) normal normal bold normal>) = 10.335
DEBUG:matplotlib.font_manager:findfont: score(<Font 'Kalapi' (Kalapi.ttf) normal normal 400 normal>) = 10.05
DEBUG:matplotlib.font_manager:findfont: score(<Font 'Tlwg Typewriter' (TlwgTypewriter-Bold.ttf) normal normal bold normal>) = 10.335
DEBUG:matplotlib.font_manager:findfont: score(<Font 'Loma' (Loma-Oblique.ttf) oblique normal 400 normal>) = 11.05
DEBUG:matplotlib.font_manager:findfont: score(<Font 'Kinnari' (Kinnari-Bold.ttf) normal normal bold normal>) = 10.335
DEBUG:matplotlib.font_manager:findfont: score(<Font 'Sahadeva' (sahadeva.ttf) normal normal 400 normal>) = 10.05
DEBUG:matplotlib.font_manager:findfont: score(<Font 'LKLUG' (lklug.ttf) normal normal 400 normal>) = 10.05
DEBUG:matplotlib.font_manager:findfont: score(<Font 'Liberation Serif' (LiberationSerif-Italic.ttf) italic normal 400 normal>) = 11.05
DEBUG:matplotlib.font_manager:findfont: score(<Font 'Tlwg Typist' (TlwgTypist.ttf) normal normal 400 normal>) = 10.05
DEBUG:matplotlib.font_manager:findfont: score(<Font 'Mitra Mono' (mitra.ttf) normal normal 400 normal>) = 10.05
DEBUG:matplotlib.font_manager:findfont: score(<Font 'Lohit Bengali' (Lohit-Bengali.ttf) normal normal 400 normal>) = 10.05
DEBUG:matplotlib.font_manager:findfont: score(<Font 'Jamrul' (JamrulNormal.ttf) normal normal 400 normal>) = 10.05
DEBUG:matplotlib.font_manager:findfont: score(<Font 'DejaVu Sans' (DejaVuSansCondensed.ttf) normal normal 400 condensed>) = 0.25
DEBUG:matplotlib.font_manager:findfont: score(<Font 'Padauk Book' (PadaukBook-Bold.ttf) normal normal book normal>) = 10.05
DEBUG:matplotlib.font_manager:findfont: score(<Font 'KacstScreen' (KacstScreen.ttf) normal normal 400 normal>) = 10.05
DEBUG:matplotlib.font_manager:findfont: score(<Font 'Samyak Gujarati' (Samyak-Gujarati.ttf) normal normal 400 normal>) = 10.05
DEBUG:matplotlib.font_manager:findfont: score(<Font 'Ubuntu' (Ubuntu-LI.ttf) italic normal light normal>) = 11.24
DEBUG:matplotlib.font_manager:findfont: score(<Font 'Norasi' (Norasi-BoldOblique.ttf) oblique normal bold normal>) = 11.335
DEBUG:matplotlib.font_manager:findfont: score(<Font 'Laksaman' (Laksaman-Italic.ttf) italic normal 400 normal>) = 11.05
DEBUG:matplotlib.font_manager:findfont: score(<Font 'Ubuntu Condensed' (Ubuntu-C.ttf) normal normal 400 condensed>) = 10.25
DEBUG:matplotlib.font_manager:findfont: score(<Font 'Karumbi' (Karumbi.ttf) normal normal 400 normal>) = 10.05
DEBUG:matplotlib.font_manager:findfont: score(<Font 'Kinnari' (Kinnari-Italic.ttf) italic normal 400 normal>) = 11.05
DEBUG:matplotlib.font_manager:findfont: score(<Font 'Ubuntu' (Ubuntu-BI.ttf) italic normal bold normal>) = 11.335
DEBUG:matplotlib.font_manager:findfont: score(<Font 'Loma' (Loma-BoldOblique.ttf) oblique normal bold normal>) = 11.335
DEBUG:matplotlib.font_manager:findfont: score(<Font 'Laksaman' (Laksaman.ttf) normal normal 400 normal>) = 10.05
DEBUG:matplotlib.font_manager:findfont: score(<Font 'Laksaman' (Laksaman-BoldItalic.ttf) italic normal bold normal>) = 11.335
DEBUG:matplotlib.font_manager:findfont: score(<Font 'Likhan' (LikhanNormal.ttf) normal normal 400 normal>) = 10.05
DEBUG:matplotlib.font_manager:findfont: score(<Font 'Lohit Telugu' (Lohit-Telugu.ttf) normal normal 400 normal>) = 10.05
DEBUG:matplotlib.font_manager:findfont: score(<Font 'Liberation Sans Narrow' (LiberationSansNarrow-BoldItalic.ttf) italic normal bold condensed>) = 11.535
DEBUG:matplotlib.font_manager:findfont: score(<Font 'FreeMono' (FreeMono.ttf) normal normal 400 normal>) = 10.05
DEBUG:matplotlib.font_manager:findfont: score(<Font 'padmaa' (padmaa-Medium-0.5.ttf) normal normal normal normal>) = 10.0
DEBUG:matplotlib.font_manager:findfont: score(<Font 'Sawasdee' (Sawasdee-Oblique.ttf) oblique normal 400 normal>) = 11.05
DEBUG:matplotlib.font_manager:findfont: score(<Font 'Umpush' (Umpush-Light.ttf) normal normal light normal>) = 10.24
DEBUG:matplotlib.font_manager:findfont: score(<Font 'KacstOne' (KacstOne-Bold.ttf) normal normal bold normal>) = 10.335
DEBUG:matplotlib.font_manager:findfont: score(<Font 'Waree' (Waree.ttf) normal normal 400 normal>) = 10.05
DEBUG:matplotlib.font_manager:findfont: score(<Font 'Lohit Devanagari' (Lohit-Devanagari.ttf) normal normal 400 normal>) = 10.05
DEBUG:matplotlib.font_manager:findfont: score(<Font 'Tlwg Typewriter' (TlwgTypewriter-Oblique.ttf) oblique normal 400 normal>) = 11.05
DEBUG:matplotlib.font_manager:findfont: score(<Font 'Tlwg Typist' (TlwgTypist-Bold.ttf) normal normal bold normal>) = 10.335
DEBUG:matplotlib.font_manager:findfont: score(<Font 'Ubuntu Mono' (UbuntuMono-R.ttf) normal normal 400 normal>) = 10.05
DEBUG:matplotlib.font_manager:findfont: score(<Font 'Tibetan Machine Uni' (TibetanMachineUni.ttf) normal normal 400 normal>) = 10.05
DEBUG:matplotlib.font_manager:findfont: score(<Font 'Khmer OS System' (KhmerOSsys.ttf) normal normal 400 normal>) = 10.05
DEBUG:matplotlib.font_manager:findfont: score(<Font 'Droid Sans Fallback' (DroidSansFallbackFull.ttf) normal normal 400 normal>) = 10.05
DEBUG:matplotlib.font_manager:findfont: score(<Font 'Purisa' (Purisa.ttf) normal normal 400 normal>) = 10.05
DEBUG:matplotlib.font_manager:findfont: score(<Font 'Padauk' (Padauk-Regular.ttf) normal normal 400 normal>) = 10.05
DEBUG:matplotlib.font_manager:findfont: score(<Font 'Manjari' (Manjari-Bold.otf) normal normal bold normal>) = 10.335
DEBUG:matplotlib.font_manager:findfont: score(<Font 'KacstNaskh' (KacstNaskh.ttf) normal normal 400 normal>) = 10.05
DEBUG:matplotlib.font_manager:findfont: score(<Font 'Keraleeyam' (Keraleeyam.ttf) normal normal 700 normal>) = 10.335
DEBUG:matplotlib.font_manager:findfont: score(<Font 'Purisa' (Purisa-Bold.ttf) normal normal bold normal>) = 10.335
DEBUG:matplotlib.font_manager:findfont: score(<Font 'Norasi' (Norasi.ttf) normal normal 400 normal>) = 10.05
DEBUG:matplotlib.font_manager:findfont: score(<Font 'KacstPen' (KacstPen.ttf) normal normal 400 normal>) = 10.05
DEBUG:matplotlib.font_manager:findfont: score(<Font 'Kinnari' (Kinnari-Oblique.ttf) oblique normal 400 normal>) = 11.05
DEBUG:matplotlib.font_manager:findfont: score(<Font 'Garuda' (Garuda-BoldOblique.ttf) oblique normal bold normal>) = 11.335
DEBUG:matplotlib.font_manager:findfont: score(<Font 'Liberation Sans' (LiberationSans-BoldItalic.ttf) italic normal bold normal>) = 11.335
DEBUG:matplotlib.font_manager:findfont: score(<Font 'Tlwg Typo' (TlwgTypo.ttf) normal normal 400 normal>) = 10.05
DEBUG:matplotlib.font_manager:findfont: score(<Font 'FreeMono' (FreeMonoOblique.ttf) oblique normal 400 normal>) = 11.05
DEBUG:matplotlib.font_manager:findfont: score(<Font 'Tlwg Typo' (TlwgTypo-Bold.ttf) normal normal bold normal>) = 10.335
DEBUG:matplotlib.font_manager:findfont: score(<Font 'Noto Mono' (NotoMono-Regular.ttf) normal normal 400 normal>) = 10.05
DEBUG:matplotlib.font_manager:findfont: score(<Font 'FreeSans' (FreeSansBoldOblique.ttf) oblique normal bold normal>) = 11.335
DEBUG:matplotlib.font_manager:findfont: score(<Font 'Liberation Sans' (LiberationSans-Bold.ttf) normal normal bold normal>) = 10.335
DEBUG:matplotlib.font_manager:findfont: score(<Font 'Liberation Sans Narrow' (LiberationSansNarrow-Regular.ttf) normal normal 400 condensed>) = 10.25
DEBUG:matplotlib.font_manager:findfont: score(<Font 'RaghuMalayalam' (RaghuMalayalamSans-Regular.ttf) normal normal regular normal>) = 10.05
DEBUG:matplotlib.font_manager:findfont: score(<Font 'Kalimati' (kalimati.ttf) normal normal 400 normal>) = 10.05
DEBUG:matplotlib.font_manager:findfont: score(<Font 'Samyak Malayalam' (Samyak-Malayalam.ttf) normal normal 400 normal>) = 10.05
DEBUG:matplotlib.font_manager:findfont: score(<Font 'KacstDecorative' (KacstDecorative.ttf) normal normal 400 normal>) = 10.05
DEBUG:matplotlib.font_manager:findfont: score(<Font 'Abyssinica SIL' (AbyssinicaSIL-R.ttf) normal normal 400 normal>) = 10.05
DEBUG:matplotlib.font_manager:findfont: score(<Font 'AnjaliOldLipi' (AnjaliOldLipi.ttf) normal normal 400 normal>) = 10.05
DEBUG:matplotlib.font_manager:findfont: score(<Font 'Manjari' (Manjari-Thin.otf) normal normal 400 normal>) = 10.05
DEBUG:matplotlib.font_manager:findfont: score(<Font 'KacstArt' (KacstArt.ttf) normal normal 400 normal>) = 10.05
DEBUG:matplotlib.font_manager:findfont: score(<Font 'Purisa' (Purisa-Oblique.ttf) oblique normal 400 normal>) = 11.05
DEBUG:matplotlib.font_manager:findfont: score(<Font 'Lohit Odia' (Lohit-Odia.ttf) normal normal 400 normal>) = 10.05
DEBUG:matplotlib.font_manager:findfont: score(<Font 'KacstDigital' (KacstDigital.ttf) normal normal 400 normal>) = 10.05
DEBUG:matplotlib.font_manager:findfont: score(<Font 'Samyak Devanagari' (Samyak-Devanagari.ttf) normal normal 400 normal>) = 10.05
DEBUG:matplotlib.font_manager:findfont: score(<Font 'Umpush' (Umpush-Oblique.ttf) oblique normal 400 normal>) = 11.05
DEBUG:matplotlib.font_manager:findfont: score(<Font 'Lohit Tamil' (Lohit-Tamil.ttf) normal normal 400 normal>) = 10.05
DEBUG:matplotlib.font_manager:findfont: score(<Font 'Ubuntu' (Ubuntu-L.ttf) normal normal light normal>) = 10.24
DEBUG:matplotlib.font_manager:findfont: score(<Font 'Liberation Mono' (LiberationMono-Regular.ttf) normal normal 400 normal>) = 10.05
DEBUG:matplotlib.font_manager:findfont: score(<Font 'mry_KacstQurn' (mry_KacstQurn.ttf) normal normal 400 normal>) = 10.05
DEBUG:matplotlib.font_manager:findfont: score(<Font 'Liberation Mono' (LiberationMono-BoldItalic.ttf) italic normal bold normal>) = 11.335
DEBUG:matplotlib.font_manager:findfont: score(<Font 'Laksaman' (Laksaman-Bold.ttf) normal normal bold normal>) = 10.335
DEBUG:matplotlib.font_manager:findfont: score(<Font 'DejaVu Sans' (DejaVuSansCondensed-BoldOblique.ttf) oblique normal bold condensed>) = 1.535
DEBUG:matplotlib.font_manager:findfont: score(<Font 'Umpush' (Umpush.ttf) normal normal 400 normal>) = 10.05
DEBUG:matplotlib.font_manager:findfont: score(<Font 'Khmer OS' (KhmerOS.ttf) normal normal 400 normal>) = 10.05
DEBUG:matplotlib.font_manager:findfont: score(<Font 'Garuda' (Garuda.ttf) normal normal 400 normal>) = 10.05
DEBUG:matplotlib.font_manager:findfont: score(<Font 'DejaVu Sans' (DejaVuSansCondensed-Oblique.ttf) oblique normal 400 condensed>) = 1.25
DEBUG:matplotlib.font_manager:findfont: score(<Font 'FreeSans' (FreeSansOblique.ttf) oblique normal 400 normal>) = 11.05
DEBUG:matplotlib.font_manager:findfont: score(<Font 'FreeSerif' (FreeSerif.ttf) normal normal 400 normal>) = 10.05
DEBUG:matplotlib.font_manager:findfont: score(<Font 'Noto Sans CJK JP' (NotoSansCJK-Bold.ttc) normal normal bold normal>) = 10.335
DEBUG:matplotlib.font_manager:findfont: score(<Font 'Rachana' (Rachana-Bold.ttf) normal normal bold normal>) = 10.335
DEBUG:matplotlib.font_manager:findfont: score(<Font 'DejaVu Serif' (DejaVuSerifCondensed.ttf) normal normal 400 condensed>) = 10.25
DEBUG:matplotlib.font_manager:findfont: score(<Font 'padmaa-Bold.1.1' (padmaa-Bold.1.1.ttf) normal normal bold normal>) = 10.335
DEBUG:matplotlib.font_manager:findfont: score(<Font 'Uroob' (Uroob.ttf) normal normal 700 normal>) = 10.335
DEBUG:matplotlib.font_manager:findfont: score(<Font 'Purisa' (Purisa-BoldOblique.ttf) oblique normal bold normal>) = 11.335
DEBUG:matplotlib.font_manager:findfont: score(<Font 'Vemana2000' (vemana2000.ttf) normal normal 400 normal>) = 10.05
DEBUG:matplotlib.font_manager:findfont: score(<Font 'KacstLetter' (KacstLetter.ttf) normal normal 400 normal>) = 10.05
DEBUG:matplotlib.font_manager:findfont: score(<Font 'KacstOffice' (KacstOffice.ttf) normal normal 400 normal>) = 10.05
DEBUG:matplotlib.font_manager:findfont: score(<Font 'DejaVu Math TeX Gyre' (DejaVuMathTeXGyre.ttf) normal normal regular normal>) = 10.05
DEBUG:matplotlib.font_manager:findfont: score(<Font 'Chandas' (chandas1-2.ttf) normal normal 400 normal>) = 10.05
DEBUG:matplotlib.font_manager:findfont: score(<Font 'Samyak Tamil' (Samyak-Tamil.ttf) normal normal 400 normal>) = 10.05
DEBUG:matplotlib.font_manager:findfont: score(<Font 'aakar' (aakar-medium.ttf) normal normal 400 normal>) = 10.05
DEBUG:matplotlib.font_manager:findfont: score(<Font 'KacstTitleL' (KacstTitleL.ttf) normal normal 400 normal>) = 10.05
DEBUG:matplotlib.font_manager:findfont: score(<Font 'Nakula' (nakula.ttf) normal normal 400 normal>) = 10.05
DEBUG:matplotlib.font_manager:findfont: score(<Font 'Kinnari' (Kinnari.ttf) normal normal 400 normal>) = 10.05
DEBUG:matplotlib.font_manager:findfont: score(<Font 'Tlwg Mono' (TlwgMono-Oblique.ttf) oblique normal 400 normal>) = 11.05
DEBUG:matplotlib.font_manager:findfont: score(<Font 'OpenSymbol' (opens___.ttf) normal normal 400 normal>) = 10.05
DEBUG:matplotlib.font_manager:findfont: score(<Font 'Noto Sans CJK JP' (NotoSansCJK-Regular.ttc) normal normal 400 normal>) = 10.05
DEBUG:matplotlib.font_manager:findfont: score(<Font 'Ubuntu Mono' (UbuntuMono-B.ttf) normal normal bold normal>) = 10.335
DEBUG:matplotlib.font_manager:findfont: score(<Font 'KacstFarsi' (KacstFarsi.ttf) normal normal 400 normal>) = 10.05
DEBUG:matplotlib.font_manager:findfont: score(<Font 'Loma' (Loma.ttf) normal normal 400 normal>) = 10.05
DEBUG:matplotlib.font_manager:findfont: score(<Font 'Gargi' (Gargi.ttf) normal normal 400 normal>) = 10.05
DEBUG:matplotlib.font_manager:findfont: score(<Font 'DejaVu Serif' (DejaVuSerifCondensed-Italic.ttf) italic normal 400 condensed>) = 11.25
DEBUG:matplotlib.font_manager:findfont: score(<Font 'FreeMono' (FreeMonoBoldOblique.ttf) oblique normal bold normal>) = 11.335
DEBUG:matplotlib.font_manager:findfont: score(<Font 'DejaVu Serif' (DejaVuSerifCondensed-BoldItalic.ttf) italic normal bold condensed>) = 11.535
DEBUG:matplotlib.font_manager:findfont: score(<Font 'Sawasdee' (Sawasdee-BoldOblique.ttf) oblique normal bold normal>) = 11.335
DEBUG:matplotlib.font_manager:findfont: score(<Font 'Waree' (Waree-BoldOblique.ttf) oblique normal bold normal>) = 11.335
DEBUG:matplotlib.font_manager:findfont: score(<Font 'Tlwg Mono' (TlwgMono-Bold.ttf) normal normal bold normal>) = 10.335
DEBUG:matplotlib.font_manager:findfont: score(<Font 'Liberation Sans Narrow' (LiberationSansNarrow-Bold.ttf) normal normal bold condensed>) = 10.535
DEBUG:matplotlib.font_manager:findfont: score(<Font 'Sawasdee' (Sawasdee.ttf) normal normal 400 normal>) = 10.05
DEBUG:matplotlib.font_manager:findfont: score(<Font 'Liberation Mono' (LiberationMono-Italic.ttf) italic normal 400 normal>) = 11.05
DEBUG:matplotlib.font_manager:findfont: score(<Font 'DejaVu Sans' (DejaVuSans-ExtraLight.ttf) normal normal light normal>) = 0.24
DEBUG:matplotlib.font_manager:findfont: score(<Font 'FreeMono' (FreeMonoBold.ttf) normal normal bold normal>) = 10.335
DEBUG:matplotlib.font_manager:findfont: score(<Font 'Padauk' (Padauk-Bold.ttf) normal normal bold normal>) = 10.335
DEBUG:matplotlib.font_manager:findfont: score(<Font 'Phetsarath OT' (Phetsarath_OT.ttf) normal normal 400 normal>) = 10.05
DEBUG:matplotlib.font_manager:findfont: score(<Font 'Ubuntu' (Ubuntu-B.ttf) normal normal bold normal>) = 10.335
DEBUG:matplotlib.font_manager:findfont: score(<Font 'Garuda' (Garuda-Bold.ttf) normal normal bold normal>) = 10.335
DEBUG:matplotlib.font_manager:findfont: score(<Font 'Umpush' (Umpush-LightOblique.ttf) oblique normal light normal>) = 11.24
DEBUG:matplotlib.font_manager:findfont: score(<Font 'Padauk Book' (PadaukBook-Regular.ttf) normal normal book normal>) = 10.05
DEBUG:matplotlib.font_manager:findfont: score(<Font 'Saab' (Saab.ttf) normal normal 400 normal>) = 10.05
DEBUG:matplotlib.font_manager:findfont: score(<Font 'Mukti Narrow' (MuktiNarrowBold.ttf) normal normal 700 normal>) = 10.335
DEBUG:matplotlib.font_manager:findfont: score(<Font 'Tlwg Typist' (TlwgTypist-BoldOblique.ttf) oblique normal bold normal>) = 11.335
DEBUG:matplotlib.font_manager:findfont: score(<Font 'Liberation Sans Narrow' (LiberationSansNarrow-Italic.ttf) italic normal 400 condensed>) = 11.25
DEBUG:matplotlib.font_manager:findfont: score(<Font 'Waree' (Waree-Oblique.ttf) oblique normal 400 normal>) = 11.05
DEBUG:matplotlib.font_manager:findfont: score(<Font 'Navilu' (Navilu.ttf) normal normal 400 normal>) = 10.05
DEBUG:matplotlib.font_manager:findfont: score(<Font 'Garuda' (Garuda-Oblique.ttf) oblique normal 400 normal>) = 11.05
DEBUG:matplotlib.font_manager:findfont: score(<Font 'Ubuntu' (Ubuntu-R.ttf) normal normal 400 normal>) = 10.05
DEBUG:matplotlib.font_manager:findfont: score(<Font 'Sawasdee' (Sawasdee-Bold.ttf) normal normal bold normal>) = 10.335
DEBUG:matplotlib.font_manager:findfont: score(<Font 'KacstPoster' (KacstPoster.ttf) normal normal 400 normal>) = 10.05
DEBUG:matplotlib.font_manager:findfont: score(<Font 'KacstTitle' (KacstTitle.ttf) normal normal 400 normal>) = 10.05
DEBUG:matplotlib.font_manager:findfont: score(<Font 'FreeSans' (FreeSans.ttf) normal normal 400 normal>) = 10.05
DEBUG:matplotlib.font_manager:findfont: score(<Font 'ori1Uni' (utkal.ttf) normal normal medium normal>) = 10.145
DEBUG:matplotlib.font_manager:findfont: score(<Font 'Ubuntu Mono' (UbuntuMono-BI.ttf) italic normal bold normal>) = 11.335
DEBUG:matplotlib.font_manager:findfont: score(<Font 'Samanata' (samanata.ttf) normal normal 400 normal>) = 10.05
DEBUG:matplotlib.font_manager:findfont: score(<Font 'Chilanka' (Chilanka-Regular.ttf) normal normal regular normal>) = 10.05
DEBUG:matplotlib.font_manager:findfont: score(<Font 'Norasi' (Norasi-BoldItalic.ttf) italic normal bold normal>) = 11.335
DEBUG:matplotlib.font_manager:findfont: score(<Font 'Mukti Narrow' (MuktiNarrow.ttf) normal normal 400 normal>) = 10.05
DEBUG:matplotlib.font_manager:findfont: score(<Font 'Ani' (ani.ttf) normal normal 400 normal>) = 10.05
DEBUG:matplotlib.font_manager:findfont: score(<Font 'Noto Serif CJK JP' (NotoSerifCJK-Bold.ttc) normal normal bold normal>) = 10.335
DEBUG:matplotlib.font_manager:findfont: score(<Font 'Manjari' (Manjari-Regular.otf) normal normal regular normal>) = 10.05
DEBUG:matplotlib.font_manager:findfont: score(<Font 'Lohit Assamese' (Lohit-Assamese.ttf) normal normal 400 normal>) = 10.05
DEBUG:matplotlib.font_manager:findfont: score(<Font 'Kinnari' (Kinnari-BoldItalic.ttf) italic normal bold normal>) = 11.335
DEBUG:matplotlib.font_manager:findfont: score(<Font 'Gubbi' (Gubbi.ttf) normal normal 400 normal>) = 10.05
DEBUG:matplotlib.font_manager:findfont: score(<Font 'Ubuntu' (Ubuntu-M.ttf) normal normal medium normal>) = 10.145
DEBUG:matplotlib.font_manager:findfont: score(<Font 'Liberation Serif' (LiberationSerif-BoldItalic.ttf) italic normal bold normal>) = 11.335
DEBUG:matplotlib.font_manager:findfont: score(<Font 'Kinnari' (Kinnari-BoldOblique.ttf) oblique normal bold normal>) = 11.335
DEBUG:matplotlib.font_manager:findfont: score(<Font 'FreeSans' (FreeSansBold.ttf) normal normal bold normal>) = 10.335
DEBUG:matplotlib.font_manager:findfont: score(<Font 'Liberation Sans' (LiberationSans-Italic.ttf) italic normal 400 normal>) = 11.05
DEBUG:matplotlib.font_manager:findfont: score(<Font 'padmaa' (padmaa.ttf) normal normal 400 normal>) = 10.05
DEBUG:matplotlib.font_manager:findfont: score(<Font 'Rekha' (Rekha.ttf) normal normal 400 normal>) = 10.05
DEBUG:matplotlib.font_manager:findfont: score(<Font 'Lohit Gujarati' (Lohit-Gujarati.ttf) normal normal 400 normal>) = 10.05
DEBUG:matplotlib.font_manager:findfont: score(<Font 'Umpush' (Umpush-Bold.ttf) normal normal bold normal>) = 10.335
DEBUG:matplotlib.font_manager:findfont: score(<Font 'DejaVu Serif' (DejaVuSerifCondensed-Bold.ttf) normal normal bold condensed>) = 10.535
DEBUG:matplotlib.font_manager:findfont: score(<Font 'Norasi' (Norasi-Bold.ttf) normal normal bold normal>) = 10.335
DEBUG:matplotlib.font_manager:findfont: score(<Font 'Norasi' (Norasi-Italic.ttf) italic normal 400 normal>) = 11.05
DEBUG:matplotlib.font_manager:findfont: score(<Font 'FreeSerif' (FreeSerifBold.ttf) normal normal bold normal>) = 10.335
DEBUG:matplotlib.font_manager:findfont: score(<Font 'Tlwg Typist' (TlwgTypist-Oblique.ttf) oblique normal 400 normal>) = 11.05
DEBUG:matplotlib.font_manager:findfont: score(<Font 'Tlwg Mono' (TlwgMono-BoldOblique.ttf) oblique normal bold normal>) = 11.335
DEBUG:matplotlib.font_manager:findfont: score(<Font 'Pothana2000' (Pothana2000.ttf) normal normal 400 normal>) = 10.05
DEBUG:matplotlib.font_manager:findfont: score(<Font 'Rachana' (Rachana-Regular.ttf) normal normal regular normal>) = 10.05
DEBUG:matplotlib.font_manager:findfont: score(<Font 'Ubuntu' (Ubuntu-MI.ttf) italic normal medium normal>) = 11.145
DEBUG:matplotlib.font_manager:findfont: score(<Font 'Sarai' (Sarai.ttf) normal normal 400 normal>) = 10.05
DEBUG:matplotlib.font_manager:findfont: score(<Font 'KacstQurn' (KacstQurn.ttf) normal normal 400 normal>) = 10.05
DEBUG:matplotlib.font_manager:findfont: score(<Font 'Tlwg Mono' (TlwgMono.ttf) normal normal 400 normal>) = 10.05
DEBUG:matplotlib.font_manager:findfont: score(<Font 'Lohit Gurmukhi' (Lohit-Gurmukhi.ttf) normal normal 400 normal>) = 10.05
DEBUG:matplotlib.font_manager:findfont: score(<Font 'Tlwg Typewriter' (TlwgTypewriter-BoldOblique.ttf) oblique normal bold normal>) = 11.335
DEBUG:matplotlib.font_manager:findfont: score(<Font 'Umpush' (Umpush-BoldOblique.ttf) oblique normal bold normal>) = 11.335
DEBUG:matplotlib.font_manager:findfont: score(<Font 'KacstBook' (KacstBook.ttf) normal normal book normal>) = 10.05
DEBUG:matplotlib.font_manager:findfont: score(<Font 'Pagul' (Pagul.ttf) normal normal 400 normal>) = 10.05
DEBUG:matplotlib.font_manager:findfont: score(<Font 'FreeSerif' (FreeSerifBoldItalic.ttf) italic normal bold normal>) = 11.335
DEBUG:matplotlib.font_manager:findfont: score(<Font 'Lohit Kannada' (Lohit-Kannada.ttf) normal normal 400 normal>) = 10.05
DEBUG:matplotlib.font_manager:findfont: Matching :family=sans-serif:style=normal:variant=normal:weight=normal:stretch=normal:size=10.0 to DejaVu Sans ('/home/ram/.local/lib/python3.6/site-packages/matplotlib/mpl-data/fonts/ttf/DejaVuSans.ttf') with score of 0.050000.
DEBUG:roipoly.roipoly:Creating new ROI 0
DEBUG:matplotlib.font_manager:findfont: Matching :family=sans-serif:style=normal:variant=normal:weight=normal:stretch=normal:size=12.0.
DEBUG:matplotlib.font_manager:findfont: score(<Font 'STIXSizeThreeSym' (STIXSizThreeSymBol.ttf) normal normal bold normal>) = 10.335
DEBUG:matplotlib.font_manager:findfont: score(<Font 'DejaVu Sans Mono' (DejaVuSansMono.ttf) normal normal 400 normal>) = 10.05
DEBUG:matplotlib.font_manager:findfont: score(<Font 'DejaVu Serif' (DejaVuSerif.ttf) normal normal 400 normal>) = 10.05
DEBUG:matplotlib.font_manager:findfont: score(<Font 'DejaVu Sans Mono' (DejaVuSansMono-Bold.ttf) normal normal bold normal>) = 10.335
DEBUG:matplotlib.font_manager:findfont: score(<Font 'cmtt10' (cmtt10.ttf) normal normal 400 normal>) = 10.05
DEBUG:matplotlib.font_manager:findfont: score(<Font 'STIXNonUnicode' (STIXNonUni.ttf) normal normal regular normal>) = 10.05
DEBUG:matplotlib.font_manager:findfont: score(<Font 'STIXSizeFourSym' (STIXSizFourSymBol.ttf) normal normal bold normal>) = 10.335
DEBUG:matplotlib.font_manager:findfont: score(<Font 'STIXNonUnicode' (STIXNonUniBolIta.ttf) italic normal bold normal>) = 11.335
DEBUG:matplotlib.font_manager:findfont: score(<Font 'DejaVu Sans' (DejaVuSans-BoldOblique.ttf) oblique normal bold normal>) = 1.335
DEBUG:matplotlib.font_manager:findfont: score(<Font 'STIXSizeOneSym' (STIXSizOneSymReg.ttf) normal normal regular normal>) = 10.05
DEBUG:matplotlib.font_manager:findfont: score(<Font 'cmr10' (cmr10.ttf) normal normal 400 normal>) = 10.05
DEBUG:matplotlib.font_manager:findfont: score(<Font 'cmss10' (cmss10.ttf) normal normal 400 normal>) = 10.05
DEBUG:matplotlib.font_manager:findfont: score(<Font 'STIXSizeOneSym' (STIXSizOneSymBol.ttf) normal normal bold normal>) = 10.335
DEBUG:matplotlib.font_manager:findfont: score(<Font 'cmb10' (cmb10.ttf) normal normal 400 normal>) = 10.05
DEBUG:matplotlib.font_manager:findfont: score(<Font 'DejaVu Serif' (DejaVuSerif-Italic.ttf) italic normal 400 normal>) = 11.05
DEBUG:matplotlib.font_manager:findfont: score(<Font 'DejaVu Sans Mono' (DejaVuSansMono-BoldOblique.ttf) oblique normal bold normal>) = 11.335
DEBUG:matplotlib.font_manager:findfont: score(<Font 'DejaVu Serif Display' (DejaVuSerifDisplay.ttf) normal normal 400 normal>) = 10.05
DEBUG:matplotlib.font_manager:findfont: score(<Font 'DejaVu Sans Display' (DejaVuSansDisplay.ttf) normal normal 400 normal>) = 10.05
DEBUG:matplotlib.font_manager:findfont: score(<Font 'cmex10' (cmex10.ttf) normal normal 400 normal>) = 10.05
DEBUG:matplotlib.font_manager:findfont: score(<Font 'STIXNonUnicode' (STIXNonUniBol.ttf) normal normal bold normal>) = 10.335
DEBUG:matplotlib.font_manager:findfont: score(<Font 'cmsy10' (cmsy10.ttf) normal normal 400 normal>) = 10.05
DEBUG:matplotlib.font_manager:findfont: score(<Font 'DejaVu Sans' (DejaVuSans-Bold.ttf) normal normal bold normal>) = 0.33499999999999996
DEBUG:matplotlib.font_manager:findfont: score(<Font 'STIXSizeTwoSym' (STIXSizTwoSymBol.ttf) normal normal bold normal>) = 10.335
DEBUG:matplotlib.font_manager:findfont: score(<Font 'DejaVu Sans' (DejaVuSans.ttf) normal normal 400 normal>) = 0.05
DEBUG:matplotlib.font_manager:findfont: score(<Font 'STIXGeneral' (STIXGeneral.ttf) normal normal regular normal>) = 10.05
DEBUG:matplotlib.font_manager:findfont: score(<Font 'STIXSizeFiveSym' (STIXSizFiveSymReg.ttf) normal normal regular normal>) = 10.05
DEBUG:matplotlib.font_manager:findfont: score(<Font 'STIXSizeThreeSym' (STIXSizThreeSymReg.ttf) normal normal regular normal>) = 10.05
DEBUG:matplotlib.font_manager:findfont: score(<Font 'cmmi10' (cmmi10.ttf) normal normal 400 normal>) = 10.05
DEBUG:matplotlib.font_manager:findfont: score(<Font 'STIXGeneral' (STIXGeneralBolIta.ttf) italic normal bold normal>) = 11.335
DEBUG:matplotlib.font_manager:findfont: score(<Font 'DejaVu Sans' (DejaVuSans-Oblique.ttf) oblique normal 400 normal>) = 1.05
DEBUG:matplotlib.font_manager:findfont: score(<Font 'STIXGeneral' (STIXGeneralBol.ttf) normal normal bold normal>) = 10.335
DEBUG:matplotlib.font_manager:findfont: score(<Font 'DejaVu Sans Mono' (DejaVuSansMono-Oblique.ttf) oblique normal 400 normal>) = 11.05
DEBUG:matplotlib.font_manager:findfont: score(<Font 'DejaVu Serif' (DejaVuSerif-Bold.ttf) normal normal bold normal>) = 10.335
DEBUG:matplotlib.font_manager:findfont: score(<Font 'DejaVu Serif' (DejaVuSerif-BoldItalic.ttf) italic normal bold normal>) = 11.335
DEBUG:matplotlib.font_manager:findfont: score(<Font 'STIXNonUnicode' (STIXNonUniIta.ttf) italic normal 400 normal>) = 11.05
DEBUG:matplotlib.font_manager:findfont: score(<Font 'STIXGeneral' (STIXGeneralItalic.ttf) italic normal 400 normal>) = 11.05
DEBUG:matplotlib.font_manager:findfont: score(<Font 'STIXSizeFourSym' (STIXSizFourSymReg.ttf) normal normal regular normal>) = 10.05
DEBUG:matplotlib.font_manager:findfont: score(<Font 'STIXSizeTwoSym' (STIXSizTwoSymReg.ttf) normal normal regular normal>) = 10.05
DEBUG:matplotlib.font_manager:findfont: score(<Font 'Liberation Sans' (LiberationSans-Regular.ttf) normal normal 400 normal>) = 10.05
DEBUG:matplotlib.font_manager:findfont: score(<Font 'Tlwg Typo' (TlwgTypo-BoldOblique.ttf) oblique normal bold normal>) = 11.335
DEBUG:matplotlib.font_manager:findfont: score(<Font 'Liberation Serif' (LiberationSerif-Regular.ttf) normal normal 400 normal>) = 10.05
DEBUG:matplotlib.font_manager:findfont: score(<Font 'Norasi' (Norasi-Oblique.ttf) oblique normal 400 normal>) = 11.05
DEBUG:matplotlib.font_manager:findfont: score(<Font 'Ubuntu' (Ubuntu-RI.ttf) italic normal 400 normal>) = 11.05
DEBUG:matplotlib.font_manager:findfont: score(<Font 'Liberation Mono' (LiberationMono-Bold.ttf) normal normal bold normal>) = 10.335
DEBUG:matplotlib.font_manager:findfont: score(<Font 'Loma' (Loma-Bold.ttf) normal normal bold normal>) = 10.335
DEBUG:matplotlib.font_manager:findfont: score(<Font 'Noto Serif CJK JP' (NotoSerifCJK-Regular.ttc) normal normal 400 normal>) = 10.05
DEBUG:matplotlib.font_manager:findfont: score(<Font 'Waree' (Waree-Bold.ttf) normal normal bold normal>) = 10.335
DEBUG:matplotlib.font_manager:findfont: score(<Font 'Lohit Malayalam' (Lohit-Malayalam.ttf) normal normal 400 normal>) = 10.05
DEBUG:matplotlib.font_manager:findfont: score(<Font 'FreeSerif' (FreeSerifItalic.ttf) italic normal 400 normal>) = 11.05
DEBUG:matplotlib.font_manager:findfont: score(<Font 'Ubuntu Mono' (UbuntuMono-RI.ttf) italic normal 400 normal>) = 11.05
DEBUG:matplotlib.font_manager:findfont: score(<Font 'Meera' (Meera.ttf) normal normal 400 normal>) = 10.05
DEBUG:matplotlib.font_manager:findfont: score(<Font 'Lohit Tamil Classical' (Lohit-Tamil-Classical.ttf) normal normal 400 normal>) = 10.05
DEBUG:matplotlib.font_manager:findfont: score(<Font 'Tlwg Typewriter' (TlwgTypewriter.ttf) normal normal 400 normal>) = 10.05
DEBUG:matplotlib.font_manager:findfont: score(<Font 'Tlwg Typo' (TlwgTypo-Oblique.ttf) oblique normal 400 normal>) = 11.05
DEBUG:matplotlib.font_manager:findfont: score(<Font 'DejaVu Sans' (DejaVuSansCondensed-Bold.ttf) normal normal bold condensed>) = 0.5349999999999999
DEBUG:matplotlib.font_manager:findfont: score(<Font 'Dyuthi' (Dyuthi.ttf) normal normal 400 normal>) = 10.05
DEBUG:matplotlib.font_manager:findfont: score(<Font 'KacstOne' (KacstOne.ttf) normal normal 400 normal>) = 10.05
DEBUG:matplotlib.font_manager:findfont: score(<Font 'Suruma' (Suruma.ttf) normal normal 400 normal>) = 10.05
DEBUG:matplotlib.font_manager:findfont: score(<Font 'Liberation Serif' (LiberationSerif-Bold.ttf) normal normal bold normal>) = 10.335
DEBUG:matplotlib.font_manager:findfont: score(<Font 'Kalapi' (Kalapi.ttf) normal normal 400 normal>) = 10.05
DEBUG:matplotlib.font_manager:findfont: score(<Font 'Tlwg Typewriter' (TlwgTypewriter-Bold.ttf) normal normal bold normal>) = 10.335
DEBUG:matplotlib.font_manager:findfont: score(<Font 'Loma' (Loma-Oblique.ttf) oblique normal 400 normal>) = 11.05
DEBUG:matplotlib.font_manager:findfont: score(<Font 'Kinnari' (Kinnari-Bold.ttf) normal normal bold normal>) = 10.335
DEBUG:matplotlib.font_manager:findfont: score(<Font 'Sahadeva' (sahadeva.ttf) normal normal 400 normal>) = 10.05
DEBUG:matplotlib.font_manager:findfont: score(<Font 'LKLUG' (lklug.ttf) normal normal 400 normal>) = 10.05
DEBUG:matplotlib.font_manager:findfont: score(<Font 'Liberation Serif' (LiberationSerif-Italic.ttf) italic normal 400 normal>) = 11.05
DEBUG:matplotlib.font_manager:findfont: score(<Font 'Tlwg Typist' (TlwgTypist.ttf) normal normal 400 normal>) = 10.05
DEBUG:matplotlib.font_manager:findfont: score(<Font 'Mitra Mono' (mitra.ttf) normal normal 400 normal>) = 10.05
DEBUG:matplotlib.font_manager:findfont: score(<Font 'Lohit Bengali' (Lohit-Bengali.ttf) normal normal 400 normal>) = 10.05
DEBUG:matplotlib.font_manager:findfont: score(<Font 'Jamrul' (JamrulNormal.ttf) normal normal 400 normal>) = 10.05
DEBUG:matplotlib.font_manager:findfont: score(<Font 'DejaVu Sans' (DejaVuSansCondensed.ttf) normal normal 400 condensed>) = 0.25
DEBUG:matplotlib.font_manager:findfont: score(<Font 'Padauk Book' (PadaukBook-Bold.ttf) normal normal book normal>) = 10.05
DEBUG:matplotlib.font_manager:findfont: score(<Font 'KacstScreen' (KacstScreen.ttf) normal normal 400 normal>) = 10.05
DEBUG:matplotlib.font_manager:findfont: score(<Font 'Samyak Gujarati' (Samyak-Gujarati.ttf) normal normal 400 normal>) = 10.05
DEBUG:matplotlib.font_manager:findfont: score(<Font 'Ubuntu' (Ubuntu-LI.ttf) italic normal light normal>) = 11.24
DEBUG:matplotlib.font_manager:findfont: score(<Font 'Norasi' (Norasi-BoldOblique.ttf) oblique normal bold normal>) = 11.335
DEBUG:matplotlib.font_manager:findfont: score(<Font 'Laksaman' (Laksaman-Italic.ttf) italic normal 400 normal>) = 11.05
DEBUG:matplotlib.font_manager:findfont: score(<Font 'Ubuntu Condensed' (Ubuntu-C.ttf) normal normal 400 condensed>) = 10.25
DEBUG:matplotlib.font_manager:findfont: score(<Font 'Karumbi' (Karumbi.ttf) normal normal 400 normal>) = 10.05
DEBUG:matplotlib.font_manager:findfont: score(<Font 'Kinnari' (Kinnari-Italic.ttf) italic normal 400 normal>) = 11.05
DEBUG:matplotlib.font_manager:findfont: score(<Font 'Ubuntu' (Ubuntu-BI.ttf) italic normal bold normal>) = 11.335
DEBUG:matplotlib.font_manager:findfont: score(<Font 'Loma' (Loma-BoldOblique.ttf) oblique normal bold normal>) = 11.335
DEBUG:matplotlib.font_manager:findfont: score(<Font 'Laksaman' (Laksaman.ttf) normal normal 400 normal>) = 10.05
DEBUG:matplotlib.font_manager:findfont: score(<Font 'Laksaman' (Laksaman-BoldItalic.ttf) italic normal bold normal>) = 11.335
DEBUG:matplotlib.font_manager:findfont: score(<Font 'Likhan' (LikhanNormal.ttf) normal normal 400 normal>) = 10.05
DEBUG:matplotlib.font_manager:findfont: score(<Font 'Lohit Telugu' (Lohit-Telugu.ttf) normal normal 400 normal>) = 10.05
DEBUG:matplotlib.font_manager:findfont: score(<Font 'Liberation Sans Narrow' (LiberationSansNarrow-BoldItalic.ttf) italic normal bold condensed>) = 11.535
DEBUG:matplotlib.font_manager:findfont: score(<Font 'FreeMono' (FreeMono.ttf) normal normal 400 normal>) = 10.05
DEBUG:matplotlib.font_manager:findfont: score(<Font 'padmaa' (padmaa-Medium-0.5.ttf) normal normal normal normal>) = 10.0
DEBUG:matplotlib.font_manager:findfont: score(<Font 'Sawasdee' (Sawasdee-Oblique.ttf) oblique normal 400 normal>) = 11.05
DEBUG:matplotlib.font_manager:findfont: score(<Font 'Umpush' (Umpush-Light.ttf) normal normal light normal>) = 10.24
DEBUG:matplotlib.font_manager:findfont: score(<Font 'KacstOne' (KacstOne-Bold.ttf) normal normal bold normal>) = 10.335
DEBUG:matplotlib.font_manager:findfont: score(<Font 'Waree' (Waree.ttf) normal normal 400 normal>) = 10.05
DEBUG:matplotlib.font_manager:findfont: score(<Font 'Lohit Devanagari' (Lohit-Devanagari.ttf) normal normal 400 normal>) = 10.05
DEBUG:matplotlib.font_manager:findfont: score(<Font 'Tlwg Typewriter' (TlwgTypewriter-Oblique.ttf) oblique normal 400 normal>) = 11.05
DEBUG:matplotlib.font_manager:findfont: score(<Font 'Tlwg Typist' (TlwgTypist-Bold.ttf) normal normal bold normal>) = 10.335
DEBUG:matplotlib.font_manager:findfont: score(<Font 'Ubuntu Mono' (UbuntuMono-R.ttf) normal normal 400 normal>) = 10.05
DEBUG:matplotlib.font_manager:findfont: score(<Font 'Tibetan Machine Uni' (TibetanMachineUni.ttf) normal normal 400 normal>) = 10.05
DEBUG:matplotlib.font_manager:findfont: score(<Font 'Khmer OS System' (KhmerOSsys.ttf) normal normal 400 normal>) = 10.05
DEBUG:matplotlib.font_manager:findfont: score(<Font 'Droid Sans Fallback' (DroidSansFallbackFull.ttf) normal normal 400 normal>) = 10.05
DEBUG:matplotlib.font_manager:findfont: score(<Font 'Purisa' (Purisa.ttf) normal normal 400 normal>) = 10.05
DEBUG:matplotlib.font_manager:findfont: score(<Font 'Padauk' (Padauk-Regular.ttf) normal normal 400 normal>) = 10.05
DEBUG:matplotlib.font_manager:findfont: score(<Font 'Manjari' (Manjari-Bold.otf) normal normal bold normal>) = 10.335
DEBUG:matplotlib.font_manager:findfont: score(<Font 'KacstNaskh' (KacstNaskh.ttf) normal normal 400 normal>) = 10.05
DEBUG:matplotlib.font_manager:findfont: score(<Font 'Keraleeyam' (Keraleeyam.ttf) normal normal 700 normal>) = 10.335
DEBUG:matplotlib.font_manager:findfont: score(<Font 'Purisa' (Purisa-Bold.ttf) normal normal bold normal>) = 10.335
DEBUG:matplotlib.font_manager:findfont: score(<Font 'Norasi' (Norasi.ttf) normal normal 400 normal>) = 10.05
DEBUG:matplotlib.font_manager:findfont: score(<Font 'KacstPen' (KacstPen.ttf) normal normal 400 normal>) = 10.05
DEBUG:matplotlib.font_manager:findfont: score(<Font 'Kinnari' (Kinnari-Oblique.ttf) oblique normal 400 normal>) = 11.05
DEBUG:matplotlib.font_manager:findfont: score(<Font 'Garuda' (Garuda-BoldOblique.ttf) oblique normal bold normal>) = 11.335
DEBUG:matplotlib.font_manager:findfont: score(<Font 'Liberation Sans' (LiberationSans-BoldItalic.ttf) italic normal bold normal>) = 11.335
DEBUG:matplotlib.font_manager:findfont: score(<Font 'Tlwg Typo' (TlwgTypo.ttf) normal normal 400 normal>) = 10.05
DEBUG:matplotlib.font_manager:findfont: score(<Font 'FreeMono' (FreeMonoOblique.ttf) oblique normal 400 normal>) = 11.05
DEBUG:matplotlib.font_manager:findfont: score(<Font 'Tlwg Typo' (TlwgTypo-Bold.ttf) normal normal bold normal>) = 10.335
DEBUG:matplotlib.font_manager:findfont: score(<Font 'Noto Mono' (NotoMono-Regular.ttf) normal normal 400 normal>) = 10.05
DEBUG:matplotlib.font_manager:findfont: score(<Font 'FreeSans' (FreeSansBoldOblique.ttf) oblique normal bold normal>) = 11.335
DEBUG:matplotlib.font_manager:findfont: score(<Font 'Liberation Sans' (LiberationSans-Bold.ttf) normal normal bold normal>) = 10.335
DEBUG:matplotlib.font_manager:findfont: score(<Font 'Liberation Sans Narrow' (LiberationSansNarrow-Regular.ttf) normal normal 400 condensed>) = 10.25
DEBUG:matplotlib.font_manager:findfont: score(<Font 'RaghuMalayalam' (RaghuMalayalamSans-Regular.ttf) normal normal regular normal>) = 10.05
DEBUG:matplotlib.font_manager:findfont: score(<Font 'Kalimati' (kalimati.ttf) normal normal 400 normal>) = 10.05
DEBUG:matplotlib.font_manager:findfont: score(<Font 'Samyak Malayalam' (Samyak-Malayalam.ttf) normal normal 400 normal>) = 10.05
DEBUG:matplotlib.font_manager:findfont: score(<Font 'KacstDecorative' (KacstDecorative.ttf) normal normal 400 normal>) = 10.05
DEBUG:matplotlib.font_manager:findfont: score(<Font 'Abyssinica SIL' (AbyssinicaSIL-R.ttf) normal normal 400 normal>) = 10.05
DEBUG:matplotlib.font_manager:findfont: score(<Font 'AnjaliOldLipi' (AnjaliOldLipi.ttf) normal normal 400 normal>) = 10.05
DEBUG:matplotlib.font_manager:findfont: score(<Font 'Manjari' (Manjari-Thin.otf) normal normal 400 normal>) = 10.05
DEBUG:matplotlib.font_manager:findfont: score(<Font 'KacstArt' (KacstArt.ttf) normal normal 400 normal>) = 10.05
DEBUG:matplotlib.font_manager:findfont: score(<Font 'Purisa' (Purisa-Oblique.ttf) oblique normal 400 normal>) = 11.05
DEBUG:matplotlib.font_manager:findfont: score(<Font 'Lohit Odia' (Lohit-Odia.ttf) normal normal 400 normal>) = 10.05
DEBUG:matplotlib.font_manager:findfont: score(<Font 'KacstDigital' (KacstDigital.ttf) normal normal 400 normal>) = 10.05
DEBUG:matplotlib.font_manager:findfont: score(<Font 'Samyak Devanagari' (Samyak-Devanagari.ttf) normal normal 400 normal>) = 10.05
DEBUG:matplotlib.font_manager:findfont: score(<Font 'Umpush' (Umpush-Oblique.ttf) oblique normal 400 normal>) = 11.05
DEBUG:matplotlib.font_manager:findfont: score(<Font 'Lohit Tamil' (Lohit-Tamil.ttf) normal normal 400 normal>) = 10.05
DEBUG:matplotlib.font_manager:findfont: score(<Font 'Ubuntu' (Ubuntu-L.ttf) normal normal light normal>) = 10.24
DEBUG:matplotlib.font_manager:findfont: score(<Font 'Liberation Mono' (LiberationMono-Regular.ttf) normal normal 400 normal>) = 10.05
DEBUG:matplotlib.font_manager:findfont: score(<Font 'mry_KacstQurn' (mry_KacstQurn.ttf) normal normal 400 normal>) = 10.05
DEBUG:matplotlib.font_manager:findfont: score(<Font 'Liberation Mono' (LiberationMono-BoldItalic.ttf) italic normal bold normal>) = 11.335
DEBUG:matplotlib.font_manager:findfont: score(<Font 'Laksaman' (Laksaman-Bold.ttf) normal normal bold normal>) = 10.335
DEBUG:matplotlib.font_manager:findfont: score(<Font 'DejaVu Sans' (DejaVuSansCondensed-BoldOblique.ttf) oblique normal bold condensed>) = 1.535
DEBUG:matplotlib.font_manager:findfont: score(<Font 'Umpush' (Umpush.ttf) normal normal 400 normal>) = 10.05
DEBUG:matplotlib.font_manager:findfont: score(<Font 'Khmer OS' (KhmerOS.ttf) normal normal 400 normal>) = 10.05
DEBUG:matplotlib.font_manager:findfont: score(<Font 'Garuda' (Garuda.ttf) normal normal 400 normal>) = 10.05
DEBUG:matplotlib.font_manager:findfont: score(<Font 'DejaVu Sans' (DejaVuSansCondensed-Oblique.ttf) oblique normal 400 condensed>) = 1.25
DEBUG:matplotlib.font_manager:findfont: score(<Font 'FreeSans' (FreeSansOblique.ttf) oblique normal 400 normal>) = 11.05
DEBUG:matplotlib.font_manager:findfont: score(<Font 'FreeSerif' (FreeSerif.ttf) normal normal 400 normal>) = 10.05
DEBUG:matplotlib.font_manager:findfont: score(<Font 'Noto Sans CJK JP' (NotoSansCJK-Bold.ttc) normal normal bold normal>) = 10.335
DEBUG:matplotlib.font_manager:findfont: score(<Font 'Rachana' (Rachana-Bold.ttf) normal normal bold normal>) = 10.335
DEBUG:matplotlib.font_manager:findfont: score(<Font 'DejaVu Serif' (DejaVuSerifCondensed.ttf) normal normal 400 condensed>) = 10.25
DEBUG:matplotlib.font_manager:findfont: score(<Font 'padmaa-Bold.1.1' (padmaa-Bold.1.1.ttf) normal normal bold normal>) = 10.335
DEBUG:matplotlib.font_manager:findfont: score(<Font 'Uroob' (Uroob.ttf) normal normal 700 normal>) = 10.335
DEBUG:matplotlib.font_manager:findfont: score(<Font 'Purisa' (Purisa-BoldOblique.ttf) oblique normal bold normal>) = 11.335
DEBUG:matplotlib.font_manager:findfont: score(<Font 'Vemana2000' (vemana2000.ttf) normal normal 400 normal>) = 10.05
DEBUG:matplotlib.font_manager:findfont: score(<Font 'KacstLetter' (KacstLetter.ttf) normal normal 400 normal>) = 10.05
DEBUG:matplotlib.font_manager:findfont: score(<Font 'KacstOffice' (KacstOffice.ttf) normal normal 400 normal>) = 10.05
DEBUG:matplotlib.font_manager:findfont: score(<Font 'DejaVu Math TeX Gyre' (DejaVuMathTeXGyre.ttf) normal normal regular normal>) = 10.05
DEBUG:matplotlib.font_manager:findfont: score(<Font 'Chandas' (chandas1-2.ttf) normal normal 400 normal>) = 10.05
DEBUG:matplotlib.font_manager:findfont: score(<Font 'Samyak Tamil' (Samyak-Tamil.ttf) normal normal 400 normal>) = 10.05
DEBUG:matplotlib.font_manager:findfont: score(<Font 'aakar' (aakar-medium.ttf) normal normal 400 normal>) = 10.05
DEBUG:matplotlib.font_manager:findfont: score(<Font 'KacstTitleL' (KacstTitleL.ttf) normal normal 400 normal>) = 10.05
DEBUG:matplotlib.font_manager:findfont: score(<Font 'Nakula' (nakula.ttf) normal normal 400 normal>) = 10.05
DEBUG:matplotlib.font_manager:findfont: score(<Font 'Kinnari' (Kinnari.ttf) normal normal 400 normal>) = 10.05
DEBUG:matplotlib.font_manager:findfont: score(<Font 'Tlwg Mono' (TlwgMono-Oblique.ttf) oblique normal 400 normal>) = 11.05
DEBUG:matplotlib.font_manager:findfont: score(<Font 'OpenSymbol' (opens___.ttf) normal normal 400 normal>) = 10.05
DEBUG:matplotlib.font_manager:findfont: score(<Font 'Noto Sans CJK JP' (NotoSansCJK-Regular.ttc) normal normal 400 normal>) = 10.05
DEBUG:matplotlib.font_manager:findfont: score(<Font 'Ubuntu Mono' (UbuntuMono-B.ttf) normal normal bold normal>) = 10.335
DEBUG:matplotlib.font_manager:findfont: score(<Font 'KacstFarsi' (KacstFarsi.ttf) normal normal 400 normal>) = 10.05
DEBUG:matplotlib.font_manager:findfont: score(<Font 'Loma' (Loma.ttf) normal normal 400 normal>) = 10.05
DEBUG:matplotlib.font_manager:findfont: score(<Font 'Gargi' (Gargi.ttf) normal normal 400 normal>) = 10.05
DEBUG:matplotlib.font_manager:findfont: score(<Font 'DejaVu Serif' (DejaVuSerifCondensed-Italic.ttf) italic normal 400 condensed>) = 11.25
DEBUG:matplotlib.font_manager:findfont: score(<Font 'FreeMono' (FreeMonoBoldOblique.ttf) oblique normal bold normal>) = 11.335
DEBUG:matplotlib.font_manager:findfont: score(<Font 'DejaVu Serif' (DejaVuSerifCondensed-BoldItalic.ttf) italic normal bold condensed>) = 11.535
DEBUG:matplotlib.font_manager:findfont: score(<Font 'Sawasdee' (Sawasdee-BoldOblique.ttf) oblique normal bold normal>) = 11.335
DEBUG:matplotlib.font_manager:findfont: score(<Font 'Waree' (Waree-BoldOblique.ttf) oblique normal bold normal>) = 11.335
DEBUG:matplotlib.font_manager:findfont: score(<Font 'Tlwg Mono' (TlwgMono-Bold.ttf) normal normal bold normal>) = 10.335
DEBUG:matplotlib.font_manager:findfont: score(<Font 'Liberation Sans Narrow' (LiberationSansNarrow-Bold.ttf) normal normal bold condensed>) = 10.535
DEBUG:matplotlib.font_manager:findfont: score(<Font 'Sawasdee' (Sawasdee.ttf) normal normal 400 normal>) = 10.05
DEBUG:matplotlib.font_manager:findfont: score(<Font 'Liberation Mono' (LiberationMono-Italic.ttf) italic normal 400 normal>) = 11.05
DEBUG:matplotlib.font_manager:findfont: score(<Font 'DejaVu Sans' (DejaVuSans-ExtraLight.ttf) normal normal light normal>) = 0.24
DEBUG:matplotlib.font_manager:findfont: score(<Font 'FreeMono' (FreeMonoBold.ttf) normal normal bold normal>) = 10.335
DEBUG:matplotlib.font_manager:findfont: score(<Font 'Padauk' (Padauk-Bold.ttf) normal normal bold normal>) = 10.335
DEBUG:matplotlib.font_manager:findfont: score(<Font 'Phetsarath OT' (Phetsarath_OT.ttf) normal normal 400 normal>) = 10.05
DEBUG:matplotlib.font_manager:findfont: score(<Font 'Ubuntu' (Ubuntu-B.ttf) normal normal bold normal>) = 10.335
DEBUG:matplotlib.font_manager:findfont: score(<Font 'Garuda' (Garuda-Bold.ttf) normal normal bold normal>) = 10.335
DEBUG:matplotlib.font_manager:findfont: score(<Font 'Umpush' (Umpush-LightOblique.ttf) oblique normal light normal>) = 11.24
DEBUG:matplotlib.font_manager:findfont: score(<Font 'Padauk Book' (PadaukBook-Regular.ttf) normal normal book normal>) = 10.05
DEBUG:matplotlib.font_manager:findfont: score(<Font 'Saab' (Saab.ttf) normal normal 400 normal>) = 10.05
DEBUG:matplotlib.font_manager:findfont: score(<Font 'Mukti Narrow' (MuktiNarrowBold.ttf) normal normal 700 normal>) = 10.335
DEBUG:matplotlib.font_manager:findfont: score(<Font 'Tlwg Typist' (TlwgTypist-BoldOblique.ttf) oblique normal bold normal>) = 11.335
DEBUG:matplotlib.font_manager:findfont: score(<Font 'Liberation Sans Narrow' (LiberationSansNarrow-Italic.ttf) italic normal 400 condensed>) = 11.25
DEBUG:matplotlib.font_manager:findfont: score(<Font 'Waree' (Waree-Oblique.ttf) oblique normal 400 normal>) = 11.05
DEBUG:matplotlib.font_manager:findfont: score(<Font 'Navilu' (Navilu.ttf) normal normal 400 normal>) = 10.05
DEBUG:matplotlib.font_manager:findfont: score(<Font 'Garuda' (Garuda-Oblique.ttf) oblique normal 400 normal>) = 11.05
DEBUG:matplotlib.font_manager:findfont: score(<Font 'Ubuntu' (Ubuntu-R.ttf) normal normal 400 normal>) = 10.05
DEBUG:matplotlib.font_manager:findfont: score(<Font 'Sawasdee' (Sawasdee-Bold.ttf) normal normal bold normal>) = 10.335
DEBUG:matplotlib.font_manager:findfont: score(<Font 'KacstPoster' (KacstPoster.ttf) normal normal 400 normal>) = 10.05
DEBUG:matplotlib.font_manager:findfont: score(<Font 'KacstTitle' (KacstTitle.ttf) normal normal 400 normal>) = 10.05
DEBUG:matplotlib.font_manager:findfont: score(<Font 'FreeSans' (FreeSans.ttf) normal normal 400 normal>) = 10.05
DEBUG:matplotlib.font_manager:findfont: score(<Font 'ori1Uni' (utkal.ttf) normal normal medium normal>) = 10.145
DEBUG:matplotlib.font_manager:findfont: score(<Font 'Ubuntu Mono' (UbuntuMono-BI.ttf) italic normal bold normal>) = 11.335
DEBUG:matplotlib.font_manager:findfont: score(<Font 'Samanata' (samanata.ttf) normal normal 400 normal>) = 10.05
DEBUG:matplotlib.font_manager:findfont: score(<Font 'Chilanka' (Chilanka-Regular.ttf) normal normal regular normal>) = 10.05
DEBUG:matplotlib.font_manager:findfont: score(<Font 'Norasi' (Norasi-BoldItalic.ttf) italic normal bold normal>) = 11.335
DEBUG:matplotlib.font_manager:findfont: score(<Font 'Mukti Narrow' (MuktiNarrow.ttf) normal normal 400 normal>) = 10.05
DEBUG:matplotlib.font_manager:findfont: score(<Font 'Ani' (ani.ttf) normal normal 400 normal>) = 10.05
DEBUG:matplotlib.font_manager:findfont: score(<Font 'Noto Serif CJK JP' (NotoSerifCJK-Bold.ttc) normal normal bold normal>) = 10.335
DEBUG:matplotlib.font_manager:findfont: score(<Font 'Manjari' (Manjari-Regular.otf) normal normal regular normal>) = 10.05
DEBUG:matplotlib.font_manager:findfont: score(<Font 'Lohit Assamese' (Lohit-Assamese.ttf) normal normal 400 normal>) = 10.05
DEBUG:matplotlib.font_manager:findfont: score(<Font 'Kinnari' (Kinnari-BoldItalic.ttf) italic normal bold normal>) = 11.335
DEBUG:matplotlib.font_manager:findfont: score(<Font 'Gubbi' (Gubbi.ttf) normal normal 400 normal>) = 10.05
DEBUG:matplotlib.font_manager:findfont: score(<Font 'Ubuntu' (Ubuntu-M.ttf) normal normal medium normal>) = 10.145
DEBUG:matplotlib.font_manager:findfont: score(<Font 'Liberation Serif' (LiberationSerif-BoldItalic.ttf) italic normal bold normal>) = 11.335
DEBUG:matplotlib.font_manager:findfont: score(<Font 'Kinnari' (Kinnari-BoldOblique.ttf) oblique normal bold normal>) = 11.335
DEBUG:matplotlib.font_manager:findfont: score(<Font 'FreeSans' (FreeSansBold.ttf) normal normal bold normal>) = 10.335
DEBUG:matplotlib.font_manager:findfont: score(<Font 'Liberation Sans' (LiberationSans-Italic.ttf) italic normal 400 normal>) = 11.05
DEBUG:matplotlib.font_manager:findfont: score(<Font 'padmaa' (padmaa.ttf) normal normal 400 normal>) = 10.05
DEBUG:matplotlib.font_manager:findfont: score(<Font 'Rekha' (Rekha.ttf) normal normal 400 normal>) = 10.05
DEBUG:matplotlib.font_manager:findfont: score(<Font 'Lohit Gujarati' (Lohit-Gujarati.ttf) normal normal 400 normal>) = 10.05
DEBUG:matplotlib.font_manager:findfont: score(<Font 'Umpush' (Umpush-Bold.ttf) normal normal bold normal>) = 10.335
DEBUG:matplotlib.font_manager:findfont: score(<Font 'DejaVu Serif' (DejaVuSerifCondensed-Bold.ttf) normal normal bold condensed>) = 10.535
DEBUG:matplotlib.font_manager:findfont: score(<Font 'Norasi' (Norasi-Bold.ttf) normal normal bold normal>) = 10.335
DEBUG:matplotlib.font_manager:findfont: score(<Font 'Norasi' (Norasi-Italic.ttf) italic normal 400 normal>) = 11.05
DEBUG:matplotlib.font_manager:findfont: score(<Font 'FreeSerif' (FreeSerifBold.ttf) normal normal bold normal>) = 10.335
DEBUG:matplotlib.font_manager:findfont: score(<Font 'Tlwg Typist' (TlwgTypist-Oblique.ttf) oblique normal 400 normal>) = 11.05
DEBUG:matplotlib.font_manager:findfont: score(<Font 'Tlwg Mono' (TlwgMono-BoldOblique.ttf) oblique normal bold normal>) = 11.335
DEBUG:matplotlib.font_manager:findfont: score(<Font 'Pothana2000' (Pothana2000.ttf) normal normal 400 normal>) = 10.05
DEBUG:matplotlib.font_manager:findfont: score(<Font 'Rachana' (Rachana-Regular.ttf) normal normal regular normal>) = 10.05
DEBUG:matplotlib.font_manager:findfont: score(<Font 'Ubuntu' (Ubuntu-MI.ttf) italic normal medium normal>) = 11.145
DEBUG:matplotlib.font_manager:findfont: score(<Font 'Sarai' (Sarai.ttf) normal normal 400 normal>) = 10.05
DEBUG:matplotlib.font_manager:findfont: score(<Font 'KacstQurn' (KacstQurn.ttf) normal normal 400 normal>) = 10.05
DEBUG:matplotlib.font_manager:findfont: score(<Font 'Tlwg Mono' (TlwgMono.ttf) normal normal 400 normal>) = 10.05
DEBUG:matplotlib.font_manager:findfont: score(<Font 'Lohit Gurmukhi' (Lohit-Gurmukhi.ttf) normal normal 400 normal>) = 10.05
DEBUG:matplotlib.font_manager:findfont: score(<Font 'Tlwg Typewriter' (TlwgTypewriter-BoldOblique.ttf) oblique normal bold normal>) = 11.335
DEBUG:matplotlib.font_manager:findfont: score(<Font 'Umpush' (Umpush-BoldOblique.ttf) oblique normal bold normal>) = 11.335
DEBUG:matplotlib.font_manager:findfont: score(<Font 'KacstBook' (KacstBook.ttf) normal normal book normal>) = 10.05
DEBUG:matplotlib.font_manager:findfont: score(<Font 'Pagul' (Pagul.ttf) normal normal 400 normal>) = 10.05
DEBUG:matplotlib.font_manager:findfont: score(<Font 'FreeSerif' (FreeSerifBoldItalic.ttf) italic normal bold normal>) = 11.335
DEBUG:matplotlib.font_manager:findfont: score(<Font 'Lohit Kannada' (Lohit-Kannada.ttf) normal normal 400 normal>) = 10.05
DEBUG:matplotlib.font_manager:findfont: Matching :family=sans-serif:style=normal:variant=normal:weight=normal:stretch=normal:size=12.0 to DejaVu Sans ('/home/ram/.local/lib/python3.6/site-packages/matplotlib/mpl-data/fonts/ttf/DejaVuSans.ttf') with score of 0.050000.
DEBUG:roipoly.roipoly:Received single left mouse button click
DEBUG:roipoly.roipoly:draw line x: [22.551948051948017, 23.331168831168796] y: [46.56493506493507, 45.78571428571428]
DEBUG:roipoly.roipoly:draw line x: [22.551948051948017, 23.331168831168796] y: [46.56493506493507, 45.00649350649354]
DEBUG:roipoly.roipoly:draw line x: [22.551948051948017, 38.13636363636361] y: [46.56493506493507, 44.22727272727275]
DEBUG:roipoly.roipoly:draw line x: [22.551948051948017, 43.590909090909065] y: [46.56493506493507, 44.22727272727275]
DEBUG:roipoly.roipoly:draw line x: [22.551948051948017, 59.175324675324646] y: [46.56493506493507, 41.11038961038963]
DEBUG:roipoly.roipoly:draw line x: [22.551948051948017, 95.79870129870127] y: [46.56493506493507, 40.33116883116884]
DEBUG:roipoly.roipoly:draw line x: [22.551948051948017, 127.74675324675323] y: [46.56493506493507, 40.33116883116884]
DEBUG:roipoly.roipoly:draw line x: [22.551948051948017, 159.69480519480518] y: [46.56493506493507, 41.889610389610425]
DEBUG:roipoly.roipoly:draw line x: [22.551948051948017, 177.61688311688312] y: [46.56493506493507, 41.889610389610425]
DEBUG:roipoly.roipoly:draw line x: [22.551948051948017, 179.17532467532465] y: [46.56493506493507, 41.889610389610425]
DEBUG:roipoly.roipoly:draw line x: [22.551948051948017, 179.95454545454544] y: [46.56493506493507, 41.11038961038963]
DEBUG:roipoly.roipoly:draw line x: [22.551948051948017, 184.62987012987014] y: [46.56493506493507, 41.11038961038963]
DEBUG:roipoly.roipoly:draw line x: [22.551948051948017, 193.2012987012987] y: [46.56493506493507, 41.11038961038963]
DEBUG:roipoly.roipoly:draw line x: [22.551948051948017, 200.99350649350652] y: [46.56493506493507, 40.33116883116884]
DEBUG:roipoly.roipoly:draw line x: [22.551948051948017, 211.1233766233766] y: [46.56493506493507, 37.993506493506516]
DEBUG:roipoly.roipoly:draw line x: [22.551948051948017, 225.92857142857144] y: [46.56493506493507, 34.097402597402606]
DEBUG:roipoly.roipoly:draw line x: [22.551948051948017, 243.85064935064935] y: [46.56493506493507, 32.53896103896108]
DEBUG:roipoly.roipoly:draw line x: [22.551948051948017, 249.3051948051948] y: [46.56493506493507, 29.422077922077904]
DEBUG:roipoly.roipoly:draw line x: [22.551948051948017, 258.6558441558442] y: [46.56493506493507, 23.967532467532465]
DEBUG:roipoly.roipoly:draw line x: [22.551948051948017, 265.66883116883116] y: [46.56493506493507, 20.85064935064935]
DEBUG:roipoly.roipoly:draw line x: [22.551948051948017, 277.3571428571429] y: [46.56493506493507, 18.512987012987026]
DEBUG:roipoly.roipoly:draw line x: [22.551948051948017, 294.5] y: [46.56493506493507, 20.85064935064935]
DEBUG:roipoly.roipoly:draw line x: [22.551948051948017, 303.85064935064935] y: [46.56493506493507, 22.409090909090935]
DEBUG:roipoly.roipoly:draw line x: [22.551948051948017, 304.62987012987014] y: [46.56493506493507, 22.409090909090935]
DEBUG:roipoly.roipoly:draw line x: [22.551948051948017, 305.40909090909093] y: [46.56493506493507, 23.18831168831167]
DEBUG:roipoly.roipoly:draw line x: [22.551948051948017, 305.40909090909093] y: [46.56493506493507, 23.18831168831167]
DEBUG:roipoly.roipoly:draw line x: [22.551948051948017, 306.1883116883117] y: [46.56493506493507, 23.967532467532465]
DEBUG:roipoly.roipoly:Received single left mouse button click
DEBUG:roipoly.roipoly:draw line x: [22.551948051948017, 306.1883116883117] y: [46.56493506493507, 23.967532467532465]
DEBUG:roipoly.roipoly:draw line x: [306.1883116883117, 306.1883116883117] y: [23.967532467532465, 23.967532467532465]
DEBUG:roipoly.roipoly:draw line x: [306.1883116883117, 306.1883116883117] y: [23.967532467532465, 24.746753246753258]
DEBUG:roipoly.roipoly:draw line x: [306.1883116883117, 306.1883116883117] y: [23.967532467532465, 24.746753246753258]
DEBUG:roipoly.roipoly:draw line x: [306.1883116883117, 301.512987012987] y: [23.967532467532465, 34.097402597402606]
DEBUG:roipoly.roipoly:draw line x: [306.1883116883117, 297.6168831168831] y: [23.967532467532465, 61.37012987012986]
DEBUG:roipoly.roipoly:draw line x: [306.1883116883117, 303.0714285714286] y: [23.967532467532465, 93.31818181818184]
DEBUG:roipoly.roipoly:draw line x: [306.1883116883117, 305.40909090909093] y: [23.967532467532465, 112.7987012987013]
DEBUG:roipoly.roipoly:draw line x: [306.1883116883117, 305.40909090909093] y: [23.967532467532465, 127.60389610389612]
DEBUG:roipoly.roipoly:draw line x: [306.1883116883117, 305.40909090909093] y: [23.967532467532465, 132.2792207792208]
DEBUG:roipoly.roipoly:draw line x: [306.1883116883117, 304.62987012987014] y: [23.967532467532465, 138.51298701298703]
DEBUG:roipoly.roipoly:draw line x: [306.1883116883117, 303.0714285714286] y: [23.967532467532465, 150.20129870129873]
DEBUG:roipoly.roipoly:draw line x: [306.1883116883117, 302.2922077922078] y: [23.967532467532465, 161.11038961038963]
DEBUG:roipoly.roipoly:draw line x: [306.1883116883117, 303.85064935064935] y: [23.967532467532465, 172.01948051948054]
DEBUG:roipoly.roipoly:draw line x: [306.1883116883117, 303.85064935064935] y: [23.967532467532465, 181.3701298701299]
DEBUG:roipoly.roipoly:draw line x: [306.1883116883117, 305.40909090909093] y: [23.967532467532465, 189.16233766233768]
DEBUG:roipoly.roipoly:draw line x: [306.1883116883117, 306.96753246753246] y: [23.967532467532465, 196.95454545454547]
DEBUG:roipoly.roipoly:draw line x: [306.1883116883117, 309.30519480519484] y: [23.967532467532465, 204.74675324675326]
DEBUG:roipoly.roipoly:draw line x: [306.1883116883117, 310.8636363636364] y: [23.967532467532465, 209.42207792207796]
DEBUG:roipoly.roipoly:draw line x: [306.1883116883117, 312.42207792207796] y: [23.967532467532465, 214.8766233766234]
DEBUG:roipoly.roipoly:draw line x: [306.1883116883117, 315.5389610389611] y: [23.967532467532465, 223.44805194805195]
DEBUG:roipoly.roipoly:draw line x: [306.1883116883117, 317.0974025974026] y: [23.967532467532465, 225.7857142857143]
DEBUG:roipoly.roipoly:Received single left mouse button click
DEBUG:roipoly.roipoly:draw line x: [306.1883116883117, 317.0974025974026] y: [23.967532467532465, 225.7857142857143]
DEBUG:roipoly.roipoly:draw line x: [317.0974025974026, 315.5389610389611] y: [225.7857142857143, 225.7857142857143]
DEBUG:roipoly.roipoly:draw line x: [317.0974025974026, 275.7987012987013] y: [225.7857142857143, 225.7857142857143]
DEBUG:roipoly.roipoly:draw line x: [317.0974025974026, 222.03246753246754] y: [225.7857142857143, 229.6818181818182]
DEBUG:roipoly.roipoly:draw line x: [317.0974025974026, 179.17532467532465] y: [225.7857142857143, 232.7987012987013]
DEBUG:roipoly.roipoly:draw line x: [317.0974025974026, 172.16233766233765] y: [225.7857142857143, 232.7987012987013]
DEBUG:roipoly.roipoly:draw line x: [317.0974025974026, 169.82467532467533] y: [225.7857142857143, 234.3571428571429]
DEBUG:roipoly.roipoly:draw line x: [317.0974025974026, 169.04545454545453] y: [225.7857142857143, 234.3571428571429]
DEBUG:roipoly.roipoly:draw line x: [317.0974025974026, 163.5909090909091] y: [225.7857142857143, 235.13636363636365]
DEBUG:roipoly.roipoly:draw line x: [317.0974025974026, 161.25324675324674] y: [225.7857142857143, 235.91558441558442]
DEBUG:roipoly.roipoly:draw line x: [317.0974025974026, 158.91558441558442] y: [225.7857142857143, 236.6948051948052]
DEBUG:roipoly.roipoly:draw line x: [317.0974025974026, 143.3311688311688] y: [225.7857142857143, 242.92857142857144]
DEBUG:roipoly.roipoly:draw line x: [317.0974025974026, 123.07142857142856] y: [225.7857142857143, 252.2792207792208]
DEBUG:roipoly.roipoly:draw line x: [317.0974025974026, 112.94155844155841] y: [225.7857142857143, 256.9545454545455]
DEBUG:roipoly.roipoly:draw line x: [317.0974025974026, 106.70779220779218] y: [225.7857142857143, 261.62987012987014]
DEBUG:roipoly.roipoly:draw line x: [317.0974025974026, 105.14935064935062] y: [225.7857142857143, 263.1883116883117]
DEBUG:roipoly.roipoly:draw line x: [317.0974025974026, 104.37012987012986] y: [225.7857142857143, 263.1883116883117]
DEBUG:roipoly.roipoly:draw line x: [317.0974025974026, 102.0324675324675] y: [225.7857142857143, 263.1883116883117]
DEBUG:roipoly.roipoly:draw line x: [317.0974025974026, 98.13636363636363] y: [225.7857142857143, 263.1883116883117]
DEBUG:roipoly.roipoly:draw line x: [317.0974025974026, 97.35714285714283] y: [225.7857142857143, 263.1883116883117]
DEBUG:roipoly.roipoly:draw line x: [317.0974025974026, 96.57792207792207] y: [225.7857142857143, 263.96753246753246]
DEBUG:roipoly.roipoly:draw line x: [317.0974025974026, 95.79870129870127] y: [225.7857142857143, 264.74675324675326]
DEBUG:roipoly.roipoly:Received single left mouse button click
DEBUG:roipoly.roipoly:draw line x: [317.0974025974026, 95.79870129870127] y: [225.7857142857143, 264.74675324675326]
DEBUG:roipoly.roipoly:draw line x: [95.79870129870127, 95.01948051948051] y: [264.74675324675326, 264.74675324675326]
DEBUG:roipoly.roipoly:draw line x: [95.79870129870127, 89.56493506493504] y: [264.74675324675326, 259.2922077922078]
DEBUG:roipoly.roipoly:draw line x: [95.79870129870127, 82.55194805194802] y: [264.74675324675326, 238.25324675324677]
DEBUG:roipoly.roipoly:draw line x: [95.79870129870127, 76.31818181818178] y: [264.74675324675326, 219.55194805194807]
DEBUG:roipoly.roipoly:draw line x: [95.79870129870127, 70.08441558441555] y: [264.74675324675326, 199.29220779220782]
DEBUG:roipoly.roipoly:draw line x: [95.79870129870127, 61.512987012987] y: [264.74675324675326, 168.90259740259742]
DEBUG:roipoly.roipoly:draw line x: [95.79870129870127, 52.16233766233765] y: [264.74675324675326, 139.29220779220782]
DEBUG:roipoly.roipoly:draw line x: [95.79870129870127, 49.045454545454504] y: [264.74675324675326, 125.26623376623377]
DEBUG:roipoly.roipoly:draw line x: [95.79870129870127, 45.14935064935062] y: [264.74675324675326, 109.68181818181819]
DEBUG:roipoly.roipoly:draw line x: [95.79870129870127, 42.811688311688286] y: [264.74675324675326, 101.8896103896104]
DEBUG:roipoly.roipoly:draw line x: [95.79870129870127, 40.47402597402595] y: [264.74675324675326, 90.20129870129873]
DEBUG:roipoly.roipoly:draw line x: [95.79870129870127, 37.35714285714283] y: [264.74675324675326, 83.1883116883117]
DEBUG:roipoly.roipoly:draw line x: [95.79870129870127, 29.564935064935028] y: [264.74675324675326, 69.94155844155847]
DEBUG:roipoly.roipoly:draw line x: [95.79870129870127, 22.551948051948017] y: [264.74675324675326, 59.81168831168833]
DEBUG:roipoly.roipoly:draw line x: [95.79870129870127, 14.759740259740227] y: [264.74675324675326, 51.24025974025977]
DEBUG:roipoly.roipoly:draw line x: [95.79870129870127, 9.305194805194773] y: [264.74675324675326, 48.12337662337666]
DEBUG:roipoly.roipoly:draw line x: [95.79870129870127, 8.525974025973994] y: [264.74675324675326, 48.902597402597394]
DEBUG:roipoly.roipoly:draw line x: [95.79870129870127, 8.525974025973994] y: [264.74675324675326, 49.68181818181819]
DEBUG:roipoly.roipoly:draw line x: [95.79870129870127, 9.305194805194773] y: [264.74675324675326, 49.68181818181819]
DEBUG:roipoly.roipoly:draw line x: [95.79870129870127, 14.759740259740227] y: [264.74675324675326, 49.68181818181819]
DEBUG:roipoly.roipoly:draw line x: [95.79870129870127, 17.876623376623343] y: [264.74675324675326, 49.68181818181819]
DEBUG:roipoly.roipoly:draw line x: [95.79870129870127, 20.99350649350646] y: [264.74675324675326, 49.68181818181819]
DEBUG:roipoly.roipoly:draw line x: [95.79870129870127, 24.889610389610354] y: [264.74675324675326, 49.68181818181819]
DEBUG:roipoly.roipoly:draw line x: [95.79870129870127, 25.668831168831133] y: [264.74675324675326, 50.46103896103898]
DEBUG:roipoly.roipoly:Received single right mouse button click or double left click
DEBUG:roipoly.roipoly:Stop ROI drawing
INFO:root:11_45_23_13_01_2021: Change detected
INFO:root:11_45_23_13_01_2021: Change detected
INFO:root:11_45_23_13_01_2021: Change detected
INFO:root:11_45_23_13_01_2021: Change detected
INFO:root:11_45_23_13_01_2021: Change detected
INFO:root:11_45_23_13_01_2021: Change detected
INFO:root:11_45_23_13_01_2021: Change detected
INFO:root:11_45_23_13_01_2021: Change detected
INFO:root:11_45_23_13_01_2021: Change detected
INFO:root:11_45_23_13_01_2021: Change detected
INFO:root:11_45_24_13_01_2021: Change detected
INFO:root:11_45_24_13_01_2021: Change detected
INFO:root:11_45_24_13_01_2021: Change detected
INFO:root:11_45_24_13_01_2021: Change detected
INFO:root:11_45_24_13_01_2021: Change detected
INFO:root:11_45_24_13_01_2021: Change detected
INFO:root:11_45_24_13_01_2021: Change detected
INFO:root:11_45_24_13_01_2021: Change detected
INFO:root:11_45_24_13_01_2021: Change detected
INFO:root:11_45_24_13_01_2021: Change detected
INFO:root:11_45_24_13_01_2021: Change detected
INFO:root:11_45_25_13_01_2021: Change detected
INFO:root:11_45_25_13_01_2021: Change detected
INFO:root:11_45_25_13_01_2021: Change detected
INFO:root:11_45_25_13_01_2021: Change detected
INFO:root:11_45_25_13_01_2021: Change detected
INFO:root:11_45_25_13_01_2021: Change detected
INFO:root:11_45_25_13_01_2021: Change detected
INFO:root:11_45_25_13_01_2021: Change detected
INFO:root:11_45_25_13_01_2021: Change detected
INFO:root:11_45_25_13_01_2021: Change detected
INFO:root:11_45_25_13_01_2021: Change detected
INFO:root:11_45_25_13_01_2021: Change detected
INFO:root:11_45_26_13_01_2021: Change detected
INFO:root:11_45_26_13_01_2021: Change detected
INFO:root:11_45_26_13_01_2021: Change detected
INFO:root:11_45_26_13_01_2021: Change detected
INFO:root:11_45_26_13_01_2021: Change detected
INFO:root:11_45_26_13_01_2021: Change detected
INFO:root:11_45_26_13_01_2021: Change detected
INFO:root:11_45_26_13_01_2021: Change detected
INFO:root:11_45_26_13_01_2021: Change detected
INFO:root:11_45_26_13_01_2021: Change detected
INFO:root:11_45_26_13_01_2021: Change detected
INFO:root:11_45_27_13_01_2021: Change detected
INFO:root:11_45_27_13_01_2021: Change detected
INFO:root:11_45_27_13_01_2021: Change detected
INFO:root:11_45_27_13_01_2021: Change detected
INFO:root:11_45_27_13_01_2021: Change detected
INFO:root:11_45_27_13_01_2021: Change detected
INFO:root:11_45_27_13_01_2021: Change detected
INFO:root:11_45_27_13_01_2021: Change detected
INFO:root:11_45_27_13_01_2021: Change detected
INFO:root:11_45_27_13_01_2021: Change detected
INFO:root:11_45_27_13_01_2021: Change detected
INFO:root:11_45_28_13_01_2021: Change detected
INFO:root:11_45_28_13_01_2021: Change detected
INFO:root:11_45_28_13_01_2021: Change detected
INFO:root:11_45_28_13_01_2021: Change detected
INFO:root:11_45_28_13_01_2021: Change detected
INFO:root:11_45_28_13_01_2021: Change detected
INFO:root:11_45_28_13_01_2021: Change detected
INFO:root:11_45_28_13_01_2021: Change detected
INFO:root:11_45_28_13_01_2021: Change detected
INFO:root:11_45_28_13_01_2021: Change detected
INFO:root:11_45_28_13_01_2021: Change detected
INFO:root:11_45_28_13_01_2021: Change detected
INFO:root:11_45_29_13_01_2021: Change detected
INFO:root:11_45_29_13_01_2021: Change detected
INFO:root:11_45_29_13_01_2021: Change detected
INFO:root:11_45_29_13_01_2021: Change detected
INFO:root:11_45_29_13_01_2021: Change detected
INFO:root:11_45_29_13_01_2021: Change detected
INFO:root:11_45_29_13_01_2021: Change detected
INFO:root:11_45_29_13_01_2021: Change detected
INFO:root:11_45_29_13_01_2021: Change detected
INFO:root:11_45_29_13_01_2021: Change detected
INFO:root:11_45_29_13_01_2021: Change detected
INFO:root:11_45_30_13_01_2021: Change detected
INFO:root:11_45_30_13_01_2021: Change detected
INFO:root:11_45_30_13_01_2021: Change detected
INFO:root:11_45_30_13_01_2021: Change detected
INFO:root:11_45_30_13_01_2021: Change detected
INFO:root:11_45_30_13_01_2021: Change detected
INFO:root:11_45_30_13_01_2021: Change detected
INFO:root:11_45_30_13_01_2021: Change detected
INFO:root:11_45_30_13_01_2021: Change detected
INFO:root:11_45_30_13_01_2021: Change detected
INFO:root:11_45_30_13_01_2021: Change detected
INFO:root:11_45_30_13_01_2021: Change detected
INFO:root:11_45_31_13_01_2021: Change detected
INFO:root:11_45_31_13_01_2021: Change detected
INFO:root:11_45_31_13_01_2021: Change detected
INFO:root:11_45_31_13_01_2021: Change detected
INFO:root:11_45_31_13_01_2021: Change detected
INFO:root:11_45_31_13_01_2021: Change detected
INFO:root:11_45_31_13_01_2021: Change detected
INFO:root:11_45_31_13_01_2021: Change detected
INFO:root:11_45_31_13_01_2021: Change detected
INFO:root:11_45_31_13_01_2021: Change detected
INFO:root:11_45_31_13_01_2021: Change detected
INFO:root:11_45_32_13_01_2021: Change detected
INFO:root:11_45_32_13_01_2021: Change detected
INFO:root:11_45_32_13_01_2021: Change detected
INFO:root:11_45_32_13_01_2021: Change detected
INFO:root:11_45_32_13_01_2021: Change detected
INFO:root:11_45_32_13_01_2021: Change detected
INFO:root:11_45_32_13_01_2021: Change detected
INFO:root:11_45_32_13_01_2021: Change detected
INFO:root:11_45_32_13_01_2021: Change detected
INFO:root:11_45_32_13_01_2021: Change detected
INFO:root:11_45_32_13_01_2021: Change detected
INFO:root:11_45_33_13_01_2021: Change detected
INFO:root:11_45_33_13_01_2021: Change detected
INFO:root:11_45_33_13_01_2021: Change detected
INFO:root:11_45_33_13_01_2021: Change detected
INFO:root:11_45_33_13_01_2021: Change detected
INFO:root:11_45_33_13_01_2021: Change detected
INFO:root:11_45_33_13_01_2021: Change detected
INFO:root:11_45_33_13_01_2021: Change detected
INFO:root:11_45_33_13_01_2021: Change detected
INFO:root:11_45_33_13_01_2021: Change detected
INFO:root:11_45_33_13_01_2021: Change detected
INFO:root:11_45_33_13_01_2021: Change detected
INFO:root:11_45_34_13_01_2021: Change detected
INFO:root:11_45_34_13_01_2021: Change detected
INFO:root:11_45_34_13_01_2021: Change detected
INFO:root:11_45_34_13_01_2021: Change detected
INFO:root:11_45_34_13_01_2021: Change detected
INFO:root:11_45_34_13_01_2021: Change detected
INFO:root:11_45_34_13_01_2021: Change detected
INFO:root:11_45_34_13_01_2021: Change detected
INFO:root:11_45_34_13_01_2021: Change detected
INFO:root:11_45_34_13_01_2021: Change detected
INFO:root:11_45_34_13_01_2021: Change detected
INFO:root:11_45_35_13_01_2021: Change detected
INFO:root:11_45_35_13_01_2021: Change detected
INFO:root:11_45_35_13_01_2021: Change detected
INFO:root:11_45_35_13_01_2021: Change detected
INFO:root:11_45_35_13_01_2021: Change detected
INFO:root:11_45_35_13_01_2021: Change detected
INFO:root:11_45_35_13_01_2021: Change detected
INFO:root:11_45_35_13_01_2021: Change detected
INFO:root:11_45_35_13_01_2021: Change detected
INFO:root:11_45_35_13_01_2021: Change detected
INFO:root:11_45_35_13_01_2021: Change detected
INFO:root:11_45_35_13_01_2021: Change detected
INFO:root:11_45_36_13_01_2021: Change detected
INFO:root:11_45_36_13_01_2021: Change detected
INFO:root:11_45_36_13_01_2021: Change detected
INFO:root:11_45_36_13_01_2021: Change detected
INFO:root:11_45_36_13_01_2021: Change detected
INFO:root:11_45_36_13_01_2021: Change detected
INFO:root:11_45_36_13_01_2021: Change detected
INFO:root:11_45_36_13_01_2021: Change detected
INFO:root:11_45_36_13_01_2021: Change detected
INFO:root:11_45_36_13_01_2021: Change detected
INFO:root:11_45_36_13_01_2021: Change detected
INFO:root:11_45_37_13_01_2021: Change detected
INFO:root:11_45_37_13_01_2021: Change detected
INFO:root:11_45_37_13_01_2021: Change detected
INFO:root:11_45_37_13_01_2021: Change detected
INFO:root:11_45_37_13_01_2021: Change detected
INFO:root:11_45_37_13_01_2021: Change detected
INFO:root:11_45_37_13_01_2021: Change detected
INFO:root:11_45_37_13_01_2021: Change detected
INFO:root:11_45_37_13_01_2021: Change detected
INFO:root:11_45_37_13_01_2021: Change detected
INFO:root:11_45_37_13_01_2021: Change detected
INFO:root:11_45_37_13_01_2021: Change detected
INFO:root:11_45_38_13_01_2021: Change detected
INFO:root:11_45_38_13_01_2021: Change detected
INFO:root:11_45_38_13_01_2021: Change detected
INFO:root:11_45_38_13_01_2021: Change detected
INFO:root:11_45_38_13_01_2021: Change detected
INFO:root:11_45_38_13_01_2021: Change detected
INFO:root:11_45_38_13_01_2021: Change detected
INFO:root:11_45_38_13_01_2021: Change detected
INFO:root:11_45_38_13_01_2021: Change detected
INFO:root:11_45_38_13_01_2021: Change detected
INFO:root:11_45_38_13_01_2021: Change detected
INFO:root:11_45_39_13_01_2021: Change detected
INFO:root:11_45_39_13_01_2021: Change detected
INFO:root:11_45_39_13_01_2021: Change detected
INFO:root:11_45_39_13_01_2021: Change detected
INFO:root:11_45_39_13_01_2021: Change detected
INFO:root:11_45_39_13_01_2021: Change detected
INFO:root:11_45_39_13_01_2021: Change detected
INFO:root:11_45_39_13_01_2021: Change detected
INFO:root:11_45_39_13_01_2021: Change detected
INFO:root:11_45_39_13_01_2021: Change detected
INFO:root:11_45_39_13_01_2021: Change detected
INFO:root:11_45_40_13_01_2021: Change detected
INFO:root:11_45_40_13_01_2021: Change detected
INFO:root:11_45_40_13_01_2021: Change detected
INFO:root:11_45_40_13_01_2021: Change detected
INFO:root:11_45_40_13_01_2021: Change detected
INFO:root:11_45_40_13_01_2021: Change detected
INFO:root:11_45_40_13_01_2021: Change detected
INFO:root:11_45_40_13_01_2021: Change detected
INFO:root:11_45_40_13_01_2021: Change detected
INFO:root:11_45_40_13_01_2021: Change detected
INFO:root:11_45_40_13_01_2021: Change detected
INFO:root:11_45_41_13_01_2021: Change detected
INFO:root:11_45_41_13_01_2021: Change detected
INFO:root:11_45_41_13_01_2021: Change detected
INFO:root:11_45_41_13_01_2021: Change detected
INFO:root:11_45_41_13_01_2021: Change detected
INFO:root:11_45_41_13_01_2021: Change detected
INFO:root:11_45_41_13_01_2021: Change detected
INFO:root:11_45_41_13_01_2021: Change detected
INFO:root:11_45_41_13_01_2021: Change detected
INFO:root:11_45_41_13_01_2021: Change detected
INFO:root:11_45_41_13_01_2021: Change detected
INFO:root:11_45_41_13_01_2021: Change detected
INFO:root:11_45_42_13_01_2021: Change detected
INFO:root:11_45_42_13_01_2021: Change detected
INFO:root:11_45_42_13_01_2021: Change detected
INFO:root:11_45_42_13_01_2021: Change detected
INFO:root:11_45_42_13_01_2021: Change detected
INFO:root:11_45_42_13_01_2021: Change detected
INFO:root:11_45_42_13_01_2021: Change detected
INFO:root:11_45_42_13_01_2021: Change detected
INFO:root:11_45_42_13_01_2021: Change detected
INFO:root:11_45_42_13_01_2021: Change detected
INFO:root:11_45_42_13_01_2021: Change detected
INFO:root:11_45_43_13_01_2021: Change detected
INFO:root:11_45_43_13_01_2021: Change detected
INFO:root:11_45_43_13_01_2021: Change detected
INFO:root:11_45_43_13_01_2021: Change detected
INFO:root:11_45_43_13_01_2021: Change detected
INFO:root:11_45_43_13_01_2021: Change detected
INFO:root:11_45_43_13_01_2021: Change detected
INFO:root:11_45_43_13_01_2021: Change detected
INFO:root:11_45_43_13_01_2021: Change detected
INFO:root:11_45_43_13_01_2021: Change detected
INFO:root:11_45_43_13_01_2021: Change detected
INFO:root:11_45_44_13_01_2021: Change detected
INFO:root:11_45_44_13_01_2021: Change detected
INFO:root:11_45_44_13_01_2021: Change detected
INFO:root:11_45_44_13_01_2021: Change detected
INFO:root:11_45_44_13_01_2021: Change detected
INFO:root:11_45_44_13_01_2021: Change detected
INFO:root:11_45_44_13_01_2021: Change detected
INFO:root:11_45_44_13_01_2021: Change detected
INFO:root:11_45_44_13_01_2021: Change detected
INFO:root:11_45_44_13_01_2021: Change detected
INFO:root:11_45_44_13_01_2021: Change detected
INFO:root:11_45_45_13_01_2021: Change detected
INFO:root:11_45_45_13_01_2021: Change detected
INFO:root:11_45_45_13_01_2021: Change detected
INFO:root:11_45_45_13_01_2021: Change detected
INFO:root:11_45_45_13_01_2021: Change detected
INFO:root:11_45_45_13_01_2021: Change detected
INFO:root:11_45_45_13_01_2021: Change detected
INFO:root:11_45_45_13_01_2021: Change detected
INFO:root:11_45_45_13_01_2021: Change detected
INFO:root:11_45_45_13_01_2021: Change detected
INFO:root:11_45_45_13_01_2021: Change detected
INFO:root:11_45_45_13_01_2021: Change detected
INFO:root:11_45_46_13_01_2021: Change detected
INFO:root:11_45_46_13_01_2021: Change detected
INFO:root:11_45_46_13_01_2021: Change detected
INFO:root:11_45_46_13_01_2021: Change detected
INFO:root:11_45_46_13_01_2021: Change detected
INFO:root:11_45_46_13_01_2021: Change detected
INFO:root:11_45_46_13_01_2021: Change detected
INFO:root:11_45_46_13_01_2021: Change detected
INFO:root:11_45_46_13_01_2021: Change detected
INFO:root:11_45_46_13_01_2021: Change detected
INFO:root:11_45_46_13_01_2021: Change detected
INFO:root:11_45_47_13_01_2021: Change detected
INFO:root:11_45_47_13_01_2021: Change detected
INFO:root:11_45_47_13_01_2021: Change detected
INFO:root:11_45_47_13_01_2021: Change detected
INFO:root:11_45_47_13_01_2021: Change detected
INFO:root:11_45_47_13_01_2021: Change detected
INFO:root:11_45_47_13_01_2021: Change detected
INFO:root:11_45_47_13_01_2021: Change detected
INFO:root:11_45_47_13_01_2021: Change detected
INFO:root:11_45_47_13_01_2021: Change detected
INFO:root:11_45_47_13_01_2021: Change detected
INFO:root:11_45_48_13_01_2021: Change detected
INFO:root:11_45_48_13_01_2021: Change detected
INFO:root:11_45_48_13_01_2021: Change detected
INFO:root:11_45_48_13_01_2021: Change detected
INFO:root:11_45_48_13_01_2021: Change detected
INFO:root:11_45_48_13_01_2021: Change detected
INFO:root:11_45_48_13_01_2021: Change detected
INFO:root:11_45_48_13_01_2021: Change detected
INFO:root:11_45_48_13_01_2021: Change detected
INFO:root:11_45_48_13_01_2021: Change detected
INFO:root:11_45_48_13_01_2021: Change detected
INFO:root:11_45_48_13_01_2021: Change detected
INFO:root:11_45_49_13_01_2021: Change detected
INFO:root:11_45_49_13_01_2021: Change detected
INFO:root:11_45_49_13_01_2021: Change detected
INFO:root:11_45_50_13_01_2021: Change detected
INFO:root:11_45_51_13_01_2021: Change detected
INFO:root:11_45_51_13_01_2021: Change detected
INFO:root:11_45_51_13_01_2021: Change detected
INFO:root:11_45_51_13_01_2021: Change detected
INFO:root:11_45_51_13_01_2021: Change detected
INFO:root:11_45_51_13_01_2021: Change detected
INFO:root:11_45_51_13_01_2021: Change detected
INFO:root:11_45_51_13_01_2021: Change detected
INFO:root:11_45_51_13_01_2021: Change detected
INFO:root:11_45_51_13_01_2021: Change detected
INFO:root:11_45_51_13_01_2021: Change detected
INFO:root:11_45_52_13_01_2021: Change detected
INFO:root:11_45_52_13_01_2021: Change detected
INFO:root:11_45_52_13_01_2021: Change detected
INFO:root:11_45_52_13_01_2021: Change detected
INFO:root:11_45_52_13_01_2021: Change detected
INFO:root:11_45_52_13_01_2021: Change detected
INFO:root:11_45_53_13_01_2021: Change detected
INFO:root:11_45_53_13_01_2021: Change detected
INFO:root:11_45_53_13_01_2021: Change detected
INFO:root:11_45_53_13_01_2021: Change detected
INFO:root:11_45_53_13_01_2021: Change detected
INFO:root:11_45_53_13_01_2021: Change detected
INFO:root:11_45_53_13_01_2021: Change detected
INFO:root:11_45_53_13_01_2021: Change detected
INFO:root:11_45_53_13_01_2021: Change detected
INFO:root:11_45_53_13_01_2021: Change detected
INFO:root:11_45_54_13_01_2021: Change detected
INFO:root:11_45_54_13_01_2021: Change detected
INFO:root:11_45_54_13_01_2021: Change detected
INFO:root:11_45_54_13_01_2021: Change detected
INFO:root:11_45_54_13_01_2021: Change detected
INFO:root:11_45_54_13_01_2021: Change detected
INFO:root:11_45_54_13_01_2021: Change detected
INFO:root:11_45_54_13_01_2021: Change detected
INFO:root:11_45_54_13_01_2021: Change detected
INFO:root:11_45_54_13_01_2021: Change detected
INFO:root:11_45_54_13_01_2021: Change detected
INFO:root:11_45_55_13_01_2021: Change detected
INFO:root:11_45_55_13_01_2021: Change detected
INFO:root:11_45_55_13_01_2021: Change detected
INFO:root:11_45_55_13_01_2021: Change detected
INFO:root:11_45_55_13_01_2021: Change detected
INFO:root:11_45_55_13_01_2021: Change detected
INFO:root:11_45_55_13_01_2021: Change detected
INFO:root:11_45_55_13_01_2021: Change detected
INFO:root:11_45_55_13_01_2021: Change detected
INFO:root:11_45_55_13_01_2021: Change detected
INFO:root:11_45_55_13_01_2021: Change detected
INFO:root:11_45_55_13_01_2021: Change detected
INFO:root:11_45_56_13_01_2021: Change detected
INFO:root:11_45_56_13_01_2021: Change detected
INFO:root:11_45_56_13_01_2021: Change detected
INFO:root:11_45_56_13_01_2021: Change detected
INFO:root:11_45_56_13_01_2021: Change detected
INFO:root:11_45_56_13_01_2021: Change detected
INFO:root:11_45_56_13_01_2021: Change detected
INFO:root:11_45_56_13_01_2021: Change detected
INFO:root:11_45_56_13_01_2021: Change detected
INFO:root:11_45_56_13_01_2021: Change detected
INFO:root:11_45_56_13_01_2021: Change detected
INFO:root:11_45_57_13_01_2021: Change detected
INFO:root:11_45_57_13_01_2021: Change detected
INFO:root:11_45_57_13_01_2021: Change detected
INFO:root:11_45_57_13_01_2021: Change detected
INFO:root:11_45_57_13_01_2021: Change detected
