INFO:root:Scene Object change detection Job Started...
DEBUG:root:Monitering started...
DEBUG:matplotlib.font_manager:findfont: Matching :family=sans-serif:style=normal:variant=normal:weight=normal:stretch=normal:size=10.0.
DEBUG:matplotlib.font_manager:findfont: score(<Font 'STIXSizeThreeSym' (STIXSizThreeSymBol.ttf) normal normal bold normal>) = 10.335
DEBUG:matplotlib.font_manager:findfont: score(<Font 'DejaVu Sans Mono' (DejaVuSansMono.ttf) normal normal 400 normal>) = 10.05
DEBUG:matplotlib.font_manager:findfont: score(<Font 'DejaVu Serif' (DejaVuSerif.ttf) normal normal 400 normal>) = 10.05
DEBUG:matplotlib.font_manager:findfont: score(<Font 'DejaVu Sans Mono' (DejaVuSansMono-Bold.ttf) normal normal bold normal>) = 10.335
DEBUG:matplotlib.font_manager:findfont: score(<Font 'cmtt10' (cmtt10.ttf) normal normal 400 normal>) = 10.05
DEBUG:matplotlib.font_manager:findfont: score(<Font 'STIXNonUnicode' (STIXNonUni.ttf) normal normal regular normal>) = 10.05
DEBUG:matplotlib.font_manager:findfont: score(<Font 'STIXSizeFourSym' (STIXSizFourSymBol.ttf) normal normal bold normal>) = 10.335
DEBUG:matplotlib.font_manager:findfont: score(<Font 'STIXNonUnicode' (STIXNonUniBolIta.ttf) italic normal bold normal>) = 11.335
DEBUG:matplotlib.font_manager:findfont: score(<Font 'DejaVu Sans' (DejaVuSans-BoldOblique.ttf) oblique normal bold normal>) = 1.335
DEBUG:matplotlib.font_manager:findfont: score(<Font 'STIXSizeOneSym' (STIXSizOneSymReg.ttf) normal normal regular normal>) = 10.05
DEBUG:matplotlib.font_manager:findfont: score(<Font 'cmr10' (cmr10.ttf) normal normal 400 normal>) = 10.05
DEBUG:matplotlib.font_manager:findfont: score(<Font 'cmss10' (cmss10.ttf) normal normal 400 normal>) = 10.05
DEBUG:matplotlib.font_manager:findfont: score(<Font 'STIXSizeOneSym' (STIXSizOneSymBol.ttf) normal normal bold normal>) = 10.335
DEBUG:matplotlib.font_manager:findfont: score(<Font 'cmb10' (cmb10.ttf) normal normal 400 normal>) = 10.05
DEBUG:matplotlib.font_manager:findfont: score(<Font 'DejaVu Serif' (DejaVuSerif-Italic.ttf) italic normal 400 normal>) = 11.05
DEBUG:matplotlib.font_manager:findfont: score(<Font 'DejaVu Sans Mono' (DejaVuSansMono-BoldOblique.ttf) oblique normal bold normal>) = 11.335
DEBUG:matplotlib.font_manager:findfont: score(<Font 'DejaVu Serif Display' (DejaVuSerifDisplay.ttf) normal normal 400 normal>) = 10.05
DEBUG:matplotlib.font_manager:findfont: score(<Font 'DejaVu Sans Display' (DejaVuSansDisplay.ttf) normal normal 400 normal>) = 10.05
DEBUG:matplotlib.font_manager:findfont: score(<Font 'cmex10' (cmex10.ttf) normal normal 400 normal>) = 10.05
DEBUG:matplotlib.font_manager:findfont: score(<Font 'STIXNonUnicode' (STIXNonUniBol.ttf) normal normal bold normal>) = 10.335
DEBUG:matplotlib.font_manager:findfont: score(<Font 'cmsy10' (cmsy10.ttf) normal normal 400 normal>) = 10.05
DEBUG:matplotlib.font_manager:findfont: score(<Font 'DejaVu Sans' (DejaVuSans-Bold.ttf) normal normal bold normal>) = 0.33499999999999996
DEBUG:matplotlib.font_manager:findfont: score(<Font 'STIXSizeTwoSym' (STIXSizTwoSymBol.ttf) normal normal bold normal>) = 10.335
DEBUG:matplotlib.font_manager:findfont: score(<Font 'DejaVu Sans' (DejaVuSans.ttf) normal normal 400 normal>) = 0.05
DEBUG:matplotlib.font_manager:findfont: score(<Font 'STIXGeneral' (STIXGeneral.ttf) normal normal regular normal>) = 10.05
DEBUG:matplotlib.font_manager:findfont: score(<Font 'STIXSizeFiveSym' (STIXSizFiveSymReg.ttf) normal normal regular normal>) = 10.05
DEBUG:matplotlib.font_manager:findfont: score(<Font 'STIXSizeThreeSym' (STIXSizThreeSymReg.ttf) normal normal regular normal>) = 10.05
DEBUG:matplotlib.font_manager:findfont: score(<Font 'cmmi10' (cmmi10.ttf) normal normal 400 normal>) = 10.05
DEBUG:matplotlib.font_manager:findfont: score(<Font 'STIXGeneral' (STIXGeneralBolIta.ttf) italic normal bold normal>) = 11.335
DEBUG:matplotlib.font_manager:findfont: score(<Font 'DejaVu Sans' (DejaVuSans-Oblique.ttf) oblique normal 400 normal>) = 1.05
DEBUG:matplotlib.font_manager:findfont: score(<Font 'STIXGeneral' (STIXGeneralBol.ttf) normal normal bold normal>) = 10.335
DEBUG:matplotlib.font_manager:findfont: score(<Font 'DejaVu Sans Mono' (DejaVuSansMono-Oblique.ttf) oblique normal 400 normal>) = 11.05
DEBUG:matplotlib.font_manager:findfont: score(<Font 'DejaVu Serif' (DejaVuSerif-Bold.ttf) normal normal bold normal>) = 10.335
DEBUG:matplotlib.font_manager:findfont: score(<Font 'DejaVu Serif' (DejaVuSerif-BoldItalic.ttf) italic normal bold normal>) = 11.335
DEBUG:matplotlib.font_manager:findfont: score(<Font 'STIXNonUnicode' (STIXNonUniIta.ttf) italic normal 400 normal>) = 11.05
DEBUG:matplotlib.font_manager:findfont: score(<Font 'STIXGeneral' (STIXGeneralItalic.ttf) italic normal 400 normal>) = 11.05
DEBUG:matplotlib.font_manager:findfont: score(<Font 'STIXSizeFourSym' (STIXSizFourSymReg.ttf) normal normal regular normal>) = 10.05
DEBUG:matplotlib.font_manager:findfont: score(<Font 'STIXSizeTwoSym' (STIXSizTwoSymReg.ttf) normal normal regular normal>) = 10.05
DEBUG:matplotlib.font_manager:findfont: score(<Font 'Liberation Sans' (LiberationSans-Regular.ttf) normal normal 400 normal>) = 10.05
DEBUG:matplotlib.font_manager:findfont: score(<Font 'Tlwg Typo' (TlwgTypo-BoldOblique.ttf) oblique normal bold normal>) = 11.335
DEBUG:matplotlib.font_manager:findfont: score(<Font 'Liberation Serif' (LiberationSerif-Regular.ttf) normal normal 400 normal>) = 10.05
DEBUG:matplotlib.font_manager:findfont: score(<Font 'Norasi' (Norasi-Oblique.ttf) oblique normal 400 normal>) = 11.05
DEBUG:matplotlib.font_manager:findfont: score(<Font 'Ubuntu' (Ubuntu-RI.ttf) italic normal 400 normal>) = 11.05
DEBUG:matplotlib.font_manager:findfont: score(<Font 'Liberation Mono' (LiberationMono-Bold.ttf) normal normal bold normal>) = 10.335
DEBUG:matplotlib.font_manager:findfont: score(<Font 'Loma' (Loma-Bold.ttf) normal normal bold normal>) = 10.335
DEBUG:matplotlib.font_manager:findfont: score(<Font 'Noto Serif CJK JP' (NotoSerifCJK-Regular.ttc) normal normal 400 normal>) = 10.05
DEBUG:matplotlib.font_manager:findfont: score(<Font 'Waree' (Waree-Bold.ttf) normal normal bold normal>) = 10.335
DEBUG:matplotlib.font_manager:findfont: score(<Font 'Lohit Malayalam' (Lohit-Malayalam.ttf) normal normal 400 normal>) = 10.05
DEBUG:matplotlib.font_manager:findfont: score(<Font 'FreeSerif' (FreeSerifItalic.ttf) italic normal 400 normal>) = 11.05
DEBUG:matplotlib.font_manager:findfont: score(<Font 'Ubuntu Mono' (UbuntuMono-RI.ttf) italic normal 400 normal>) = 11.05
DEBUG:matplotlib.font_manager:findfont: score(<Font 'Meera' (Meera.ttf) normal normal 400 normal>) = 10.05
DEBUG:matplotlib.font_manager:findfont: score(<Font 'Lohit Tamil Classical' (Lohit-Tamil-Classical.ttf) normal normal 400 normal>) = 10.05
DEBUG:matplotlib.font_manager:findfont: score(<Font 'Tlwg Typewriter' (TlwgTypewriter.ttf) normal normal 400 normal>) = 10.05
DEBUG:matplotlib.font_manager:findfont: score(<Font 'Tlwg Typo' (TlwgTypo-Oblique.ttf) oblique normal 400 normal>) = 11.05
DEBUG:matplotlib.font_manager:findfont: score(<Font 'DejaVu Sans' (DejaVuSansCondensed-Bold.ttf) normal normal bold condensed>) = 0.5349999999999999
DEBUG:matplotlib.font_manager:findfont: score(<Font 'Dyuthi' (Dyuthi.ttf) normal normal 400 normal>) = 10.05
DEBUG:matplotlib.font_manager:findfont: score(<Font 'KacstOne' (KacstOne.ttf) normal normal 400 normal>) = 10.05
DEBUG:matplotlib.font_manager:findfont: score(<Font 'Suruma' (Suruma.ttf) normal normal 400 normal>) = 10.05
DEBUG:matplotlib.font_manager:findfont: score(<Font 'Liberation Serif' (LiberationSerif-Bold.ttf) normal normal bold normal>) = 10.335
DEBUG:matplotlib.font_manager:findfont: score(<Font 'Kalapi' (Kalapi.ttf) normal normal 400 normal>) = 10.05
DEBUG:matplotlib.font_manager:findfont: score(<Font 'Tlwg Typewriter' (TlwgTypewriter-Bold.ttf) normal normal bold normal>) = 10.335
DEBUG:matplotlib.font_manager:findfont: score(<Font 'Loma' (Loma-Oblique.ttf) oblique normal 400 normal>) = 11.05
DEBUG:matplotlib.font_manager:findfont: score(<Font 'Kinnari' (Kinnari-Bold.ttf) normal normal bold normal>) = 10.335
DEBUG:matplotlib.font_manager:findfont: score(<Font 'Sahadeva' (sahadeva.ttf) normal normal 400 normal>) = 10.05
DEBUG:matplotlib.font_manager:findfont: score(<Font 'LKLUG' (lklug.ttf) normal normal 400 normal>) = 10.05
DEBUG:matplotlib.font_manager:findfont: score(<Font 'Liberation Serif' (LiberationSerif-Italic.ttf) italic normal 400 normal>) = 11.05
DEBUG:matplotlib.font_manager:findfont: score(<Font 'Tlwg Typist' (TlwgTypist.ttf) normal normal 400 normal>) = 10.05
DEBUG:matplotlib.font_manager:findfont: score(<Font 'Mitra Mono' (mitra.ttf) normal normal 400 normal>) = 10.05
DEBUG:matplotlib.font_manager:findfont: score(<Font 'Lohit Bengali' (Lohit-Bengali.ttf) normal normal 400 normal>) = 10.05
DEBUG:matplotlib.font_manager:findfont: score(<Font 'Jamrul' (JamrulNormal.ttf) normal normal 400 normal>) = 10.05
DEBUG:matplotlib.font_manager:findfont: score(<Font 'DejaVu Sans' (DejaVuSansCondensed.ttf) normal normal 400 condensed>) = 0.25
DEBUG:matplotlib.font_manager:findfont: score(<Font 'Padauk Book' (PadaukBook-Bold.ttf) normal normal book normal>) = 10.05
DEBUG:matplotlib.font_manager:findfont: score(<Font 'KacstScreen' (KacstScreen.ttf) normal normal 400 normal>) = 10.05
DEBUG:matplotlib.font_manager:findfont: score(<Font 'Samyak Gujarati' (Samyak-Gujarati.ttf) normal normal 400 normal>) = 10.05
DEBUG:matplotlib.font_manager:findfont: score(<Font 'Ubuntu' (Ubuntu-LI.ttf) italic normal light normal>) = 11.24
DEBUG:matplotlib.font_manager:findfont: score(<Font 'Norasi' (Norasi-BoldOblique.ttf) oblique normal bold normal>) = 11.335
DEBUG:matplotlib.font_manager:findfont: score(<Font 'Laksaman' (Laksaman-Italic.ttf) italic normal 400 normal>) = 11.05
DEBUG:matplotlib.font_manager:findfont: score(<Font 'Ubuntu Condensed' (Ubuntu-C.ttf) normal normal 400 condensed>) = 10.25
DEBUG:matplotlib.font_manager:findfont: score(<Font 'Karumbi' (Karumbi.ttf) normal normal 400 normal>) = 10.05
DEBUG:matplotlib.font_manager:findfont: score(<Font 'Kinnari' (Kinnari-Italic.ttf) italic normal 400 normal>) = 11.05
DEBUG:matplotlib.font_manager:findfont: score(<Font 'Ubuntu' (Ubuntu-BI.ttf) italic normal bold normal>) = 11.335
DEBUG:matplotlib.font_manager:findfont: score(<Font 'Loma' (Loma-BoldOblique.ttf) oblique normal bold normal>) = 11.335
DEBUG:matplotlib.font_manager:findfont: score(<Font 'Laksaman' (Laksaman.ttf) normal normal 400 normal>) = 10.05
DEBUG:matplotlib.font_manager:findfont: score(<Font 'Laksaman' (Laksaman-BoldItalic.ttf) italic normal bold normal>) = 11.335
DEBUG:matplotlib.font_manager:findfont: score(<Font 'Likhan' (LikhanNormal.ttf) normal normal 400 normal>) = 10.05
DEBUG:matplotlib.font_manager:findfont: score(<Font 'Lohit Telugu' (Lohit-Telugu.ttf) normal normal 400 normal>) = 10.05
DEBUG:matplotlib.font_manager:findfont: score(<Font 'Liberation Sans Narrow' (LiberationSansNarrow-BoldItalic.ttf) italic normal bold condensed>) = 11.535
DEBUG:matplotlib.font_manager:findfont: score(<Font 'FreeMono' (FreeMono.ttf) normal normal 400 normal>) = 10.05
DEBUG:matplotlib.font_manager:findfont: score(<Font 'padmaa' (padmaa-Medium-0.5.ttf) normal normal normal normal>) = 10.0
DEBUG:matplotlib.font_manager:findfont: score(<Font 'Sawasdee' (Sawasdee-Oblique.ttf) oblique normal 400 normal>) = 11.05
DEBUG:matplotlib.font_manager:findfont: score(<Font 'Umpush' (Umpush-Light.ttf) normal normal light normal>) = 10.24
DEBUG:matplotlib.font_manager:findfont: score(<Font 'KacstOne' (KacstOne-Bold.ttf) normal normal bold normal>) = 10.335
DEBUG:matplotlib.font_manager:findfont: score(<Font 'Waree' (Waree.ttf) normal normal 400 normal>) = 10.05
DEBUG:matplotlib.font_manager:findfont: score(<Font 'Lohit Devanagari' (Lohit-Devanagari.ttf) normal normal 400 normal>) = 10.05
DEBUG:matplotlib.font_manager:findfont: score(<Font 'Tlwg Typewriter' (TlwgTypewriter-Oblique.ttf) oblique normal 400 normal>) = 11.05
DEBUG:matplotlib.font_manager:findfont: score(<Font 'Tlwg Typist' (TlwgTypist-Bold.ttf) normal normal bold normal>) = 10.335
DEBUG:matplotlib.font_manager:findfont: score(<Font 'Ubuntu Mono' (UbuntuMono-R.ttf) normal normal 400 normal>) = 10.05
DEBUG:matplotlib.font_manager:findfont: score(<Font 'Tibetan Machine Uni' (TibetanMachineUni.ttf) normal normal 400 normal>) = 10.05
DEBUG:matplotlib.font_manager:findfont: score(<Font 'Khmer OS System' (KhmerOSsys.ttf) normal normal 400 normal>) = 10.05
DEBUG:matplotlib.font_manager:findfont: score(<Font 'Droid Sans Fallback' (DroidSansFallbackFull.ttf) normal normal 400 normal>) = 10.05
DEBUG:matplotlib.font_manager:findfont: score(<Font 'Purisa' (Purisa.ttf) normal normal 400 normal>) = 10.05
DEBUG:matplotlib.font_manager:findfont: score(<Font 'Padauk' (Padauk-Regular.ttf) normal normal 400 normal>) = 10.05
DEBUG:matplotlib.font_manager:findfont: score(<Font 'Manjari' (Manjari-Bold.otf) normal normal bold normal>) = 10.335
DEBUG:matplotlib.font_manager:findfont: score(<Font 'KacstNaskh' (KacstNaskh.ttf) normal normal 400 normal>) = 10.05
DEBUG:matplotlib.font_manager:findfont: score(<Font 'Keraleeyam' (Keraleeyam.ttf) normal normal 700 normal>) = 10.335
DEBUG:matplotlib.font_manager:findfont: score(<Font 'Purisa' (Purisa-Bold.ttf) normal normal bold normal>) = 10.335
DEBUG:matplotlib.font_manager:findfont: score(<Font 'Norasi' (Norasi.ttf) normal normal 400 normal>) = 10.05
DEBUG:matplotlib.font_manager:findfont: score(<Font 'KacstPen' (KacstPen.ttf) normal normal 400 normal>) = 10.05
DEBUG:matplotlib.font_manager:findfont: score(<Font 'Kinnari' (Kinnari-Oblique.ttf) oblique normal 400 normal>) = 11.05
DEBUG:matplotlib.font_manager:findfont: score(<Font 'Garuda' (Garuda-BoldOblique.ttf) oblique normal bold normal>) = 11.335
DEBUG:matplotlib.font_manager:findfont: score(<Font 'Liberation Sans' (LiberationSans-BoldItalic.ttf) italic normal bold normal>) = 11.335
DEBUG:matplotlib.font_manager:findfont: score(<Font 'Tlwg Typo' (TlwgTypo.ttf) normal normal 400 normal>) = 10.05
DEBUG:matplotlib.font_manager:findfont: score(<Font 'FreeMono' (FreeMonoOblique.ttf) oblique normal 400 normal>) = 11.05
DEBUG:matplotlib.font_manager:findfont: score(<Font 'Tlwg Typo' (TlwgTypo-Bold.ttf) normal normal bold normal>) = 10.335
DEBUG:matplotlib.font_manager:findfont: score(<Font 'Noto Mono' (NotoMono-Regular.ttf) normal normal 400 normal>) = 10.05
DEBUG:matplotlib.font_manager:findfont: score(<Font 'FreeSans' (FreeSansBoldOblique.ttf) oblique normal bold normal>) = 11.335
DEBUG:matplotlib.font_manager:findfont: score(<Font 'Liberation Sans' (LiberationSans-Bold.ttf) normal normal bold normal>) = 10.335
DEBUG:matplotlib.font_manager:findfont: score(<Font 'Liberation Sans Narrow' (LiberationSansNarrow-Regular.ttf) normal normal 400 condensed>) = 10.25
DEBUG:matplotlib.font_manager:findfont: score(<Font 'RaghuMalayalam' (RaghuMalayalamSans-Regular.ttf) normal normal regular normal>) = 10.05
DEBUG:matplotlib.font_manager:findfont: score(<Font 'Kalimati' (kalimati.ttf) normal normal 400 normal>) = 10.05
DEBUG:matplotlib.font_manager:findfont: score(<Font 'Samyak Malayalam' (Samyak-Malayalam.ttf) normal normal 400 normal>) = 10.05
DEBUG:matplotlib.font_manager:findfont: score(<Font 'KacstDecorative' (KacstDecorative.ttf) normal normal 400 normal>) = 10.05
DEBUG:matplotlib.font_manager:findfont: score(<Font 'Abyssinica SIL' (AbyssinicaSIL-R.ttf) normal normal 400 normal>) = 10.05
DEBUG:matplotlib.font_manager:findfont: score(<Font 'AnjaliOldLipi' (AnjaliOldLipi.ttf) normal normal 400 normal>) = 10.05
DEBUG:matplotlib.font_manager:findfont: score(<Font 'Manjari' (Manjari-Thin.otf) normal normal 400 normal>) = 10.05
DEBUG:matplotlib.font_manager:findfont: score(<Font 'KacstArt' (KacstArt.ttf) normal normal 400 normal>) = 10.05
DEBUG:matplotlib.font_manager:findfont: score(<Font 'Purisa' (Purisa-Oblique.ttf) oblique normal 400 normal>) = 11.05
DEBUG:matplotlib.font_manager:findfont: score(<Font 'Lohit Odia' (Lohit-Odia.ttf) normal normal 400 normal>) = 10.05
DEBUG:matplotlib.font_manager:findfont: score(<Font 'KacstDigital' (KacstDigital.ttf) normal normal 400 normal>) = 10.05
DEBUG:matplotlib.font_manager:findfont: score(<Font 'Samyak Devanagari' (Samyak-Devanagari.ttf) normal normal 400 normal>) = 10.05
DEBUG:matplotlib.font_manager:findfont: score(<Font 'Umpush' (Umpush-Oblique.ttf) oblique normal 400 normal>) = 11.05
DEBUG:matplotlib.font_manager:findfont: score(<Font 'Lohit Tamil' (Lohit-Tamil.ttf) normal normal 400 normal>) = 10.05
DEBUG:matplotlib.font_manager:findfont: score(<Font 'Ubuntu' (Ubuntu-L.ttf) normal normal light normal>) = 10.24
DEBUG:matplotlib.font_manager:findfont: score(<Font 'Liberation Mono' (LiberationMono-Regular.ttf) normal normal 400 normal>) = 10.05
DEBUG:matplotlib.font_manager:findfont: score(<Font 'mry_KacstQurn' (mry_KacstQurn.ttf) normal normal 400 normal>) = 10.05
DEBUG:matplotlib.font_manager:findfont: score(<Font 'Liberation Mono' (LiberationMono-BoldItalic.ttf) italic normal bold normal>) = 11.335
DEBUG:matplotlib.font_manager:findfont: score(<Font 'Laksaman' (Laksaman-Bold.ttf) normal normal bold normal>) = 10.335
DEBUG:matplotlib.font_manager:findfont: score(<Font 'DejaVu Sans' (DejaVuSansCondensed-BoldOblique.ttf) oblique normal bold condensed>) = 1.535
DEBUG:matplotlib.font_manager:findfont: score(<Font 'Umpush' (Umpush.ttf) normal normal 400 normal>) = 10.05
DEBUG:matplotlib.font_manager:findfont: score(<Font 'Khmer OS' (KhmerOS.ttf) normal normal 400 normal>) = 10.05
DEBUG:matplotlib.font_manager:findfont: score(<Font 'Garuda' (Garuda.ttf) normal normal 400 normal>) = 10.05
DEBUG:matplotlib.font_manager:findfont: score(<Font 'DejaVu Sans' (DejaVuSansCondensed-Oblique.ttf) oblique normal 400 condensed>) = 1.25
DEBUG:matplotlib.font_manager:findfont: score(<Font 'FreeSans' (FreeSansOblique.ttf) oblique normal 400 normal>) = 11.05
DEBUG:matplotlib.font_manager:findfont: score(<Font 'FreeSerif' (FreeSerif.ttf) normal normal 400 normal>) = 10.05
DEBUG:matplotlib.font_manager:findfont: score(<Font 'Noto Sans CJK JP' (NotoSansCJK-Bold.ttc) normal normal bold normal>) = 10.335
DEBUG:matplotlib.font_manager:findfont: score(<Font 'Rachana' (Rachana-Bold.ttf) normal normal bold normal>) = 10.335
DEBUG:matplotlib.font_manager:findfont: score(<Font 'DejaVu Serif' (DejaVuSerifCondensed.ttf) normal normal 400 condensed>) = 10.25
DEBUG:matplotlib.font_manager:findfont: score(<Font 'padmaa-Bold.1.1' (padmaa-Bold.1.1.ttf) normal normal bold normal>) = 10.335
DEBUG:matplotlib.font_manager:findfont: score(<Font 'Uroob' (Uroob.ttf) normal normal 700 normal>) = 10.335
DEBUG:matplotlib.font_manager:findfont: score(<Font 'Purisa' (Purisa-BoldOblique.ttf) oblique normal bold normal>) = 11.335
DEBUG:matplotlib.font_manager:findfont: score(<Font 'Vemana2000' (vemana2000.ttf) normal normal 400 normal>) = 10.05
DEBUG:matplotlib.font_manager:findfont: score(<Font 'KacstLetter' (KacstLetter.ttf) normal normal 400 normal>) = 10.05
DEBUG:matplotlib.font_manager:findfont: score(<Font 'KacstOffice' (KacstOffice.ttf) normal normal 400 normal>) = 10.05
DEBUG:matplotlib.font_manager:findfont: score(<Font 'DejaVu Math TeX Gyre' (DejaVuMathTeXGyre.ttf) normal normal regular normal>) = 10.05
DEBUG:matplotlib.font_manager:findfont: score(<Font 'Chandas' (chandas1-2.ttf) normal normal 400 normal>) = 10.05
DEBUG:matplotlib.font_manager:findfont: score(<Font 'Samyak Tamil' (Samyak-Tamil.ttf) normal normal 400 normal>) = 10.05
DEBUG:matplotlib.font_manager:findfont: score(<Font 'aakar' (aakar-medium.ttf) normal normal 400 normal>) = 10.05
DEBUG:matplotlib.font_manager:findfont: score(<Font 'KacstTitleL' (KacstTitleL.ttf) normal normal 400 normal>) = 10.05
DEBUG:matplotlib.font_manager:findfont: score(<Font 'Nakula' (nakula.ttf) normal normal 400 normal>) = 10.05
DEBUG:matplotlib.font_manager:findfont: score(<Font 'Kinnari' (Kinnari.ttf) normal normal 400 normal>) = 10.05
DEBUG:matplotlib.font_manager:findfont: score(<Font 'Tlwg Mono' (TlwgMono-Oblique.ttf) oblique normal 400 normal>) = 11.05
DEBUG:matplotlib.font_manager:findfont: score(<Font 'OpenSymbol' (opens___.ttf) normal normal 400 normal>) = 10.05
DEBUG:matplotlib.font_manager:findfont: score(<Font 'Noto Sans CJK JP' (NotoSansCJK-Regular.ttc) normal normal 400 normal>) = 10.05
DEBUG:matplotlib.font_manager:findfont: score(<Font 'Ubuntu Mono' (UbuntuMono-B.ttf) normal normal bold normal>) = 10.335
DEBUG:matplotlib.font_manager:findfont: score(<Font 'KacstFarsi' (KacstFarsi.ttf) normal normal 400 normal>) = 10.05
DEBUG:matplotlib.font_manager:findfont: score(<Font 'Loma' (Loma.ttf) normal normal 400 normal>) = 10.05
DEBUG:matplotlib.font_manager:findfont: score(<Font 'Gargi' (Gargi.ttf) normal normal 400 normal>) = 10.05
DEBUG:matplotlib.font_manager:findfont: score(<Font 'DejaVu Serif' (DejaVuSerifCondensed-Italic.ttf) italic normal 400 condensed>) = 11.25
DEBUG:matplotlib.font_manager:findfont: score(<Font 'FreeMono' (FreeMonoBoldOblique.ttf) oblique normal bold normal>) = 11.335
DEBUG:matplotlib.font_manager:findfont: score(<Font 'DejaVu Serif' (DejaVuSerifCondensed-BoldItalic.ttf) italic normal bold condensed>) = 11.535
DEBUG:matplotlib.font_manager:findfont: score(<Font 'Sawasdee' (Sawasdee-BoldOblique.ttf) oblique normal bold normal>) = 11.335
DEBUG:matplotlib.font_manager:findfont: score(<Font 'Waree' (Waree-BoldOblique.ttf) oblique normal bold normal>) = 11.335
DEBUG:matplotlib.font_manager:findfont: score(<Font 'Tlwg Mono' (TlwgMono-Bold.ttf) normal normal bold normal>) = 10.335
DEBUG:matplotlib.font_manager:findfont: score(<Font 'Liberation Sans Narrow' (LiberationSansNarrow-Bold.ttf) normal normal bold condensed>) = 10.535
DEBUG:matplotlib.font_manager:findfont: score(<Font 'Sawasdee' (Sawasdee.ttf) normal normal 400 normal>) = 10.05
DEBUG:matplotlib.font_manager:findfont: score(<Font 'Liberation Mono' (LiberationMono-Italic.ttf) italic normal 400 normal>) = 11.05
DEBUG:matplotlib.font_manager:findfont: score(<Font 'DejaVu Sans' (DejaVuSans-ExtraLight.ttf) normal normal light normal>) = 0.24
DEBUG:matplotlib.font_manager:findfont: score(<Font 'FreeMono' (FreeMonoBold.ttf) normal normal bold normal>) = 10.335
DEBUG:matplotlib.font_manager:findfont: score(<Font 'Padauk' (Padauk-Bold.ttf) normal normal bold normal>) = 10.335
DEBUG:matplotlib.font_manager:findfont: score(<Font 'Phetsarath OT' (Phetsarath_OT.ttf) normal normal 400 normal>) = 10.05
DEBUG:matplotlib.font_manager:findfont: score(<Font 'Ubuntu' (Ubuntu-B.ttf) normal normal bold normal>) = 10.335
DEBUG:matplotlib.font_manager:findfont: score(<Font 'Garuda' (Garuda-Bold.ttf) normal normal bold normal>) = 10.335
DEBUG:matplotlib.font_manager:findfont: score(<Font 'Umpush' (Umpush-LightOblique.ttf) oblique normal light normal>) = 11.24
DEBUG:matplotlib.font_manager:findfont: score(<Font 'Padauk Book' (PadaukBook-Regular.ttf) normal normal book normal>) = 10.05
DEBUG:matplotlib.font_manager:findfont: score(<Font 'Saab' (Saab.ttf) normal normal 400 normal>) = 10.05
DEBUG:matplotlib.font_manager:findfont: score(<Font 'Mukti Narrow' (MuktiNarrowBold.ttf) normal normal 700 normal>) = 10.335
DEBUG:matplotlib.font_manager:findfont: score(<Font 'Tlwg Typist' (TlwgTypist-BoldOblique.ttf) oblique normal bold normal>) = 11.335
DEBUG:matplotlib.font_manager:findfont: score(<Font 'Liberation Sans Narrow' (LiberationSansNarrow-Italic.ttf) italic normal 400 condensed>) = 11.25
DEBUG:matplotlib.font_manager:findfont: score(<Font 'Waree' (Waree-Oblique.ttf) oblique normal 400 normal>) = 11.05
DEBUG:matplotlib.font_manager:findfont: score(<Font 'Navilu' (Navilu.ttf) normal normal 400 normal>) = 10.05
DEBUG:matplotlib.font_manager:findfont: score(<Font 'Garuda' (Garuda-Oblique.ttf) oblique normal 400 normal>) = 11.05
DEBUG:matplotlib.font_manager:findfont: score(<Font 'Ubuntu' (Ubuntu-R.ttf) normal normal 400 normal>) = 10.05
DEBUG:matplotlib.font_manager:findfont: score(<Font 'Sawasdee' (Sawasdee-Bold.ttf) normal normal bold normal>) = 10.335
DEBUG:matplotlib.font_manager:findfont: score(<Font 'KacstPoster' (KacstPoster.ttf) normal normal 400 normal>) = 10.05
DEBUG:matplotlib.font_manager:findfont: score(<Font 'KacstTitle' (KacstTitle.ttf) normal normal 400 normal>) = 10.05
DEBUG:matplotlib.font_manager:findfont: score(<Font 'FreeSans' (FreeSans.ttf) normal normal 400 normal>) = 10.05
DEBUG:matplotlib.font_manager:findfont: score(<Font 'ori1Uni' (utkal.ttf) normal normal medium normal>) = 10.145
DEBUG:matplotlib.font_manager:findfont: score(<Font 'Ubuntu Mono' (UbuntuMono-BI.ttf) italic normal bold normal>) = 11.335
DEBUG:matplotlib.font_manager:findfont: score(<Font 'Samanata' (samanata.ttf) normal normal 400 normal>) = 10.05
DEBUG:matplotlib.font_manager:findfont: score(<Font 'Chilanka' (Chilanka-Regular.ttf) normal normal regular normal>) = 10.05
DEBUG:matplotlib.font_manager:findfont: score(<Font 'Norasi' (Norasi-BoldItalic.ttf) italic normal bold normal>) = 11.335
DEBUG:matplotlib.font_manager:findfont: score(<Font 'Mukti Narrow' (MuktiNarrow.ttf) normal normal 400 normal>) = 10.05
DEBUG:matplotlib.font_manager:findfont: score(<Font 'Ani' (ani.ttf) normal normal 400 normal>) = 10.05
DEBUG:matplotlib.font_manager:findfont: score(<Font 'Noto Serif CJK JP' (NotoSerifCJK-Bold.ttc) normal normal bold normal>) = 10.335
DEBUG:matplotlib.font_manager:findfont: score(<Font 'Manjari' (Manjari-Regular.otf) normal normal regular normal>) = 10.05
DEBUG:matplotlib.font_manager:findfont: score(<Font 'Lohit Assamese' (Lohit-Assamese.ttf) normal normal 400 normal>) = 10.05
DEBUG:matplotlib.font_manager:findfont: score(<Font 'Kinnari' (Kinnari-BoldItalic.ttf) italic normal bold normal>) = 11.335
DEBUG:matplotlib.font_manager:findfont: score(<Font 'Gubbi' (Gubbi.ttf) normal normal 400 normal>) = 10.05
DEBUG:matplotlib.font_manager:findfont: score(<Font 'Ubuntu' (Ubuntu-M.ttf) normal normal medium normal>) = 10.145
DEBUG:matplotlib.font_manager:findfont: score(<Font 'Liberation Serif' (LiberationSerif-BoldItalic.ttf) italic normal bold normal>) = 11.335
DEBUG:matplotlib.font_manager:findfont: score(<Font 'Kinnari' (Kinnari-BoldOblique.ttf) oblique normal bold normal>) = 11.335
DEBUG:matplotlib.font_manager:findfont: score(<Font 'FreeSans' (FreeSansBold.ttf) normal normal bold normal>) = 10.335
DEBUG:matplotlib.font_manager:findfont: score(<Font 'Liberation Sans' (LiberationSans-Italic.ttf) italic normal 400 normal>) = 11.05
DEBUG:matplotlib.font_manager:findfont: score(<Font 'padmaa' (padmaa.ttf) normal normal 400 normal>) = 10.05
DEBUG:matplotlib.font_manager:findfont: score(<Font 'Rekha' (Rekha.ttf) normal normal 400 normal>) = 10.05
DEBUG:matplotlib.font_manager:findfont: score(<Font 'Lohit Gujarati' (Lohit-Gujarati.ttf) normal normal 400 normal>) = 10.05
DEBUG:matplotlib.font_manager:findfont: score(<Font 'Umpush' (Umpush-Bold.ttf) normal normal bold normal>) = 10.335
DEBUG:matplotlib.font_manager:findfont: score(<Font 'DejaVu Serif' (DejaVuSerifCondensed-Bold.ttf) normal normal bold condensed>) = 10.535
DEBUG:matplotlib.font_manager:findfont: score(<Font 'Norasi' (Norasi-Bold.ttf) normal normal bold normal>) = 10.335
DEBUG:matplotlib.font_manager:findfont: score(<Font 'Norasi' (Norasi-Italic.ttf) italic normal 400 normal>) = 11.05
DEBUG:matplotlib.font_manager:findfont: score(<Font 'FreeSerif' (FreeSerifBold.ttf) normal normal bold normal>) = 10.335
DEBUG:matplotlib.font_manager:findfont: score(<Font 'Tlwg Typist' (TlwgTypist-Oblique.ttf) oblique normal 400 normal>) = 11.05
DEBUG:matplotlib.font_manager:findfont: score(<Font 'Tlwg Mono' (TlwgMono-BoldOblique.ttf) oblique normal bold normal>) = 11.335
DEBUG:matplotlib.font_manager:findfont: score(<Font 'Pothana2000' (Pothana2000.ttf) normal normal 400 normal>) = 10.05
DEBUG:matplotlib.font_manager:findfont: score(<Font 'Rachana' (Rachana-Regular.ttf) normal normal regular normal>) = 10.05
DEBUG:matplotlib.font_manager:findfont: score(<Font 'Ubuntu' (Ubuntu-MI.ttf) italic normal medium normal>) = 11.145
DEBUG:matplotlib.font_manager:findfont: score(<Font 'Sarai' (Sarai.ttf) normal normal 400 normal>) = 10.05
DEBUG:matplotlib.font_manager:findfont: score(<Font 'KacstQurn' (KacstQurn.ttf) normal normal 400 normal>) = 10.05
DEBUG:matplotlib.font_manager:findfont: score(<Font 'Tlwg Mono' (TlwgMono.ttf) normal normal 400 normal>) = 10.05
DEBUG:matplotlib.font_manager:findfont: score(<Font 'Lohit Gurmukhi' (Lohit-Gurmukhi.ttf) normal normal 400 normal>) = 10.05
DEBUG:matplotlib.font_manager:findfont: score(<Font 'Tlwg Typewriter' (TlwgTypewriter-BoldOblique.ttf) oblique normal bold normal>) = 11.335
DEBUG:matplotlib.font_manager:findfont: score(<Font 'Umpush' (Umpush-BoldOblique.ttf) oblique normal bold normal>) = 11.335
DEBUG:matplotlib.font_manager:findfont: score(<Font 'KacstBook' (KacstBook.ttf) normal normal book normal>) = 10.05
DEBUG:matplotlib.font_manager:findfont: score(<Font 'Pagul' (Pagul.ttf) normal normal 400 normal>) = 10.05
DEBUG:matplotlib.font_manager:findfont: score(<Font 'FreeSerif' (FreeSerifBoldItalic.ttf) italic normal bold normal>) = 11.335
DEBUG:matplotlib.font_manager:findfont: score(<Font 'Lohit Kannada' (Lohit-Kannada.ttf) normal normal 400 normal>) = 10.05
DEBUG:matplotlib.font_manager:findfont: Matching :family=sans-serif:style=normal:variant=normal:weight=normal:stretch=normal:size=10.0 to DejaVu Sans ('/home/ram/.local/lib/python3.6/site-packages/matplotlib/mpl-data/fonts/ttf/DejaVuSans.ttf') with score of 0.050000.
DEBUG:roipoly.roipoly:Creating new ROI 0
DEBUG:matplotlib.font_manager:findfont: Matching :family=sans-serif:style=normal:variant=normal:weight=normal:stretch=normal:size=12.0.
DEBUG:matplotlib.font_manager:findfont: score(<Font 'STIXSizeThreeSym' (STIXSizThreeSymBol.ttf) normal normal bold normal>) = 10.335
DEBUG:matplotlib.font_manager:findfont: score(<Font 'DejaVu Sans Mono' (DejaVuSansMono.ttf) normal normal 400 normal>) = 10.05
DEBUG:matplotlib.font_manager:findfont: score(<Font 'DejaVu Serif' (DejaVuSerif.ttf) normal normal 400 normal>) = 10.05
DEBUG:matplotlib.font_manager:findfont: score(<Font 'DejaVu Sans Mono' (DejaVuSansMono-Bold.ttf) normal normal bold normal>) = 10.335
DEBUG:matplotlib.font_manager:findfont: score(<Font 'cmtt10' (cmtt10.ttf) normal normal 400 normal>) = 10.05
DEBUG:matplotlib.font_manager:findfont: score(<Font 'STIXNonUnicode' (STIXNonUni.ttf) normal normal regular normal>) = 10.05
DEBUG:matplotlib.font_manager:findfont: score(<Font 'STIXSizeFourSym' (STIXSizFourSymBol.ttf) normal normal bold normal>) = 10.335
DEBUG:matplotlib.font_manager:findfont: score(<Font 'STIXNonUnicode' (STIXNonUniBolIta.ttf) italic normal bold normal>) = 11.335
DEBUG:matplotlib.font_manager:findfont: score(<Font 'DejaVu Sans' (DejaVuSans-BoldOblique.ttf) oblique normal bold normal>) = 1.335
DEBUG:matplotlib.font_manager:findfont: score(<Font 'STIXSizeOneSym' (STIXSizOneSymReg.ttf) normal normal regular normal>) = 10.05
DEBUG:matplotlib.font_manager:findfont: score(<Font 'cmr10' (cmr10.ttf) normal normal 400 normal>) = 10.05
DEBUG:matplotlib.font_manager:findfont: score(<Font 'cmss10' (cmss10.ttf) normal normal 400 normal>) = 10.05
DEBUG:matplotlib.font_manager:findfont: score(<Font 'STIXSizeOneSym' (STIXSizOneSymBol.ttf) normal normal bold normal>) = 10.335
DEBUG:matplotlib.font_manager:findfont: score(<Font 'cmb10' (cmb10.ttf) normal normal 400 normal>) = 10.05
DEBUG:matplotlib.font_manager:findfont: score(<Font 'DejaVu Serif' (DejaVuSerif-Italic.ttf) italic normal 400 normal>) = 11.05
DEBUG:matplotlib.font_manager:findfont: score(<Font 'DejaVu Sans Mono' (DejaVuSansMono-BoldOblique.ttf) oblique normal bold normal>) = 11.335
DEBUG:matplotlib.font_manager:findfont: score(<Font 'DejaVu Serif Display' (DejaVuSerifDisplay.ttf) normal normal 400 normal>) = 10.05
DEBUG:matplotlib.font_manager:findfont: score(<Font 'DejaVu Sans Display' (DejaVuSansDisplay.ttf) normal normal 400 normal>) = 10.05
DEBUG:matplotlib.font_manager:findfont: score(<Font 'cmex10' (cmex10.ttf) normal normal 400 normal>) = 10.05
DEBUG:matplotlib.font_manager:findfont: score(<Font 'STIXNonUnicode' (STIXNonUniBol.ttf) normal normal bold normal>) = 10.335
DEBUG:matplotlib.font_manager:findfont: score(<Font 'cmsy10' (cmsy10.ttf) normal normal 400 normal>) = 10.05
DEBUG:matplotlib.font_manager:findfont: score(<Font 'DejaVu Sans' (DejaVuSans-Bold.ttf) normal normal bold normal>) = 0.33499999999999996
DEBUG:matplotlib.font_manager:findfont: score(<Font 'STIXSizeTwoSym' (STIXSizTwoSymBol.ttf) normal normal bold normal>) = 10.335
DEBUG:matplotlib.font_manager:findfont: score(<Font 'DejaVu Sans' (DejaVuSans.ttf) normal normal 400 normal>) = 0.05
DEBUG:matplotlib.font_manager:findfont: score(<Font 'STIXGeneral' (STIXGeneral.ttf) normal normal regular normal>) = 10.05
DEBUG:matplotlib.font_manager:findfont: score(<Font 'STIXSizeFiveSym' (STIXSizFiveSymReg.ttf) normal normal regular normal>) = 10.05
DEBUG:matplotlib.font_manager:findfont: score(<Font 'STIXSizeThreeSym' (STIXSizThreeSymReg.ttf) normal normal regular normal>) = 10.05
DEBUG:matplotlib.font_manager:findfont: score(<Font 'cmmi10' (cmmi10.ttf) normal normal 400 normal>) = 10.05
DEBUG:matplotlib.font_manager:findfont: score(<Font 'STIXGeneral' (STIXGeneralBolIta.ttf) italic normal bold normal>) = 11.335
DEBUG:matplotlib.font_manager:findfont: score(<Font 'DejaVu Sans' (DejaVuSans-Oblique.ttf) oblique normal 400 normal>) = 1.05
DEBUG:matplotlib.font_manager:findfont: score(<Font 'STIXGeneral' (STIXGeneralBol.ttf) normal normal bold normal>) = 10.335
DEBUG:matplotlib.font_manager:findfont: score(<Font 'DejaVu Sans Mono' (DejaVuSansMono-Oblique.ttf) oblique normal 400 normal>) = 11.05
DEBUG:matplotlib.font_manager:findfont: score(<Font 'DejaVu Serif' (DejaVuSerif-Bold.ttf) normal normal bold normal>) = 10.335
DEBUG:matplotlib.font_manager:findfont: score(<Font 'DejaVu Serif' (DejaVuSerif-BoldItalic.ttf) italic normal bold normal>) = 11.335
DEBUG:matplotlib.font_manager:findfont: score(<Font 'STIXNonUnicode' (STIXNonUniIta.ttf) italic normal 400 normal>) = 11.05
DEBUG:matplotlib.font_manager:findfont: score(<Font 'STIXGeneral' (STIXGeneralItalic.ttf) italic normal 400 normal>) = 11.05
DEBUG:matplotlib.font_manager:findfont: score(<Font 'STIXSizeFourSym' (STIXSizFourSymReg.ttf) normal normal regular normal>) = 10.05
DEBUG:matplotlib.font_manager:findfont: score(<Font 'STIXSizeTwoSym' (STIXSizTwoSymReg.ttf) normal normal regular normal>) = 10.05
DEBUG:matplotlib.font_manager:findfont: score(<Font 'Liberation Sans' (LiberationSans-Regular.ttf) normal normal 400 normal>) = 10.05
DEBUG:matplotlib.font_manager:findfont: score(<Font 'Tlwg Typo' (TlwgTypo-BoldOblique.ttf) oblique normal bold normal>) = 11.335
DEBUG:matplotlib.font_manager:findfont: score(<Font 'Liberation Serif' (LiberationSerif-Regular.ttf) normal normal 400 normal>) = 10.05
DEBUG:matplotlib.font_manager:findfont: score(<Font 'Norasi' (Norasi-Oblique.ttf) oblique normal 400 normal>) = 11.05
DEBUG:matplotlib.font_manager:findfont: score(<Font 'Ubuntu' (Ubuntu-RI.ttf) italic normal 400 normal>) = 11.05
DEBUG:matplotlib.font_manager:findfont: score(<Font 'Liberation Mono' (LiberationMono-Bold.ttf) normal normal bold normal>) = 10.335
DEBUG:matplotlib.font_manager:findfont: score(<Font 'Loma' (Loma-Bold.ttf) normal normal bold normal>) = 10.335
DEBUG:matplotlib.font_manager:findfont: score(<Font 'Noto Serif CJK JP' (NotoSerifCJK-Regular.ttc) normal normal 400 normal>) = 10.05
DEBUG:matplotlib.font_manager:findfont: score(<Font 'Waree' (Waree-Bold.ttf) normal normal bold normal>) = 10.335
DEBUG:matplotlib.font_manager:findfont: score(<Font 'Lohit Malayalam' (Lohit-Malayalam.ttf) normal normal 400 normal>) = 10.05
DEBUG:matplotlib.font_manager:findfont: score(<Font 'FreeSerif' (FreeSerifItalic.ttf) italic normal 400 normal>) = 11.05
DEBUG:matplotlib.font_manager:findfont: score(<Font 'Ubuntu Mono' (UbuntuMono-RI.ttf) italic normal 400 normal>) = 11.05
DEBUG:matplotlib.font_manager:findfont: score(<Font 'Meera' (Meera.ttf) normal normal 400 normal>) = 10.05
DEBUG:matplotlib.font_manager:findfont: score(<Font 'Lohit Tamil Classical' (Lohit-Tamil-Classical.ttf) normal normal 400 normal>) = 10.05
DEBUG:matplotlib.font_manager:findfont: score(<Font 'Tlwg Typewriter' (TlwgTypewriter.ttf) normal normal 400 normal>) = 10.05
DEBUG:matplotlib.font_manager:findfont: score(<Font 'Tlwg Typo' (TlwgTypo-Oblique.ttf) oblique normal 400 normal>) = 11.05
DEBUG:matplotlib.font_manager:findfont: score(<Font 'DejaVu Sans' (DejaVuSansCondensed-Bold.ttf) normal normal bold condensed>) = 0.5349999999999999
DEBUG:matplotlib.font_manager:findfont: score(<Font 'Dyuthi' (Dyuthi.ttf) normal normal 400 normal>) = 10.05
DEBUG:matplotlib.font_manager:findfont: score(<Font 'KacstOne' (KacstOne.ttf) normal normal 400 normal>) = 10.05
DEBUG:matplotlib.font_manager:findfont: score(<Font 'Suruma' (Suruma.ttf) normal normal 400 normal>) = 10.05
DEBUG:matplotlib.font_manager:findfont: score(<Font 'Liberation Serif' (LiberationSerif-Bold.ttf) normal normal bold normal>) = 10.335
DEBUG:matplotlib.font_manager:findfont: score(<Font 'Kalapi' (Kalapi.ttf) normal normal 400 normal>) = 10.05
DEBUG:matplotlib.font_manager:findfont: score(<Font 'Tlwg Typewriter' (TlwgTypewriter-Bold.ttf) normal normal bold normal>) = 10.335
DEBUG:matplotlib.font_manager:findfont: score(<Font 'Loma' (Loma-Oblique.ttf) oblique normal 400 normal>) = 11.05
DEBUG:matplotlib.font_manager:findfont: score(<Font 'Kinnari' (Kinnari-Bold.ttf) normal normal bold normal>) = 10.335
DEBUG:matplotlib.font_manager:findfont: score(<Font 'Sahadeva' (sahadeva.ttf) normal normal 400 normal>) = 10.05
DEBUG:matplotlib.font_manager:findfont: score(<Font 'LKLUG' (lklug.ttf) normal normal 400 normal>) = 10.05
DEBUG:matplotlib.font_manager:findfont: score(<Font 'Liberation Serif' (LiberationSerif-Italic.ttf) italic normal 400 normal>) = 11.05
DEBUG:matplotlib.font_manager:findfont: score(<Font 'Tlwg Typist' (TlwgTypist.ttf) normal normal 400 normal>) = 10.05
DEBUG:matplotlib.font_manager:findfont: score(<Font 'Mitra Mono' (mitra.ttf) normal normal 400 normal>) = 10.05
DEBUG:matplotlib.font_manager:findfont: score(<Font 'Lohit Bengali' (Lohit-Bengali.ttf) normal normal 400 normal>) = 10.05
DEBUG:matplotlib.font_manager:findfont: score(<Font 'Jamrul' (JamrulNormal.ttf) normal normal 400 normal>) = 10.05
DEBUG:matplotlib.font_manager:findfont: score(<Font 'DejaVu Sans' (DejaVuSansCondensed.ttf) normal normal 400 condensed>) = 0.25
DEBUG:matplotlib.font_manager:findfont: score(<Font 'Padauk Book' (PadaukBook-Bold.ttf) normal normal book normal>) = 10.05
DEBUG:matplotlib.font_manager:findfont: score(<Font 'KacstScreen' (KacstScreen.ttf) normal normal 400 normal>) = 10.05
DEBUG:matplotlib.font_manager:findfont: score(<Font 'Samyak Gujarati' (Samyak-Gujarati.ttf) normal normal 400 normal>) = 10.05
DEBUG:matplotlib.font_manager:findfont: score(<Font 'Ubuntu' (Ubuntu-LI.ttf) italic normal light normal>) = 11.24
DEBUG:matplotlib.font_manager:findfont: score(<Font 'Norasi' (Norasi-BoldOblique.ttf) oblique normal bold normal>) = 11.335
DEBUG:matplotlib.font_manager:findfont: score(<Font 'Laksaman' (Laksaman-Italic.ttf) italic normal 400 normal>) = 11.05
DEBUG:matplotlib.font_manager:findfont: score(<Font 'Ubuntu Condensed' (Ubuntu-C.ttf) normal normal 400 condensed>) = 10.25
DEBUG:matplotlib.font_manager:findfont: score(<Font 'Karumbi' (Karumbi.ttf) normal normal 400 normal>) = 10.05
DEBUG:matplotlib.font_manager:findfont: score(<Font 'Kinnari' (Kinnari-Italic.ttf) italic normal 400 normal>) = 11.05
DEBUG:matplotlib.font_manager:findfont: score(<Font 'Ubuntu' (Ubuntu-BI.ttf) italic normal bold normal>) = 11.335
DEBUG:matplotlib.font_manager:findfont: score(<Font 'Loma' (Loma-BoldOblique.ttf) oblique normal bold normal>) = 11.335
DEBUG:matplotlib.font_manager:findfont: score(<Font 'Laksaman' (Laksaman.ttf) normal normal 400 normal>) = 10.05
DEBUG:matplotlib.font_manager:findfont: score(<Font 'Laksaman' (Laksaman-BoldItalic.ttf) italic normal bold normal>) = 11.335
DEBUG:matplotlib.font_manager:findfont: score(<Font 'Likhan' (LikhanNormal.ttf) normal normal 400 normal>) = 10.05
DEBUG:matplotlib.font_manager:findfont: score(<Font 'Lohit Telugu' (Lohit-Telugu.ttf) normal normal 400 normal>) = 10.05
DEBUG:matplotlib.font_manager:findfont: score(<Font 'Liberation Sans Narrow' (LiberationSansNarrow-BoldItalic.ttf) italic normal bold condensed>) = 11.535
DEBUG:matplotlib.font_manager:findfont: score(<Font 'FreeMono' (FreeMono.ttf) normal normal 400 normal>) = 10.05
DEBUG:matplotlib.font_manager:findfont: score(<Font 'padmaa' (padmaa-Medium-0.5.ttf) normal normal normal normal>) = 10.0
DEBUG:matplotlib.font_manager:findfont: score(<Font 'Sawasdee' (Sawasdee-Oblique.ttf) oblique normal 400 normal>) = 11.05
DEBUG:matplotlib.font_manager:findfont: score(<Font 'Umpush' (Umpush-Light.ttf) normal normal light normal>) = 10.24
DEBUG:matplotlib.font_manager:findfont: score(<Font 'KacstOne' (KacstOne-Bold.ttf) normal normal bold normal>) = 10.335
DEBUG:matplotlib.font_manager:findfont: score(<Font 'Waree' (Waree.ttf) normal normal 400 normal>) = 10.05
DEBUG:matplotlib.font_manager:findfont: score(<Font 'Lohit Devanagari' (Lohit-Devanagari.ttf) normal normal 400 normal>) = 10.05
DEBUG:matplotlib.font_manager:findfont: score(<Font 'Tlwg Typewriter' (TlwgTypewriter-Oblique.ttf) oblique normal 400 normal>) = 11.05
DEBUG:matplotlib.font_manager:findfont: score(<Font 'Tlwg Typist' (TlwgTypist-Bold.ttf) normal normal bold normal>) = 10.335
DEBUG:matplotlib.font_manager:findfont: score(<Font 'Ubuntu Mono' (UbuntuMono-R.ttf) normal normal 400 normal>) = 10.05
DEBUG:matplotlib.font_manager:findfont: score(<Font 'Tibetan Machine Uni' (TibetanMachineUni.ttf) normal normal 400 normal>) = 10.05
DEBUG:matplotlib.font_manager:findfont: score(<Font 'Khmer OS System' (KhmerOSsys.ttf) normal normal 400 normal>) = 10.05
DEBUG:matplotlib.font_manager:findfont: score(<Font 'Droid Sans Fallback' (DroidSansFallbackFull.ttf) normal normal 400 normal>) = 10.05
DEBUG:matplotlib.font_manager:findfont: score(<Font 'Purisa' (Purisa.ttf) normal normal 400 normal>) = 10.05
DEBUG:matplotlib.font_manager:findfont: score(<Font 'Padauk' (Padauk-Regular.ttf) normal normal 400 normal>) = 10.05
DEBUG:matplotlib.font_manager:findfont: score(<Font 'Manjari' (Manjari-Bold.otf) normal normal bold normal>) = 10.335
DEBUG:matplotlib.font_manager:findfont: score(<Font 'KacstNaskh' (KacstNaskh.ttf) normal normal 400 normal>) = 10.05
DEBUG:matplotlib.font_manager:findfont: score(<Font 'Keraleeyam' (Keraleeyam.ttf) normal normal 700 normal>) = 10.335
DEBUG:matplotlib.font_manager:findfont: score(<Font 'Purisa' (Purisa-Bold.ttf) normal normal bold normal>) = 10.335
DEBUG:matplotlib.font_manager:findfont: score(<Font 'Norasi' (Norasi.ttf) normal normal 400 normal>) = 10.05
DEBUG:matplotlib.font_manager:findfont: score(<Font 'KacstPen' (KacstPen.ttf) normal normal 400 normal>) = 10.05
DEBUG:matplotlib.font_manager:findfont: score(<Font 'Kinnari' (Kinnari-Oblique.ttf) oblique normal 400 normal>) = 11.05
DEBUG:matplotlib.font_manager:findfont: score(<Font 'Garuda' (Garuda-BoldOblique.ttf) oblique normal bold normal>) = 11.335
DEBUG:matplotlib.font_manager:findfont: score(<Font 'Liberation Sans' (LiberationSans-BoldItalic.ttf) italic normal bold normal>) = 11.335
DEBUG:matplotlib.font_manager:findfont: score(<Font 'Tlwg Typo' (TlwgTypo.ttf) normal normal 400 normal>) = 10.05
DEBUG:matplotlib.font_manager:findfont: score(<Font 'FreeMono' (FreeMonoOblique.ttf) oblique normal 400 normal>) = 11.05
DEBUG:matplotlib.font_manager:findfont: score(<Font 'Tlwg Typo' (TlwgTypo-Bold.ttf) normal normal bold normal>) = 10.335
DEBUG:matplotlib.font_manager:findfont: score(<Font 'Noto Mono' (NotoMono-Regular.ttf) normal normal 400 normal>) = 10.05
DEBUG:matplotlib.font_manager:findfont: score(<Font 'FreeSans' (FreeSansBoldOblique.ttf) oblique normal bold normal>) = 11.335
DEBUG:matplotlib.font_manager:findfont: score(<Font 'Liberation Sans' (LiberationSans-Bold.ttf) normal normal bold normal>) = 10.335
DEBUG:matplotlib.font_manager:findfont: score(<Font 'Liberation Sans Narrow' (LiberationSansNarrow-Regular.ttf) normal normal 400 condensed>) = 10.25
DEBUG:matplotlib.font_manager:findfont: score(<Font 'RaghuMalayalam' (RaghuMalayalamSans-Regular.ttf) normal normal regular normal>) = 10.05
DEBUG:matplotlib.font_manager:findfont: score(<Font 'Kalimati' (kalimati.ttf) normal normal 400 normal>) = 10.05
DEBUG:matplotlib.font_manager:findfont: score(<Font 'Samyak Malayalam' (Samyak-Malayalam.ttf) normal normal 400 normal>) = 10.05
DEBUG:matplotlib.font_manager:findfont: score(<Font 'KacstDecorative' (KacstDecorative.ttf) normal normal 400 normal>) = 10.05
DEBUG:matplotlib.font_manager:findfont: score(<Font 'Abyssinica SIL' (AbyssinicaSIL-R.ttf) normal normal 400 normal>) = 10.05
DEBUG:matplotlib.font_manager:findfont: score(<Font 'AnjaliOldLipi' (AnjaliOldLipi.ttf) normal normal 400 normal>) = 10.05
DEBUG:matplotlib.font_manager:findfont: score(<Font 'Manjari' (Manjari-Thin.otf) normal normal 400 normal>) = 10.05
DEBUG:matplotlib.font_manager:findfont: score(<Font 'KacstArt' (KacstArt.ttf) normal normal 400 normal>) = 10.05
DEBUG:matplotlib.font_manager:findfont: score(<Font 'Purisa' (Purisa-Oblique.ttf) oblique normal 400 normal>) = 11.05
DEBUG:matplotlib.font_manager:findfont: score(<Font 'Lohit Odia' (Lohit-Odia.ttf) normal normal 400 normal>) = 10.05
DEBUG:matplotlib.font_manager:findfont: score(<Font 'KacstDigital' (KacstDigital.ttf) normal normal 400 normal>) = 10.05
DEBUG:matplotlib.font_manager:findfont: score(<Font 'Samyak Devanagari' (Samyak-Devanagari.ttf) normal normal 400 normal>) = 10.05
DEBUG:matplotlib.font_manager:findfont: score(<Font 'Umpush' (Umpush-Oblique.ttf) oblique normal 400 normal>) = 11.05
DEBUG:matplotlib.font_manager:findfont: score(<Font 'Lohit Tamil' (Lohit-Tamil.ttf) normal normal 400 normal>) = 10.05
DEBUG:matplotlib.font_manager:findfont: score(<Font 'Ubuntu' (Ubuntu-L.ttf) normal normal light normal>) = 10.24
DEBUG:matplotlib.font_manager:findfont: score(<Font 'Liberation Mono' (LiberationMono-Regular.ttf) normal normal 400 normal>) = 10.05
DEBUG:matplotlib.font_manager:findfont: score(<Font 'mry_KacstQurn' (mry_KacstQurn.ttf) normal normal 400 normal>) = 10.05
DEBUG:matplotlib.font_manager:findfont: score(<Font 'Liberation Mono' (LiberationMono-BoldItalic.ttf) italic normal bold normal>) = 11.335
DEBUG:matplotlib.font_manager:findfont: score(<Font 'Laksaman' (Laksaman-Bold.ttf) normal normal bold normal>) = 10.335
DEBUG:matplotlib.font_manager:findfont: score(<Font 'DejaVu Sans' (DejaVuSansCondensed-BoldOblique.ttf) oblique normal bold condensed>) = 1.535
DEBUG:matplotlib.font_manager:findfont: score(<Font 'Umpush' (Umpush.ttf) normal normal 400 normal>) = 10.05
DEBUG:matplotlib.font_manager:findfont: score(<Font 'Khmer OS' (KhmerOS.ttf) normal normal 400 normal>) = 10.05
DEBUG:matplotlib.font_manager:findfont: score(<Font 'Garuda' (Garuda.ttf) normal normal 400 normal>) = 10.05
DEBUG:matplotlib.font_manager:findfont: score(<Font 'DejaVu Sans' (DejaVuSansCondensed-Oblique.ttf) oblique normal 400 condensed>) = 1.25
DEBUG:matplotlib.font_manager:findfont: score(<Font 'FreeSans' (FreeSansOblique.ttf) oblique normal 400 normal>) = 11.05
DEBUG:matplotlib.font_manager:findfont: score(<Font 'FreeSerif' (FreeSerif.ttf) normal normal 400 normal>) = 10.05
DEBUG:matplotlib.font_manager:findfont: score(<Font 'Noto Sans CJK JP' (NotoSansCJK-Bold.ttc) normal normal bold normal>) = 10.335
DEBUG:matplotlib.font_manager:findfont: score(<Font 'Rachana' (Rachana-Bold.ttf) normal normal bold normal>) = 10.335
DEBUG:matplotlib.font_manager:findfont: score(<Font 'DejaVu Serif' (DejaVuSerifCondensed.ttf) normal normal 400 condensed>) = 10.25
DEBUG:matplotlib.font_manager:findfont: score(<Font 'padmaa-Bold.1.1' (padmaa-Bold.1.1.ttf) normal normal bold normal>) = 10.335
DEBUG:matplotlib.font_manager:findfont: score(<Font 'Uroob' (Uroob.ttf) normal normal 700 normal>) = 10.335
DEBUG:matplotlib.font_manager:findfont: score(<Font 'Purisa' (Purisa-BoldOblique.ttf) oblique normal bold normal>) = 11.335
DEBUG:matplotlib.font_manager:findfont: score(<Font 'Vemana2000' (vemana2000.ttf) normal normal 400 normal>) = 10.05
DEBUG:matplotlib.font_manager:findfont: score(<Font 'KacstLetter' (KacstLetter.ttf) normal normal 400 normal>) = 10.05
DEBUG:matplotlib.font_manager:findfont: score(<Font 'KacstOffice' (KacstOffice.ttf) normal normal 400 normal>) = 10.05
DEBUG:matplotlib.font_manager:findfont: score(<Font 'DejaVu Math TeX Gyre' (DejaVuMathTeXGyre.ttf) normal normal regular normal>) = 10.05
DEBUG:matplotlib.font_manager:findfont: score(<Font 'Chandas' (chandas1-2.ttf) normal normal 400 normal>) = 10.05
DEBUG:matplotlib.font_manager:findfont: score(<Font 'Samyak Tamil' (Samyak-Tamil.ttf) normal normal 400 normal>) = 10.05
DEBUG:matplotlib.font_manager:findfont: score(<Font 'aakar' (aakar-medium.ttf) normal normal 400 normal>) = 10.05
DEBUG:matplotlib.font_manager:findfont: score(<Font 'KacstTitleL' (KacstTitleL.ttf) normal normal 400 normal>) = 10.05
DEBUG:matplotlib.font_manager:findfont: score(<Font 'Nakula' (nakula.ttf) normal normal 400 normal>) = 10.05
DEBUG:matplotlib.font_manager:findfont: score(<Font 'Kinnari' (Kinnari.ttf) normal normal 400 normal>) = 10.05
DEBUG:matplotlib.font_manager:findfont: score(<Font 'Tlwg Mono' (TlwgMono-Oblique.ttf) oblique normal 400 normal>) = 11.05
DEBUG:matplotlib.font_manager:findfont: score(<Font 'OpenSymbol' (opens___.ttf) normal normal 400 normal>) = 10.05
DEBUG:matplotlib.font_manager:findfont: score(<Font 'Noto Sans CJK JP' (NotoSansCJK-Regular.ttc) normal normal 400 normal>) = 10.05
DEBUG:matplotlib.font_manager:findfont: score(<Font 'Ubuntu Mono' (UbuntuMono-B.ttf) normal normal bold normal>) = 10.335
DEBUG:matplotlib.font_manager:findfont: score(<Font 'KacstFarsi' (KacstFarsi.ttf) normal normal 400 normal>) = 10.05
DEBUG:matplotlib.font_manager:findfont: score(<Font 'Loma' (Loma.ttf) normal normal 400 normal>) = 10.05
DEBUG:matplotlib.font_manager:findfont: score(<Font 'Gargi' (Gargi.ttf) normal normal 400 normal>) = 10.05
DEBUG:matplotlib.font_manager:findfont: score(<Font 'DejaVu Serif' (DejaVuSerifCondensed-Italic.ttf) italic normal 400 condensed>) = 11.25
DEBUG:matplotlib.font_manager:findfont: score(<Font 'FreeMono' (FreeMonoBoldOblique.ttf) oblique normal bold normal>) = 11.335
DEBUG:matplotlib.font_manager:findfont: score(<Font 'DejaVu Serif' (DejaVuSerifCondensed-BoldItalic.ttf) italic normal bold condensed>) = 11.535
DEBUG:matplotlib.font_manager:findfont: score(<Font 'Sawasdee' (Sawasdee-BoldOblique.ttf) oblique normal bold normal>) = 11.335
DEBUG:matplotlib.font_manager:findfont: score(<Font 'Waree' (Waree-BoldOblique.ttf) oblique normal bold normal>) = 11.335
DEBUG:matplotlib.font_manager:findfont: score(<Font 'Tlwg Mono' (TlwgMono-Bold.ttf) normal normal bold normal>) = 10.335
DEBUG:matplotlib.font_manager:findfont: score(<Font 'Liberation Sans Narrow' (LiberationSansNarrow-Bold.ttf) normal normal bold condensed>) = 10.535
DEBUG:matplotlib.font_manager:findfont: score(<Font 'Sawasdee' (Sawasdee.ttf) normal normal 400 normal>) = 10.05
DEBUG:matplotlib.font_manager:findfont: score(<Font 'Liberation Mono' (LiberationMono-Italic.ttf) italic normal 400 normal>) = 11.05
DEBUG:matplotlib.font_manager:findfont: score(<Font 'DejaVu Sans' (DejaVuSans-ExtraLight.ttf) normal normal light normal>) = 0.24
DEBUG:matplotlib.font_manager:findfont: score(<Font 'FreeMono' (FreeMonoBold.ttf) normal normal bold normal>) = 10.335
DEBUG:matplotlib.font_manager:findfont: score(<Font 'Padauk' (Padauk-Bold.ttf) normal normal bold normal>) = 10.335
DEBUG:matplotlib.font_manager:findfont: score(<Font 'Phetsarath OT' (Phetsarath_OT.ttf) normal normal 400 normal>) = 10.05
DEBUG:matplotlib.font_manager:findfont: score(<Font 'Ubuntu' (Ubuntu-B.ttf) normal normal bold normal>) = 10.335
DEBUG:matplotlib.font_manager:findfont: score(<Font 'Garuda' (Garuda-Bold.ttf) normal normal bold normal>) = 10.335
DEBUG:matplotlib.font_manager:findfont: score(<Font 'Umpush' (Umpush-LightOblique.ttf) oblique normal light normal>) = 11.24
DEBUG:matplotlib.font_manager:findfont: score(<Font 'Padauk Book' (PadaukBook-Regular.ttf) normal normal book normal>) = 10.05
DEBUG:matplotlib.font_manager:findfont: score(<Font 'Saab' (Saab.ttf) normal normal 400 normal>) = 10.05
DEBUG:matplotlib.font_manager:findfont: score(<Font 'Mukti Narrow' (MuktiNarrowBold.ttf) normal normal 700 normal>) = 10.335
DEBUG:matplotlib.font_manager:findfont: score(<Font 'Tlwg Typist' (TlwgTypist-BoldOblique.ttf) oblique normal bold normal>) = 11.335
DEBUG:matplotlib.font_manager:findfont: score(<Font 'Liberation Sans Narrow' (LiberationSansNarrow-Italic.ttf) italic normal 400 condensed>) = 11.25
DEBUG:matplotlib.font_manager:findfont: score(<Font 'Waree' (Waree-Oblique.ttf) oblique normal 400 normal>) = 11.05
DEBUG:matplotlib.font_manager:findfont: score(<Font 'Navilu' (Navilu.ttf) normal normal 400 normal>) = 10.05
DEBUG:matplotlib.font_manager:findfont: score(<Font 'Garuda' (Garuda-Oblique.ttf) oblique normal 400 normal>) = 11.05
DEBUG:matplotlib.font_manager:findfont: score(<Font 'Ubuntu' (Ubuntu-R.ttf) normal normal 400 normal>) = 10.05
DEBUG:matplotlib.font_manager:findfont: score(<Font 'Sawasdee' (Sawasdee-Bold.ttf) normal normal bold normal>) = 10.335
DEBUG:matplotlib.font_manager:findfont: score(<Font 'KacstPoster' (KacstPoster.ttf) normal normal 400 normal>) = 10.05
DEBUG:matplotlib.font_manager:findfont: score(<Font 'KacstTitle' (KacstTitle.ttf) normal normal 400 normal>) = 10.05
DEBUG:matplotlib.font_manager:findfont: score(<Font 'FreeSans' (FreeSans.ttf) normal normal 400 normal>) = 10.05
DEBUG:matplotlib.font_manager:findfont: score(<Font 'ori1Uni' (utkal.ttf) normal normal medium normal>) = 10.145
DEBUG:matplotlib.font_manager:findfont: score(<Font 'Ubuntu Mono' (UbuntuMono-BI.ttf) italic normal bold normal>) = 11.335
DEBUG:matplotlib.font_manager:findfont: score(<Font 'Samanata' (samanata.ttf) normal normal 400 normal>) = 10.05
DEBUG:matplotlib.font_manager:findfont: score(<Font 'Chilanka' (Chilanka-Regular.ttf) normal normal regular normal>) = 10.05
DEBUG:matplotlib.font_manager:findfont: score(<Font 'Norasi' (Norasi-BoldItalic.ttf) italic normal bold normal>) = 11.335
DEBUG:matplotlib.font_manager:findfont: score(<Font 'Mukti Narrow' (MuktiNarrow.ttf) normal normal 400 normal>) = 10.05
DEBUG:matplotlib.font_manager:findfont: score(<Font 'Ani' (ani.ttf) normal normal 400 normal>) = 10.05
DEBUG:matplotlib.font_manager:findfont: score(<Font 'Noto Serif CJK JP' (NotoSerifCJK-Bold.ttc) normal normal bold normal>) = 10.335
DEBUG:matplotlib.font_manager:findfont: score(<Font 'Manjari' (Manjari-Regular.otf) normal normal regular normal>) = 10.05
DEBUG:matplotlib.font_manager:findfont: score(<Font 'Lohit Assamese' (Lohit-Assamese.ttf) normal normal 400 normal>) = 10.05
DEBUG:matplotlib.font_manager:findfont: score(<Font 'Kinnari' (Kinnari-BoldItalic.ttf) italic normal bold normal>) = 11.335
DEBUG:matplotlib.font_manager:findfont: score(<Font 'Gubbi' (Gubbi.ttf) normal normal 400 normal>) = 10.05
DEBUG:matplotlib.font_manager:findfont: score(<Font 'Ubuntu' (Ubuntu-M.ttf) normal normal medium normal>) = 10.145
DEBUG:matplotlib.font_manager:findfont: score(<Font 'Liberation Serif' (LiberationSerif-BoldItalic.ttf) italic normal bold normal>) = 11.335
DEBUG:matplotlib.font_manager:findfont: score(<Font 'Kinnari' (Kinnari-BoldOblique.ttf) oblique normal bold normal>) = 11.335
DEBUG:matplotlib.font_manager:findfont: score(<Font 'FreeSans' (FreeSansBold.ttf) normal normal bold normal>) = 10.335
DEBUG:matplotlib.font_manager:findfont: score(<Font 'Liberation Sans' (LiberationSans-Italic.ttf) italic normal 400 normal>) = 11.05
DEBUG:matplotlib.font_manager:findfont: score(<Font 'padmaa' (padmaa.ttf) normal normal 400 normal>) = 10.05
DEBUG:matplotlib.font_manager:findfont: score(<Font 'Rekha' (Rekha.ttf) normal normal 400 normal>) = 10.05
DEBUG:matplotlib.font_manager:findfont: score(<Font 'Lohit Gujarati' (Lohit-Gujarati.ttf) normal normal 400 normal>) = 10.05
DEBUG:matplotlib.font_manager:findfont: score(<Font 'Umpush' (Umpush-Bold.ttf) normal normal bold normal>) = 10.335
DEBUG:matplotlib.font_manager:findfont: score(<Font 'DejaVu Serif' (DejaVuSerifCondensed-Bold.ttf) normal normal bold condensed>) = 10.535
DEBUG:matplotlib.font_manager:findfont: score(<Font 'Norasi' (Norasi-Bold.ttf) normal normal bold normal>) = 10.335
DEBUG:matplotlib.font_manager:findfont: score(<Font 'Norasi' (Norasi-Italic.ttf) italic normal 400 normal>) = 11.05
DEBUG:matplotlib.font_manager:findfont: score(<Font 'FreeSerif' (FreeSerifBold.ttf) normal normal bold normal>) = 10.335
DEBUG:matplotlib.font_manager:findfont: score(<Font 'Tlwg Typist' (TlwgTypist-Oblique.ttf) oblique normal 400 normal>) = 11.05
DEBUG:matplotlib.font_manager:findfont: score(<Font 'Tlwg Mono' (TlwgMono-BoldOblique.ttf) oblique normal bold normal>) = 11.335
DEBUG:matplotlib.font_manager:findfont: score(<Font 'Pothana2000' (Pothana2000.ttf) normal normal 400 normal>) = 10.05
DEBUG:matplotlib.font_manager:findfont: score(<Font 'Rachana' (Rachana-Regular.ttf) normal normal regular normal>) = 10.05
DEBUG:matplotlib.font_manager:findfont: score(<Font 'Ubuntu' (Ubuntu-MI.ttf) italic normal medium normal>) = 11.145
DEBUG:matplotlib.font_manager:findfont: score(<Font 'Sarai' (Sarai.ttf) normal normal 400 normal>) = 10.05
DEBUG:matplotlib.font_manager:findfont: score(<Font 'KacstQurn' (KacstQurn.ttf) normal normal 400 normal>) = 10.05
DEBUG:matplotlib.font_manager:findfont: score(<Font 'Tlwg Mono' (TlwgMono.ttf) normal normal 400 normal>) = 10.05
DEBUG:matplotlib.font_manager:findfont: score(<Font 'Lohit Gurmukhi' (Lohit-Gurmukhi.ttf) normal normal 400 normal>) = 10.05
DEBUG:matplotlib.font_manager:findfont: score(<Font 'Tlwg Typewriter' (TlwgTypewriter-BoldOblique.ttf) oblique normal bold normal>) = 11.335
DEBUG:matplotlib.font_manager:findfont: score(<Font 'Umpush' (Umpush-BoldOblique.ttf) oblique normal bold normal>) = 11.335
DEBUG:matplotlib.font_manager:findfont: score(<Font 'KacstBook' (KacstBook.ttf) normal normal book normal>) = 10.05
DEBUG:matplotlib.font_manager:findfont: score(<Font 'Pagul' (Pagul.ttf) normal normal 400 normal>) = 10.05
DEBUG:matplotlib.font_manager:findfont: score(<Font 'FreeSerif' (FreeSerifBoldItalic.ttf) italic normal bold normal>) = 11.335
DEBUG:matplotlib.font_manager:findfont: score(<Font 'Lohit Kannada' (Lohit-Kannada.ttf) normal normal 400 normal>) = 10.05
DEBUG:matplotlib.font_manager:findfont: Matching :family=sans-serif:style=normal:variant=normal:weight=normal:stretch=normal:size=12.0 to DejaVu Sans ('/home/ram/.local/lib/python3.6/site-packages/matplotlib/mpl-data/fonts/ttf/DejaVuSans.ttf') with score of 0.050000.
DEBUG:roipoly.roipoly:Received single left mouse button click
DEBUG:roipoly.roipoly:draw line x: [15.538961038961006, 16.318181818181785] y: [74.61688311688312, 73.83766233766235]
DEBUG:roipoly.roipoly:draw line x: [15.538961038961006, 44.370129870129844] y: [74.61688311688312, 69.16233766233768]
DEBUG:roipoly.roipoly:draw line x: [15.538961038961006, 111.38311688311686] y: [74.61688311688312, 65.26623376623377]
DEBUG:roipoly.roipoly:draw line x: [15.538961038961006, 199.43506493506493] y: [74.61688311688312, 65.26623376623377]
DEBUG:roipoly.roipoly:draw line x: [15.538961038961006, 247.74675324675326] y: [74.61688311688312, 65.26623376623377]
DEBUG:roipoly.roipoly:draw line x: [15.538961038961006, 249.3051948051948] y: [74.61688311688312, 65.26623376623377]
DEBUG:roipoly.roipoly:draw line x: [15.538961038961006, 250.08441558441558] y: [74.61688311688312, 65.26623376623377]
DEBUG:roipoly.roipoly:draw line x: [15.538961038961006, 251.64285714285717] y: [74.61688311688312, 63.70779220779224]
DEBUG:roipoly.roipoly:draw line x: [15.538961038961006, 257.0974025974026] y: [74.61688311688312, 60.59090909090912]
DEBUG:roipoly.roipoly:draw line x: [15.538961038961006, 267.22727272727275] y: [74.61688311688312, 57.474025974026006]
DEBUG:roipoly.roipoly:draw line x: [15.538961038961006, 272.6818181818182] y: [74.61688311688312, 55.136363636363626]
DEBUG:roipoly.roipoly:draw line x: [15.538961038961006, 274.2402597402598] y: [74.61688311688312, 53.577922077922096]
DEBUG:roipoly.roipoly:draw line x: [15.538961038961006, 282.81168831168833] y: [74.61688311688312, 45.78571428571428]
DEBUG:roipoly.roipoly:draw line x: [15.538961038961006, 294.5] y: [74.61688311688312, 34.8766233766234]
DEBUG:roipoly.roipoly:draw line x: [15.538961038961006, 307.74675324675326] y: [74.61688311688312, 19.29220779220782]
DEBUG:roipoly.roipoly:draw line x: [15.538961038961006, 313.2012987012987] y: [74.61688311688312, 11.5]
DEBUG:roipoly.roipoly:Received single left mouse button click
DEBUG:roipoly.roipoly:draw line x: [15.538961038961006, 313.2012987012987] y: [74.61688311688312, 11.5]
DEBUG:roipoly.roipoly:draw line x: [313.2012987012987, 313.9805194805195] y: [11.5, 10.720779220779207]
DEBUG:roipoly.roipoly:draw line x: [313.2012987012987, 314.7597402597403] y: [11.5, 10.720779220779207]
DEBUG:roipoly.roipoly:draw line x: [313.2012987012987, 317.0974025974026] y: [11.5, 22.409090909090935]
DEBUG:roipoly.roipoly:draw line x: [313.2012987012987, 315.5389610389611] y: [11.5, 92.53896103896105]
DEBUG:roipoly.roipoly:draw line x: [313.2012987012987, 321.7727272727273] y: [11.5, 148.64285714285717]
DEBUG:roipoly.roipoly:draw line x: [313.2012987012987, 331.12337662337666] y: [11.5, 186.82467532467535]
DEBUG:roipoly.roipoly:draw line x: [313.2012987012987, 337.3571428571429] y: [11.5, 207.0844155844156]
DEBUG:roipoly.roipoly:draw line x: [313.2012987012987, 338.1363636363637] y: [11.5, 213.31818181818184]
DEBUG:roipoly.roipoly:draw line x: [313.2012987012987, 338.1363636363637] y: [11.5, 214.8766233766234]
DEBUG:roipoly.roipoly:draw line x: [313.2012987012987, 336.5779220779221] y: [11.5, 217.21428571428572]
DEBUG:roipoly.roipoly:draw line x: [313.2012987012987, 335.01948051948057] y: [11.5, 220.33116883116884]
DEBUG:roipoly.roipoly:draw line x: [313.2012987012987, 333.461038961039] y: [11.5, 221.88961038961043]
DEBUG:roipoly.roipoly:draw line x: [313.2012987012987, 331.90259740259745] y: [11.5, 221.88961038961043]
DEBUG:roipoly.roipoly:Received single left mouse button click
DEBUG:roipoly.roipoly:draw line x: [313.2012987012987, 331.90259740259745] y: [11.5, 221.88961038961043]
DEBUG:roipoly.roipoly:draw line x: [331.90259740259745, 331.12337662337666] y: [221.88961038961043, 221.11038961038963]
DEBUG:roipoly.roipoly:draw line x: [331.90259740259745, 322.5519480519481] y: [221.88961038961043, 220.33116883116884]
DEBUG:roipoly.roipoly:draw line x: [331.90259740259745, 302.2922077922078] y: [221.88961038961043, 221.88961038961043]
DEBUG:roipoly.roipoly:draw line x: [331.90259740259745, 272.6818181818182] y: [221.88961038961043, 225.00649350649354]
DEBUG:roipoly.roipoly:draw line x: [331.90259740259745, 248.52597402597405] y: [221.88961038961043, 231.24025974025977]
DEBUG:roipoly.roipoly:draw line x: [331.90259740259745, 242.29220779220782] y: [221.88961038961043, 234.3571428571429]
DEBUG:roipoly.roipoly:draw line x: [331.90259740259745, 225.14935064935065] y: [221.88961038961043, 240.59090909090912]
DEBUG:roipoly.roipoly:draw line x: [331.90259740259745, 196.3181818181818] y: [221.88961038961043, 253.83766233766235]
DEBUG:roipoly.roipoly:draw line x: [331.90259740259745, 173.7207792207792] y: [221.88961038961043, 265.52597402597405]
DEBUG:roipoly.roipoly:draw line x: [331.90259740259745, 146.44805194805193] y: [221.88961038961043, 272.5389610389611]
DEBUG:roipoly.roipoly:draw line x: [331.90259740259745, 131.64285714285714] y: [221.88961038961043, 276.43506493506493]
DEBUG:roipoly.roipoly:draw line x: [331.90259740259745, 130.08441558441558] y: [221.88961038961043, 276.43506493506493]
DEBUG:roipoly.roipoly:draw line x: [331.90259740259745, 128.52597402597402] y: [221.88961038961043, 277.2142857142857]
DEBUG:roipoly.roipoly:draw line x: [331.90259740259745, 126.96753246753246] y: [221.88961038961043, 277.9935064935065]
DEBUG:roipoly.roipoly:draw line x: [331.90259740259745, 126.18831168831167] y: [221.88961038961043, 278.7727272727273]
DEBUG:roipoly.roipoly:draw line x: [331.90259740259745, 124.62987012987011] y: [221.88961038961043, 278.7727272727273]
DEBUG:roipoly.roipoly:draw line x: [331.90259740259745, 123.85064935064935] y: [221.88961038961043, 278.7727272727273]
DEBUG:roipoly.roipoly:draw line x: [331.90259740259745, 122.29220779220779] y: [221.88961038961043, 278.7727272727273]
DEBUG:roipoly.roipoly:draw line x: [331.90259740259745, 119.95454545454544] y: [221.88961038961043, 277.9935064935065]
DEBUG:roipoly.roipoly:draw line x: [331.90259740259745, 112.94155844155841] y: [221.88961038961043, 275.6558441558442]
DEBUG:roipoly.roipoly:draw line x: [331.90259740259745, 108.26623376623374] y: [221.88961038961043, 270.2012987012987]
DEBUG:roipoly.roipoly:draw line x: [331.90259740259745, 106.70779220779218] y: [221.88961038961043, 268.64285714285717]
DEBUG:roipoly.roipoly:draw line x: [331.90259740259745, 103.59090909090907] y: [221.88961038961043, 267.08441558441564]
DEBUG:roipoly.roipoly:draw line x: [331.90259740259745, 102.8116883116883] y: [221.88961038961043, 267.08441558441564]
DEBUG:roipoly.roipoly:draw line x: [331.90259740259745, 102.0324675324675] y: [221.88961038961043, 267.08441558441564]
DEBUG:roipoly.roipoly:draw line x: [331.90259740259745, 100.47402597402595] y: [221.88961038961043, 266.30519480519484]
DEBUG:roipoly.roipoly:draw line x: [331.90259740259745, 96.57792207792207] y: [221.88961038961043, 263.1883116883117]
DEBUG:roipoly.roipoly:draw line x: [331.90259740259745, 92.68181818181816] y: [221.88961038961043, 260.0714285714286]
DEBUG:roipoly.roipoly:draw line x: [331.90259740259745, 91.9025974025974] y: [221.88961038961043, 260.0714285714286]
DEBUG:roipoly.roipoly:Received single left mouse button click
DEBUG:roipoly.roipoly:draw line x: [331.90259740259745, 91.9025974025974] y: [221.88961038961043, 260.0714285714286]
DEBUG:roipoly.roipoly:draw line x: [91.9025974025974, 92.68181818181816] y: [260.0714285714286, 260.0714285714286]
DEBUG:roipoly.roipoly:draw line x: [91.9025974025974, 36.577922077922054] y: [260.0714285714286, 224.22727272727275]
DEBUG:roipoly.roipoly:draw line x: [91.9025974025974, 7.746753246753215] y: [260.0714285714286, 192.2792207792208]
DEBUG:roipoly.roipoly:draw line x: [91.9025974025974, 3.85064935064932] y: [260.0714285714286, 187.60389610389612]
DEBUG:roipoly.roipoly:draw line x: [91.9025974025974, 3.85064935064932] y: [260.0714285714286, 183.70779220779224]
DEBUG:roipoly.roipoly:draw line x: [91.9025974025974, 1.5129870129869687] y: [260.0714285714286, 178.25324675324677]
DEBUG:roipoly.roipoly:draw line x: [91.9025974025974, 1.5129870129869687] y: [260.0714285714286, 177.47402597402598]
DEBUG:roipoly.roipoly:draw line x: [91.9025974025974, 1.5129870129869687] y: [260.0714285714286, 176.6948051948052]
DEBUG:roipoly.roipoly:draw line x: [91.9025974025974, 13.980519480519447] y: [260.0714285714286, 158.77272727272728]
DEBUG:roipoly.roipoly:draw line x: [91.9025974025974, 24.110389610389575] y: [260.0714285714286, 143.9675324675325]
DEBUG:roipoly.roipoly:draw line x: [91.9025974025974, 28.78571428571425] y: [260.0714285714286, 136.95454545454547]
DEBUG:roipoly.roipoly:Received single right mouse button click or double left click
DEBUG:roipoly.roipoly:Stop ROI drawing
