INFO:root:Scene Object change detection Job Started...
DEBUG:root:Monitering started...
DEBUG:matplotlib.font_manager:findfont: Matching :family=sans-serif:style=normal:variant=normal:weight=normal:stretch=normal:size=10.0.
DEBUG:matplotlib.font_manager:findfont: score(<Font 'STIXSizeThreeSym' (STIXSizThreeSymBol.ttf) normal normal bold normal>) = 10.335
DEBUG:matplotlib.font_manager:findfont: score(<Font 'DejaVu Sans Mono' (DejaVuSansMono.ttf) normal normal 400 normal>) = 10.05
DEBUG:matplotlib.font_manager:findfont: score(<Font 'DejaVu Serif' (DejaVuSerif.ttf) normal normal 400 normal>) = 10.05
DEBUG:matplotlib.font_manager:findfont: score(<Font 'DejaVu Sans Mono' (DejaVuSansMono-Bold.ttf) normal normal bold normal>) = 10.335
DEBUG:matplotlib.font_manager:findfont: score(<Font 'cmtt10' (cmtt10.ttf) normal normal 400 normal>) = 10.05
DEBUG:matplotlib.font_manager:findfont: score(<Font 'STIXNonUnicode' (STIXNonUni.ttf) normal normal regular normal>) = 10.05
DEBUG:matplotlib.font_manager:findfont: score(<Font 'STIXSizeFourSym' (STIXSizFourSymBol.ttf) normal normal bold normal>) = 10.335
DEBUG:matplotlib.font_manager:findfont: score(<Font 'STIXNonUnicode' (STIXNonUniBolIta.ttf) italic normal bold normal>) = 11.335
DEBUG:matplotlib.font_manager:findfont: score(<Font 'DejaVu Sans' (DejaVuSans-BoldOblique.ttf) oblique normal bold normal>) = 1.335
DEBUG:matplotlib.font_manager:findfont: score(<Font 'STIXSizeOneSym' (STIXSizOneSymReg.ttf) normal normal regular normal>) = 10.05
DEBUG:matplotlib.font_manager:findfont: score(<Font 'cmr10' (cmr10.ttf) normal normal 400 normal>) = 10.05
DEBUG:matplotlib.font_manager:findfont: score(<Font 'cmss10' (cmss10.ttf) normal normal 400 normal>) = 10.05
DEBUG:matplotlib.font_manager:findfont: score(<Font 'STIXSizeOneSym' (STIXSizOneSymBol.ttf) normal normal bold normal>) = 10.335
DEBUG:matplotlib.font_manager:findfont: score(<Font 'cmb10' (cmb10.ttf) normal normal 400 normal>) = 10.05
DEBUG:matplotlib.font_manager:findfont: score(<Font 'DejaVu Serif' (DejaVuSerif-Italic.ttf) italic normal 400 normal>) = 11.05
DEBUG:matplotlib.font_manager:findfont: score(<Font 'DejaVu Sans Mono' (DejaVuSansMono-BoldOblique.ttf) oblique normal bold normal>) = 11.335
DEBUG:matplotlib.font_manager:findfont: score(<Font 'DejaVu Serif Display' (DejaVuSerifDisplay.ttf) normal normal 400 normal>) = 10.05
DEBUG:matplotlib.font_manager:findfont: score(<Font 'DejaVu Sans Display' (DejaVuSansDisplay.ttf) normal normal 400 normal>) = 10.05
DEBUG:matplotlib.font_manager:findfont: score(<Font 'cmex10' (cmex10.ttf) normal normal 400 normal>) = 10.05
DEBUG:matplotlib.font_manager:findfont: score(<Font 'STIXNonUnicode' (STIXNonUniBol.ttf) normal normal bold normal>) = 10.335
DEBUG:matplotlib.font_manager:findfont: score(<Font 'cmsy10' (cmsy10.ttf) normal normal 400 normal>) = 10.05
DEBUG:matplotlib.font_manager:findfont: score(<Font 'DejaVu Sans' (DejaVuSans-Bold.ttf) normal normal bold normal>) = 0.33499999999999996
DEBUG:matplotlib.font_manager:findfont: score(<Font 'STIXSizeTwoSym' (STIXSizTwoSymBol.ttf) normal normal bold normal>) = 10.335
DEBUG:matplotlib.font_manager:findfont: score(<Font 'DejaVu Sans' (DejaVuSans.ttf) normal normal 400 normal>) = 0.05
DEBUG:matplotlib.font_manager:findfont: score(<Font 'STIXGeneral' (STIXGeneral.ttf) normal normal regular normal>) = 10.05
DEBUG:matplotlib.font_manager:findfont: score(<Font 'STIXSizeFiveSym' (STIXSizFiveSymReg.ttf) normal normal regular normal>) = 10.05
DEBUG:matplotlib.font_manager:findfont: score(<Font 'STIXSizeThreeSym' (STIXSizThreeSymReg.ttf) normal normal regular normal>) = 10.05
DEBUG:matplotlib.font_manager:findfont: score(<Font 'cmmi10' (cmmi10.ttf) normal normal 400 normal>) = 10.05
DEBUG:matplotlib.font_manager:findfont: score(<Font 'STIXGeneral' (STIXGeneralBolIta.ttf) italic normal bold normal>) = 11.335
DEBUG:matplotlib.font_manager:findfont: score(<Font 'DejaVu Sans' (DejaVuSans-Oblique.ttf) oblique normal 400 normal>) = 1.05
DEBUG:matplotlib.font_manager:findfont: score(<Font 'STIXGeneral' (STIXGeneralBol.ttf) normal normal bold normal>) = 10.335
DEBUG:matplotlib.font_manager:findfont: score(<Font 'DejaVu Sans Mono' (DejaVuSansMono-Oblique.ttf) oblique normal 400 normal>) = 11.05
DEBUG:matplotlib.font_manager:findfont: score(<Font 'DejaVu Serif' (DejaVuSerif-Bold.ttf) normal normal bold normal>) = 10.335
DEBUG:matplotlib.font_manager:findfont: score(<Font 'DejaVu Serif' (DejaVuSerif-BoldItalic.ttf) italic normal bold normal>) = 11.335
DEBUG:matplotlib.font_manager:findfont: score(<Font 'STIXNonUnicode' (STIXNonUniIta.ttf) italic normal 400 normal>) = 11.05
DEBUG:matplotlib.font_manager:findfont: score(<Font 'STIXGeneral' (STIXGeneralItalic.ttf) italic normal 400 normal>) = 11.05
DEBUG:matplotlib.font_manager:findfont: score(<Font 'STIXSizeFourSym' (STIXSizFourSymReg.ttf) normal normal regular normal>) = 10.05
DEBUG:matplotlib.font_manager:findfont: score(<Font 'STIXSizeTwoSym' (STIXSizTwoSymReg.ttf) normal normal regular normal>) = 10.05
DEBUG:matplotlib.font_manager:findfont: score(<Font 'Liberation Sans' (LiberationSans-Regular.ttf) normal normal 400 normal>) = 10.05
DEBUG:matplotlib.font_manager:findfont: score(<Font 'Tlwg Typo' (TlwgTypo-BoldOblique.ttf) oblique normal bold normal>) = 11.335
DEBUG:matplotlib.font_manager:findfont: score(<Font 'Liberation Serif' (LiberationSerif-Regular.ttf) normal normal 400 normal>) = 10.05
DEBUG:matplotlib.font_manager:findfont: score(<Font 'Norasi' (Norasi-Oblique.ttf) oblique normal 400 normal>) = 11.05
DEBUG:matplotlib.font_manager:findfont: score(<Font 'Ubuntu' (Ubuntu-RI.ttf) italic normal 400 normal>) = 11.05
DEBUG:matplotlib.font_manager:findfont: score(<Font 'Liberation Mono' (LiberationMono-Bold.ttf) normal normal bold normal>) = 10.335
DEBUG:matplotlib.font_manager:findfont: score(<Font 'Loma' (Loma-Bold.ttf) normal normal bold normal>) = 10.335
DEBUG:matplotlib.font_manager:findfont: score(<Font 'Noto Serif CJK JP' (NotoSerifCJK-Regular.ttc) normal normal 400 normal>) = 10.05
DEBUG:matplotlib.font_manager:findfont: score(<Font 'Waree' (Waree-Bold.ttf) normal normal bold normal>) = 10.335
DEBUG:matplotlib.font_manager:findfont: score(<Font 'Lohit Malayalam' (Lohit-Malayalam.ttf) normal normal 400 normal>) = 10.05
DEBUG:matplotlib.font_manager:findfont: score(<Font 'FreeSerif' (FreeSerifItalic.ttf) italic normal 400 normal>) = 11.05
DEBUG:matplotlib.font_manager:findfont: score(<Font 'Ubuntu Mono' (UbuntuMono-RI.ttf) italic normal 400 normal>) = 11.05
DEBUG:matplotlib.font_manager:findfont: score(<Font 'Meera' (Meera.ttf) normal normal 400 normal>) = 10.05
DEBUG:matplotlib.font_manager:findfont: score(<Font 'Lohit Tamil Classical' (Lohit-Tamil-Classical.ttf) normal normal 400 normal>) = 10.05
DEBUG:matplotlib.font_manager:findfont: score(<Font 'Tlwg Typewriter' (TlwgTypewriter.ttf) normal normal 400 normal>) = 10.05
DEBUG:matplotlib.font_manager:findfont: score(<Font 'Tlwg Typo' (TlwgTypo-Oblique.ttf) oblique normal 400 normal>) = 11.05
DEBUG:matplotlib.font_manager:findfont: score(<Font 'DejaVu Sans' (DejaVuSansCondensed-Bold.ttf) normal normal bold condensed>) = 0.5349999999999999
DEBUG:matplotlib.font_manager:findfont: score(<Font 'Dyuthi' (Dyuthi.ttf) normal normal 400 normal>) = 10.05
DEBUG:matplotlib.font_manager:findfont: score(<Font 'KacstOne' (KacstOne.ttf) normal normal 400 normal>) = 10.05
DEBUG:matplotlib.font_manager:findfont: score(<Font 'Suruma' (Suruma.ttf) normal normal 400 normal>) = 10.05
DEBUG:matplotlib.font_manager:findfont: score(<Font 'Liberation Serif' (LiberationSerif-Bold.ttf) normal normal bold normal>) = 10.335
DEBUG:matplotlib.font_manager:findfont: score(<Font 'Kalapi' (Kalapi.ttf) normal normal 400 normal>) = 10.05
DEBUG:matplotlib.font_manager:findfont: score(<Font 'Tlwg Typewriter' (TlwgTypewriter-Bold.ttf) normal normal bold normal>) = 10.335
DEBUG:matplotlib.font_manager:findfont: score(<Font 'Loma' (Loma-Oblique.ttf) oblique normal 400 normal>) = 11.05
DEBUG:matplotlib.font_manager:findfont: score(<Font 'Kinnari' (Kinnari-Bold.ttf) normal normal bold normal>) = 10.335
DEBUG:matplotlib.font_manager:findfont: score(<Font 'Sahadeva' (sahadeva.ttf) normal normal 400 normal>) = 10.05
DEBUG:matplotlib.font_manager:findfont: score(<Font 'LKLUG' (lklug.ttf) normal normal 400 normal>) = 10.05
DEBUG:matplotlib.font_manager:findfont: score(<Font 'Liberation Serif' (LiberationSerif-Italic.ttf) italic normal 400 normal>) = 11.05
DEBUG:matplotlib.font_manager:findfont: score(<Font 'Tlwg Typist' (TlwgTypist.ttf) normal normal 400 normal>) = 10.05
DEBUG:matplotlib.font_manager:findfont: score(<Font 'Mitra Mono' (mitra.ttf) normal normal 400 normal>) = 10.05
DEBUG:matplotlib.font_manager:findfont: score(<Font 'Lohit Bengali' (Lohit-Bengali.ttf) normal normal 400 normal>) = 10.05
DEBUG:matplotlib.font_manager:findfont: score(<Font 'Jamrul' (JamrulNormal.ttf) normal normal 400 normal>) = 10.05
DEBUG:matplotlib.font_manager:findfont: score(<Font 'DejaVu Sans' (DejaVuSansCondensed.ttf) normal normal 400 condensed>) = 0.25
DEBUG:matplotlib.font_manager:findfont: score(<Font 'Padauk Book' (PadaukBook-Bold.ttf) normal normal book normal>) = 10.05
DEBUG:matplotlib.font_manager:findfont: score(<Font 'KacstScreen' (KacstScreen.ttf) normal normal 400 normal>) = 10.05
DEBUG:matplotlib.font_manager:findfont: score(<Font 'Samyak Gujarati' (Samyak-Gujarati.ttf) normal normal 400 normal>) = 10.05
DEBUG:matplotlib.font_manager:findfont: score(<Font 'Ubuntu' (Ubuntu-LI.ttf) italic normal light normal>) = 11.24
DEBUG:matplotlib.font_manager:findfont: score(<Font 'Norasi' (Norasi-BoldOblique.ttf) oblique normal bold normal>) = 11.335
DEBUG:matplotlib.font_manager:findfont: score(<Font 'Laksaman' (Laksaman-Italic.ttf) italic normal 400 normal>) = 11.05
DEBUG:matplotlib.font_manager:findfont: score(<Font 'Ubuntu Condensed' (Ubuntu-C.ttf) normal normal 400 condensed>) = 10.25
DEBUG:matplotlib.font_manager:findfont: score(<Font 'Karumbi' (Karumbi.ttf) normal normal 400 normal>) = 10.05
DEBUG:matplotlib.font_manager:findfont: score(<Font 'Kinnari' (Kinnari-Italic.ttf) italic normal 400 normal>) = 11.05
DEBUG:matplotlib.font_manager:findfont: score(<Font 'Ubuntu' (Ubuntu-BI.ttf) italic normal bold normal>) = 11.335
DEBUG:matplotlib.font_manager:findfont: score(<Font 'Loma' (Loma-BoldOblique.ttf) oblique normal bold normal>) = 11.335
DEBUG:matplotlib.font_manager:findfont: score(<Font 'Laksaman' (Laksaman.ttf) normal normal 400 normal>) = 10.05
DEBUG:matplotlib.font_manager:findfont: score(<Font 'Laksaman' (Laksaman-BoldItalic.ttf) italic normal bold normal>) = 11.335
DEBUG:matplotlib.font_manager:findfont: score(<Font 'Likhan' (LikhanNormal.ttf) normal normal 400 normal>) = 10.05
DEBUG:matplotlib.font_manager:findfont: score(<Font 'Lohit Telugu' (Lohit-Telugu.ttf) normal normal 400 normal>) = 10.05
DEBUG:matplotlib.font_manager:findfont: score(<Font 'Liberation Sans Narrow' (LiberationSansNarrow-BoldItalic.ttf) italic normal bold condensed>) = 11.535
DEBUG:matplotlib.font_manager:findfont: score(<Font 'FreeMono' (FreeMono.ttf) normal normal 400 normal>) = 10.05
DEBUG:matplotlib.font_manager:findfont: score(<Font 'padmaa' (padmaa-Medium-0.5.ttf) normal normal normal normal>) = 10.0
DEBUG:matplotlib.font_manager:findfont: score(<Font 'Sawasdee' (Sawasdee-Oblique.ttf) oblique normal 400 normal>) = 11.05
DEBUG:matplotlib.font_manager:findfont: score(<Font 'Umpush' (Umpush-Light.ttf) normal normal light normal>) = 10.24
DEBUG:matplotlib.font_manager:findfont: score(<Font 'KacstOne' (KacstOne-Bold.ttf) normal normal bold normal>) = 10.335
DEBUG:matplotlib.font_manager:findfont: score(<Font 'Waree' (Waree.ttf) normal normal 400 normal>) = 10.05
DEBUG:matplotlib.font_manager:findfont: score(<Font 'Lohit Devanagari' (Lohit-Devanagari.ttf) normal normal 400 normal>) = 10.05
DEBUG:matplotlib.font_manager:findfont: score(<Font 'Tlwg Typewriter' (TlwgTypewriter-Oblique.ttf) oblique normal 400 normal>) = 11.05
DEBUG:matplotlib.font_manager:findfont: score(<Font 'Tlwg Typist' (TlwgTypist-Bold.ttf) normal normal bold normal>) = 10.335
DEBUG:matplotlib.font_manager:findfont: score(<Font 'Ubuntu Mono' (UbuntuMono-R.ttf) normal normal 400 normal>) = 10.05
DEBUG:matplotlib.font_manager:findfont: score(<Font 'Tibetan Machine Uni' (TibetanMachineUni.ttf) normal normal 400 normal>) = 10.05
DEBUG:matplotlib.font_manager:findfont: score(<Font 'Khmer OS System' (KhmerOSsys.ttf) normal normal 400 normal>) = 10.05
DEBUG:matplotlib.font_manager:findfont: score(<Font 'Droid Sans Fallback' (DroidSansFallbackFull.ttf) normal normal 400 normal>) = 10.05
DEBUG:matplotlib.font_manager:findfont: score(<Font 'Purisa' (Purisa.ttf) normal normal 400 normal>) = 10.05
DEBUG:matplotlib.font_manager:findfont: score(<Font 'Padauk' (Padauk-Regular.ttf) normal normal 400 normal>) = 10.05
DEBUG:matplotlib.font_manager:findfont: score(<Font 'Manjari' (Manjari-Bold.otf) normal normal bold normal>) = 10.335
DEBUG:matplotlib.font_manager:findfont: score(<Font 'KacstNaskh' (KacstNaskh.ttf) normal normal 400 normal>) = 10.05
DEBUG:matplotlib.font_manager:findfont: score(<Font 'Keraleeyam' (Keraleeyam.ttf) normal normal 700 normal>) = 10.335
DEBUG:matplotlib.font_manager:findfont: score(<Font 'Purisa' (Purisa-Bold.ttf) normal normal bold normal>) = 10.335
DEBUG:matplotlib.font_manager:findfont: score(<Font 'Norasi' (Norasi.ttf) normal normal 400 normal>) = 10.05
DEBUG:matplotlib.font_manager:findfont: score(<Font 'KacstPen' (KacstPen.ttf) normal normal 400 normal>) = 10.05
DEBUG:matplotlib.font_manager:findfont: score(<Font 'Kinnari' (Kinnari-Oblique.ttf) oblique normal 400 normal>) = 11.05
DEBUG:matplotlib.font_manager:findfont: score(<Font 'Garuda' (Garuda-BoldOblique.ttf) oblique normal bold normal>) = 11.335
DEBUG:matplotlib.font_manager:findfont: score(<Font 'Liberation Sans' (LiberationSans-BoldItalic.ttf) italic normal bold normal>) = 11.335
DEBUG:matplotlib.font_manager:findfont: score(<Font 'Tlwg Typo' (TlwgTypo.ttf) normal normal 400 normal>) = 10.05
DEBUG:matplotlib.font_manager:findfont: score(<Font 'FreeMono' (FreeMonoOblique.ttf) oblique normal 400 normal>) = 11.05
DEBUG:matplotlib.font_manager:findfont: score(<Font 'Tlwg Typo' (TlwgTypo-Bold.ttf) normal normal bold normal>) = 10.335
DEBUG:matplotlib.font_manager:findfont: score(<Font 'Noto Mono' (NotoMono-Regular.ttf) normal normal 400 normal>) = 10.05
DEBUG:matplotlib.font_manager:findfont: score(<Font 'FreeSans' (FreeSansBoldOblique.ttf) oblique normal bold normal>) = 11.335
DEBUG:matplotlib.font_manager:findfont: score(<Font 'Liberation Sans' (LiberationSans-Bold.ttf) normal normal bold normal>) = 10.335
DEBUG:matplotlib.font_manager:findfont: score(<Font 'Liberation Sans Narrow' (LiberationSansNarrow-Regular.ttf) normal normal 400 condensed>) = 10.25
DEBUG:matplotlib.font_manager:findfont: score(<Font 'RaghuMalayalam' (RaghuMalayalamSans-Regular.ttf) normal normal regular normal>) = 10.05
DEBUG:matplotlib.font_manager:findfont: score(<Font 'Kalimati' (kalimati.ttf) normal normal 400 normal>) = 10.05
DEBUG:matplotlib.font_manager:findfont: score(<Font 'Samyak Malayalam' (Samyak-Malayalam.ttf) normal normal 400 normal>) = 10.05
DEBUG:matplotlib.font_manager:findfont: score(<Font 'KacstDecorative' (KacstDecorative.ttf) normal normal 400 normal>) = 10.05
DEBUG:matplotlib.font_manager:findfont: score(<Font 'Abyssinica SIL' (AbyssinicaSIL-R.ttf) normal normal 400 normal>) = 10.05
DEBUG:matplotlib.font_manager:findfont: score(<Font 'AnjaliOldLipi' (AnjaliOldLipi.ttf) normal normal 400 normal>) = 10.05
DEBUG:matplotlib.font_manager:findfont: score(<Font 'Manjari' (Manjari-Thin.otf) normal normal 400 normal>) = 10.05
DEBUG:matplotlib.font_manager:findfont: score(<Font 'KacstArt' (KacstArt.ttf) normal normal 400 normal>) = 10.05
DEBUG:matplotlib.font_manager:findfont: score(<Font 'Purisa' (Purisa-Oblique.ttf) oblique normal 400 normal>) = 11.05
DEBUG:matplotlib.font_manager:findfont: score(<Font 'Lohit Odia' (Lohit-Odia.ttf) normal normal 400 normal>) = 10.05
DEBUG:matplotlib.font_manager:findfont: score(<Font 'KacstDigital' (KacstDigital.ttf) normal normal 400 normal>) = 10.05
DEBUG:matplotlib.font_manager:findfont: score(<Font 'Samyak Devanagari' (Samyak-Devanagari.ttf) normal normal 400 normal>) = 10.05
DEBUG:matplotlib.font_manager:findfont: score(<Font 'Umpush' (Umpush-Oblique.ttf) oblique normal 400 normal>) = 11.05
DEBUG:matplotlib.font_manager:findfont: score(<Font 'Lohit Tamil' (Lohit-Tamil.ttf) normal normal 400 normal>) = 10.05
DEBUG:matplotlib.font_manager:findfont: score(<Font 'Ubuntu' (Ubuntu-L.ttf) normal normal light normal>) = 10.24
DEBUG:matplotlib.font_manager:findfont: score(<Font 'Liberation Mono' (LiberationMono-Regular.ttf) normal normal 400 normal>) = 10.05
DEBUG:matplotlib.font_manager:findfont: score(<Font 'mry_KacstQurn' (mry_KacstQurn.ttf) normal normal 400 normal>) = 10.05
DEBUG:matplotlib.font_manager:findfont: score(<Font 'Liberation Mono' (LiberationMono-BoldItalic.ttf) italic normal bold normal>) = 11.335
DEBUG:matplotlib.font_manager:findfont: score(<Font 'Laksaman' (Laksaman-Bold.ttf) normal normal bold normal>) = 10.335
DEBUG:matplotlib.font_manager:findfont: score(<Font 'DejaVu Sans' (DejaVuSansCondensed-BoldOblique.ttf) oblique normal bold condensed>) = 1.535
DEBUG:matplotlib.font_manager:findfont: score(<Font 'Umpush' (Umpush.ttf) normal normal 400 normal>) = 10.05
DEBUG:matplotlib.font_manager:findfont: score(<Font 'Khmer OS' (KhmerOS.ttf) normal normal 400 normal>) = 10.05
DEBUG:matplotlib.font_manager:findfont: score(<Font 'Garuda' (Garuda.ttf) normal normal 400 normal>) = 10.05
DEBUG:matplotlib.font_manager:findfont: score(<Font 'DejaVu Sans' (DejaVuSansCondensed-Oblique.ttf) oblique normal 400 condensed>) = 1.25
DEBUG:matplotlib.font_manager:findfont: score(<Font 'FreeSans' (FreeSansOblique.ttf) oblique normal 400 normal>) = 11.05
DEBUG:matplotlib.font_manager:findfont: score(<Font 'FreeSerif' (FreeSerif.ttf) normal normal 400 normal>) = 10.05
DEBUG:matplotlib.font_manager:findfont: score(<Font 'Noto Sans CJK JP' (NotoSansCJK-Bold.ttc) normal normal bold normal>) = 10.335
DEBUG:matplotlib.font_manager:findfont: score(<Font 'Rachana' (Rachana-Bold.ttf) normal normal bold normal>) = 10.335
DEBUG:matplotlib.font_manager:findfont: score(<Font 'DejaVu Serif' (DejaVuSerifCondensed.ttf) normal normal 400 condensed>) = 10.25
DEBUG:matplotlib.font_manager:findfont: score(<Font 'padmaa-Bold.1.1' (padmaa-Bold.1.1.ttf) normal normal bold normal>) = 10.335
DEBUG:matplotlib.font_manager:findfont: score(<Font 'Uroob' (Uroob.ttf) normal normal 700 normal>) = 10.335
DEBUG:matplotlib.font_manager:findfont: score(<Font 'Purisa' (Purisa-BoldOblique.ttf) oblique normal bold normal>) = 11.335
DEBUG:matplotlib.font_manager:findfont: score(<Font 'Vemana2000' (vemana2000.ttf) normal normal 400 normal>) = 10.05
DEBUG:matplotlib.font_manager:findfont: score(<Font 'KacstLetter' (KacstLetter.ttf) normal normal 400 normal>) = 10.05
DEBUG:matplotlib.font_manager:findfont: score(<Font 'KacstOffice' (KacstOffice.ttf) normal normal 400 normal>) = 10.05
DEBUG:matplotlib.font_manager:findfont: score(<Font 'DejaVu Math TeX Gyre' (DejaVuMathTeXGyre.ttf) normal normal regular normal>) = 10.05
DEBUG:matplotlib.font_manager:findfont: score(<Font 'Chandas' (chandas1-2.ttf) normal normal 400 normal>) = 10.05
DEBUG:matplotlib.font_manager:findfont: score(<Font 'Samyak Tamil' (Samyak-Tamil.ttf) normal normal 400 normal>) = 10.05
DEBUG:matplotlib.font_manager:findfont: score(<Font 'aakar' (aakar-medium.ttf) normal normal 400 normal>) = 10.05
DEBUG:matplotlib.font_manager:findfont: score(<Font 'KacstTitleL' (KacstTitleL.ttf) normal normal 400 normal>) = 10.05
DEBUG:matplotlib.font_manager:findfont: score(<Font 'Nakula' (nakula.ttf) normal normal 400 normal>) = 10.05
DEBUG:matplotlib.font_manager:findfont: score(<Font 'Kinnari' (Kinnari.ttf) normal normal 400 normal>) = 10.05
DEBUG:matplotlib.font_manager:findfont: score(<Font 'Tlwg Mono' (TlwgMono-Oblique.ttf) oblique normal 400 normal>) = 11.05
DEBUG:matplotlib.font_manager:findfont: score(<Font 'OpenSymbol' (opens___.ttf) normal normal 400 normal>) = 10.05
DEBUG:matplotlib.font_manager:findfont: score(<Font 'Noto Sans CJK JP' (NotoSansCJK-Regular.ttc) normal normal 400 normal>) = 10.05
DEBUG:matplotlib.font_manager:findfont: score(<Font 'Ubuntu Mono' (UbuntuMono-B.ttf) normal normal bold normal>) = 10.335
DEBUG:matplotlib.font_manager:findfont: score(<Font 'KacstFarsi' (KacstFarsi.ttf) normal normal 400 normal>) = 10.05
DEBUG:matplotlib.font_manager:findfont: score(<Font 'Loma' (Loma.ttf) normal normal 400 normal>) = 10.05
DEBUG:matplotlib.font_manager:findfont: score(<Font 'Gargi' (Gargi.ttf) normal normal 400 normal>) = 10.05
DEBUG:matplotlib.font_manager:findfont: score(<Font 'DejaVu Serif' (DejaVuSerifCondensed-Italic.ttf) italic normal 400 condensed>) = 11.25
DEBUG:matplotlib.font_manager:findfont: score(<Font 'FreeMono' (FreeMonoBoldOblique.ttf) oblique normal bold normal>) = 11.335
DEBUG:matplotlib.font_manager:findfont: score(<Font 'DejaVu Serif' (DejaVuSerifCondensed-BoldItalic.ttf) italic normal bold condensed>) = 11.535
DEBUG:matplotlib.font_manager:findfont: score(<Font 'Sawasdee' (Sawasdee-BoldOblique.ttf) oblique normal bold normal>) = 11.335
DEBUG:matplotlib.font_manager:findfont: score(<Font 'Waree' (Waree-BoldOblique.ttf) oblique normal bold normal>) = 11.335
DEBUG:matplotlib.font_manager:findfont: score(<Font 'Tlwg Mono' (TlwgMono-Bold.ttf) normal normal bold normal>) = 10.335
DEBUG:matplotlib.font_manager:findfont: score(<Font 'Liberation Sans Narrow' (LiberationSansNarrow-Bold.ttf) normal normal bold condensed>) = 10.535
DEBUG:matplotlib.font_manager:findfont: score(<Font 'Sawasdee' (Sawasdee.ttf) normal normal 400 normal>) = 10.05
DEBUG:matplotlib.font_manager:findfont: score(<Font 'Liberation Mono' (LiberationMono-Italic.ttf) italic normal 400 normal>) = 11.05
DEBUG:matplotlib.font_manager:findfont: score(<Font 'DejaVu Sans' (DejaVuSans-ExtraLight.ttf) normal normal light normal>) = 0.24
DEBUG:matplotlib.font_manager:findfont: score(<Font 'FreeMono' (FreeMonoBold.ttf) normal normal bold normal>) = 10.335
DEBUG:matplotlib.font_manager:findfont: score(<Font 'Padauk' (Padauk-Bold.ttf) normal normal bold normal>) = 10.335
DEBUG:matplotlib.font_manager:findfont: score(<Font 'Phetsarath OT' (Phetsarath_OT.ttf) normal normal 400 normal>) = 10.05
DEBUG:matplotlib.font_manager:findfont: score(<Font 'Ubuntu' (Ubuntu-B.ttf) normal normal bold normal>) = 10.335
DEBUG:matplotlib.font_manager:findfont: score(<Font 'Garuda' (Garuda-Bold.ttf) normal normal bold normal>) = 10.335
DEBUG:matplotlib.font_manager:findfont: score(<Font 'Umpush' (Umpush-LightOblique.ttf) oblique normal light normal>) = 11.24
DEBUG:matplotlib.font_manager:findfont: score(<Font 'Padauk Book' (PadaukBook-Regular.ttf) normal normal book normal>) = 10.05
DEBUG:matplotlib.font_manager:findfont: score(<Font 'Saab' (Saab.ttf) normal normal 400 normal>) = 10.05
DEBUG:matplotlib.font_manager:findfont: score(<Font 'Mukti Narrow' (MuktiNarrowBold.ttf) normal normal 700 normal>) = 10.335
DEBUG:matplotlib.font_manager:findfont: score(<Font 'Tlwg Typist' (TlwgTypist-BoldOblique.ttf) oblique normal bold normal>) = 11.335
DEBUG:matplotlib.font_manager:findfont: score(<Font 'Liberation Sans Narrow' (LiberationSansNarrow-Italic.ttf) italic normal 400 condensed>) = 11.25
DEBUG:matplotlib.font_manager:findfont: score(<Font 'Waree' (Waree-Oblique.ttf) oblique normal 400 normal>) = 11.05
DEBUG:matplotlib.font_manager:findfont: score(<Font 'Navilu' (Navilu.ttf) normal normal 400 normal>) = 10.05
DEBUG:matplotlib.font_manager:findfont: score(<Font 'Garuda' (Garuda-Oblique.ttf) oblique normal 400 normal>) = 11.05
DEBUG:matplotlib.font_manager:findfont: score(<Font 'Ubuntu' (Ubuntu-R.ttf) normal normal 400 normal>) = 10.05
DEBUG:matplotlib.font_manager:findfont: score(<Font 'Sawasdee' (Sawasdee-Bold.ttf) normal normal bold normal>) = 10.335
DEBUG:matplotlib.font_manager:findfont: score(<Font 'KacstPoster' (KacstPoster.ttf) normal normal 400 normal>) = 10.05
DEBUG:matplotlib.font_manager:findfont: score(<Font 'KacstTitle' (KacstTitle.ttf) normal normal 400 normal>) = 10.05
DEBUG:matplotlib.font_manager:findfont: score(<Font 'FreeSans' (FreeSans.ttf) normal normal 400 normal>) = 10.05
DEBUG:matplotlib.font_manager:findfont: score(<Font 'ori1Uni' (utkal.ttf) normal normal medium normal>) = 10.145
DEBUG:matplotlib.font_manager:findfont: score(<Font 'Ubuntu Mono' (UbuntuMono-BI.ttf) italic normal bold normal>) = 11.335
DEBUG:matplotlib.font_manager:findfont: score(<Font 'Samanata' (samanata.ttf) normal normal 400 normal>) = 10.05
DEBUG:matplotlib.font_manager:findfont: score(<Font 'Chilanka' (Chilanka-Regular.ttf) normal normal regular normal>) = 10.05
DEBUG:matplotlib.font_manager:findfont: score(<Font 'Norasi' (Norasi-BoldItalic.ttf) italic normal bold normal>) = 11.335
DEBUG:matplotlib.font_manager:findfont: score(<Font 'Mukti Narrow' (MuktiNarrow.ttf) normal normal 400 normal>) = 10.05
DEBUG:matplotlib.font_manager:findfont: score(<Font 'Ani' (ani.ttf) normal normal 400 normal>) = 10.05
DEBUG:matplotlib.font_manager:findfont: score(<Font 'Noto Serif CJK JP' (NotoSerifCJK-Bold.ttc) normal normal bold normal>) = 10.335
DEBUG:matplotlib.font_manager:findfont: score(<Font 'Manjari' (Manjari-Regular.otf) normal normal regular normal>) = 10.05
DEBUG:matplotlib.font_manager:findfont: score(<Font 'Lohit Assamese' (Lohit-Assamese.ttf) normal normal 400 normal>) = 10.05
DEBUG:matplotlib.font_manager:findfont: score(<Font 'Kinnari' (Kinnari-BoldItalic.ttf) italic normal bold normal>) = 11.335
DEBUG:matplotlib.font_manager:findfont: score(<Font 'Gubbi' (Gubbi.ttf) normal normal 400 normal>) = 10.05
DEBUG:matplotlib.font_manager:findfont: score(<Font 'Ubuntu' (Ubuntu-M.ttf) normal normal medium normal>) = 10.145
DEBUG:matplotlib.font_manager:findfont: score(<Font 'Liberation Serif' (LiberationSerif-BoldItalic.ttf) italic normal bold normal>) = 11.335
DEBUG:matplotlib.font_manager:findfont: score(<Font 'Kinnari' (Kinnari-BoldOblique.ttf) oblique normal bold normal>) = 11.335
DEBUG:matplotlib.font_manager:findfont: score(<Font 'FreeSans' (FreeSansBold.ttf) normal normal bold normal>) = 10.335
DEBUG:matplotlib.font_manager:findfont: score(<Font 'Liberation Sans' (LiberationSans-Italic.ttf) italic normal 400 normal>) = 11.05
DEBUG:matplotlib.font_manager:findfont: score(<Font 'padmaa' (padmaa.ttf) normal normal 400 normal>) = 10.05
DEBUG:matplotlib.font_manager:findfont: score(<Font 'Rekha' (Rekha.ttf) normal normal 400 normal>) = 10.05
DEBUG:matplotlib.font_manager:findfont: score(<Font 'Lohit Gujarati' (Lohit-Gujarati.ttf) normal normal 400 normal>) = 10.05
DEBUG:matplotlib.font_manager:findfont: score(<Font 'Umpush' (Umpush-Bold.ttf) normal normal bold normal>) = 10.335
DEBUG:matplotlib.font_manager:findfont: score(<Font 'DejaVu Serif' (DejaVuSerifCondensed-Bold.ttf) normal normal bold condensed>) = 10.535
DEBUG:matplotlib.font_manager:findfont: score(<Font 'Norasi' (Norasi-Bold.ttf) normal normal bold normal>) = 10.335
DEBUG:matplotlib.font_manager:findfont: score(<Font 'Norasi' (Norasi-Italic.ttf) italic normal 400 normal>) = 11.05
DEBUG:matplotlib.font_manager:findfont: score(<Font 'FreeSerif' (FreeSerifBold.ttf) normal normal bold normal>) = 10.335
DEBUG:matplotlib.font_manager:findfont: score(<Font 'Tlwg Typist' (TlwgTypist-Oblique.ttf) oblique normal 400 normal>) = 11.05
DEBUG:matplotlib.font_manager:findfont: score(<Font 'Tlwg Mono' (TlwgMono-BoldOblique.ttf) oblique normal bold normal>) = 11.335
DEBUG:matplotlib.font_manager:findfont: score(<Font 'Pothana2000' (Pothana2000.ttf) normal normal 400 normal>) = 10.05
DEBUG:matplotlib.font_manager:findfont: score(<Font 'Rachana' (Rachana-Regular.ttf) normal normal regular normal>) = 10.05
DEBUG:matplotlib.font_manager:findfont: score(<Font 'Ubuntu' (Ubuntu-MI.ttf) italic normal medium normal>) = 11.145
DEBUG:matplotlib.font_manager:findfont: score(<Font 'Sarai' (Sarai.ttf) normal normal 400 normal>) = 10.05
DEBUG:matplotlib.font_manager:findfont: score(<Font 'KacstQurn' (KacstQurn.ttf) normal normal 400 normal>) = 10.05
DEBUG:matplotlib.font_manager:findfont: score(<Font 'Tlwg Mono' (TlwgMono.ttf) normal normal 400 normal>) = 10.05
DEBUG:matplotlib.font_manager:findfont: score(<Font 'Lohit Gurmukhi' (Lohit-Gurmukhi.ttf) normal normal 400 normal>) = 10.05
DEBUG:matplotlib.font_manager:findfont: score(<Font 'Tlwg Typewriter' (TlwgTypewriter-BoldOblique.ttf) oblique normal bold normal>) = 11.335
DEBUG:matplotlib.font_manager:findfont: score(<Font 'Umpush' (Umpush-BoldOblique.ttf) oblique normal bold normal>) = 11.335
DEBUG:matplotlib.font_manager:findfont: score(<Font 'KacstBook' (KacstBook.ttf) normal normal book normal>) = 10.05
DEBUG:matplotlib.font_manager:findfont: score(<Font 'Pagul' (Pagul.ttf) normal normal 400 normal>) = 10.05
DEBUG:matplotlib.font_manager:findfont: score(<Font 'FreeSerif' (FreeSerifBoldItalic.ttf) italic normal bold normal>) = 11.335
DEBUG:matplotlib.font_manager:findfont: score(<Font 'Lohit Kannada' (Lohit-Kannada.ttf) normal normal 400 normal>) = 10.05
DEBUG:matplotlib.font_manager:findfont: Matching :family=sans-serif:style=normal:variant=normal:weight=normal:stretch=normal:size=10.0 to DejaVu Sans ('/home/ram/.local/lib/python3.6/site-packages/matplotlib/mpl-data/fonts/ttf/DejaVuSans.ttf') with score of 0.050000.
DEBUG:roipoly.roipoly:Creating new ROI 0
DEBUG:matplotlib.font_manager:findfont: Matching :family=sans-serif:style=normal:variant=normal:weight=normal:stretch=normal:size=12.0.
DEBUG:matplotlib.font_manager:findfont: score(<Font 'STIXSizeThreeSym' (STIXSizThreeSymBol.ttf) normal normal bold normal>) = 10.335
DEBUG:matplotlib.font_manager:findfont: score(<Font 'DejaVu Sans Mono' (DejaVuSansMono.ttf) normal normal 400 normal>) = 10.05
DEBUG:matplotlib.font_manager:findfont: score(<Font 'DejaVu Serif' (DejaVuSerif.ttf) normal normal 400 normal>) = 10.05
DEBUG:matplotlib.font_manager:findfont: score(<Font 'DejaVu Sans Mono' (DejaVuSansMono-Bold.ttf) normal normal bold normal>) = 10.335
DEBUG:matplotlib.font_manager:findfont: score(<Font 'cmtt10' (cmtt10.ttf) normal normal 400 normal>) = 10.05
DEBUG:matplotlib.font_manager:findfont: score(<Font 'STIXNonUnicode' (STIXNonUni.ttf) normal normal regular normal>) = 10.05
DEBUG:matplotlib.font_manager:findfont: score(<Font 'STIXSizeFourSym' (STIXSizFourSymBol.ttf) normal normal bold normal>) = 10.335
DEBUG:matplotlib.font_manager:findfont: score(<Font 'STIXNonUnicode' (STIXNonUniBolIta.ttf) italic normal bold normal>) = 11.335
DEBUG:matplotlib.font_manager:findfont: score(<Font 'DejaVu Sans' (DejaVuSans-BoldOblique.ttf) oblique normal bold normal>) = 1.335
DEBUG:matplotlib.font_manager:findfont: score(<Font 'STIXSizeOneSym' (STIXSizOneSymReg.ttf) normal normal regular normal>) = 10.05
DEBUG:matplotlib.font_manager:findfont: score(<Font 'cmr10' (cmr10.ttf) normal normal 400 normal>) = 10.05
DEBUG:matplotlib.font_manager:findfont: score(<Font 'cmss10' (cmss10.ttf) normal normal 400 normal>) = 10.05
DEBUG:matplotlib.font_manager:findfont: score(<Font 'STIXSizeOneSym' (STIXSizOneSymBol.ttf) normal normal bold normal>) = 10.335
DEBUG:matplotlib.font_manager:findfont: score(<Font 'cmb10' (cmb10.ttf) normal normal 400 normal>) = 10.05
DEBUG:matplotlib.font_manager:findfont: score(<Font 'DejaVu Serif' (DejaVuSerif-Italic.ttf) italic normal 400 normal>) = 11.05
DEBUG:matplotlib.font_manager:findfont: score(<Font 'DejaVu Sans Mono' (DejaVuSansMono-BoldOblique.ttf) oblique normal bold normal>) = 11.335
DEBUG:matplotlib.font_manager:findfont: score(<Font 'DejaVu Serif Display' (DejaVuSerifDisplay.ttf) normal normal 400 normal>) = 10.05
DEBUG:matplotlib.font_manager:findfont: score(<Font 'DejaVu Sans Display' (DejaVuSansDisplay.ttf) normal normal 400 normal>) = 10.05
DEBUG:matplotlib.font_manager:findfont: score(<Font 'cmex10' (cmex10.ttf) normal normal 400 normal>) = 10.05
DEBUG:matplotlib.font_manager:findfont: score(<Font 'STIXNonUnicode' (STIXNonUniBol.ttf) normal normal bold normal>) = 10.335
DEBUG:matplotlib.font_manager:findfont: score(<Font 'cmsy10' (cmsy10.ttf) normal normal 400 normal>) = 10.05
DEBUG:matplotlib.font_manager:findfont: score(<Font 'DejaVu Sans' (DejaVuSans-Bold.ttf) normal normal bold normal>) = 0.33499999999999996
DEBUG:matplotlib.font_manager:findfont: score(<Font 'STIXSizeTwoSym' (STIXSizTwoSymBol.ttf) normal normal bold normal>) = 10.335
DEBUG:matplotlib.font_manager:findfont: score(<Font 'DejaVu Sans' (DejaVuSans.ttf) normal normal 400 normal>) = 0.05
DEBUG:matplotlib.font_manager:findfont: score(<Font 'STIXGeneral' (STIXGeneral.ttf) normal normal regular normal>) = 10.05
DEBUG:matplotlib.font_manager:findfont: score(<Font 'STIXSizeFiveSym' (STIXSizFiveSymReg.ttf) normal normal regular normal>) = 10.05
DEBUG:matplotlib.font_manager:findfont: score(<Font 'STIXSizeThreeSym' (STIXSizThreeSymReg.ttf) normal normal regular normal>) = 10.05
DEBUG:matplotlib.font_manager:findfont: score(<Font 'cmmi10' (cmmi10.ttf) normal normal 400 normal>) = 10.05
DEBUG:matplotlib.font_manager:findfont: score(<Font 'STIXGeneral' (STIXGeneralBolIta.ttf) italic normal bold normal>) = 11.335
DEBUG:matplotlib.font_manager:findfont: score(<Font 'DejaVu Sans' (DejaVuSans-Oblique.ttf) oblique normal 400 normal>) = 1.05
DEBUG:matplotlib.font_manager:findfont: score(<Font 'STIXGeneral' (STIXGeneralBol.ttf) normal normal bold normal>) = 10.335
DEBUG:matplotlib.font_manager:findfont: score(<Font 'DejaVu Sans Mono' (DejaVuSansMono-Oblique.ttf) oblique normal 400 normal>) = 11.05
DEBUG:matplotlib.font_manager:findfont: score(<Font 'DejaVu Serif' (DejaVuSerif-Bold.ttf) normal normal bold normal>) = 10.335
DEBUG:matplotlib.font_manager:findfont: score(<Font 'DejaVu Serif' (DejaVuSerif-BoldItalic.ttf) italic normal bold normal>) = 11.335
DEBUG:matplotlib.font_manager:findfont: score(<Font 'STIXNonUnicode' (STIXNonUniIta.ttf) italic normal 400 normal>) = 11.05
DEBUG:matplotlib.font_manager:findfont: score(<Font 'STIXGeneral' (STIXGeneralItalic.ttf) italic normal 400 normal>) = 11.05
DEBUG:matplotlib.font_manager:findfont: score(<Font 'STIXSizeFourSym' (STIXSizFourSymReg.ttf) normal normal regular normal>) = 10.05
DEBUG:matplotlib.font_manager:findfont: score(<Font 'STIXSizeTwoSym' (STIXSizTwoSymReg.ttf) normal normal regular normal>) = 10.05
DEBUG:matplotlib.font_manager:findfont: score(<Font 'Liberation Sans' (LiberationSans-Regular.ttf) normal normal 400 normal>) = 10.05
DEBUG:matplotlib.font_manager:findfont: score(<Font 'Tlwg Typo' (TlwgTypo-BoldOblique.ttf) oblique normal bold normal>) = 11.335
DEBUG:matplotlib.font_manager:findfont: score(<Font 'Liberation Serif' (LiberationSerif-Regular.ttf) normal normal 400 normal>) = 10.05
DEBUG:matplotlib.font_manager:findfont: score(<Font 'Norasi' (Norasi-Oblique.ttf) oblique normal 400 normal>) = 11.05
DEBUG:matplotlib.font_manager:findfont: score(<Font 'Ubuntu' (Ubuntu-RI.ttf) italic normal 400 normal>) = 11.05
DEBUG:matplotlib.font_manager:findfont: score(<Font 'Liberation Mono' (LiberationMono-Bold.ttf) normal normal bold normal>) = 10.335
DEBUG:matplotlib.font_manager:findfont: score(<Font 'Loma' (Loma-Bold.ttf) normal normal bold normal>) = 10.335
DEBUG:matplotlib.font_manager:findfont: score(<Font 'Noto Serif CJK JP' (NotoSerifCJK-Regular.ttc) normal normal 400 normal>) = 10.05
DEBUG:matplotlib.font_manager:findfont: score(<Font 'Waree' (Waree-Bold.ttf) normal normal bold normal>) = 10.335
DEBUG:matplotlib.font_manager:findfont: score(<Font 'Lohit Malayalam' (Lohit-Malayalam.ttf) normal normal 400 normal>) = 10.05
DEBUG:matplotlib.font_manager:findfont: score(<Font 'FreeSerif' (FreeSerifItalic.ttf) italic normal 400 normal>) = 11.05
DEBUG:matplotlib.font_manager:findfont: score(<Font 'Ubuntu Mono' (UbuntuMono-RI.ttf) italic normal 400 normal>) = 11.05
DEBUG:matplotlib.font_manager:findfont: score(<Font 'Meera' (Meera.ttf) normal normal 400 normal>) = 10.05
DEBUG:matplotlib.font_manager:findfont: score(<Font 'Lohit Tamil Classical' (Lohit-Tamil-Classical.ttf) normal normal 400 normal>) = 10.05
DEBUG:matplotlib.font_manager:findfont: score(<Font 'Tlwg Typewriter' (TlwgTypewriter.ttf) normal normal 400 normal>) = 10.05
DEBUG:matplotlib.font_manager:findfont: score(<Font 'Tlwg Typo' (TlwgTypo-Oblique.ttf) oblique normal 400 normal>) = 11.05
DEBUG:matplotlib.font_manager:findfont: score(<Font 'DejaVu Sans' (DejaVuSansCondensed-Bold.ttf) normal normal bold condensed>) = 0.5349999999999999
DEBUG:matplotlib.font_manager:findfont: score(<Font 'Dyuthi' (Dyuthi.ttf) normal normal 400 normal>) = 10.05
DEBUG:matplotlib.font_manager:findfont: score(<Font 'KacstOne' (KacstOne.ttf) normal normal 400 normal>) = 10.05
DEBUG:matplotlib.font_manager:findfont: score(<Font 'Suruma' (Suruma.ttf) normal normal 400 normal>) = 10.05
DEBUG:matplotlib.font_manager:findfont: score(<Font 'Liberation Serif' (LiberationSerif-Bold.ttf) normal normal bold normal>) = 10.335
DEBUG:matplotlib.font_manager:findfont: score(<Font 'Kalapi' (Kalapi.ttf) normal normal 400 normal>) = 10.05
DEBUG:matplotlib.font_manager:findfont: score(<Font 'Tlwg Typewriter' (TlwgTypewriter-Bold.ttf) normal normal bold normal>) = 10.335
DEBUG:matplotlib.font_manager:findfont: score(<Font 'Loma' (Loma-Oblique.ttf) oblique normal 400 normal>) = 11.05
DEBUG:matplotlib.font_manager:findfont: score(<Font 'Kinnari' (Kinnari-Bold.ttf) normal normal bold normal>) = 10.335
DEBUG:matplotlib.font_manager:findfont: score(<Font 'Sahadeva' (sahadeva.ttf) normal normal 400 normal>) = 10.05
DEBUG:matplotlib.font_manager:findfont: score(<Font 'LKLUG' (lklug.ttf) normal normal 400 normal>) = 10.05
DEBUG:matplotlib.font_manager:findfont: score(<Font 'Liberation Serif' (LiberationSerif-Italic.ttf) italic normal 400 normal>) = 11.05
DEBUG:matplotlib.font_manager:findfont: score(<Font 'Tlwg Typist' (TlwgTypist.ttf) normal normal 400 normal>) = 10.05
DEBUG:matplotlib.font_manager:findfont: score(<Font 'Mitra Mono' (mitra.ttf) normal normal 400 normal>) = 10.05
DEBUG:matplotlib.font_manager:findfont: score(<Font 'Lohit Bengali' (Lohit-Bengali.ttf) normal normal 400 normal>) = 10.05
DEBUG:matplotlib.font_manager:findfont: score(<Font 'Jamrul' (JamrulNormal.ttf) normal normal 400 normal>) = 10.05
DEBUG:matplotlib.font_manager:findfont: score(<Font 'DejaVu Sans' (DejaVuSansCondensed.ttf) normal normal 400 condensed>) = 0.25
DEBUG:matplotlib.font_manager:findfont: score(<Font 'Padauk Book' (PadaukBook-Bold.ttf) normal normal book normal>) = 10.05
DEBUG:matplotlib.font_manager:findfont: score(<Font 'KacstScreen' (KacstScreen.ttf) normal normal 400 normal>) = 10.05
DEBUG:matplotlib.font_manager:findfont: score(<Font 'Samyak Gujarati' (Samyak-Gujarati.ttf) normal normal 400 normal>) = 10.05
DEBUG:matplotlib.font_manager:findfont: score(<Font 'Ubuntu' (Ubuntu-LI.ttf) italic normal light normal>) = 11.24
DEBUG:matplotlib.font_manager:findfont: score(<Font 'Norasi' (Norasi-BoldOblique.ttf) oblique normal bold normal>) = 11.335
DEBUG:matplotlib.font_manager:findfont: score(<Font 'Laksaman' (Laksaman-Italic.ttf) italic normal 400 normal>) = 11.05
DEBUG:matplotlib.font_manager:findfont: score(<Font 'Ubuntu Condensed' (Ubuntu-C.ttf) normal normal 400 condensed>) = 10.25
DEBUG:matplotlib.font_manager:findfont: score(<Font 'Karumbi' (Karumbi.ttf) normal normal 400 normal>) = 10.05
DEBUG:matplotlib.font_manager:findfont: score(<Font 'Kinnari' (Kinnari-Italic.ttf) italic normal 400 normal>) = 11.05
DEBUG:matplotlib.font_manager:findfont: score(<Font 'Ubuntu' (Ubuntu-BI.ttf) italic normal bold normal>) = 11.335
DEBUG:matplotlib.font_manager:findfont: score(<Font 'Loma' (Loma-BoldOblique.ttf) oblique normal bold normal>) = 11.335
DEBUG:matplotlib.font_manager:findfont: score(<Font 'Laksaman' (Laksaman.ttf) normal normal 400 normal>) = 10.05
DEBUG:matplotlib.font_manager:findfont: score(<Font 'Laksaman' (Laksaman-BoldItalic.ttf) italic normal bold normal>) = 11.335
DEBUG:matplotlib.font_manager:findfont: score(<Font 'Likhan' (LikhanNormal.ttf) normal normal 400 normal>) = 10.05
DEBUG:matplotlib.font_manager:findfont: score(<Font 'Lohit Telugu' (Lohit-Telugu.ttf) normal normal 400 normal>) = 10.05
DEBUG:matplotlib.font_manager:findfont: score(<Font 'Liberation Sans Narrow' (LiberationSansNarrow-BoldItalic.ttf) italic normal bold condensed>) = 11.535
DEBUG:matplotlib.font_manager:findfont: score(<Font 'FreeMono' (FreeMono.ttf) normal normal 400 normal>) = 10.05
DEBUG:matplotlib.font_manager:findfont: score(<Font 'padmaa' (padmaa-Medium-0.5.ttf) normal normal normal normal>) = 10.0
DEBUG:matplotlib.font_manager:findfont: score(<Font 'Sawasdee' (Sawasdee-Oblique.ttf) oblique normal 400 normal>) = 11.05
DEBUG:matplotlib.font_manager:findfont: score(<Font 'Umpush' (Umpush-Light.ttf) normal normal light normal>) = 10.24
DEBUG:matplotlib.font_manager:findfont: score(<Font 'KacstOne' (KacstOne-Bold.ttf) normal normal bold normal>) = 10.335
DEBUG:matplotlib.font_manager:findfont: score(<Font 'Waree' (Waree.ttf) normal normal 400 normal>) = 10.05
DEBUG:matplotlib.font_manager:findfont: score(<Font 'Lohit Devanagari' (Lohit-Devanagari.ttf) normal normal 400 normal>) = 10.05
DEBUG:matplotlib.font_manager:findfont: score(<Font 'Tlwg Typewriter' (TlwgTypewriter-Oblique.ttf) oblique normal 400 normal>) = 11.05
DEBUG:matplotlib.font_manager:findfont: score(<Font 'Tlwg Typist' (TlwgTypist-Bold.ttf) normal normal bold normal>) = 10.335
DEBUG:matplotlib.font_manager:findfont: score(<Font 'Ubuntu Mono' (UbuntuMono-R.ttf) normal normal 400 normal>) = 10.05
DEBUG:matplotlib.font_manager:findfont: score(<Font 'Tibetan Machine Uni' (TibetanMachineUni.ttf) normal normal 400 normal>) = 10.05
DEBUG:matplotlib.font_manager:findfont: score(<Font 'Khmer OS System' (KhmerOSsys.ttf) normal normal 400 normal>) = 10.05
DEBUG:matplotlib.font_manager:findfont: score(<Font 'Droid Sans Fallback' (DroidSansFallbackFull.ttf) normal normal 400 normal>) = 10.05
DEBUG:matplotlib.font_manager:findfont: score(<Font 'Purisa' (Purisa.ttf) normal normal 400 normal>) = 10.05
DEBUG:matplotlib.font_manager:findfont: score(<Font 'Padauk' (Padauk-Regular.ttf) normal normal 400 normal>) = 10.05
DEBUG:matplotlib.font_manager:findfont: score(<Font 'Manjari' (Manjari-Bold.otf) normal normal bold normal>) = 10.335
DEBUG:matplotlib.font_manager:findfont: score(<Font 'KacstNaskh' (KacstNaskh.ttf) normal normal 400 normal>) = 10.05
DEBUG:matplotlib.font_manager:findfont: score(<Font 'Keraleeyam' (Keraleeyam.ttf) normal normal 700 normal>) = 10.335
DEBUG:matplotlib.font_manager:findfont: score(<Font 'Purisa' (Purisa-Bold.ttf) normal normal bold normal>) = 10.335
DEBUG:matplotlib.font_manager:findfont: score(<Font 'Norasi' (Norasi.ttf) normal normal 400 normal>) = 10.05
DEBUG:matplotlib.font_manager:findfont: score(<Font 'KacstPen' (KacstPen.ttf) normal normal 400 normal>) = 10.05
DEBUG:matplotlib.font_manager:findfont: score(<Font 'Kinnari' (Kinnari-Oblique.ttf) oblique normal 400 normal>) = 11.05
DEBUG:matplotlib.font_manager:findfont: score(<Font 'Garuda' (Garuda-BoldOblique.ttf) oblique normal bold normal>) = 11.335
DEBUG:matplotlib.font_manager:findfont: score(<Font 'Liberation Sans' (LiberationSans-BoldItalic.ttf) italic normal bold normal>) = 11.335
DEBUG:matplotlib.font_manager:findfont: score(<Font 'Tlwg Typo' (TlwgTypo.ttf) normal normal 400 normal>) = 10.05
DEBUG:matplotlib.font_manager:findfont: score(<Font 'FreeMono' (FreeMonoOblique.ttf) oblique normal 400 normal>) = 11.05
DEBUG:matplotlib.font_manager:findfont: score(<Font 'Tlwg Typo' (TlwgTypo-Bold.ttf) normal normal bold normal>) = 10.335
DEBUG:matplotlib.font_manager:findfont: score(<Font 'Noto Mono' (NotoMono-Regular.ttf) normal normal 400 normal>) = 10.05
DEBUG:matplotlib.font_manager:findfont: score(<Font 'FreeSans' (FreeSansBoldOblique.ttf) oblique normal bold normal>) = 11.335
DEBUG:matplotlib.font_manager:findfont: score(<Font 'Liberation Sans' (LiberationSans-Bold.ttf) normal normal bold normal>) = 10.335
DEBUG:matplotlib.font_manager:findfont: score(<Font 'Liberation Sans Narrow' (LiberationSansNarrow-Regular.ttf) normal normal 400 condensed>) = 10.25
DEBUG:matplotlib.font_manager:findfont: score(<Font 'RaghuMalayalam' (RaghuMalayalamSans-Regular.ttf) normal normal regular normal>) = 10.05
DEBUG:matplotlib.font_manager:findfont: score(<Font 'Kalimati' (kalimati.ttf) normal normal 400 normal>) = 10.05
DEBUG:matplotlib.font_manager:findfont: score(<Font 'Samyak Malayalam' (Samyak-Malayalam.ttf) normal normal 400 normal>) = 10.05
DEBUG:matplotlib.font_manager:findfont: score(<Font 'KacstDecorative' (KacstDecorative.ttf) normal normal 400 normal>) = 10.05
DEBUG:matplotlib.font_manager:findfont: score(<Font 'Abyssinica SIL' (AbyssinicaSIL-R.ttf) normal normal 400 normal>) = 10.05
DEBUG:matplotlib.font_manager:findfont: score(<Font 'AnjaliOldLipi' (AnjaliOldLipi.ttf) normal normal 400 normal>) = 10.05
DEBUG:matplotlib.font_manager:findfont: score(<Font 'Manjari' (Manjari-Thin.otf) normal normal 400 normal>) = 10.05
DEBUG:matplotlib.font_manager:findfont: score(<Font 'KacstArt' (KacstArt.ttf) normal normal 400 normal>) = 10.05
DEBUG:matplotlib.font_manager:findfont: score(<Font 'Purisa' (Purisa-Oblique.ttf) oblique normal 400 normal>) = 11.05
DEBUG:matplotlib.font_manager:findfont: score(<Font 'Lohit Odia' (Lohit-Odia.ttf) normal normal 400 normal>) = 10.05
DEBUG:matplotlib.font_manager:findfont: score(<Font 'KacstDigital' (KacstDigital.ttf) normal normal 400 normal>) = 10.05
DEBUG:matplotlib.font_manager:findfont: score(<Font 'Samyak Devanagari' (Samyak-Devanagari.ttf) normal normal 400 normal>) = 10.05
DEBUG:matplotlib.font_manager:findfont: score(<Font 'Umpush' (Umpush-Oblique.ttf) oblique normal 400 normal>) = 11.05
DEBUG:matplotlib.font_manager:findfont: score(<Font 'Lohit Tamil' (Lohit-Tamil.ttf) normal normal 400 normal>) = 10.05
DEBUG:matplotlib.font_manager:findfont: score(<Font 'Ubuntu' (Ubuntu-L.ttf) normal normal light normal>) = 10.24
DEBUG:matplotlib.font_manager:findfont: score(<Font 'Liberation Mono' (LiberationMono-Regular.ttf) normal normal 400 normal>) = 10.05
DEBUG:matplotlib.font_manager:findfont: score(<Font 'mry_KacstQurn' (mry_KacstQurn.ttf) normal normal 400 normal>) = 10.05
DEBUG:matplotlib.font_manager:findfont: score(<Font 'Liberation Mono' (LiberationMono-BoldItalic.ttf) italic normal bold normal>) = 11.335
DEBUG:matplotlib.font_manager:findfont: score(<Font 'Laksaman' (Laksaman-Bold.ttf) normal normal bold normal>) = 10.335
DEBUG:matplotlib.font_manager:findfont: score(<Font 'DejaVu Sans' (DejaVuSansCondensed-BoldOblique.ttf) oblique normal bold condensed>) = 1.535
DEBUG:matplotlib.font_manager:findfont: score(<Font 'Umpush' (Umpush.ttf) normal normal 400 normal>) = 10.05
DEBUG:matplotlib.font_manager:findfont: score(<Font 'Khmer OS' (KhmerOS.ttf) normal normal 400 normal>) = 10.05
DEBUG:matplotlib.font_manager:findfont: score(<Font 'Garuda' (Garuda.ttf) normal normal 400 normal>) = 10.05
DEBUG:matplotlib.font_manager:findfont: score(<Font 'DejaVu Sans' (DejaVuSansCondensed-Oblique.ttf) oblique normal 400 condensed>) = 1.25
DEBUG:matplotlib.font_manager:findfont: score(<Font 'FreeSans' (FreeSansOblique.ttf) oblique normal 400 normal>) = 11.05
DEBUG:matplotlib.font_manager:findfont: score(<Font 'FreeSerif' (FreeSerif.ttf) normal normal 400 normal>) = 10.05
DEBUG:matplotlib.font_manager:findfont: score(<Font 'Noto Sans CJK JP' (NotoSansCJK-Bold.ttc) normal normal bold normal>) = 10.335
DEBUG:matplotlib.font_manager:findfont: score(<Font 'Rachana' (Rachana-Bold.ttf) normal normal bold normal>) = 10.335
DEBUG:matplotlib.font_manager:findfont: score(<Font 'DejaVu Serif' (DejaVuSerifCondensed.ttf) normal normal 400 condensed>) = 10.25
DEBUG:matplotlib.font_manager:findfont: score(<Font 'padmaa-Bold.1.1' (padmaa-Bold.1.1.ttf) normal normal bold normal>) = 10.335
DEBUG:matplotlib.font_manager:findfont: score(<Font 'Uroob' (Uroob.ttf) normal normal 700 normal>) = 10.335
DEBUG:matplotlib.font_manager:findfont: score(<Font 'Purisa' (Purisa-BoldOblique.ttf) oblique normal bold normal>) = 11.335
DEBUG:matplotlib.font_manager:findfont: score(<Font 'Vemana2000' (vemana2000.ttf) normal normal 400 normal>) = 10.05
DEBUG:matplotlib.font_manager:findfont: score(<Font 'KacstLetter' (KacstLetter.ttf) normal normal 400 normal>) = 10.05
DEBUG:matplotlib.font_manager:findfont: score(<Font 'KacstOffice' (KacstOffice.ttf) normal normal 400 normal>) = 10.05
DEBUG:matplotlib.font_manager:findfont: score(<Font 'DejaVu Math TeX Gyre' (DejaVuMathTeXGyre.ttf) normal normal regular normal>) = 10.05
DEBUG:matplotlib.font_manager:findfont: score(<Font 'Chandas' (chandas1-2.ttf) normal normal 400 normal>) = 10.05
DEBUG:matplotlib.font_manager:findfont: score(<Font 'Samyak Tamil' (Samyak-Tamil.ttf) normal normal 400 normal>) = 10.05
DEBUG:matplotlib.font_manager:findfont: score(<Font 'aakar' (aakar-medium.ttf) normal normal 400 normal>) = 10.05
DEBUG:matplotlib.font_manager:findfont: score(<Font 'KacstTitleL' (KacstTitleL.ttf) normal normal 400 normal>) = 10.05
DEBUG:matplotlib.font_manager:findfont: score(<Font 'Nakula' (nakula.ttf) normal normal 400 normal>) = 10.05
DEBUG:matplotlib.font_manager:findfont: score(<Font 'Kinnari' (Kinnari.ttf) normal normal 400 normal>) = 10.05
DEBUG:matplotlib.font_manager:findfont: score(<Font 'Tlwg Mono' (TlwgMono-Oblique.ttf) oblique normal 400 normal>) = 11.05
DEBUG:matplotlib.font_manager:findfont: score(<Font 'OpenSymbol' (opens___.ttf) normal normal 400 normal>) = 10.05
DEBUG:matplotlib.font_manager:findfont: score(<Font 'Noto Sans CJK JP' (NotoSansCJK-Regular.ttc) normal normal 400 normal>) = 10.05
DEBUG:matplotlib.font_manager:findfont: score(<Font 'Ubuntu Mono' (UbuntuMono-B.ttf) normal normal bold normal>) = 10.335
DEBUG:matplotlib.font_manager:findfont: score(<Font 'KacstFarsi' (KacstFarsi.ttf) normal normal 400 normal>) = 10.05
DEBUG:matplotlib.font_manager:findfont: score(<Font 'Loma' (Loma.ttf) normal normal 400 normal>) = 10.05
DEBUG:matplotlib.font_manager:findfont: score(<Font 'Gargi' (Gargi.ttf) normal normal 400 normal>) = 10.05
DEBUG:matplotlib.font_manager:findfont: score(<Font 'DejaVu Serif' (DejaVuSerifCondensed-Italic.ttf) italic normal 400 condensed>) = 11.25
DEBUG:matplotlib.font_manager:findfont: score(<Font 'FreeMono' (FreeMonoBoldOblique.ttf) oblique normal bold normal>) = 11.335
DEBUG:matplotlib.font_manager:findfont: score(<Font 'DejaVu Serif' (DejaVuSerifCondensed-BoldItalic.ttf) italic normal bold condensed>) = 11.535
DEBUG:matplotlib.font_manager:findfont: score(<Font 'Sawasdee' (Sawasdee-BoldOblique.ttf) oblique normal bold normal>) = 11.335
DEBUG:matplotlib.font_manager:findfont: score(<Font 'Waree' (Waree-BoldOblique.ttf) oblique normal bold normal>) = 11.335
DEBUG:matplotlib.font_manager:findfont: score(<Font 'Tlwg Mono' (TlwgMono-Bold.ttf) normal normal bold normal>) = 10.335
DEBUG:matplotlib.font_manager:findfont: score(<Font 'Liberation Sans Narrow' (LiberationSansNarrow-Bold.ttf) normal normal bold condensed>) = 10.535
DEBUG:matplotlib.font_manager:findfont: score(<Font 'Sawasdee' (Sawasdee.ttf) normal normal 400 normal>) = 10.05
DEBUG:matplotlib.font_manager:findfont: score(<Font 'Liberation Mono' (LiberationMono-Italic.ttf) italic normal 400 normal>) = 11.05
DEBUG:matplotlib.font_manager:findfont: score(<Font 'DejaVu Sans' (DejaVuSans-ExtraLight.ttf) normal normal light normal>) = 0.24
DEBUG:matplotlib.font_manager:findfont: score(<Font 'FreeMono' (FreeMonoBold.ttf) normal normal bold normal>) = 10.335
DEBUG:matplotlib.font_manager:findfont: score(<Font 'Padauk' (Padauk-Bold.ttf) normal normal bold normal>) = 10.335
DEBUG:matplotlib.font_manager:findfont: score(<Font 'Phetsarath OT' (Phetsarath_OT.ttf) normal normal 400 normal>) = 10.05
DEBUG:matplotlib.font_manager:findfont: score(<Font 'Ubuntu' (Ubuntu-B.ttf) normal normal bold normal>) = 10.335
DEBUG:matplotlib.font_manager:findfont: score(<Font 'Garuda' (Garuda-Bold.ttf) normal normal bold normal>) = 10.335
DEBUG:matplotlib.font_manager:findfont: score(<Font 'Umpush' (Umpush-LightOblique.ttf) oblique normal light normal>) = 11.24
DEBUG:matplotlib.font_manager:findfont: score(<Font 'Padauk Book' (PadaukBook-Regular.ttf) normal normal book normal>) = 10.05
DEBUG:matplotlib.font_manager:findfont: score(<Font 'Saab' (Saab.ttf) normal normal 400 normal>) = 10.05
DEBUG:matplotlib.font_manager:findfont: score(<Font 'Mukti Narrow' (MuktiNarrowBold.ttf) normal normal 700 normal>) = 10.335
DEBUG:matplotlib.font_manager:findfont: score(<Font 'Tlwg Typist' (TlwgTypist-BoldOblique.ttf) oblique normal bold normal>) = 11.335
DEBUG:matplotlib.font_manager:findfont: score(<Font 'Liberation Sans Narrow' (LiberationSansNarrow-Italic.ttf) italic normal 400 condensed>) = 11.25
DEBUG:matplotlib.font_manager:findfont: score(<Font 'Waree' (Waree-Oblique.ttf) oblique normal 400 normal>) = 11.05
DEBUG:matplotlib.font_manager:findfont: score(<Font 'Navilu' (Navilu.ttf) normal normal 400 normal>) = 10.05
DEBUG:matplotlib.font_manager:findfont: score(<Font 'Garuda' (Garuda-Oblique.ttf) oblique normal 400 normal>) = 11.05
DEBUG:matplotlib.font_manager:findfont: score(<Font 'Ubuntu' (Ubuntu-R.ttf) normal normal 400 normal>) = 10.05
DEBUG:matplotlib.font_manager:findfont: score(<Font 'Sawasdee' (Sawasdee-Bold.ttf) normal normal bold normal>) = 10.335
DEBUG:matplotlib.font_manager:findfont: score(<Font 'KacstPoster' (KacstPoster.ttf) normal normal 400 normal>) = 10.05
DEBUG:matplotlib.font_manager:findfont: score(<Font 'KacstTitle' (KacstTitle.ttf) normal normal 400 normal>) = 10.05
DEBUG:matplotlib.font_manager:findfont: score(<Font 'FreeSans' (FreeSans.ttf) normal normal 400 normal>) = 10.05
DEBUG:matplotlib.font_manager:findfont: score(<Font 'ori1Uni' (utkal.ttf) normal normal medium normal>) = 10.145
DEBUG:matplotlib.font_manager:findfont: score(<Font 'Ubuntu Mono' (UbuntuMono-BI.ttf) italic normal bold normal>) = 11.335
DEBUG:matplotlib.font_manager:findfont: score(<Font 'Samanata' (samanata.ttf) normal normal 400 normal>) = 10.05
DEBUG:matplotlib.font_manager:findfont: score(<Font 'Chilanka' (Chilanka-Regular.ttf) normal normal regular normal>) = 10.05
DEBUG:matplotlib.font_manager:findfont: score(<Font 'Norasi' (Norasi-BoldItalic.ttf) italic normal bold normal>) = 11.335
DEBUG:matplotlib.font_manager:findfont: score(<Font 'Mukti Narrow' (MuktiNarrow.ttf) normal normal 400 normal>) = 10.05
DEBUG:matplotlib.font_manager:findfont: score(<Font 'Ani' (ani.ttf) normal normal 400 normal>) = 10.05
DEBUG:matplotlib.font_manager:findfont: score(<Font 'Noto Serif CJK JP' (NotoSerifCJK-Bold.ttc) normal normal bold normal>) = 10.335
DEBUG:matplotlib.font_manager:findfont: score(<Font 'Manjari' (Manjari-Regular.otf) normal normal regular normal>) = 10.05
DEBUG:matplotlib.font_manager:findfont: score(<Font 'Lohit Assamese' (Lohit-Assamese.ttf) normal normal 400 normal>) = 10.05
DEBUG:matplotlib.font_manager:findfont: score(<Font 'Kinnari' (Kinnari-BoldItalic.ttf) italic normal bold normal>) = 11.335
DEBUG:matplotlib.font_manager:findfont: score(<Font 'Gubbi' (Gubbi.ttf) normal normal 400 normal>) = 10.05
DEBUG:matplotlib.font_manager:findfont: score(<Font 'Ubuntu' (Ubuntu-M.ttf) normal normal medium normal>) = 10.145
DEBUG:matplotlib.font_manager:findfont: score(<Font 'Liberation Serif' (LiberationSerif-BoldItalic.ttf) italic normal bold normal>) = 11.335
DEBUG:matplotlib.font_manager:findfont: score(<Font 'Kinnari' (Kinnari-BoldOblique.ttf) oblique normal bold normal>) = 11.335
DEBUG:matplotlib.font_manager:findfont: score(<Font 'FreeSans' (FreeSansBold.ttf) normal normal bold normal>) = 10.335
DEBUG:matplotlib.font_manager:findfont: score(<Font 'Liberation Sans' (LiberationSans-Italic.ttf) italic normal 400 normal>) = 11.05
DEBUG:matplotlib.font_manager:findfont: score(<Font 'padmaa' (padmaa.ttf) normal normal 400 normal>) = 10.05
DEBUG:matplotlib.font_manager:findfont: score(<Font 'Rekha' (Rekha.ttf) normal normal 400 normal>) = 10.05
DEBUG:matplotlib.font_manager:findfont: score(<Font 'Lohit Gujarati' (Lohit-Gujarati.ttf) normal normal 400 normal>) = 10.05
DEBUG:matplotlib.font_manager:findfont: score(<Font 'Umpush' (Umpush-Bold.ttf) normal normal bold normal>) = 10.335
DEBUG:matplotlib.font_manager:findfont: score(<Font 'DejaVu Serif' (DejaVuSerifCondensed-Bold.ttf) normal normal bold condensed>) = 10.535
DEBUG:matplotlib.font_manager:findfont: score(<Font 'Norasi' (Norasi-Bold.ttf) normal normal bold normal>) = 10.335
DEBUG:matplotlib.font_manager:findfont: score(<Font 'Norasi' (Norasi-Italic.ttf) italic normal 400 normal>) = 11.05
DEBUG:matplotlib.font_manager:findfont: score(<Font 'FreeSerif' (FreeSerifBold.ttf) normal normal bold normal>) = 10.335
DEBUG:matplotlib.font_manager:findfont: score(<Font 'Tlwg Typist' (TlwgTypist-Oblique.ttf) oblique normal 400 normal>) = 11.05
DEBUG:matplotlib.font_manager:findfont: score(<Font 'Tlwg Mono' (TlwgMono-BoldOblique.ttf) oblique normal bold normal>) = 11.335
DEBUG:matplotlib.font_manager:findfont: score(<Font 'Pothana2000' (Pothana2000.ttf) normal normal 400 normal>) = 10.05
DEBUG:matplotlib.font_manager:findfont: score(<Font 'Rachana' (Rachana-Regular.ttf) normal normal regular normal>) = 10.05
DEBUG:matplotlib.font_manager:findfont: score(<Font 'Ubuntu' (Ubuntu-MI.ttf) italic normal medium normal>) = 11.145
DEBUG:matplotlib.font_manager:findfont: score(<Font 'Sarai' (Sarai.ttf) normal normal 400 normal>) = 10.05
DEBUG:matplotlib.font_manager:findfont: score(<Font 'KacstQurn' (KacstQurn.ttf) normal normal 400 normal>) = 10.05
DEBUG:matplotlib.font_manager:findfont: score(<Font 'Tlwg Mono' (TlwgMono.ttf) normal normal 400 normal>) = 10.05
DEBUG:matplotlib.font_manager:findfont: score(<Font 'Lohit Gurmukhi' (Lohit-Gurmukhi.ttf) normal normal 400 normal>) = 10.05
DEBUG:matplotlib.font_manager:findfont: score(<Font 'Tlwg Typewriter' (TlwgTypewriter-BoldOblique.ttf) oblique normal bold normal>) = 11.335
DEBUG:matplotlib.font_manager:findfont: score(<Font 'Umpush' (Umpush-BoldOblique.ttf) oblique normal bold normal>) = 11.335
DEBUG:matplotlib.font_manager:findfont: score(<Font 'KacstBook' (KacstBook.ttf) normal normal book normal>) = 10.05
DEBUG:matplotlib.font_manager:findfont: score(<Font 'Pagul' (Pagul.ttf) normal normal 400 normal>) = 10.05
DEBUG:matplotlib.font_manager:findfont: score(<Font 'FreeSerif' (FreeSerifBoldItalic.ttf) italic normal bold normal>) = 11.335
DEBUG:matplotlib.font_manager:findfont: score(<Font 'Lohit Kannada' (Lohit-Kannada.ttf) normal normal 400 normal>) = 10.05
DEBUG:matplotlib.font_manager:findfont: Matching :family=sans-serif:style=normal:variant=normal:weight=normal:stretch=normal:size=12.0 to DejaVu Sans ('/home/ram/.local/lib/python3.6/site-packages/matplotlib/mpl-data/fonts/ttf/DejaVuSans.ttf') with score of 0.050000.
DEBUG:roipoly.roipoly:Received single left mouse button click
DEBUG:roipoly.roipoly:draw line x: [20.21428571428568, 20.99350649350646] y: [73.83766233766235, 73.83766233766235]
DEBUG:roipoly.roipoly:draw line x: [20.21428571428568, 21.772727272727238] y: [73.83766233766235, 73.83766233766235]
DEBUG:roipoly.roipoly:draw line x: [20.21428571428568, 22.551948051948017] y: [73.83766233766235, 73.83766233766235]
DEBUG:roipoly.roipoly:draw line x: [20.21428571428568, 36.577922077922054] y: [73.83766233766235, 71.5]
DEBUG:roipoly.roipoly:draw line x: [20.21428571428568, 42.811688311688286] y: [73.83766233766235, 69.94155844155847]
DEBUG:roipoly.roipoly:draw line x: [20.21428571428568, 70.86363636363635] y: [73.83766233766235, 59.81168831168833]
DEBUG:roipoly.roipoly:draw line x: [20.21428571428568, 101.25324675324674] y: [73.83766233766235, 50.46103896103898]
DEBUG:roipoly.roipoly:draw line x: [20.21428571428568, 137.09740259740258] y: [73.83766233766235, 45.00649350649354]
DEBUG:roipoly.roipoly:draw line x: [20.21428571428568, 214.24025974025972] y: [73.83766233766235, 45.00649350649354]
DEBUG:roipoly.roipoly:draw line x: [20.21428571428568, 281.25324675324674] y: [73.83766233766235, 41.889610389610425]
DEBUG:roipoly.roipoly:draw line x: [20.21428571428568, 295.2792207792208] y: [73.83766233766235, 37.21428571428572]
DEBUG:roipoly.roipoly:draw line x: [20.21428571428568, 296.8376623376624] y: [73.83766233766235, 36.43506493506493]
DEBUG:roipoly.roipoly:draw line x: [20.21428571428568, 296.8376623376624] y: [73.83766233766235, 35.65584415584419]
DEBUG:roipoly.roipoly:draw line x: [20.21428571428568, 297.6168831168831] y: [73.83766233766235, 33.31818181818181]
DEBUG:roipoly.roipoly:draw line x: [20.21428571428568, 299.1753246753247] y: [73.83766233766235, 31.759740259740283]
DEBUG:roipoly.roipoly:draw line x: [20.21428571428568, 303.0714285714286] y: [73.83766233766235, 28.642857142857167]
DEBUG:roipoly.roipoly:draw line x: [20.21428571428568, 303.85064935064935] y: [73.83766233766235, 28.642857142857167]
DEBUG:roipoly.roipoly:draw line x: [20.21428571428568, 306.1883116883117] y: [73.83766233766235, 27.08441558441558]
DEBUG:roipoly.roipoly:Received single left mouse button click
DEBUG:roipoly.roipoly:draw line x: [20.21428571428568, 306.1883116883117] y: [73.83766233766235, 27.08441558441558]
DEBUG:roipoly.roipoly:draw line x: [306.1883116883117, 306.96753246753246] y: [27.08441558441558, 27.08441558441558]
DEBUG:roipoly.roipoly:draw line x: [306.1883116883117, 307.74675324675326] y: [27.08441558441558, 27.08441558441558]
DEBUG:roipoly.roipoly:draw line x: [306.1883116883117, 308.52597402597405] y: [27.08441558441558, 27.08441558441558]
DEBUG:roipoly.roipoly:draw line x: [306.1883116883117, 316.3181818181818] y: [27.08441558441558, 49.68181818181819]
DEBUG:roipoly.roipoly:draw line x: [306.1883116883117, 316.3181818181818] y: [27.08441558441558, 62.14935064935065]
DEBUG:roipoly.roipoly:draw line x: [306.1883116883117, 320.9935064935065] y: [27.08441558441558, 78.51298701298703]
DEBUG:roipoly.roipoly:draw line x: [306.1883116883117, 326.44805194805195] y: [27.08441558441558, 94.8766233766234]
DEBUG:roipoly.roipoly:draw line x: [306.1883116883117, 327.22727272727275] y: [27.08441558441558, 98.77272727272728]
DEBUG:roipoly.roipoly:draw line x: [306.1883116883117, 327.22727272727275] y: [27.08441558441558, 99.55194805194807]
DEBUG:roipoly.roipoly:draw line x: [306.1883116883117, 328.00649350649354] y: [27.08441558441558, 112.7987012987013]
DEBUG:roipoly.roipoly:draw line x: [306.1883116883117, 331.90259740259745] y: [27.08441558441558, 124.487012987013]
DEBUG:roipoly.roipoly:draw line x: [306.1883116883117, 331.90259740259745] y: [27.08441558441558, 127.60389610389612]
DEBUG:roipoly.roipoly:draw line x: [306.1883116883117, 331.90259740259745] y: [27.08441558441558, 128.38311688311688]
DEBUG:roipoly.roipoly:draw line x: [306.1883116883117, 331.90259740259745] y: [27.08441558441558, 145.52597402597405]
DEBUG:roipoly.roipoly:draw line x: [306.1883116883117, 333.461038961039] y: [27.08441558441558, 156.43506493506496]
DEBUG:roipoly.roipoly:draw line x: [306.1883116883117, 337.3571428571429] y: [27.08441558441558, 166.56493506493507]
DEBUG:roipoly.roipoly:draw line x: [306.1883116883117, 345.14935064935065] y: [27.08441558441558, 183.70779220779224]
DEBUG:roipoly.roipoly:draw line x: [306.1883116883117, 347.48701298701303] y: [27.08441558441558, 193.0584415584416]
DEBUG:roipoly.roipoly:draw line x: [306.1883116883117, 349.04545454545456] y: [27.08441558441558, 196.1753246753247]
DEBUG:roipoly.roipoly:draw line x: [306.1883116883117, 342.81168831168833] y: [27.08441558441558, 194.61688311688314]
DEBUG:roipoly.roipoly:draw line x: [306.1883116883117, 320.9935064935065] y: [27.08441558441558, 189.94155844155847]
DEBUG:roipoly.roipoly:draw line x: [306.1883116883117, 284.37012987012986] y: [27.08441558441558, 186.82467532467535]
DEBUG:roipoly.roipoly:draw line x: [306.1883116883117, 233.7207792207792] y: [27.08441558441558, 185.2662337662338]
DEBUG:roipoly.roipoly:draw line x: [306.1883116883117, 222.03246753246754] y: [27.08441558441558, 188.3831168831169]
DEBUG:roipoly.roipoly:draw line x: [306.1883116883117, 220.474025974026] y: [27.08441558441558, 188.3831168831169]
DEBUG:roipoly.roipoly:draw line x: [306.1883116883117, 214.24025974025972] y: [27.08441558441558, 189.94155844155847]
DEBUG:roipoly.roipoly:draw line x: [306.1883116883117, 207.22727272727275] y: [27.08441558441558, 193.0584415584416]
DEBUG:roipoly.roipoly:draw line x: [306.1883116883117, 197.0974025974026] y: [27.08441558441558, 197.73376623376626]
DEBUG:roipoly.roipoly:draw line x: [306.1883116883117, 168.26623376623377] y: [27.08441558441558, 208.64285714285717]
DEBUG:roipoly.roipoly:draw line x: [306.1883116883117, 125.4090909090909] y: [27.08441558441558, 227.34415584415586]
DEBUG:roipoly.roipoly:draw line x: [306.1883116883117, 104.37012987012986] y: [27.08441558441558, 242.14935064935065]
DEBUG:roipoly.roipoly:draw line x: [306.1883116883117, 101.25324675324674] y: [27.08441558441558, 245.26623376623377]
DEBUG:roipoly.roipoly:draw line x: [306.1883116883117, 100.47402597402595] y: [27.08441558441558, 246.04545454545456]
DEBUG:roipoly.roipoly:draw line x: [306.1883116883117, 101.25324675324674] y: [27.08441558441558, 246.82467532467535]
DEBUG:roipoly.roipoly:draw line x: [306.1883116883117, 101.25324675324674] y: [27.08441558441558, 246.82467532467535]
DEBUG:roipoly.roipoly:draw line x: [306.1883116883117, 131.64285714285714] y: [27.08441558441558, 246.82467532467535]
DEBUG:roipoly.roipoly:draw line x: [306.1883116883117, 224.37012987012986] y: [27.08441558441558, 226.56493506493507]
DEBUG:roipoly.roipoly:draw line x: [306.1883116883117, 316.3181818181818] y: [27.08441558441558, 192.2792207792208]
DEBUG:roipoly.roipoly:draw line x: [306.1883116883117, 349.04545454545456] y: [27.08441558441558, 114.35714285714286]
DEBUG:roipoly.roipoly:draw line x: [306.1883116883117, 335.01948051948057] y: [27.08441558441558, 144.74675324675326]
DEBUG:roipoly.roipoly:draw line x: [306.1883116883117, 332.6818181818182] y: [27.08441558441558, 150.9805194805195]
DEBUG:roipoly.roipoly:draw line x: [306.1883116883117, 331.90259740259745] y: [27.08441558441558, 153.31818181818184]
DEBUG:roipoly.roipoly:draw line x: [306.1883116883117, 332.6818181818182] y: [27.08441558441558, 154.0974025974026]
DEBUG:roipoly.roipoly:draw line x: [306.1883116883117, 333.461038961039] y: [27.08441558441558, 154.0974025974026]
DEBUG:roipoly.roipoly:Received single left mouse button click
DEBUG:roipoly.roipoly:draw line x: [306.1883116883117, 333.461038961039] y: [27.08441558441558, 154.0974025974026]
DEBUG:roipoly.roipoly:draw line x: [333.461038961039, 333.461038961039] y: [154.0974025974026, 154.0974025974026]
DEBUG:roipoly.roipoly:draw line x: [333.461038961039, 334.2402597402598] y: [154.0974025974026, 154.8766233766234]
DEBUG:roipoly.roipoly:draw line x: [333.461038961039, 334.2402597402598] y: [154.0974025974026, 154.8766233766234]
DEBUG:roipoly.roipoly:draw line x: [333.461038961039, 334.2402597402598] y: [154.0974025974026, 154.8766233766234]
DEBUG:roipoly.roipoly:draw line x: [333.461038961039, 271.9025974025974] y: [154.0974025974026, 181.3701298701299]
DEBUG:roipoly.roipoly:draw line x: [333.461038961039, 225.92857142857144] y: [154.0974025974026, 188.3831168831169]
DEBUG:roipoly.roipoly:draw line x: [333.461038961039, 190.86363636363637] y: [154.0974025974026, 197.73376623376626]
DEBUG:roipoly.roipoly:draw line x: [333.461038961039, 172.94155844155844] y: [154.0974025974026, 203.9675324675325]
DEBUG:roipoly.roipoly:draw line x: [333.461038961039, 162.8116883116883] y: [154.0974025974026, 208.64285714285717]
DEBUG:roipoly.roipoly:draw line x: [333.461038961039, 150.34415584415584] y: [154.0974025974026, 213.31818181818184]
DEBUG:roipoly.roipoly:draw line x: [333.461038961039, 133.98051948051946] y: [154.0974025974026, 220.33116883116884]
DEBUG:roipoly.roipoly:draw line x: [333.461038961039, 126.18831168831167] y: [154.0974025974026, 224.22727272727275]
DEBUG:roipoly.roipoly:draw line x: [333.461038961039, 124.62987012987011] y: [154.0974025974026, 225.7857142857143]
DEBUG:roipoly.roipoly:draw line x: [333.461038961039, 123.85064935064935] y: [154.0974025974026, 226.56493506493507]
DEBUG:roipoly.roipoly:draw line x: [333.461038961039, 123.07142857142856] y: [154.0974025974026, 228.12337662337666]
DEBUG:roipoly.roipoly:draw line x: [333.461038961039, 120.73376623376623] y: [154.0974025974026, 232.7987012987013]
DEBUG:roipoly.roipoly:draw line x: [333.461038961039, 118.39610389610388] y: [154.0974025974026, 242.92857142857144]
DEBUG:roipoly.roipoly:draw line x: [333.461038961039, 116.83766233766232] y: [154.0974025974026, 249.16233766233768]
DEBUG:roipoly.roipoly:draw line x: [333.461038961039, 116.05844155844153] y: [154.0974025974026, 253.0584415584416]
DEBUG:roipoly.roipoly:draw line x: [333.461038961039, 114.49999999999997] y: [154.0974025974026, 256.1753246753247]
DEBUG:roipoly.roipoly:draw line x: [333.461038961039, 112.94155844155841] y: [154.0974025974026, 258.512987012987]
DEBUG:roipoly.roipoly:draw line x: [333.461038961039, 106.70779220779218] y: [154.0974025974026, 263.1883116883117]
DEBUG:roipoly.roipoly:draw line x: [333.461038961039, 98.13636363636363] y: [154.0974025974026, 267.08441558441564]
DEBUG:roipoly.roipoly:draw line x: [333.461038961039, 95.01948051948051] y: [154.0974025974026, 267.8636363636364]
DEBUG:roipoly.roipoly:draw line x: [333.461038961039, 94.24025974025972] y: [154.0974025974026, 267.8636363636364]
DEBUG:roipoly.roipoly:draw line x: [333.461038961039, 91.9025974025974] y: [154.0974025974026, 268.64285714285717]
DEBUG:roipoly.roipoly:draw line x: [333.461038961039, 90.34415584415584] y: [154.0974025974026, 269.42207792207796]
DEBUG:roipoly.roipoly:Received single left mouse button click
DEBUG:roipoly.roipoly:draw line x: [333.461038961039, 90.34415584415584] y: [154.0974025974026, 269.42207792207796]
DEBUG:roipoly.roipoly:draw line x: [90.34415584415584, 89.56493506493504] y: [269.42207792207796, 268.64285714285717]
DEBUG:roipoly.roipoly:draw line x: [90.34415584415584, 73.20129870129867] y: [269.42207792207796, 191.50000000000003]
DEBUG:roipoly.roipoly:draw line x: [90.34415584415584, 54.49999999999997] y: [269.42207792207796, 131.50000000000003]
DEBUG:roipoly.roipoly:draw line x: [90.34415584415584, 49.8246753246753] y: [269.42207792207796, 112.7987012987013]
DEBUG:roipoly.roipoly:draw line x: [90.34415584415584, 49.045454545454504] y: [269.42207792207796, 112.01948051948054]
DEBUG:roipoly.roipoly:draw line x: [90.34415584415584, 48.26623376623374] y: [269.42207792207796, 111.24025974025975]
DEBUG:roipoly.roipoly:draw line x: [90.34415584415584, 42.03246753246751] y: [269.42207792207796, 106.56493506493507]
DEBUG:roipoly.roipoly:draw line x: [90.34415584415584, 32.681818181818144] y: [269.42207792207796, 98.77272727272728]
DEBUG:roipoly.roipoly:draw line x: [90.34415584415584, 29.564935064935028] y: [269.42207792207796, 94.0974025974026]
DEBUG:roipoly.roipoly:Received single right mouse button click or double left click
DEBUG:roipoly.roipoly:Stop ROI drawing
INFO:root:12_06_57_13_01_2021: Change detected
INFO:root:12_06_57_13_01_2021: Change detected
INFO:root:12_06_57_13_01_2021: Change detected
INFO:root:12_06_57_13_01_2021: Change detected
INFO:root:12_06_57_13_01_2021: Change detected
INFO:root:12_06_57_13_01_2021: Change detected
INFO:root:12_06_57_13_01_2021: Change detected
INFO:root:12_06_57_13_01_2021: Change detected
INFO:root:12_06_57_13_01_2021: Change detected
INFO:root:12_06_57_13_01_2021: Change detected
INFO:root:12_06_58_13_01_2021: Change detected
INFO:root:12_06_58_13_01_2021: Change detected
INFO:root:12_06_58_13_01_2021: Change detected
INFO:root:12_06_58_13_01_2021: Change detected
INFO:root:12_06_58_13_01_2021: Change detected
INFO:root:12_06_58_13_01_2021: Change detected
INFO:root:12_06_58_13_01_2021: Change detected
INFO:root:12_06_58_13_01_2021: Change detected
INFO:root:12_06_58_13_01_2021: Change detected
INFO:root:12_06_58_13_01_2021: Change detected
INFO:root:12_06_58_13_01_2021: Change detected
INFO:root:12_06_59_13_01_2021: Change detected
INFO:root:12_06_59_13_01_2021: Change detected
INFO:root:12_06_59_13_01_2021: Change detected
INFO:root:12_06_59_13_01_2021: Change detected
INFO:root:12_06_59_13_01_2021: Change detected
INFO:root:12_06_59_13_01_2021: Change detected
INFO:root:12_06_59_13_01_2021: Change detected
INFO:root:12_06_59_13_01_2021: Change detected
INFO:root:12_06_59_13_01_2021: Change detected
INFO:root:12_06_59_13_01_2021: Change detected
INFO:root:12_06_59_13_01_2021: Change detected
INFO:root:12_07_00_13_01_2021: Change detected
INFO:root:12_07_00_13_01_2021: Change detected
INFO:root:12_07_00_13_01_2021: Change detected
INFO:root:12_07_00_13_01_2021: Change detected
INFO:root:12_07_00_13_01_2021: Change detected
INFO:root:12_07_00_13_01_2021: Change detected
INFO:root:12_07_00_13_01_2021: Change detected
INFO:root:12_07_00_13_01_2021: Change detected
INFO:root:12_07_00_13_01_2021: Change detected
INFO:root:12_07_00_13_01_2021: Change detected
INFO:root:12_07_00_13_01_2021: Change detected
INFO:root:12_07_01_13_01_2021: Change detected
INFO:root:12_07_01_13_01_2021: Change detected
INFO:root:12_07_01_13_01_2021: Change detected
INFO:root:12_07_01_13_01_2021: Change detected
INFO:root:12_07_01_13_01_2021: Change detected
INFO:root:12_07_01_13_01_2021: Change detected
INFO:root:12_07_01_13_01_2021: Change detected
INFO:root:12_07_01_13_01_2021: Change detected
INFO:root:12_07_01_13_01_2021: Change detected
INFO:root:12_07_01_13_01_2021: Change detected
INFO:root:12_07_01_13_01_2021: Change detected
INFO:root:12_07_02_13_01_2021: Change detected
INFO:root:12_07_02_13_01_2021: Change detected
INFO:root:12_07_02_13_01_2021: Change detected
INFO:root:12_07_02_13_01_2021: Change detected
INFO:root:12_07_02_13_01_2021: Change detected
INFO:root:12_07_02_13_01_2021: Change detected
INFO:root:12_07_02_13_01_2021: Change detected
INFO:root:12_07_02_13_01_2021: Change detected
INFO:root:12_07_02_13_01_2021: Change detected
INFO:root:12_07_02_13_01_2021: Change detected
INFO:root:12_07_02_13_01_2021: Change detected
INFO:root:12_07_02_13_01_2021: Change detected
INFO:root:12_07_03_13_01_2021: Change detected
INFO:root:12_07_03_13_01_2021: Change detected
INFO:root:12_07_03_13_01_2021: Change detected
INFO:root:12_07_03_13_01_2021: Change detected
INFO:root:12_07_03_13_01_2021: Change detected
INFO:root:12_07_03_13_01_2021: Change detected
INFO:root:12_07_03_13_01_2021: Change detected
INFO:root:12_07_03_13_01_2021: Change detected
INFO:root:12_07_03_13_01_2021: Change detected
INFO:root:12_07_03_13_01_2021: Change detected
INFO:root:12_07_03_13_01_2021: Change detected
INFO:root:12_07_03_13_01_2021: Change detected
INFO:root:12_07_04_13_01_2021: Change detected
INFO:root:12_07_04_13_01_2021: Change detected
INFO:root:12_07_04_13_01_2021: Change detected
INFO:root:12_07_04_13_01_2021: Change detected
INFO:root:12_07_04_13_01_2021: Change detected
INFO:root:12_07_04_13_01_2021: Change detected
INFO:root:12_07_04_13_01_2021: Change detected
INFO:root:12_07_04_13_01_2021: Change detected
INFO:root:12_07_04_13_01_2021: Change detected
INFO:root:12_07_04_13_01_2021: Change detected
INFO:root:12_07_04_13_01_2021: Change detected
INFO:root:12_07_04_13_01_2021: Change detected
INFO:root:12_07_05_13_01_2021: Change detected
INFO:root:12_07_05_13_01_2021: Change detected
INFO:root:12_07_05_13_01_2021: Change detected
INFO:root:12_07_05_13_01_2021: Change detected
INFO:root:12_07_05_13_01_2021: Change detected
INFO:root:12_07_05_13_01_2021: Change detected
INFO:root:12_07_05_13_01_2021: Change detected
INFO:root:12_07_05_13_01_2021: Change detected
INFO:root:12_07_05_13_01_2021: Change detected
INFO:root:12_07_05_13_01_2021: Change detected
INFO:root:12_07_05_13_01_2021: Change detected
INFO:root:12_07_06_13_01_2021: Change detected
INFO:root:12_07_06_13_01_2021: Change detected
INFO:root:12_07_06_13_01_2021: Change detected
INFO:root:12_07_06_13_01_2021: Change detected
INFO:root:12_07_06_13_01_2021: Change detected
INFO:root:12_07_06_13_01_2021: Change detected
INFO:root:12_07_06_13_01_2021: Change detected
INFO:root:12_07_06_13_01_2021: Change detected
INFO:root:12_07_06_13_01_2021: Change detected
INFO:root:12_07_06_13_01_2021: Change detected
INFO:root:12_07_06_13_01_2021: Change detected
INFO:root:12_07_07_13_01_2021: Change detected
INFO:root:12_07_07_13_01_2021: Change detected
INFO:root:12_07_07_13_01_2021: Change detected
INFO:root:12_07_07_13_01_2021: Change detected
INFO:root:12_07_07_13_01_2021: Change detected
INFO:root:12_07_07_13_01_2021: Change detected
INFO:root:12_07_07_13_01_2021: Change detected
INFO:root:12_07_07_13_01_2021: Change detected
INFO:root:12_07_07_13_01_2021: Change detected
INFO:root:12_07_07_13_01_2021: Change detected
INFO:root:12_07_07_13_01_2021: Change detected
INFO:root:12_07_08_13_01_2021: Change detected
INFO:root:12_07_08_13_01_2021: Change detected
INFO:root:12_07_08_13_01_2021: Change detected
INFO:root:12_07_08_13_01_2021: Change detected
INFO:root:12_07_08_13_01_2021: Change detected
INFO:root:12_07_08_13_01_2021: Change detected
INFO:root:12_07_08_13_01_2021: Change detected
INFO:root:12_07_08_13_01_2021: Change detected
INFO:root:12_07_08_13_01_2021: Change detected
INFO:root:12_07_08_13_01_2021: Change detected
INFO:root:12_07_08_13_01_2021: Change detected
INFO:root:12_07_09_13_01_2021: Change detected
INFO:root:12_07_09_13_01_2021: Change detected
INFO:root:12_07_09_13_01_2021: Change detected
INFO:root:12_07_09_13_01_2021: Change detected
INFO:root:12_07_09_13_01_2021: Change detected
INFO:root:12_07_09_13_01_2021: Change detected
INFO:root:12_07_09_13_01_2021: Change detected
INFO:root:12_07_09_13_01_2021: Change detected
INFO:root:12_07_09_13_01_2021: Change detected
INFO:root:12_07_09_13_01_2021: Change detected
INFO:root:12_07_09_13_01_2021: Change detected
INFO:root:12_07_10_13_01_2021: Change detected
INFO:root:12_07_10_13_01_2021: Change detected
INFO:root:12_07_10_13_01_2021: Change detected
INFO:root:12_07_10_13_01_2021: Change detected
INFO:root:12_07_10_13_01_2021: Change detected
INFO:root:12_07_10_13_01_2021: Change detected
INFO:root:12_07_10_13_01_2021: Change detected
INFO:root:12_07_10_13_01_2021: Change detected
INFO:root:12_07_10_13_01_2021: Change detected
INFO:root:12_07_10_13_01_2021: Change detected
INFO:root:12_07_10_13_01_2021: Change detected
INFO:root:12_07_11_13_01_2021: Change detected
INFO:root:12_07_11_13_01_2021: Change detected
INFO:root:12_07_11_13_01_2021: Change detected
INFO:root:12_07_11_13_01_2021: Change detected
INFO:root:12_07_11_13_01_2021: Change detected
INFO:root:12_07_11_13_01_2021: Change detected
INFO:root:12_07_11_13_01_2021: Change detected
INFO:root:12_07_11_13_01_2021: Change detected
INFO:root:12_07_11_13_01_2021: Change detected
INFO:root:12_07_11_13_01_2021: Change detected
INFO:root:12_07_11_13_01_2021: Change detected
INFO:root:12_07_11_13_01_2021: Change detected
INFO:root:12_07_11_13_01_2021: Change detected
INFO:root:12_07_12_13_01_2021: Change detected
INFO:root:12_07_12_13_01_2021: Change detected
INFO:root:12_07_12_13_01_2021: Change detected
INFO:root:12_07_12_13_01_2021: Change detected
INFO:root:12_07_12_13_01_2021: Change detected
INFO:root:12_07_12_13_01_2021: Change detected
INFO:root:12_07_12_13_01_2021: Change detected
INFO:root:12_07_12_13_01_2021: Change detected
INFO:root:12_07_12_13_01_2021: Change detected
INFO:root:12_07_12_13_01_2021: Change detected
INFO:root:12_07_12_13_01_2021: Change detected
INFO:root:12_07_13_13_01_2021: Change detected
INFO:root:12_07_13_13_01_2021: Change detected
INFO:root:12_07_13_13_01_2021: Change detected
INFO:root:12_07_13_13_01_2021: Change detected
INFO:root:12_07_13_13_01_2021: Change detected
INFO:root:12_07_13_13_01_2021: Change detected
INFO:root:12_07_13_13_01_2021: Change detected
INFO:root:12_07_13_13_01_2021: Change detected
INFO:root:12_07_13_13_01_2021: Change detected
INFO:root:12_07_13_13_01_2021: Change detected
INFO:root:12_07_13_13_01_2021: Change detected
INFO:root:12_07_14_13_01_2021: Change detected
INFO:root:12_07_14_13_01_2021: Change detected
INFO:root:12_07_14_13_01_2021: Change detected
INFO:root:12_07_14_13_01_2021: Change detected
INFO:root:12_07_14_13_01_2021: Change detected
INFO:root:12_07_14_13_01_2021: Change detected
INFO:root:12_07_14_13_01_2021: Change detected
INFO:root:12_07_14_13_01_2021: Change detected
INFO:root:12_07_14_13_01_2021: Change detected
INFO:root:12_07_14_13_01_2021: Change detected
INFO:root:12_07_14_13_01_2021: Change detected
INFO:root:12_07_15_13_01_2021: Change detected
INFO:root:12_07_15_13_01_2021: Change detected
INFO:root:12_07_15_13_01_2021: Change detected
INFO:root:12_07_15_13_01_2021: Change detected
INFO:root:12_07_15_13_01_2021: Change detected
INFO:root:12_07_15_13_01_2021: Change detected
INFO:root:12_07_15_13_01_2021: Change detected
INFO:root:12_07_15_13_01_2021: Change detected
INFO:root:12_07_15_13_01_2021: Change detected
INFO:root:12_07_15_13_01_2021: Change detected
INFO:root:12_07_15_13_01_2021: Change detected
INFO:root:12_07_16_13_01_2021: Change detected
INFO:root:12_07_16_13_01_2021: Change detected
INFO:root:12_07_16_13_01_2021: Change detected
INFO:root:12_07_16_13_01_2021: Change detected
INFO:root:12_07_16_13_01_2021: Change detected
INFO:root:12_07_16_13_01_2021: Change detected
INFO:root:12_07_16_13_01_2021: Change detected
INFO:root:12_07_16_13_01_2021: Change detected
INFO:root:12_07_16_13_01_2021: Change detected
INFO:root:12_07_16_13_01_2021: Change detected
INFO:root:12_07_16_13_01_2021: Change detected
INFO:root:12_07_17_13_01_2021: Change detected
INFO:root:12_07_17_13_01_2021: Change detected
INFO:root:12_07_17_13_01_2021: Change detected
INFO:root:12_07_17_13_01_2021: Change detected
INFO:root:12_07_17_13_01_2021: Change detected
INFO:root:12_07_17_13_01_2021: Change detected
INFO:root:12_07_17_13_01_2021: Change detected
INFO:root:12_07_17_13_01_2021: Change detected
INFO:root:12_07_17_13_01_2021: Change detected
INFO:root:12_07_17_13_01_2021: Change detected
INFO:root:12_07_17_13_01_2021: Change detected
INFO:root:12_07_18_13_01_2021: Change detected
INFO:root:12_07_18_13_01_2021: Change detected
INFO:root:12_07_18_13_01_2021: Change detected
INFO:root:12_07_18_13_01_2021: Change detected
INFO:root:12_07_18_13_01_2021: Change detected
INFO:root:12_07_18_13_01_2021: Change detected
INFO:root:12_07_18_13_01_2021: Change detected
INFO:root:12_07_18_13_01_2021: Change detected
INFO:root:12_07_18_13_01_2021: Change detected
INFO:root:12_07_18_13_01_2021: Change detected
INFO:root:12_07_18_13_01_2021: Change detected
INFO:root:12_07_19_13_01_2021: Change detected
INFO:root:12_07_19_13_01_2021: Change detected
INFO:root:12_07_19_13_01_2021: Change detected
INFO:root:12_07_19_13_01_2021: Change detected
INFO:root:12_07_19_13_01_2021: Change detected
INFO:root:12_07_19_13_01_2021: Change detected
INFO:root:12_07_19_13_01_2021: Change detected
INFO:root:12_07_19_13_01_2021: Change detected
INFO:root:12_07_19_13_01_2021: Change detected
INFO:root:12_07_19_13_01_2021: Change detected
INFO:root:12_07_19_13_01_2021: Change detected
INFO:root:12_07_19_13_01_2021: Change detected
INFO:root:12_07_20_13_01_2021: Change detected
INFO:root:12_07_20_13_01_2021: Change detected
INFO:root:12_07_20_13_01_2021: Change detected
INFO:root:12_07_20_13_01_2021: Change detected
INFO:root:12_07_20_13_01_2021: Change detected
INFO:root:12_07_20_13_01_2021: Change detected
INFO:root:12_07_20_13_01_2021: Change detected
INFO:root:12_07_20_13_01_2021: Change detected
INFO:root:12_07_20_13_01_2021: Change detected
INFO:root:12_07_20_13_01_2021: Change detected
INFO:root:12_07_20_13_01_2021: Change detected
INFO:root:12_07_21_13_01_2021: Change detected
INFO:root:12_07_21_13_01_2021: Change detected
INFO:root:12_07_21_13_01_2021: Change detected
INFO:root:12_07_21_13_01_2021: Change detected
INFO:root:12_07_21_13_01_2021: Change detected
INFO:root:12_07_21_13_01_2021: Change detected
INFO:root:12_07_21_13_01_2021: Change detected
INFO:root:12_07_21_13_01_2021: Change detected
INFO:root:12_07_21_13_01_2021: Change detected
INFO:root:12_07_21_13_01_2021: Change detected
INFO:root:12_07_21_13_01_2021: Change detected
INFO:root:12_07_22_13_01_2021: Change detected
INFO:root:12_07_22_13_01_2021: Change detected
INFO:root:12_07_22_13_01_2021: Change detected
INFO:root:12_07_22_13_01_2021: Change detected
INFO:root:12_07_22_13_01_2021: Change detected
INFO:root:12_07_22_13_01_2021: Change detected
INFO:root:12_07_22_13_01_2021: Change detected
INFO:root:12_07_22_13_01_2021: Change detected
INFO:root:12_07_22_13_01_2021: Change detected
INFO:root:12_07_22_13_01_2021: Change detected
INFO:root:12_07_22_13_01_2021: Change detected
INFO:root:12_07_22_13_01_2021: Change detected
INFO:root:12_07_23_13_01_2021: Change detected
INFO:root:12_07_23_13_01_2021: Change detected
INFO:root:12_07_23_13_01_2021: Change detected
INFO:root:12_07_23_13_01_2021: Change detected
INFO:root:12_07_23_13_01_2021: Change detected
INFO:root:12_07_25_13_01_2021: Change detected
INFO:root:12_07_25_13_01_2021: Change detected
INFO:root:12_07_25_13_01_2021: Change detected
INFO:root:12_07_25_13_01_2021: Change detected
INFO:root:12_07_25_13_01_2021: Change detected
INFO:root:12_07_25_13_01_2021: Change detected
INFO:root:12_07_25_13_01_2021: Change detected
INFO:root:12_07_25_13_01_2021: Change detected
INFO:root:12_07_25_13_01_2021: Change detected
INFO:root:12_07_25_13_01_2021: Change detected
INFO:root:12_07_25_13_01_2021: Change detected
INFO:root:12_07_26_13_01_2021: Change detected
INFO:root:12_07_26_13_01_2021: Change detected
INFO:root:12_07_26_13_01_2021: Change detected
INFO:root:12_07_26_13_01_2021: Change detected
INFO:root:12_07_26_13_01_2021: Change detected
INFO:root:12_07_26_13_01_2021: Change detected
INFO:root:12_07_26_13_01_2021: Change detected
INFO:root:12_07_26_13_01_2021: Change detected
INFO:root:12_07_26_13_01_2021: Change detected
INFO:root:12_07_26_13_01_2021: Change detected
INFO:root:12_07_26_13_01_2021: Change detected
INFO:root:12_07_27_13_01_2021: Change detected
INFO:root:12_07_27_13_01_2021: Change detected
INFO:root:12_07_27_13_01_2021: Change detected
INFO:root:12_07_27_13_01_2021: Change detected
INFO:root:12_07_27_13_01_2021: Change detected
INFO:root:12_07_27_13_01_2021: Change detected
INFO:root:12_07_27_13_01_2021: Change detected
INFO:root:12_07_27_13_01_2021: Change detected
INFO:root:12_07_27_13_01_2021: Change detected
INFO:root:12_07_27_13_01_2021: Change detected
INFO:root:12_07_27_13_01_2021: Change detected
INFO:root:12_07_28_13_01_2021: Change detected
INFO:root:12_07_28_13_01_2021: Change detected
INFO:root:12_07_28_13_01_2021: Change detected
INFO:root:12_07_28_13_01_2021: Change detected
INFO:root:12_07_28_13_01_2021: Change detected
INFO:root:12_07_28_13_01_2021: Change detected
INFO:root:12_07_28_13_01_2021: Change detected
INFO:root:12_07_28_13_01_2021: Change detected
INFO:root:12_07_28_13_01_2021: Change detected
INFO:root:12_07_28_13_01_2021: Change detected
INFO:root:12_07_28_13_01_2021: Change detected
INFO:root:12_07_29_13_01_2021: Change detected
INFO:root:12_07_29_13_01_2021: Change detected
INFO:root:12_07_29_13_01_2021: Change detected
INFO:root:12_07_29_13_01_2021: Change detected
INFO:root:12_07_29_13_01_2021: Change detected
INFO:root:12_07_29_13_01_2021: Change detected
INFO:root:12_07_29_13_01_2021: Change detected
INFO:root:12_07_29_13_01_2021: Change detected
INFO:root:12_07_29_13_01_2021: Change detected
INFO:root:12_07_29_13_01_2021: Change detected
INFO:root:12_07_29_13_01_2021: Change detected
INFO:root:12_07_30_13_01_2021: Change detected
INFO:root:12_07_30_13_01_2021: Change detected
INFO:root:12_07_30_13_01_2021: Change detected
INFO:root:12_07_30_13_01_2021: Change detected
INFO:root:12_07_30_13_01_2021: Change detected
INFO:root:12_07_30_13_01_2021: Change detected
INFO:root:12_07_30_13_01_2021: Change detected
INFO:root:12_07_30_13_01_2021: Change detected
INFO:root:12_07_30_13_01_2021: Change detected
INFO:root:12_07_30_13_01_2021: Change detected
INFO:root:12_07_30_13_01_2021: Change detected
INFO:root:12_07_31_13_01_2021: Change detected
INFO:root:12_07_31_13_01_2021: Change detected
INFO:root:12_07_31_13_01_2021: Change detected
INFO:root:12_07_31_13_01_2021: Change detected
INFO:root:12_07_31_13_01_2021: Change detected
INFO:root:12_07_31_13_01_2021: Change detected
INFO:root:12_07_31_13_01_2021: Change detected
