INFO:root:Scene Object change detection Job Started...
DEBUG:root:Monitering started...
DEBUG:matplotlib.font_manager:findfont: Matching :family=sans-serif:style=normal:variant=normal:weight=normal:stretch=normal:size=10.0.
DEBUG:matplotlib.font_manager:findfont: score(<Font 'STIXSizeThreeSym' (STIXSizThreeSymBol.ttf) normal normal bold normal>) = 10.335
DEBUG:matplotlib.font_manager:findfont: score(<Font 'DejaVu Sans Mono' (DejaVuSansMono.ttf) normal normal 400 normal>) = 10.05
DEBUG:matplotlib.font_manager:findfont: score(<Font 'DejaVu Serif' (DejaVuSerif.ttf) normal normal 400 normal>) = 10.05
DEBUG:matplotlib.font_manager:findfont: score(<Font 'DejaVu Sans Mono' (DejaVuSansMono-Bold.ttf) normal normal bold normal>) = 10.335
DEBUG:matplotlib.font_manager:findfont: score(<Font 'cmtt10' (cmtt10.ttf) normal normal 400 normal>) = 10.05
DEBUG:matplotlib.font_manager:findfont: score(<Font 'STIXNonUnicode' (STIXNonUni.ttf) normal normal regular normal>) = 10.05
DEBUG:matplotlib.font_manager:findfont: score(<Font 'STIXSizeFourSym' (STIXSizFourSymBol.ttf) normal normal bold normal>) = 10.335
DEBUG:matplotlib.font_manager:findfont: score(<Font 'STIXNonUnicode' (STIXNonUniBolIta.ttf) italic normal bold normal>) = 11.335
DEBUG:matplotlib.font_manager:findfont: score(<Font 'DejaVu Sans' (DejaVuSans-BoldOblique.ttf) oblique normal bold normal>) = 1.335
DEBUG:matplotlib.font_manager:findfont: score(<Font 'STIXSizeOneSym' (STIXSizOneSymReg.ttf) normal normal regular normal>) = 10.05
DEBUG:matplotlib.font_manager:findfont: score(<Font 'cmr10' (cmr10.ttf) normal normal 400 normal>) = 10.05
DEBUG:matplotlib.font_manager:findfont: score(<Font 'cmss10' (cmss10.ttf) normal normal 400 normal>) = 10.05
DEBUG:matplotlib.font_manager:findfont: score(<Font 'STIXSizeOneSym' (STIXSizOneSymBol.ttf) normal normal bold normal>) = 10.335
DEBUG:matplotlib.font_manager:findfont: score(<Font 'cmb10' (cmb10.ttf) normal normal 400 normal>) = 10.05
DEBUG:matplotlib.font_manager:findfont: score(<Font 'DejaVu Serif' (DejaVuSerif-Italic.ttf) italic normal 400 normal>) = 11.05
DEBUG:matplotlib.font_manager:findfont: score(<Font 'DejaVu Sans Mono' (DejaVuSansMono-BoldOblique.ttf) oblique normal bold normal>) = 11.335
DEBUG:matplotlib.font_manager:findfont: score(<Font 'DejaVu Serif Display' (DejaVuSerifDisplay.ttf) normal normal 400 normal>) = 10.05
DEBUG:matplotlib.font_manager:findfont: score(<Font 'DejaVu Sans Display' (DejaVuSansDisplay.ttf) normal normal 400 normal>) = 10.05
DEBUG:matplotlib.font_manager:findfont: score(<Font 'cmex10' (cmex10.ttf) normal normal 400 normal>) = 10.05
DEBUG:matplotlib.font_manager:findfont: score(<Font 'STIXNonUnicode' (STIXNonUniBol.ttf) normal normal bold normal>) = 10.335
DEBUG:matplotlib.font_manager:findfont: score(<Font 'cmsy10' (cmsy10.ttf) normal normal 400 normal>) = 10.05
DEBUG:matplotlib.font_manager:findfont: score(<Font 'DejaVu Sans' (DejaVuSans-Bold.ttf) normal normal bold normal>) = 0.33499999999999996
DEBUG:matplotlib.font_manager:findfont: score(<Font 'STIXSizeTwoSym' (STIXSizTwoSymBol.ttf) normal normal bold normal>) = 10.335
DEBUG:matplotlib.font_manager:findfont: score(<Font 'DejaVu Sans' (DejaVuSans.ttf) normal normal 400 normal>) = 0.05
DEBUG:matplotlib.font_manager:findfont: score(<Font 'STIXGeneral' (STIXGeneral.ttf) normal normal regular normal>) = 10.05
DEBUG:matplotlib.font_manager:findfont: score(<Font 'STIXSizeFiveSym' (STIXSizFiveSymReg.ttf) normal normal regular normal>) = 10.05
DEBUG:matplotlib.font_manager:findfont: score(<Font 'STIXSizeThreeSym' (STIXSizThreeSymReg.ttf) normal normal regular normal>) = 10.05
DEBUG:matplotlib.font_manager:findfont: score(<Font 'cmmi10' (cmmi10.ttf) normal normal 400 normal>) = 10.05
DEBUG:matplotlib.font_manager:findfont: score(<Font 'STIXGeneral' (STIXGeneralBolIta.ttf) italic normal bold normal>) = 11.335
DEBUG:matplotlib.font_manager:findfont: score(<Font 'DejaVu Sans' (DejaVuSans-Oblique.ttf) oblique normal 400 normal>) = 1.05
DEBUG:matplotlib.font_manager:findfont: score(<Font 'STIXGeneral' (STIXGeneralBol.ttf) normal normal bold normal>) = 10.335
DEBUG:matplotlib.font_manager:findfont: score(<Font 'DejaVu Sans Mono' (DejaVuSansMono-Oblique.ttf) oblique normal 400 normal>) = 11.05
DEBUG:matplotlib.font_manager:findfont: score(<Font 'DejaVu Serif' (DejaVuSerif-Bold.ttf) normal normal bold normal>) = 10.335
DEBUG:matplotlib.font_manager:findfont: score(<Font 'DejaVu Serif' (DejaVuSerif-BoldItalic.ttf) italic normal bold normal>) = 11.335
DEBUG:matplotlib.font_manager:findfont: score(<Font 'STIXNonUnicode' (STIXNonUniIta.ttf) italic normal 400 normal>) = 11.05
DEBUG:matplotlib.font_manager:findfont: score(<Font 'STIXGeneral' (STIXGeneralItalic.ttf) italic normal 400 normal>) = 11.05
DEBUG:matplotlib.font_manager:findfont: score(<Font 'STIXSizeFourSym' (STIXSizFourSymReg.ttf) normal normal regular normal>) = 10.05
DEBUG:matplotlib.font_manager:findfont: score(<Font 'STIXSizeTwoSym' (STIXSizTwoSymReg.ttf) normal normal regular normal>) = 10.05
DEBUG:matplotlib.font_manager:findfont: score(<Font 'Liberation Sans' (LiberationSans-Regular.ttf) normal normal 400 normal>) = 10.05
DEBUG:matplotlib.font_manager:findfont: score(<Font 'Tlwg Typo' (TlwgTypo-BoldOblique.ttf) oblique normal bold normal>) = 11.335
DEBUG:matplotlib.font_manager:findfont: score(<Font 'Liberation Serif' (LiberationSerif-Regular.ttf) normal normal 400 normal>) = 10.05
DEBUG:matplotlib.font_manager:findfont: score(<Font 'Norasi' (Norasi-Oblique.ttf) oblique normal 400 normal>) = 11.05
DEBUG:matplotlib.font_manager:findfont: score(<Font 'Ubuntu' (Ubuntu-RI.ttf) italic normal 400 normal>) = 11.05
DEBUG:matplotlib.font_manager:findfont: score(<Font 'Liberation Mono' (LiberationMono-Bold.ttf) normal normal bold normal>) = 10.335
DEBUG:matplotlib.font_manager:findfont: score(<Font 'Loma' (Loma-Bold.ttf) normal normal bold normal>) = 10.335
DEBUG:matplotlib.font_manager:findfont: score(<Font 'Noto Serif CJK JP' (NotoSerifCJK-Regular.ttc) normal normal 400 normal>) = 10.05
DEBUG:matplotlib.font_manager:findfont: score(<Font 'Waree' (Waree-Bold.ttf) normal normal bold normal>) = 10.335
DEBUG:matplotlib.font_manager:findfont: score(<Font 'Lohit Malayalam' (Lohit-Malayalam.ttf) normal normal 400 normal>) = 10.05
DEBUG:matplotlib.font_manager:findfont: score(<Font 'FreeSerif' (FreeSerifItalic.ttf) italic normal 400 normal>) = 11.05
DEBUG:matplotlib.font_manager:findfont: score(<Font 'Ubuntu Mono' (UbuntuMono-RI.ttf) italic normal 400 normal>) = 11.05
DEBUG:matplotlib.font_manager:findfont: score(<Font 'Meera' (Meera.ttf) normal normal 400 normal>) = 10.05
DEBUG:matplotlib.font_manager:findfont: score(<Font 'Lohit Tamil Classical' (Lohit-Tamil-Classical.ttf) normal normal 400 normal>) = 10.05
DEBUG:matplotlib.font_manager:findfont: score(<Font 'Tlwg Typewriter' (TlwgTypewriter.ttf) normal normal 400 normal>) = 10.05
DEBUG:matplotlib.font_manager:findfont: score(<Font 'Tlwg Typo' (TlwgTypo-Oblique.ttf) oblique normal 400 normal>) = 11.05
DEBUG:matplotlib.font_manager:findfont: score(<Font 'DejaVu Sans' (DejaVuSansCondensed-Bold.ttf) normal normal bold condensed>) = 0.5349999999999999
DEBUG:matplotlib.font_manager:findfont: score(<Font 'Dyuthi' (Dyuthi.ttf) normal normal 400 normal>) = 10.05
DEBUG:matplotlib.font_manager:findfont: score(<Font 'KacstOne' (KacstOne.ttf) normal normal 400 normal>) = 10.05
DEBUG:matplotlib.font_manager:findfont: score(<Font 'Suruma' (Suruma.ttf) normal normal 400 normal>) = 10.05
DEBUG:matplotlib.font_manager:findfont: score(<Font 'Liberation Serif' (LiberationSerif-Bold.ttf) normal normal bold normal>) = 10.335
DEBUG:matplotlib.font_manager:findfont: score(<Font 'Kalapi' (Kalapi.ttf) normal normal 400 normal>) = 10.05
DEBUG:matplotlib.font_manager:findfont: score(<Font 'Tlwg Typewriter' (TlwgTypewriter-Bold.ttf) normal normal bold normal>) = 10.335
DEBUG:matplotlib.font_manager:findfont: score(<Font 'Loma' (Loma-Oblique.ttf) oblique normal 400 normal>) = 11.05
DEBUG:matplotlib.font_manager:findfont: score(<Font 'Kinnari' (Kinnari-Bold.ttf) normal normal bold normal>) = 10.335
DEBUG:matplotlib.font_manager:findfont: score(<Font 'Sahadeva' (sahadeva.ttf) normal normal 400 normal>) = 10.05
DEBUG:matplotlib.font_manager:findfont: score(<Font 'LKLUG' (lklug.ttf) normal normal 400 normal>) = 10.05
DEBUG:matplotlib.font_manager:findfont: score(<Font 'Liberation Serif' (LiberationSerif-Italic.ttf) italic normal 400 normal>) = 11.05
DEBUG:matplotlib.font_manager:findfont: score(<Font 'Tlwg Typist' (TlwgTypist.ttf) normal normal 400 normal>) = 10.05
DEBUG:matplotlib.font_manager:findfont: score(<Font 'Mitra Mono' (mitra.ttf) normal normal 400 normal>) = 10.05
DEBUG:matplotlib.font_manager:findfont: score(<Font 'Lohit Bengali' (Lohit-Bengali.ttf) normal normal 400 normal>) = 10.05
DEBUG:matplotlib.font_manager:findfont: score(<Font 'Jamrul' (JamrulNormal.ttf) normal normal 400 normal>) = 10.05
DEBUG:matplotlib.font_manager:findfont: score(<Font 'DejaVu Sans' (DejaVuSansCondensed.ttf) normal normal 400 condensed>) = 0.25
DEBUG:matplotlib.font_manager:findfont: score(<Font 'Padauk Book' (PadaukBook-Bold.ttf) normal normal book normal>) = 10.05
DEBUG:matplotlib.font_manager:findfont: score(<Font 'KacstScreen' (KacstScreen.ttf) normal normal 400 normal>) = 10.05
DEBUG:matplotlib.font_manager:findfont: score(<Font 'Samyak Gujarati' (Samyak-Gujarati.ttf) normal normal 400 normal>) = 10.05
DEBUG:matplotlib.font_manager:findfont: score(<Font 'Ubuntu' (Ubuntu-LI.ttf) italic normal light normal>) = 11.24
DEBUG:matplotlib.font_manager:findfont: score(<Font 'Norasi' (Norasi-BoldOblique.ttf) oblique normal bold normal>) = 11.335
DEBUG:matplotlib.font_manager:findfont: score(<Font 'Laksaman' (Laksaman-Italic.ttf) italic normal 400 normal>) = 11.05
DEBUG:matplotlib.font_manager:findfont: score(<Font 'Ubuntu Condensed' (Ubuntu-C.ttf) normal normal 400 condensed>) = 10.25
DEBUG:matplotlib.font_manager:findfont: score(<Font 'Karumbi' (Karumbi.ttf) normal normal 400 normal>) = 10.05
DEBUG:matplotlib.font_manager:findfont: score(<Font 'Kinnari' (Kinnari-Italic.ttf) italic normal 400 normal>) = 11.05
DEBUG:matplotlib.font_manager:findfont: score(<Font 'Ubuntu' (Ubuntu-BI.ttf) italic normal bold normal>) = 11.335
DEBUG:matplotlib.font_manager:findfont: score(<Font 'Loma' (Loma-BoldOblique.ttf) oblique normal bold normal>) = 11.335
DEBUG:matplotlib.font_manager:findfont: score(<Font 'Laksaman' (Laksaman.ttf) normal normal 400 normal>) = 10.05
DEBUG:matplotlib.font_manager:findfont: score(<Font 'Laksaman' (Laksaman-BoldItalic.ttf) italic normal bold normal>) = 11.335
DEBUG:matplotlib.font_manager:findfont: score(<Font 'Likhan' (LikhanNormal.ttf) normal normal 400 normal>) = 10.05
DEBUG:matplotlib.font_manager:findfont: score(<Font 'Lohit Telugu' (Lohit-Telugu.ttf) normal normal 400 normal>) = 10.05
DEBUG:matplotlib.font_manager:findfont: score(<Font 'Liberation Sans Narrow' (LiberationSansNarrow-BoldItalic.ttf) italic normal bold condensed>) = 11.535
DEBUG:matplotlib.font_manager:findfont: score(<Font 'FreeMono' (FreeMono.ttf) normal normal 400 normal>) = 10.05
DEBUG:matplotlib.font_manager:findfont: score(<Font 'padmaa' (padmaa-Medium-0.5.ttf) normal normal normal normal>) = 10.0
DEBUG:matplotlib.font_manager:findfont: score(<Font 'Sawasdee' (Sawasdee-Oblique.ttf) oblique normal 400 normal>) = 11.05
DEBUG:matplotlib.font_manager:findfont: score(<Font 'Umpush' (Umpush-Light.ttf) normal normal light normal>) = 10.24
DEBUG:matplotlib.font_manager:findfont: score(<Font 'KacstOne' (KacstOne-Bold.ttf) normal normal bold normal>) = 10.335
DEBUG:matplotlib.font_manager:findfont: score(<Font 'Waree' (Waree.ttf) normal normal 400 normal>) = 10.05
DEBUG:matplotlib.font_manager:findfont: score(<Font 'Lohit Devanagari' (Lohit-Devanagari.ttf) normal normal 400 normal>) = 10.05
DEBUG:matplotlib.font_manager:findfont: score(<Font 'Tlwg Typewriter' (TlwgTypewriter-Oblique.ttf) oblique normal 400 normal>) = 11.05
DEBUG:matplotlib.font_manager:findfont: score(<Font 'Tlwg Typist' (TlwgTypist-Bold.ttf) normal normal bold normal>) = 10.335
DEBUG:matplotlib.font_manager:findfont: score(<Font 'Ubuntu Mono' (UbuntuMono-R.ttf) normal normal 400 normal>) = 10.05
DEBUG:matplotlib.font_manager:findfont: score(<Font 'Tibetan Machine Uni' (TibetanMachineUni.ttf) normal normal 400 normal>) = 10.05
DEBUG:matplotlib.font_manager:findfont: score(<Font 'Khmer OS System' (KhmerOSsys.ttf) normal normal 400 normal>) = 10.05
DEBUG:matplotlib.font_manager:findfont: score(<Font 'Droid Sans Fallback' (DroidSansFallbackFull.ttf) normal normal 400 normal>) = 10.05
DEBUG:matplotlib.font_manager:findfont: score(<Font 'Purisa' (Purisa.ttf) normal normal 400 normal>) = 10.05
DEBUG:matplotlib.font_manager:findfont: score(<Font 'Padauk' (Padauk-Regular.ttf) normal normal 400 normal>) = 10.05
DEBUG:matplotlib.font_manager:findfont: score(<Font 'Manjari' (Manjari-Bold.otf) normal normal bold normal>) = 10.335
DEBUG:matplotlib.font_manager:findfont: score(<Font 'KacstNaskh' (KacstNaskh.ttf) normal normal 400 normal>) = 10.05
DEBUG:matplotlib.font_manager:findfont: score(<Font 'Keraleeyam' (Keraleeyam.ttf) normal normal 700 normal>) = 10.335
DEBUG:matplotlib.font_manager:findfont: score(<Font 'Purisa' (Purisa-Bold.ttf) normal normal bold normal>) = 10.335
DEBUG:matplotlib.font_manager:findfont: score(<Font 'Norasi' (Norasi.ttf) normal normal 400 normal>) = 10.05
DEBUG:matplotlib.font_manager:findfont: score(<Font 'KacstPen' (KacstPen.ttf) normal normal 400 normal>) = 10.05
DEBUG:matplotlib.font_manager:findfont: score(<Font 'Kinnari' (Kinnari-Oblique.ttf) oblique normal 400 normal>) = 11.05
DEBUG:matplotlib.font_manager:findfont: score(<Font 'Garuda' (Garuda-BoldOblique.ttf) oblique normal bold normal>) = 11.335
DEBUG:matplotlib.font_manager:findfont: score(<Font 'Liberation Sans' (LiberationSans-BoldItalic.ttf) italic normal bold normal>) = 11.335
DEBUG:matplotlib.font_manager:findfont: score(<Font 'Tlwg Typo' (TlwgTypo.ttf) normal normal 400 normal>) = 10.05
DEBUG:matplotlib.font_manager:findfont: score(<Font 'FreeMono' (FreeMonoOblique.ttf) oblique normal 400 normal>) = 11.05
DEBUG:matplotlib.font_manager:findfont: score(<Font 'Tlwg Typo' (TlwgTypo-Bold.ttf) normal normal bold normal>) = 10.335
DEBUG:matplotlib.font_manager:findfont: score(<Font 'Noto Mono' (NotoMono-Regular.ttf) normal normal 400 normal>) = 10.05
DEBUG:matplotlib.font_manager:findfont: score(<Font 'FreeSans' (FreeSansBoldOblique.ttf) oblique normal bold normal>) = 11.335
DEBUG:matplotlib.font_manager:findfont: score(<Font 'Liberation Sans' (LiberationSans-Bold.ttf) normal normal bold normal>) = 10.335
DEBUG:matplotlib.font_manager:findfont: score(<Font 'Liberation Sans Narrow' (LiberationSansNarrow-Regular.ttf) normal normal 400 condensed>) = 10.25
DEBUG:matplotlib.font_manager:findfont: score(<Font 'RaghuMalayalam' (RaghuMalayalamSans-Regular.ttf) normal normal regular normal>) = 10.05
DEBUG:matplotlib.font_manager:findfont: score(<Font 'Kalimati' (kalimati.ttf) normal normal 400 normal>) = 10.05
DEBUG:matplotlib.font_manager:findfont: score(<Font 'Samyak Malayalam' (Samyak-Malayalam.ttf) normal normal 400 normal>) = 10.05
DEBUG:matplotlib.font_manager:findfont: score(<Font 'KacstDecorative' (KacstDecorative.ttf) normal normal 400 normal>) = 10.05
DEBUG:matplotlib.font_manager:findfont: score(<Font 'Abyssinica SIL' (AbyssinicaSIL-R.ttf) normal normal 400 normal>) = 10.05
DEBUG:matplotlib.font_manager:findfont: score(<Font 'AnjaliOldLipi' (AnjaliOldLipi.ttf) normal normal 400 normal>) = 10.05
DEBUG:matplotlib.font_manager:findfont: score(<Font 'Manjari' (Manjari-Thin.otf) normal normal 400 normal>) = 10.05
DEBUG:matplotlib.font_manager:findfont: score(<Font 'KacstArt' (KacstArt.ttf) normal normal 400 normal>) = 10.05
DEBUG:matplotlib.font_manager:findfont: score(<Font 'Purisa' (Purisa-Oblique.ttf) oblique normal 400 normal>) = 11.05
DEBUG:matplotlib.font_manager:findfont: score(<Font 'Lohit Odia' (Lohit-Odia.ttf) normal normal 400 normal>) = 10.05
DEBUG:matplotlib.font_manager:findfont: score(<Font 'KacstDigital' (KacstDigital.ttf) normal normal 400 normal>) = 10.05
DEBUG:matplotlib.font_manager:findfont: score(<Font 'Samyak Devanagari' (Samyak-Devanagari.ttf) normal normal 400 normal>) = 10.05
DEBUG:matplotlib.font_manager:findfont: score(<Font 'Umpush' (Umpush-Oblique.ttf) oblique normal 400 normal>) = 11.05
DEBUG:matplotlib.font_manager:findfont: score(<Font 'Lohit Tamil' (Lohit-Tamil.ttf) normal normal 400 normal>) = 10.05
DEBUG:matplotlib.font_manager:findfont: score(<Font 'Ubuntu' (Ubuntu-L.ttf) normal normal light normal>) = 10.24
DEBUG:matplotlib.font_manager:findfont: score(<Font 'Liberation Mono' (LiberationMono-Regular.ttf) normal normal 400 normal>) = 10.05
DEBUG:matplotlib.font_manager:findfont: score(<Font 'mry_KacstQurn' (mry_KacstQurn.ttf) normal normal 400 normal>) = 10.05
DEBUG:matplotlib.font_manager:findfont: score(<Font 'Liberation Mono' (LiberationMono-BoldItalic.ttf) italic normal bold normal>) = 11.335
DEBUG:matplotlib.font_manager:findfont: score(<Font 'Laksaman' (Laksaman-Bold.ttf) normal normal bold normal>) = 10.335
DEBUG:matplotlib.font_manager:findfont: score(<Font 'DejaVu Sans' (DejaVuSansCondensed-BoldOblique.ttf) oblique normal bold condensed>) = 1.535
DEBUG:matplotlib.font_manager:findfont: score(<Font 'Umpush' (Umpush.ttf) normal normal 400 normal>) = 10.05
DEBUG:matplotlib.font_manager:findfont: score(<Font 'Khmer OS' (KhmerOS.ttf) normal normal 400 normal>) = 10.05
DEBUG:matplotlib.font_manager:findfont: score(<Font 'Garuda' (Garuda.ttf) normal normal 400 normal>) = 10.05
DEBUG:matplotlib.font_manager:findfont: score(<Font 'DejaVu Sans' (DejaVuSansCondensed-Oblique.ttf) oblique normal 400 condensed>) = 1.25
DEBUG:matplotlib.font_manager:findfont: score(<Font 'FreeSans' (FreeSansOblique.ttf) oblique normal 400 normal>) = 11.05
DEBUG:matplotlib.font_manager:findfont: score(<Font 'FreeSerif' (FreeSerif.ttf) normal normal 400 normal>) = 10.05
DEBUG:matplotlib.font_manager:findfont: score(<Font 'Noto Sans CJK JP' (NotoSansCJK-Bold.ttc) normal normal bold normal>) = 10.335
DEBUG:matplotlib.font_manager:findfont: score(<Font 'Rachana' (Rachana-Bold.ttf) normal normal bold normal>) = 10.335
DEBUG:matplotlib.font_manager:findfont: score(<Font 'DejaVu Serif' (DejaVuSerifCondensed.ttf) normal normal 400 condensed>) = 10.25
DEBUG:matplotlib.font_manager:findfont: score(<Font 'padmaa-Bold.1.1' (padmaa-Bold.1.1.ttf) normal normal bold normal>) = 10.335
DEBUG:matplotlib.font_manager:findfont: score(<Font 'Uroob' (Uroob.ttf) normal normal 700 normal>) = 10.335
DEBUG:matplotlib.font_manager:findfont: score(<Font 'Purisa' (Purisa-BoldOblique.ttf) oblique normal bold normal>) = 11.335
DEBUG:matplotlib.font_manager:findfont: score(<Font 'Vemana2000' (vemana2000.ttf) normal normal 400 normal>) = 10.05
DEBUG:matplotlib.font_manager:findfont: score(<Font 'KacstLetter' (KacstLetter.ttf) normal normal 400 normal>) = 10.05
DEBUG:matplotlib.font_manager:findfont: score(<Font 'KacstOffice' (KacstOffice.ttf) normal normal 400 normal>) = 10.05
DEBUG:matplotlib.font_manager:findfont: score(<Font 'DejaVu Math TeX Gyre' (DejaVuMathTeXGyre.ttf) normal normal regular normal>) = 10.05
DEBUG:matplotlib.font_manager:findfont: score(<Font 'Chandas' (chandas1-2.ttf) normal normal 400 normal>) = 10.05
DEBUG:matplotlib.font_manager:findfont: score(<Font 'Samyak Tamil' (Samyak-Tamil.ttf) normal normal 400 normal>) = 10.05
DEBUG:matplotlib.font_manager:findfont: score(<Font 'aakar' (aakar-medium.ttf) normal normal 400 normal>) = 10.05
DEBUG:matplotlib.font_manager:findfont: score(<Font 'KacstTitleL' (KacstTitleL.ttf) normal normal 400 normal>) = 10.05
DEBUG:matplotlib.font_manager:findfont: score(<Font 'Nakula' (nakula.ttf) normal normal 400 normal>) = 10.05
DEBUG:matplotlib.font_manager:findfont: score(<Font 'Kinnari' (Kinnari.ttf) normal normal 400 normal>) = 10.05
DEBUG:matplotlib.font_manager:findfont: score(<Font 'Tlwg Mono' (TlwgMono-Oblique.ttf) oblique normal 400 normal>) = 11.05
DEBUG:matplotlib.font_manager:findfont: score(<Font 'OpenSymbol' (opens___.ttf) normal normal 400 normal>) = 10.05
DEBUG:matplotlib.font_manager:findfont: score(<Font 'Noto Sans CJK JP' (NotoSansCJK-Regular.ttc) normal normal 400 normal>) = 10.05
DEBUG:matplotlib.font_manager:findfont: score(<Font 'Ubuntu Mono' (UbuntuMono-B.ttf) normal normal bold normal>) = 10.335
DEBUG:matplotlib.font_manager:findfont: score(<Font 'KacstFarsi' (KacstFarsi.ttf) normal normal 400 normal>) = 10.05
DEBUG:matplotlib.font_manager:findfont: score(<Font 'Loma' (Loma.ttf) normal normal 400 normal>) = 10.05
DEBUG:matplotlib.font_manager:findfont: score(<Font 'Gargi' (Gargi.ttf) normal normal 400 normal>) = 10.05
DEBUG:matplotlib.font_manager:findfont: score(<Font 'DejaVu Serif' (DejaVuSerifCondensed-Italic.ttf) italic normal 400 condensed>) = 11.25
DEBUG:matplotlib.font_manager:findfont: score(<Font 'FreeMono' (FreeMonoBoldOblique.ttf) oblique normal bold normal>) = 11.335
DEBUG:matplotlib.font_manager:findfont: score(<Font 'DejaVu Serif' (DejaVuSerifCondensed-BoldItalic.ttf) italic normal bold condensed>) = 11.535
DEBUG:matplotlib.font_manager:findfont: score(<Font 'Sawasdee' (Sawasdee-BoldOblique.ttf) oblique normal bold normal>) = 11.335
DEBUG:matplotlib.font_manager:findfont: score(<Font 'Waree' (Waree-BoldOblique.ttf) oblique normal bold normal>) = 11.335
DEBUG:matplotlib.font_manager:findfont: score(<Font 'Tlwg Mono' (TlwgMono-Bold.ttf) normal normal bold normal>) = 10.335
DEBUG:matplotlib.font_manager:findfont: score(<Font 'Liberation Sans Narrow' (LiberationSansNarrow-Bold.ttf) normal normal bold condensed>) = 10.535
DEBUG:matplotlib.font_manager:findfont: score(<Font 'Sawasdee' (Sawasdee.ttf) normal normal 400 normal>) = 10.05
DEBUG:matplotlib.font_manager:findfont: score(<Font 'Liberation Mono' (LiberationMono-Italic.ttf) italic normal 400 normal>) = 11.05
DEBUG:matplotlib.font_manager:findfont: score(<Font 'DejaVu Sans' (DejaVuSans-ExtraLight.ttf) normal normal light normal>) = 0.24
DEBUG:matplotlib.font_manager:findfont: score(<Font 'FreeMono' (FreeMonoBold.ttf) normal normal bold normal>) = 10.335
DEBUG:matplotlib.font_manager:findfont: score(<Font 'Padauk' (Padauk-Bold.ttf) normal normal bold normal>) = 10.335
DEBUG:matplotlib.font_manager:findfont: score(<Font 'Phetsarath OT' (Phetsarath_OT.ttf) normal normal 400 normal>) = 10.05
DEBUG:matplotlib.font_manager:findfont: score(<Font 'Ubuntu' (Ubuntu-B.ttf) normal normal bold normal>) = 10.335
DEBUG:matplotlib.font_manager:findfont: score(<Font 'Garuda' (Garuda-Bold.ttf) normal normal bold normal>) = 10.335
DEBUG:matplotlib.font_manager:findfont: score(<Font 'Umpush' (Umpush-LightOblique.ttf) oblique normal light normal>) = 11.24
DEBUG:matplotlib.font_manager:findfont: score(<Font 'Padauk Book' (PadaukBook-Regular.ttf) normal normal book normal>) = 10.05
DEBUG:matplotlib.font_manager:findfont: score(<Font 'Saab' (Saab.ttf) normal normal 400 normal>) = 10.05
DEBUG:matplotlib.font_manager:findfont: score(<Font 'Mukti Narrow' (MuktiNarrowBold.ttf) normal normal 700 normal>) = 10.335
DEBUG:matplotlib.font_manager:findfont: score(<Font 'Tlwg Typist' (TlwgTypist-BoldOblique.ttf) oblique normal bold normal>) = 11.335
DEBUG:matplotlib.font_manager:findfont: score(<Font 'Liberation Sans Narrow' (LiberationSansNarrow-Italic.ttf) italic normal 400 condensed>) = 11.25
DEBUG:matplotlib.font_manager:findfont: score(<Font 'Waree' (Waree-Oblique.ttf) oblique normal 400 normal>) = 11.05
DEBUG:matplotlib.font_manager:findfont: score(<Font 'Navilu' (Navilu.ttf) normal normal 400 normal>) = 10.05
DEBUG:matplotlib.font_manager:findfont: score(<Font 'Garuda' (Garuda-Oblique.ttf) oblique normal 400 normal>) = 11.05
DEBUG:matplotlib.font_manager:findfont: score(<Font 'Ubuntu' (Ubuntu-R.ttf) normal normal 400 normal>) = 10.05
DEBUG:matplotlib.font_manager:findfont: score(<Font 'Sawasdee' (Sawasdee-Bold.ttf) normal normal bold normal>) = 10.335
DEBUG:matplotlib.font_manager:findfont: score(<Font 'KacstPoster' (KacstPoster.ttf) normal normal 400 normal>) = 10.05
DEBUG:matplotlib.font_manager:findfont: score(<Font 'KacstTitle' (KacstTitle.ttf) normal normal 400 normal>) = 10.05
DEBUG:matplotlib.font_manager:findfont: score(<Font 'FreeSans' (FreeSans.ttf) normal normal 400 normal>) = 10.05
DEBUG:matplotlib.font_manager:findfont: score(<Font 'ori1Uni' (utkal.ttf) normal normal medium normal>) = 10.145
DEBUG:matplotlib.font_manager:findfont: score(<Font 'Ubuntu Mono' (UbuntuMono-BI.ttf) italic normal bold normal>) = 11.335
DEBUG:matplotlib.font_manager:findfont: score(<Font 'Samanata' (samanata.ttf) normal normal 400 normal>) = 10.05
DEBUG:matplotlib.font_manager:findfont: score(<Font 'Chilanka' (Chilanka-Regular.ttf) normal normal regular normal>) = 10.05
DEBUG:matplotlib.font_manager:findfont: score(<Font 'Norasi' (Norasi-BoldItalic.ttf) italic normal bold normal>) = 11.335
DEBUG:matplotlib.font_manager:findfont: score(<Font 'Mukti Narrow' (MuktiNarrow.ttf) normal normal 400 normal>) = 10.05
DEBUG:matplotlib.font_manager:findfont: score(<Font 'Ani' (ani.ttf) normal normal 400 normal>) = 10.05
DEBUG:matplotlib.font_manager:findfont: score(<Font 'Noto Serif CJK JP' (NotoSerifCJK-Bold.ttc) normal normal bold normal>) = 10.335
DEBUG:matplotlib.font_manager:findfont: score(<Font 'Manjari' (Manjari-Regular.otf) normal normal regular normal>) = 10.05
DEBUG:matplotlib.font_manager:findfont: score(<Font 'Lohit Assamese' (Lohit-Assamese.ttf) normal normal 400 normal>) = 10.05
DEBUG:matplotlib.font_manager:findfont: score(<Font 'Kinnari' (Kinnari-BoldItalic.ttf) italic normal bold normal>) = 11.335
DEBUG:matplotlib.font_manager:findfont: score(<Font 'Gubbi' (Gubbi.ttf) normal normal 400 normal>) = 10.05
DEBUG:matplotlib.font_manager:findfont: score(<Font 'Ubuntu' (Ubuntu-M.ttf) normal normal medium normal>) = 10.145
DEBUG:matplotlib.font_manager:findfont: score(<Font 'Liberation Serif' (LiberationSerif-BoldItalic.ttf) italic normal bold normal>) = 11.335
DEBUG:matplotlib.font_manager:findfont: score(<Font 'Kinnari' (Kinnari-BoldOblique.ttf) oblique normal bold normal>) = 11.335
DEBUG:matplotlib.font_manager:findfont: score(<Font 'FreeSans' (FreeSansBold.ttf) normal normal bold normal>) = 10.335
DEBUG:matplotlib.font_manager:findfont: score(<Font 'Liberation Sans' (LiberationSans-Italic.ttf) italic normal 400 normal>) = 11.05
DEBUG:matplotlib.font_manager:findfont: score(<Font 'padmaa' (padmaa.ttf) normal normal 400 normal>) = 10.05
DEBUG:matplotlib.font_manager:findfont: score(<Font 'Rekha' (Rekha.ttf) normal normal 400 normal>) = 10.05
DEBUG:matplotlib.font_manager:findfont: score(<Font 'Lohit Gujarati' (Lohit-Gujarati.ttf) normal normal 400 normal>) = 10.05
DEBUG:matplotlib.font_manager:findfont: score(<Font 'Umpush' (Umpush-Bold.ttf) normal normal bold normal>) = 10.335
DEBUG:matplotlib.font_manager:findfont: score(<Font 'DejaVu Serif' (DejaVuSerifCondensed-Bold.ttf) normal normal bold condensed>) = 10.535
DEBUG:matplotlib.font_manager:findfont: score(<Font 'Norasi' (Norasi-Bold.ttf) normal normal bold normal>) = 10.335
DEBUG:matplotlib.font_manager:findfont: score(<Font 'Norasi' (Norasi-Italic.ttf) italic normal 400 normal>) = 11.05
DEBUG:matplotlib.font_manager:findfont: score(<Font 'FreeSerif' (FreeSerifBold.ttf) normal normal bold normal>) = 10.335
DEBUG:matplotlib.font_manager:findfont: score(<Font 'Tlwg Typist' (TlwgTypist-Oblique.ttf) oblique normal 400 normal>) = 11.05
DEBUG:matplotlib.font_manager:findfont: score(<Font 'Tlwg Mono' (TlwgMono-BoldOblique.ttf) oblique normal bold normal>) = 11.335
DEBUG:matplotlib.font_manager:findfont: score(<Font 'Pothana2000' (Pothana2000.ttf) normal normal 400 normal>) = 10.05
DEBUG:matplotlib.font_manager:findfont: score(<Font 'Rachana' (Rachana-Regular.ttf) normal normal regular normal>) = 10.05
DEBUG:matplotlib.font_manager:findfont: score(<Font 'Ubuntu' (Ubuntu-MI.ttf) italic normal medium normal>) = 11.145
DEBUG:matplotlib.font_manager:findfont: score(<Font 'Sarai' (Sarai.ttf) normal normal 400 normal>) = 10.05
DEBUG:matplotlib.font_manager:findfont: score(<Font 'KacstQurn' (KacstQurn.ttf) normal normal 400 normal>) = 10.05
DEBUG:matplotlib.font_manager:findfont: score(<Font 'Tlwg Mono' (TlwgMono.ttf) normal normal 400 normal>) = 10.05
DEBUG:matplotlib.font_manager:findfont: score(<Font 'Lohit Gurmukhi' (Lohit-Gurmukhi.ttf) normal normal 400 normal>) = 10.05
DEBUG:matplotlib.font_manager:findfont: score(<Font 'Tlwg Typewriter' (TlwgTypewriter-BoldOblique.ttf) oblique normal bold normal>) = 11.335
DEBUG:matplotlib.font_manager:findfont: score(<Font 'Umpush' (Umpush-BoldOblique.ttf) oblique normal bold normal>) = 11.335
DEBUG:matplotlib.font_manager:findfont: score(<Font 'KacstBook' (KacstBook.ttf) normal normal book normal>) = 10.05
DEBUG:matplotlib.font_manager:findfont: score(<Font 'Pagul' (Pagul.ttf) normal normal 400 normal>) = 10.05
DEBUG:matplotlib.font_manager:findfont: score(<Font 'FreeSerif' (FreeSerifBoldItalic.ttf) italic normal bold normal>) = 11.335
DEBUG:matplotlib.font_manager:findfont: score(<Font 'Lohit Kannada' (Lohit-Kannada.ttf) normal normal 400 normal>) = 10.05
DEBUG:matplotlib.font_manager:findfont: Matching :family=sans-serif:style=normal:variant=normal:weight=normal:stretch=normal:size=10.0 to DejaVu Sans ('/home/ram/.local/lib/python3.6/site-packages/matplotlib/mpl-data/fonts/ttf/DejaVuSans.ttf') with score of 0.050000.
DEBUG:roipoly.roipoly:Creating new ROI 0
DEBUG:matplotlib.font_manager:findfont: Matching :family=sans-serif:style=normal:variant=normal:weight=normal:stretch=normal:size=12.0.
DEBUG:matplotlib.font_manager:findfont: score(<Font 'STIXSizeThreeSym' (STIXSizThreeSymBol.ttf) normal normal bold normal>) = 10.335
DEBUG:matplotlib.font_manager:findfont: score(<Font 'DejaVu Sans Mono' (DejaVuSansMono.ttf) normal normal 400 normal>) = 10.05
DEBUG:matplotlib.font_manager:findfont: score(<Font 'DejaVu Serif' (DejaVuSerif.ttf) normal normal 400 normal>) = 10.05
DEBUG:matplotlib.font_manager:findfont: score(<Font 'DejaVu Sans Mono' (DejaVuSansMono-Bold.ttf) normal normal bold normal>) = 10.335
DEBUG:matplotlib.font_manager:findfont: score(<Font 'cmtt10' (cmtt10.ttf) normal normal 400 normal>) = 10.05
DEBUG:matplotlib.font_manager:findfont: score(<Font 'STIXNonUnicode' (STIXNonUni.ttf) normal normal regular normal>) = 10.05
DEBUG:matplotlib.font_manager:findfont: score(<Font 'STIXSizeFourSym' (STIXSizFourSymBol.ttf) normal normal bold normal>) = 10.335
DEBUG:matplotlib.font_manager:findfont: score(<Font 'STIXNonUnicode' (STIXNonUniBolIta.ttf) italic normal bold normal>) = 11.335
DEBUG:matplotlib.font_manager:findfont: score(<Font 'DejaVu Sans' (DejaVuSans-BoldOblique.ttf) oblique normal bold normal>) = 1.335
DEBUG:matplotlib.font_manager:findfont: score(<Font 'STIXSizeOneSym' (STIXSizOneSymReg.ttf) normal normal regular normal>) = 10.05
DEBUG:matplotlib.font_manager:findfont: score(<Font 'cmr10' (cmr10.ttf) normal normal 400 normal>) = 10.05
DEBUG:matplotlib.font_manager:findfont: score(<Font 'cmss10' (cmss10.ttf) normal normal 400 normal>) = 10.05
DEBUG:matplotlib.font_manager:findfont: score(<Font 'STIXSizeOneSym' (STIXSizOneSymBol.ttf) normal normal bold normal>) = 10.335
DEBUG:matplotlib.font_manager:findfont: score(<Font 'cmb10' (cmb10.ttf) normal normal 400 normal>) = 10.05
DEBUG:matplotlib.font_manager:findfont: score(<Font 'DejaVu Serif' (DejaVuSerif-Italic.ttf) italic normal 400 normal>) = 11.05
DEBUG:matplotlib.font_manager:findfont: score(<Font 'DejaVu Sans Mono' (DejaVuSansMono-BoldOblique.ttf) oblique normal bold normal>) = 11.335
DEBUG:matplotlib.font_manager:findfont: score(<Font 'DejaVu Serif Display' (DejaVuSerifDisplay.ttf) normal normal 400 normal>) = 10.05
DEBUG:matplotlib.font_manager:findfont: score(<Font 'DejaVu Sans Display' (DejaVuSansDisplay.ttf) normal normal 400 normal>) = 10.05
DEBUG:matplotlib.font_manager:findfont: score(<Font 'cmex10' (cmex10.ttf) normal normal 400 normal>) = 10.05
DEBUG:matplotlib.font_manager:findfont: score(<Font 'STIXNonUnicode' (STIXNonUniBol.ttf) normal normal bold normal>) = 10.335
DEBUG:matplotlib.font_manager:findfont: score(<Font 'cmsy10' (cmsy10.ttf) normal normal 400 normal>) = 10.05
DEBUG:matplotlib.font_manager:findfont: score(<Font 'DejaVu Sans' (DejaVuSans-Bold.ttf) normal normal bold normal>) = 0.33499999999999996
DEBUG:matplotlib.font_manager:findfont: score(<Font 'STIXSizeTwoSym' (STIXSizTwoSymBol.ttf) normal normal bold normal>) = 10.335
DEBUG:matplotlib.font_manager:findfont: score(<Font 'DejaVu Sans' (DejaVuSans.ttf) normal normal 400 normal>) = 0.05
DEBUG:matplotlib.font_manager:findfont: score(<Font 'STIXGeneral' (STIXGeneral.ttf) normal normal regular normal>) = 10.05
DEBUG:matplotlib.font_manager:findfont: score(<Font 'STIXSizeFiveSym' (STIXSizFiveSymReg.ttf) normal normal regular normal>) = 10.05
DEBUG:matplotlib.font_manager:findfont: score(<Font 'STIXSizeThreeSym' (STIXSizThreeSymReg.ttf) normal normal regular normal>) = 10.05
DEBUG:matplotlib.font_manager:findfont: score(<Font 'cmmi10' (cmmi10.ttf) normal normal 400 normal>) = 10.05
DEBUG:matplotlib.font_manager:findfont: score(<Font 'STIXGeneral' (STIXGeneralBolIta.ttf) italic normal bold normal>) = 11.335
DEBUG:matplotlib.font_manager:findfont: score(<Font 'DejaVu Sans' (DejaVuSans-Oblique.ttf) oblique normal 400 normal>) = 1.05
DEBUG:matplotlib.font_manager:findfont: score(<Font 'STIXGeneral' (STIXGeneralBol.ttf) normal normal bold normal>) = 10.335
DEBUG:matplotlib.font_manager:findfont: score(<Font 'DejaVu Sans Mono' (DejaVuSansMono-Oblique.ttf) oblique normal 400 normal>) = 11.05
DEBUG:matplotlib.font_manager:findfont: score(<Font 'DejaVu Serif' (DejaVuSerif-Bold.ttf) normal normal bold normal>) = 10.335
DEBUG:matplotlib.font_manager:findfont: score(<Font 'DejaVu Serif' (DejaVuSerif-BoldItalic.ttf) italic normal bold normal>) = 11.335
DEBUG:matplotlib.font_manager:findfont: score(<Font 'STIXNonUnicode' (STIXNonUniIta.ttf) italic normal 400 normal>) = 11.05
DEBUG:matplotlib.font_manager:findfont: score(<Font 'STIXGeneral' (STIXGeneralItalic.ttf) italic normal 400 normal>) = 11.05
DEBUG:matplotlib.font_manager:findfont: score(<Font 'STIXSizeFourSym' (STIXSizFourSymReg.ttf) normal normal regular normal>) = 10.05
DEBUG:matplotlib.font_manager:findfont: score(<Font 'STIXSizeTwoSym' (STIXSizTwoSymReg.ttf) normal normal regular normal>) = 10.05
DEBUG:matplotlib.font_manager:findfont: score(<Font 'Liberation Sans' (LiberationSans-Regular.ttf) normal normal 400 normal>) = 10.05
DEBUG:matplotlib.font_manager:findfont: score(<Font 'Tlwg Typo' (TlwgTypo-BoldOblique.ttf) oblique normal bold normal>) = 11.335
DEBUG:matplotlib.font_manager:findfont: score(<Font 'Liberation Serif' (LiberationSerif-Regular.ttf) normal normal 400 normal>) = 10.05
DEBUG:matplotlib.font_manager:findfont: score(<Font 'Norasi' (Norasi-Oblique.ttf) oblique normal 400 normal>) = 11.05
DEBUG:matplotlib.font_manager:findfont: score(<Font 'Ubuntu' (Ubuntu-RI.ttf) italic normal 400 normal>) = 11.05
DEBUG:matplotlib.font_manager:findfont: score(<Font 'Liberation Mono' (LiberationMono-Bold.ttf) normal normal bold normal>) = 10.335
DEBUG:matplotlib.font_manager:findfont: score(<Font 'Loma' (Loma-Bold.ttf) normal normal bold normal>) = 10.335
DEBUG:matplotlib.font_manager:findfont: score(<Font 'Noto Serif CJK JP' (NotoSerifCJK-Regular.ttc) normal normal 400 normal>) = 10.05
DEBUG:matplotlib.font_manager:findfont: score(<Font 'Waree' (Waree-Bold.ttf) normal normal bold normal>) = 10.335
DEBUG:matplotlib.font_manager:findfont: score(<Font 'Lohit Malayalam' (Lohit-Malayalam.ttf) normal normal 400 normal>) = 10.05
DEBUG:matplotlib.font_manager:findfont: score(<Font 'FreeSerif' (FreeSerifItalic.ttf) italic normal 400 normal>) = 11.05
DEBUG:matplotlib.font_manager:findfont: score(<Font 'Ubuntu Mono' (UbuntuMono-RI.ttf) italic normal 400 normal>) = 11.05
DEBUG:matplotlib.font_manager:findfont: score(<Font 'Meera' (Meera.ttf) normal normal 400 normal>) = 10.05
DEBUG:matplotlib.font_manager:findfont: score(<Font 'Lohit Tamil Classical' (Lohit-Tamil-Classical.ttf) normal normal 400 normal>) = 10.05
DEBUG:matplotlib.font_manager:findfont: score(<Font 'Tlwg Typewriter' (TlwgTypewriter.ttf) normal normal 400 normal>) = 10.05
DEBUG:matplotlib.font_manager:findfont: score(<Font 'Tlwg Typo' (TlwgTypo-Oblique.ttf) oblique normal 400 normal>) = 11.05
DEBUG:matplotlib.font_manager:findfont: score(<Font 'DejaVu Sans' (DejaVuSansCondensed-Bold.ttf) normal normal bold condensed>) = 0.5349999999999999
DEBUG:matplotlib.font_manager:findfont: score(<Font 'Dyuthi' (Dyuthi.ttf) normal normal 400 normal>) = 10.05
DEBUG:matplotlib.font_manager:findfont: score(<Font 'KacstOne' (KacstOne.ttf) normal normal 400 normal>) = 10.05
DEBUG:matplotlib.font_manager:findfont: score(<Font 'Suruma' (Suruma.ttf) normal normal 400 normal>) = 10.05
DEBUG:matplotlib.font_manager:findfont: score(<Font 'Liberation Serif' (LiberationSerif-Bold.ttf) normal normal bold normal>) = 10.335
DEBUG:matplotlib.font_manager:findfont: score(<Font 'Kalapi' (Kalapi.ttf) normal normal 400 normal>) = 10.05
DEBUG:matplotlib.font_manager:findfont: score(<Font 'Tlwg Typewriter' (TlwgTypewriter-Bold.ttf) normal normal bold normal>) = 10.335
DEBUG:matplotlib.font_manager:findfont: score(<Font 'Loma' (Loma-Oblique.ttf) oblique normal 400 normal>) = 11.05
DEBUG:matplotlib.font_manager:findfont: score(<Font 'Kinnari' (Kinnari-Bold.ttf) normal normal bold normal>) = 10.335
DEBUG:matplotlib.font_manager:findfont: score(<Font 'Sahadeva' (sahadeva.ttf) normal normal 400 normal>) = 10.05
DEBUG:matplotlib.font_manager:findfont: score(<Font 'LKLUG' (lklug.ttf) normal normal 400 normal>) = 10.05
DEBUG:matplotlib.font_manager:findfont: score(<Font 'Liberation Serif' (LiberationSerif-Italic.ttf) italic normal 400 normal>) = 11.05
DEBUG:matplotlib.font_manager:findfont: score(<Font 'Tlwg Typist' (TlwgTypist.ttf) normal normal 400 normal>) = 10.05
DEBUG:matplotlib.font_manager:findfont: score(<Font 'Mitra Mono' (mitra.ttf) normal normal 400 normal>) = 10.05
DEBUG:matplotlib.font_manager:findfont: score(<Font 'Lohit Bengali' (Lohit-Bengali.ttf) normal normal 400 normal>) = 10.05
DEBUG:matplotlib.font_manager:findfont: score(<Font 'Jamrul' (JamrulNormal.ttf) normal normal 400 normal>) = 10.05
DEBUG:matplotlib.font_manager:findfont: score(<Font 'DejaVu Sans' (DejaVuSansCondensed.ttf) normal normal 400 condensed>) = 0.25
DEBUG:matplotlib.font_manager:findfont: score(<Font 'Padauk Book' (PadaukBook-Bold.ttf) normal normal book normal>) = 10.05
DEBUG:matplotlib.font_manager:findfont: score(<Font 'KacstScreen' (KacstScreen.ttf) normal normal 400 normal>) = 10.05
DEBUG:matplotlib.font_manager:findfont: score(<Font 'Samyak Gujarati' (Samyak-Gujarati.ttf) normal normal 400 normal>) = 10.05
DEBUG:matplotlib.font_manager:findfont: score(<Font 'Ubuntu' (Ubuntu-LI.ttf) italic normal light normal>) = 11.24
DEBUG:matplotlib.font_manager:findfont: score(<Font 'Norasi' (Norasi-BoldOblique.ttf) oblique normal bold normal>) = 11.335
DEBUG:matplotlib.font_manager:findfont: score(<Font 'Laksaman' (Laksaman-Italic.ttf) italic normal 400 normal>) = 11.05
DEBUG:matplotlib.font_manager:findfont: score(<Font 'Ubuntu Condensed' (Ubuntu-C.ttf) normal normal 400 condensed>) = 10.25
DEBUG:matplotlib.font_manager:findfont: score(<Font 'Karumbi' (Karumbi.ttf) normal normal 400 normal>) = 10.05
DEBUG:matplotlib.font_manager:findfont: score(<Font 'Kinnari' (Kinnari-Italic.ttf) italic normal 400 normal>) = 11.05
DEBUG:matplotlib.font_manager:findfont: score(<Font 'Ubuntu' (Ubuntu-BI.ttf) italic normal bold normal>) = 11.335
DEBUG:matplotlib.font_manager:findfont: score(<Font 'Loma' (Loma-BoldOblique.ttf) oblique normal bold normal>) = 11.335
DEBUG:matplotlib.font_manager:findfont: score(<Font 'Laksaman' (Laksaman.ttf) normal normal 400 normal>) = 10.05
DEBUG:matplotlib.font_manager:findfont: score(<Font 'Laksaman' (Laksaman-BoldItalic.ttf) italic normal bold normal>) = 11.335
DEBUG:matplotlib.font_manager:findfont: score(<Font 'Likhan' (LikhanNormal.ttf) normal normal 400 normal>) = 10.05
DEBUG:matplotlib.font_manager:findfont: score(<Font 'Lohit Telugu' (Lohit-Telugu.ttf) normal normal 400 normal>) = 10.05
DEBUG:matplotlib.font_manager:findfont: score(<Font 'Liberation Sans Narrow' (LiberationSansNarrow-BoldItalic.ttf) italic normal bold condensed>) = 11.535
DEBUG:matplotlib.font_manager:findfont: score(<Font 'FreeMono' (FreeMono.ttf) normal normal 400 normal>) = 10.05
DEBUG:matplotlib.font_manager:findfont: score(<Font 'padmaa' (padmaa-Medium-0.5.ttf) normal normal normal normal>) = 10.0
DEBUG:matplotlib.font_manager:findfont: score(<Font 'Sawasdee' (Sawasdee-Oblique.ttf) oblique normal 400 normal>) = 11.05
DEBUG:matplotlib.font_manager:findfont: score(<Font 'Umpush' (Umpush-Light.ttf) normal normal light normal>) = 10.24
DEBUG:matplotlib.font_manager:findfont: score(<Font 'KacstOne' (KacstOne-Bold.ttf) normal normal bold normal>) = 10.335
DEBUG:matplotlib.font_manager:findfont: score(<Font 'Waree' (Waree.ttf) normal normal 400 normal>) = 10.05
DEBUG:matplotlib.font_manager:findfont: score(<Font 'Lohit Devanagari' (Lohit-Devanagari.ttf) normal normal 400 normal>) = 10.05
DEBUG:matplotlib.font_manager:findfont: score(<Font 'Tlwg Typewriter' (TlwgTypewriter-Oblique.ttf) oblique normal 400 normal>) = 11.05
DEBUG:matplotlib.font_manager:findfont: score(<Font 'Tlwg Typist' (TlwgTypist-Bold.ttf) normal normal bold normal>) = 10.335
DEBUG:matplotlib.font_manager:findfont: score(<Font 'Ubuntu Mono' (UbuntuMono-R.ttf) normal normal 400 normal>) = 10.05
DEBUG:matplotlib.font_manager:findfont: score(<Font 'Tibetan Machine Uni' (TibetanMachineUni.ttf) normal normal 400 normal>) = 10.05
DEBUG:matplotlib.font_manager:findfont: score(<Font 'Khmer OS System' (KhmerOSsys.ttf) normal normal 400 normal>) = 10.05
DEBUG:matplotlib.font_manager:findfont: score(<Font 'Droid Sans Fallback' (DroidSansFallbackFull.ttf) normal normal 400 normal>) = 10.05
DEBUG:matplotlib.font_manager:findfont: score(<Font 'Purisa' (Purisa.ttf) normal normal 400 normal>) = 10.05
DEBUG:matplotlib.font_manager:findfont: score(<Font 'Padauk' (Padauk-Regular.ttf) normal normal 400 normal>) = 10.05
DEBUG:matplotlib.font_manager:findfont: score(<Font 'Manjari' (Manjari-Bold.otf) normal normal bold normal>) = 10.335
DEBUG:matplotlib.font_manager:findfont: score(<Font 'KacstNaskh' (KacstNaskh.ttf) normal normal 400 normal>) = 10.05
DEBUG:matplotlib.font_manager:findfont: score(<Font 'Keraleeyam' (Keraleeyam.ttf) normal normal 700 normal>) = 10.335
DEBUG:matplotlib.font_manager:findfont: score(<Font 'Purisa' (Purisa-Bold.ttf) normal normal bold normal>) = 10.335
DEBUG:matplotlib.font_manager:findfont: score(<Font 'Norasi' (Norasi.ttf) normal normal 400 normal>) = 10.05
DEBUG:matplotlib.font_manager:findfont: score(<Font 'KacstPen' (KacstPen.ttf) normal normal 400 normal>) = 10.05
DEBUG:matplotlib.font_manager:findfont: score(<Font 'Kinnari' (Kinnari-Oblique.ttf) oblique normal 400 normal>) = 11.05
DEBUG:matplotlib.font_manager:findfont: score(<Font 'Garuda' (Garuda-BoldOblique.ttf) oblique normal bold normal>) = 11.335
DEBUG:matplotlib.font_manager:findfont: score(<Font 'Liberation Sans' (LiberationSans-BoldItalic.ttf) italic normal bold normal>) = 11.335
DEBUG:matplotlib.font_manager:findfont: score(<Font 'Tlwg Typo' (TlwgTypo.ttf) normal normal 400 normal>) = 10.05
DEBUG:matplotlib.font_manager:findfont: score(<Font 'FreeMono' (FreeMonoOblique.ttf) oblique normal 400 normal>) = 11.05
DEBUG:matplotlib.font_manager:findfont: score(<Font 'Tlwg Typo' (TlwgTypo-Bold.ttf) normal normal bold normal>) = 10.335
DEBUG:matplotlib.font_manager:findfont: score(<Font 'Noto Mono' (NotoMono-Regular.ttf) normal normal 400 normal>) = 10.05
DEBUG:matplotlib.font_manager:findfont: score(<Font 'FreeSans' (FreeSansBoldOblique.ttf) oblique normal bold normal>) = 11.335
DEBUG:matplotlib.font_manager:findfont: score(<Font 'Liberation Sans' (LiberationSans-Bold.ttf) normal normal bold normal>) = 10.335
DEBUG:matplotlib.font_manager:findfont: score(<Font 'Liberation Sans Narrow' (LiberationSansNarrow-Regular.ttf) normal normal 400 condensed>) = 10.25
DEBUG:matplotlib.font_manager:findfont: score(<Font 'RaghuMalayalam' (RaghuMalayalamSans-Regular.ttf) normal normal regular normal>) = 10.05
DEBUG:matplotlib.font_manager:findfont: score(<Font 'Kalimati' (kalimati.ttf) normal normal 400 normal>) = 10.05
DEBUG:matplotlib.font_manager:findfont: score(<Font 'Samyak Malayalam' (Samyak-Malayalam.ttf) normal normal 400 normal>) = 10.05
DEBUG:matplotlib.font_manager:findfont: score(<Font 'KacstDecorative' (KacstDecorative.ttf) normal normal 400 normal>) = 10.05
DEBUG:matplotlib.font_manager:findfont: score(<Font 'Abyssinica SIL' (AbyssinicaSIL-R.ttf) normal normal 400 normal>) = 10.05
DEBUG:matplotlib.font_manager:findfont: score(<Font 'AnjaliOldLipi' (AnjaliOldLipi.ttf) normal normal 400 normal>) = 10.05
DEBUG:matplotlib.font_manager:findfont: score(<Font 'Manjari' (Manjari-Thin.otf) normal normal 400 normal>) = 10.05
DEBUG:matplotlib.font_manager:findfont: score(<Font 'KacstArt' (KacstArt.ttf) normal normal 400 normal>) = 10.05
DEBUG:matplotlib.font_manager:findfont: score(<Font 'Purisa' (Purisa-Oblique.ttf) oblique normal 400 normal>) = 11.05
DEBUG:matplotlib.font_manager:findfont: score(<Font 'Lohit Odia' (Lohit-Odia.ttf) normal normal 400 normal>) = 10.05
DEBUG:matplotlib.font_manager:findfont: score(<Font 'KacstDigital' (KacstDigital.ttf) normal normal 400 normal>) = 10.05
DEBUG:matplotlib.font_manager:findfont: score(<Font 'Samyak Devanagari' (Samyak-Devanagari.ttf) normal normal 400 normal>) = 10.05
DEBUG:matplotlib.font_manager:findfont: score(<Font 'Umpush' (Umpush-Oblique.ttf) oblique normal 400 normal>) = 11.05
DEBUG:matplotlib.font_manager:findfont: score(<Font 'Lohit Tamil' (Lohit-Tamil.ttf) normal normal 400 normal>) = 10.05
DEBUG:matplotlib.font_manager:findfont: score(<Font 'Ubuntu' (Ubuntu-L.ttf) normal normal light normal>) = 10.24
DEBUG:matplotlib.font_manager:findfont: score(<Font 'Liberation Mono' (LiberationMono-Regular.ttf) normal normal 400 normal>) = 10.05
DEBUG:matplotlib.font_manager:findfont: score(<Font 'mry_KacstQurn' (mry_KacstQurn.ttf) normal normal 400 normal>) = 10.05
DEBUG:matplotlib.font_manager:findfont: score(<Font 'Liberation Mono' (LiberationMono-BoldItalic.ttf) italic normal bold normal>) = 11.335
DEBUG:matplotlib.font_manager:findfont: score(<Font 'Laksaman' (Laksaman-Bold.ttf) normal normal bold normal>) = 10.335
DEBUG:matplotlib.font_manager:findfont: score(<Font 'DejaVu Sans' (DejaVuSansCondensed-BoldOblique.ttf) oblique normal bold condensed>) = 1.535
DEBUG:matplotlib.font_manager:findfont: score(<Font 'Umpush' (Umpush.ttf) normal normal 400 normal>) = 10.05
DEBUG:matplotlib.font_manager:findfont: score(<Font 'Khmer OS' (KhmerOS.ttf) normal normal 400 normal>) = 10.05
DEBUG:matplotlib.font_manager:findfont: score(<Font 'Garuda' (Garuda.ttf) normal normal 400 normal>) = 10.05
DEBUG:matplotlib.font_manager:findfont: score(<Font 'DejaVu Sans' (DejaVuSansCondensed-Oblique.ttf) oblique normal 400 condensed>) = 1.25
DEBUG:matplotlib.font_manager:findfont: score(<Font 'FreeSans' (FreeSansOblique.ttf) oblique normal 400 normal>) = 11.05
DEBUG:matplotlib.font_manager:findfont: score(<Font 'FreeSerif' (FreeSerif.ttf) normal normal 400 normal>) = 10.05
DEBUG:matplotlib.font_manager:findfont: score(<Font 'Noto Sans CJK JP' (NotoSansCJK-Bold.ttc) normal normal bold normal>) = 10.335
DEBUG:matplotlib.font_manager:findfont: score(<Font 'Rachana' (Rachana-Bold.ttf) normal normal bold normal>) = 10.335
DEBUG:matplotlib.font_manager:findfont: score(<Font 'DejaVu Serif' (DejaVuSerifCondensed.ttf) normal normal 400 condensed>) = 10.25
DEBUG:matplotlib.font_manager:findfont: score(<Font 'padmaa-Bold.1.1' (padmaa-Bold.1.1.ttf) normal normal bold normal>) = 10.335
DEBUG:matplotlib.font_manager:findfont: score(<Font 'Uroob' (Uroob.ttf) normal normal 700 normal>) = 10.335
DEBUG:matplotlib.font_manager:findfont: score(<Font 'Purisa' (Purisa-BoldOblique.ttf) oblique normal bold normal>) = 11.335
DEBUG:matplotlib.font_manager:findfont: score(<Font 'Vemana2000' (vemana2000.ttf) normal normal 400 normal>) = 10.05
DEBUG:matplotlib.font_manager:findfont: score(<Font 'KacstLetter' (KacstLetter.ttf) normal normal 400 normal>) = 10.05
DEBUG:matplotlib.font_manager:findfont: score(<Font 'KacstOffice' (KacstOffice.ttf) normal normal 400 normal>) = 10.05
DEBUG:matplotlib.font_manager:findfont: score(<Font 'DejaVu Math TeX Gyre' (DejaVuMathTeXGyre.ttf) normal normal regular normal>) = 10.05
DEBUG:matplotlib.font_manager:findfont: score(<Font 'Chandas' (chandas1-2.ttf) normal normal 400 normal>) = 10.05
DEBUG:matplotlib.font_manager:findfont: score(<Font 'Samyak Tamil' (Samyak-Tamil.ttf) normal normal 400 normal>) = 10.05
DEBUG:matplotlib.font_manager:findfont: score(<Font 'aakar' (aakar-medium.ttf) normal normal 400 normal>) = 10.05
DEBUG:matplotlib.font_manager:findfont: score(<Font 'KacstTitleL' (KacstTitleL.ttf) normal normal 400 normal>) = 10.05
DEBUG:matplotlib.font_manager:findfont: score(<Font 'Nakula' (nakula.ttf) normal normal 400 normal>) = 10.05
DEBUG:matplotlib.font_manager:findfont: score(<Font 'Kinnari' (Kinnari.ttf) normal normal 400 normal>) = 10.05
DEBUG:matplotlib.font_manager:findfont: score(<Font 'Tlwg Mono' (TlwgMono-Oblique.ttf) oblique normal 400 normal>) = 11.05
DEBUG:matplotlib.font_manager:findfont: score(<Font 'OpenSymbol' (opens___.ttf) normal normal 400 normal>) = 10.05
DEBUG:matplotlib.font_manager:findfont: score(<Font 'Noto Sans CJK JP' (NotoSansCJK-Regular.ttc) normal normal 400 normal>) = 10.05
DEBUG:matplotlib.font_manager:findfont: score(<Font 'Ubuntu Mono' (UbuntuMono-B.ttf) normal normal bold normal>) = 10.335
DEBUG:matplotlib.font_manager:findfont: score(<Font 'KacstFarsi' (KacstFarsi.ttf) normal normal 400 normal>) = 10.05
DEBUG:matplotlib.font_manager:findfont: score(<Font 'Loma' (Loma.ttf) normal normal 400 normal>) = 10.05
DEBUG:matplotlib.font_manager:findfont: score(<Font 'Gargi' (Gargi.ttf) normal normal 400 normal>) = 10.05
DEBUG:matplotlib.font_manager:findfont: score(<Font 'DejaVu Serif' (DejaVuSerifCondensed-Italic.ttf) italic normal 400 condensed>) = 11.25
DEBUG:matplotlib.font_manager:findfont: score(<Font 'FreeMono' (FreeMonoBoldOblique.ttf) oblique normal bold normal>) = 11.335
DEBUG:matplotlib.font_manager:findfont: score(<Font 'DejaVu Serif' (DejaVuSerifCondensed-BoldItalic.ttf) italic normal bold condensed>) = 11.535
DEBUG:matplotlib.font_manager:findfont: score(<Font 'Sawasdee' (Sawasdee-BoldOblique.ttf) oblique normal bold normal>) = 11.335
DEBUG:matplotlib.font_manager:findfont: score(<Font 'Waree' (Waree-BoldOblique.ttf) oblique normal bold normal>) = 11.335
DEBUG:matplotlib.font_manager:findfont: score(<Font 'Tlwg Mono' (TlwgMono-Bold.ttf) normal normal bold normal>) = 10.335
DEBUG:matplotlib.font_manager:findfont: score(<Font 'Liberation Sans Narrow' (LiberationSansNarrow-Bold.ttf) normal normal bold condensed>) = 10.535
DEBUG:matplotlib.font_manager:findfont: score(<Font 'Sawasdee' (Sawasdee.ttf) normal normal 400 normal>) = 10.05
DEBUG:matplotlib.font_manager:findfont: score(<Font 'Liberation Mono' (LiberationMono-Italic.ttf) italic normal 400 normal>) = 11.05
DEBUG:matplotlib.font_manager:findfont: score(<Font 'DejaVu Sans' (DejaVuSans-ExtraLight.ttf) normal normal light normal>) = 0.24
DEBUG:matplotlib.font_manager:findfont: score(<Font 'FreeMono' (FreeMonoBold.ttf) normal normal bold normal>) = 10.335
DEBUG:matplotlib.font_manager:findfont: score(<Font 'Padauk' (Padauk-Bold.ttf) normal normal bold normal>) = 10.335
DEBUG:matplotlib.font_manager:findfont: score(<Font 'Phetsarath OT' (Phetsarath_OT.ttf) normal normal 400 normal>) = 10.05
DEBUG:matplotlib.font_manager:findfont: score(<Font 'Ubuntu' (Ubuntu-B.ttf) normal normal bold normal>) = 10.335
DEBUG:matplotlib.font_manager:findfont: score(<Font 'Garuda' (Garuda-Bold.ttf) normal normal bold normal>) = 10.335
DEBUG:matplotlib.font_manager:findfont: score(<Font 'Umpush' (Umpush-LightOblique.ttf) oblique normal light normal>) = 11.24
DEBUG:matplotlib.font_manager:findfont: score(<Font 'Padauk Book' (PadaukBook-Regular.ttf) normal normal book normal>) = 10.05
DEBUG:matplotlib.font_manager:findfont: score(<Font 'Saab' (Saab.ttf) normal normal 400 normal>) = 10.05
DEBUG:matplotlib.font_manager:findfont: score(<Font 'Mukti Narrow' (MuktiNarrowBold.ttf) normal normal 700 normal>) = 10.335
DEBUG:matplotlib.font_manager:findfont: score(<Font 'Tlwg Typist' (TlwgTypist-BoldOblique.ttf) oblique normal bold normal>) = 11.335
DEBUG:matplotlib.font_manager:findfont: score(<Font 'Liberation Sans Narrow' (LiberationSansNarrow-Italic.ttf) italic normal 400 condensed>) = 11.25
DEBUG:matplotlib.font_manager:findfont: score(<Font 'Waree' (Waree-Oblique.ttf) oblique normal 400 normal>) = 11.05
DEBUG:matplotlib.font_manager:findfont: score(<Font 'Navilu' (Navilu.ttf) normal normal 400 normal>) = 10.05
DEBUG:matplotlib.font_manager:findfont: score(<Font 'Garuda' (Garuda-Oblique.ttf) oblique normal 400 normal>) = 11.05
DEBUG:matplotlib.font_manager:findfont: score(<Font 'Ubuntu' (Ubuntu-R.ttf) normal normal 400 normal>) = 10.05
DEBUG:matplotlib.font_manager:findfont: score(<Font 'Sawasdee' (Sawasdee-Bold.ttf) normal normal bold normal>) = 10.335
DEBUG:matplotlib.font_manager:findfont: score(<Font 'KacstPoster' (KacstPoster.ttf) normal normal 400 normal>) = 10.05
DEBUG:matplotlib.font_manager:findfont: score(<Font 'KacstTitle' (KacstTitle.ttf) normal normal 400 normal>) = 10.05
DEBUG:matplotlib.font_manager:findfont: score(<Font 'FreeSans' (FreeSans.ttf) normal normal 400 normal>) = 10.05
DEBUG:matplotlib.font_manager:findfont: score(<Font 'ori1Uni' (utkal.ttf) normal normal medium normal>) = 10.145
DEBUG:matplotlib.font_manager:findfont: score(<Font 'Ubuntu Mono' (UbuntuMono-BI.ttf) italic normal bold normal>) = 11.335
DEBUG:matplotlib.font_manager:findfont: score(<Font 'Samanata' (samanata.ttf) normal normal 400 normal>) = 10.05
DEBUG:matplotlib.font_manager:findfont: score(<Font 'Chilanka' (Chilanka-Regular.ttf) normal normal regular normal>) = 10.05
DEBUG:matplotlib.font_manager:findfont: score(<Font 'Norasi' (Norasi-BoldItalic.ttf) italic normal bold normal>) = 11.335
DEBUG:matplotlib.font_manager:findfont: score(<Font 'Mukti Narrow' (MuktiNarrow.ttf) normal normal 400 normal>) = 10.05
DEBUG:matplotlib.font_manager:findfont: score(<Font 'Ani' (ani.ttf) normal normal 400 normal>) = 10.05
DEBUG:matplotlib.font_manager:findfont: score(<Font 'Noto Serif CJK JP' (NotoSerifCJK-Bold.ttc) normal normal bold normal>) = 10.335
DEBUG:matplotlib.font_manager:findfont: score(<Font 'Manjari' (Manjari-Regular.otf) normal normal regular normal>) = 10.05
DEBUG:matplotlib.font_manager:findfont: score(<Font 'Lohit Assamese' (Lohit-Assamese.ttf) normal normal 400 normal>) = 10.05
DEBUG:matplotlib.font_manager:findfont: score(<Font 'Kinnari' (Kinnari-BoldItalic.ttf) italic normal bold normal>) = 11.335
DEBUG:matplotlib.font_manager:findfont: score(<Font 'Gubbi' (Gubbi.ttf) normal normal 400 normal>) = 10.05
DEBUG:matplotlib.font_manager:findfont: score(<Font 'Ubuntu' (Ubuntu-M.ttf) normal normal medium normal>) = 10.145
DEBUG:matplotlib.font_manager:findfont: score(<Font 'Liberation Serif' (LiberationSerif-BoldItalic.ttf) italic normal bold normal>) = 11.335
DEBUG:matplotlib.font_manager:findfont: score(<Font 'Kinnari' (Kinnari-BoldOblique.ttf) oblique normal bold normal>) = 11.335
DEBUG:matplotlib.font_manager:findfont: score(<Font 'FreeSans' (FreeSansBold.ttf) normal normal bold normal>) = 10.335
DEBUG:matplotlib.font_manager:findfont: score(<Font 'Liberation Sans' (LiberationSans-Italic.ttf) italic normal 400 normal>) = 11.05
DEBUG:matplotlib.font_manager:findfont: score(<Font 'padmaa' (padmaa.ttf) normal normal 400 normal>) = 10.05
DEBUG:matplotlib.font_manager:findfont: score(<Font 'Rekha' (Rekha.ttf) normal normal 400 normal>) = 10.05
DEBUG:matplotlib.font_manager:findfont: score(<Font 'Lohit Gujarati' (Lohit-Gujarati.ttf) normal normal 400 normal>) = 10.05
DEBUG:matplotlib.font_manager:findfont: score(<Font 'Umpush' (Umpush-Bold.ttf) normal normal bold normal>) = 10.335
DEBUG:matplotlib.font_manager:findfont: score(<Font 'DejaVu Serif' (DejaVuSerifCondensed-Bold.ttf) normal normal bold condensed>) = 10.535
DEBUG:matplotlib.font_manager:findfont: score(<Font 'Norasi' (Norasi-Bold.ttf) normal normal bold normal>) = 10.335
DEBUG:matplotlib.font_manager:findfont: score(<Font 'Norasi' (Norasi-Italic.ttf) italic normal 400 normal>) = 11.05
DEBUG:matplotlib.font_manager:findfont: score(<Font 'FreeSerif' (FreeSerifBold.ttf) normal normal bold normal>) = 10.335
DEBUG:matplotlib.font_manager:findfont: score(<Font 'Tlwg Typist' (TlwgTypist-Oblique.ttf) oblique normal 400 normal>) = 11.05
DEBUG:matplotlib.font_manager:findfont: score(<Font 'Tlwg Mono' (TlwgMono-BoldOblique.ttf) oblique normal bold normal>) = 11.335
DEBUG:matplotlib.font_manager:findfont: score(<Font 'Pothana2000' (Pothana2000.ttf) normal normal 400 normal>) = 10.05
DEBUG:matplotlib.font_manager:findfont: score(<Font 'Rachana' (Rachana-Regular.ttf) normal normal regular normal>) = 10.05
DEBUG:matplotlib.font_manager:findfont: score(<Font 'Ubuntu' (Ubuntu-MI.ttf) italic normal medium normal>) = 11.145
DEBUG:matplotlib.font_manager:findfont: score(<Font 'Sarai' (Sarai.ttf) normal normal 400 normal>) = 10.05
DEBUG:matplotlib.font_manager:findfont: score(<Font 'KacstQurn' (KacstQurn.ttf) normal normal 400 normal>) = 10.05
DEBUG:matplotlib.font_manager:findfont: score(<Font 'Tlwg Mono' (TlwgMono.ttf) normal normal 400 normal>) = 10.05
DEBUG:matplotlib.font_manager:findfont: score(<Font 'Lohit Gurmukhi' (Lohit-Gurmukhi.ttf) normal normal 400 normal>) = 10.05
DEBUG:matplotlib.font_manager:findfont: score(<Font 'Tlwg Typewriter' (TlwgTypewriter-BoldOblique.ttf) oblique normal bold normal>) = 11.335
DEBUG:matplotlib.font_manager:findfont: score(<Font 'Umpush' (Umpush-BoldOblique.ttf) oblique normal bold normal>) = 11.335
DEBUG:matplotlib.font_manager:findfont: score(<Font 'KacstBook' (KacstBook.ttf) normal normal book normal>) = 10.05
DEBUG:matplotlib.font_manager:findfont: score(<Font 'Pagul' (Pagul.ttf) normal normal 400 normal>) = 10.05
DEBUG:matplotlib.font_manager:findfont: score(<Font 'FreeSerif' (FreeSerifBoldItalic.ttf) italic normal bold normal>) = 11.335
DEBUG:matplotlib.font_manager:findfont: score(<Font 'Lohit Kannada' (Lohit-Kannada.ttf) normal normal 400 normal>) = 10.05
DEBUG:matplotlib.font_manager:findfont: Matching :family=sans-serif:style=normal:variant=normal:weight=normal:stretch=normal:size=12.0 to DejaVu Sans ('/home/ram/.local/lib/python3.6/site-packages/matplotlib/mpl-data/fonts/ttf/DejaVuSans.ttf') with score of 0.050000.
DEBUG:roipoly.roipoly:Received single left mouse button click
DEBUG:roipoly.roipoly:draw line x: [3.85064935064932, 4.629870129870099] y: [41.889610389610425, 41.889610389610425]
DEBUG:roipoly.roipoly:draw line x: [3.85064935064932, 5.409090909090878] y: [41.889610389610425, 41.889610389610425]
DEBUG:roipoly.roipoly:draw line x: [3.85064935064932, 13.980519480519447] y: [41.889610389610425, 40.33116883116884]
DEBUG:roipoly.roipoly:draw line x: [3.85064935064932, 25.668831168831133] y: [41.889610389610425, 40.33116883116884]
DEBUG:roipoly.roipoly:draw line x: [3.85064935064932, 47.487012987012946] y: [41.889610389610425, 40.33116883116884]
DEBUG:roipoly.roipoly:draw line x: [3.85064935064932, 176.83766233766232] y: [41.889610389610425, 25.52597402597405]
DEBUG:roipoly.roipoly:draw line x: [3.85064935064932, 262.55194805194805] y: [41.889610389610425, 17.733766233766232]
DEBUG:roipoly.roipoly:draw line x: [3.85064935064932, 282.03246753246754] y: [41.889610389610425, 14.616883116883116]
DEBUG:roipoly.roipoly:draw line x: [3.85064935064932, 285.14935064935065] y: [41.889610389610425, 14.616883116883116]
DEBUG:roipoly.roipoly:draw line x: [3.85064935064932, 290.60389610389615] y: [41.889610389610425, 14.616883116883116]
DEBUG:roipoly.roipoly:draw line x: [3.85064935064932, 305.40909090909093] y: [41.889610389610425, 14.616883116883116]
DEBUG:roipoly.roipoly:draw line x: [3.85064935064932, 324.11038961038963] y: [41.889610389610425, 14.616883116883116]
DEBUG:roipoly.roipoly:draw line x: [3.85064935064932, 332.6818181818182] y: [41.889610389610425, 14.616883116883116]
DEBUG:roipoly.roipoly:draw line x: [3.85064935064932, 334.2402597402598] y: [41.889610389610425, 14.616883116883116]
DEBUG:roipoly.roipoly:draw line x: [3.85064935064932, 335.01948051948057] y: [41.889610389610425, 14.616883116883116]
DEBUG:roipoly.roipoly:draw line x: [3.85064935064932, 335.7987012987013] y: [41.889610389610425, 14.616883116883116]
DEBUG:roipoly.roipoly:draw line x: [3.85064935064932, 337.3571428571429] y: [41.889610389610425, 16.175324675324703]
DEBUG:roipoly.roipoly:draw line x: [3.85064935064932, 337.3571428571429] y: [41.889610389610425, 16.95454545454544]
DEBUG:roipoly.roipoly:draw line x: [3.85064935064932, 337.3571428571429] y: [41.889610389610425, 17.733766233766232]
DEBUG:roipoly.roipoly:draw line x: [3.85064935064932, 333.461038961039] y: [41.889610389610425, 20.85064935064935]
DEBUG:roipoly.roipoly:draw line x: [3.85064935064932, 331.12337662337666] y: [41.889610389610425, 22.409090909090935]
DEBUG:roipoly.roipoly:draw line x: [3.85064935064932, 331.12337662337666] y: [41.889610389610425, 23.18831168831167]
DEBUG:roipoly.roipoly:draw line x: [3.85064935064932, 331.12337662337666] y: [41.889610389610425, 23.18831168831167]
DEBUG:roipoly.roipoly:draw line x: [3.85064935064932, 331.90259740259745] y: [41.889610389610425, 23.18831168831167]
DEBUG:roipoly.roipoly:draw line x: [3.85064935064932, 331.90259740259745] y: [41.889610389610425, 23.18831168831167]
DEBUG:roipoly.roipoly:draw line x: [3.85064935064932, 331.90259740259745] y: [41.889610389610425, 23.967532467532465]
DEBUG:roipoly.roipoly:draw line x: [3.85064935064932, 331.90259740259745] y: [41.889610389610425, 23.967532467532465]
DEBUG:roipoly.roipoly:draw line x: [3.85064935064932, 331.90259740259745] y: [41.889610389610425, 24.746753246753258]
DEBUG:roipoly.roipoly:draw line x: [3.85064935064932, 331.90259740259745] y: [41.889610389610425, 25.52597402597405]
DEBUG:roipoly.roipoly:draw line x: [3.85064935064932, 331.90259740259745] y: [41.889610389610425, 26.305194805194787]
DEBUG:roipoly.roipoly:draw line x: [3.85064935064932, 331.90259740259745] y: [41.889610389610425, 26.305194805194787]
DEBUG:roipoly.roipoly:draw line x: [3.85064935064932, 331.90259740259745] y: [41.889610389610425, 27.08441558441558]
DEBUG:roipoly.roipoly:draw line x: [3.85064935064932, 332.6818181818182] y: [41.889610389610425, 27.863636363636374]
DEBUG:roipoly.roipoly:draw line x: [3.85064935064932, 332.6818181818182] y: [41.889610389610425, 29.422077922077904]
DEBUG:roipoly.roipoly:draw line x: [3.85064935064932, 333.461038961039] y: [41.889610389610425, 30.98051948051949]
DEBUG:roipoly.roipoly:draw line x: [3.85064935064932, 333.461038961039] y: [41.889610389610425, 30.98051948051949]
DEBUG:roipoly.roipoly:Received single left mouse button click
DEBUG:roipoly.roipoly:draw line x: [3.85064935064932, 333.461038961039] y: [41.889610389610425, 30.98051948051949]
DEBUG:roipoly.roipoly:draw line x: [333.461038961039, 334.2402597402598] y: [30.98051948051949, 31.759740259740283]
DEBUG:roipoly.roipoly:draw line x: [333.461038961039, 334.2402597402598] y: [30.98051948051949, 41.11038961038963]
DEBUG:roipoly.roipoly:draw line x: [333.461038961039, 334.2402597402598] y: [30.98051948051949, 67.60389610389609]
DEBUG:roipoly.roipoly:draw line x: [333.461038961039, 335.7987012987013] y: [30.98051948051949, 125.26623376623377]
DEBUG:roipoly.roipoly:draw line x: [333.461038961039, 341.2532467532468] y: [30.98051948051949, 147.0844155844156]
DEBUG:roipoly.roipoly:draw line x: [333.461038961039, 341.2532467532468] y: [30.98051948051949, 154.0974025974026]
DEBUG:roipoly.roipoly:draw line x: [333.461038961039, 341.2532467532468] y: [30.98051948051949, 157.99350649350652]
DEBUG:roipoly.roipoly:draw line x: [333.461038961039, 341.2532467532468] y: [30.98051948051949, 164.22727272727275]
DEBUG:roipoly.roipoly:draw line x: [333.461038961039, 341.2532467532468] y: [30.98051948051949, 172.01948051948054]
DEBUG:roipoly.roipoly:draw line x: [333.461038961039, 341.2532467532468] y: [30.98051948051949, 183.70779220779224]
DEBUG:roipoly.roipoly:draw line x: [333.461038961039, 341.2532467532468] y: [30.98051948051949, 199.29220779220782]
DEBUG:roipoly.roipoly:draw line x: [333.461038961039, 342.81168831168833] y: [30.98051948051949, 210.9805194805195]
DEBUG:roipoly.roipoly:draw line x: [333.461038961039, 345.14935064935065] y: [30.98051948051949, 219.55194805194807]
DEBUG:roipoly.roipoly:draw line x: [333.461038961039, 345.14935064935065] y: [30.98051948051949, 225.00649350649354]
DEBUG:roipoly.roipoly:draw line x: [333.461038961039, 345.14935064935065] y: [30.98051948051949, 228.90259740259742]
DEBUG:roipoly.roipoly:draw line x: [333.461038961039, 345.14935064935065] y: [30.98051948051949, 230.46103896103898]
DEBUG:roipoly.roipoly:draw line x: [333.461038961039, 345.14935064935065] y: [30.98051948051949, 233.5779220779221]
DEBUG:roipoly.roipoly:draw line x: [333.461038961039, 344.3701298701299] y: [30.98051948051949, 238.25324675324677]
DEBUG:roipoly.roipoly:draw line x: [333.461038961039, 344.3701298701299] y: [30.98051948051949, 246.04545454545456]
DEBUG:roipoly.roipoly:draw line x: [333.461038961039, 344.3701298701299] y: [30.98051948051949, 256.1753246753247]
DEBUG:roipoly.roipoly:draw line x: [333.461038961039, 345.14935064935065] y: [30.98051948051949, 262.40909090909093]
DEBUG:roipoly.roipoly:draw line x: [333.461038961039, 345.14935064935065] y: [30.98051948051949, 264.74675324675326]
DEBUG:roipoly.roipoly:draw line x: [333.461038961039, 345.14935064935065] y: [30.98051948051949, 265.52597402597405]
DEBUG:roipoly.roipoly:draw line x: [333.461038961039, 345.14935064935065] y: [30.98051948051949, 266.30519480519484]
DEBUG:roipoly.roipoly:draw line x: [333.461038961039, 344.3701298701299] y: [30.98051948051949, 267.08441558441564]
DEBUG:roipoly.roipoly:draw line x: [333.461038961039, 343.5909090909091] y: [30.98051948051949, 267.8636363636364]
DEBUG:roipoly.roipoly:draw line x: [333.461038961039, 342.81168831168833] y: [30.98051948051949, 268.64285714285717]
DEBUG:roipoly.roipoly:draw line x: [333.461038961039, 342.03246753246754] y: [30.98051948051949, 268.64285714285717]
DEBUG:roipoly.roipoly:draw line x: [333.461038961039, 341.2532467532468] y: [30.98051948051949, 269.42207792207796]
DEBUG:roipoly.roipoly:draw line x: [333.461038961039, 342.03246753246754] y: [30.98051948051949, 268.64285714285717]
DEBUG:roipoly.roipoly:draw line x: [333.461038961039, 342.03246753246754] y: [30.98051948051949, 268.64285714285717]
DEBUG:roipoly.roipoly:draw line x: [333.461038961039, 342.03246753246754] y: [30.98051948051949, 267.8636363636364]
DEBUG:roipoly.roipoly:draw line x: [333.461038961039, 342.81168831168833] y: [30.98051948051949, 264.74675324675326]
DEBUG:roipoly.roipoly:draw line x: [333.461038961039, 342.81168831168833] y: [30.98051948051949, 256.9545454545455]
DEBUG:roipoly.roipoly:draw line x: [333.461038961039, 342.81168831168833] y: [30.98051948051949, 249.16233766233768]
DEBUG:roipoly.roipoly:draw line x: [333.461038961039, 342.81168831168833] y: [30.98051948051949, 247.60389610389612]
DEBUG:roipoly.roipoly:draw line x: [333.461038961039, 342.81168831168833] y: [30.98051948051949, 246.82467532467535]
DEBUG:roipoly.roipoly:draw line x: [333.461038961039, 342.81168831168833] y: [30.98051948051949, 246.04545454545456]
DEBUG:roipoly.roipoly:draw line x: [333.461038961039, 342.81168831168833] y: [30.98051948051949, 245.26623376623377]
DEBUG:roipoly.roipoly:Received single left mouse button click
DEBUG:roipoly.roipoly:draw line x: [333.461038961039, 342.81168831168833] y: [30.98051948051949, 245.26623376623377]
DEBUG:roipoly.roipoly:draw line x: [342.81168831168833, 342.03246753246754] y: [245.26623376623377, 244.487012987013]
DEBUG:roipoly.roipoly:draw line x: [342.81168831168833, 340.474025974026] y: [245.26623376623377, 243.70779220779224]
DEBUG:roipoly.roipoly:draw line x: [342.81168831168833, 337.3571428571429] y: [245.26623376623377, 242.14935064935065]
DEBUG:roipoly.roipoly:draw line x: [342.81168831168833, 319.435064935065] y: [245.26623376623377, 241.3701298701299]
DEBUG:roipoly.roipoly:draw line x: [342.81168831168833, 276.5779220779221] y: [245.26623376623377, 241.3701298701299]
DEBUG:roipoly.roipoly:draw line x: [342.81168831168833, 185.40909090909093] y: [245.26623376623377, 241.3701298701299]
DEBUG:roipoly.roipoly:draw line x: [342.81168831168833, 144.88961038961037] y: [245.26623376623377, 241.3701298701299]
DEBUG:roipoly.roipoly:draw line x: [342.81168831168833, 139.43506493506493] y: [245.26623376623377, 239.03246753246754]
DEBUG:roipoly.roipoly:draw line x: [342.81168831168833, 138.65584415584414] y: [245.26623376623377, 238.25324675324677]
DEBUG:roipoly.roipoly:draw line x: [342.81168831168833, 131.64285714285714] y: [245.26623376623377, 238.25324675324677]
DEBUG:roipoly.roipoly:draw line x: [342.81168831168833, 128.52597402597402] y: [245.26623376623377, 238.25324675324677]
DEBUG:roipoly.roipoly:draw line x: [342.81168831168833, 123.85064935064935] y: [245.26623376623377, 238.25324675324677]
DEBUG:roipoly.roipoly:draw line x: [342.81168831168833, 116.83766233766232] y: [245.26623376623377, 242.14935064935065]
DEBUG:roipoly.roipoly:draw line x: [342.81168831168833, 107.48701298701297] y: [245.26623376623377, 246.04545454545456]
DEBUG:roipoly.roipoly:draw line x: [342.81168831168833, 94.24025974025972] y: [245.26623376623377, 247.60389610389612]
DEBUG:roipoly.roipoly:draw line x: [342.81168831168833, 80.2142857142857] y: [245.26623376623377, 249.94155844155847]
DEBUG:roipoly.roipoly:draw line x: [342.81168831168833, 74.75974025974023] y: [245.26623376623377, 249.94155844155847]
DEBUG:roipoly.roipoly:draw line x: [342.81168831168833, 73.98051948051946] y: [245.26623376623377, 250.72077922077924]
DEBUG:roipoly.roipoly:draw line x: [342.81168831168833, 73.20129870129867] y: [245.26623376623377, 251.5]
DEBUG:roipoly.roipoly:draw line x: [342.81168831168833, 72.4220779220779] y: [245.26623376623377, 251.5]
DEBUG:roipoly.roipoly:draw line x: [342.81168831168833, 71.64285714285711] y: [245.26623376623377, 251.5]
DEBUG:roipoly.roipoly:draw line x: [342.81168831168833, 69.30519480519479] y: [245.26623376623377, 251.5]
DEBUG:roipoly.roipoly:draw line x: [342.81168831168833, 65.40909090909088] y: [245.26623376623377, 253.83766233766235]
DEBUG:roipoly.roipoly:draw line x: [342.81168831168833, 65.40909090909088] y: [245.26623376623377, 263.1883116883117]
DEBUG:roipoly.roipoly:draw line x: [342.81168831168833, 65.40909090909088] y: [245.26623376623377, 263.96753246753246]
DEBUG:roipoly.roipoly:draw line x: [342.81168831168833, 59.95454545454544] y: [245.26623376623377, 270.2012987012987]
DEBUG:roipoly.roipoly:draw line x: [342.81168831168833, 58.39610389610388] y: [245.26623376623377, 272.5389610389611]
DEBUG:roipoly.roipoly:draw line x: [342.81168831168833, 56.83766233766232] y: [245.26623376623377, 272.5389610389611]
DEBUG:roipoly.roipoly:draw line x: [342.81168831168833, 56.05844155844153] y: [245.26623376623377, 272.5389610389611]
DEBUG:roipoly.roipoly:draw line x: [342.81168831168833, 55.279220779220765] y: [245.26623376623377, 272.5389610389611]
DEBUG:roipoly.roipoly:draw line x: [342.81168831168833, 54.49999999999997] y: [245.26623376623377, 271.7597402597403]
DEBUG:roipoly.roipoly:draw line x: [342.81168831168833, 53.72077922077921] y: [245.26623376623377, 271.7597402597403]
DEBUG:roipoly.roipoly:draw line x: [342.81168831168833, 52.16233766233765] y: [245.26623376623377, 270.2012987012987]
DEBUG:roipoly.roipoly:draw line x: [342.81168831168833, 51.383116883116855] y: [245.26623376623377, 269.42207792207796]
DEBUG:roipoly.roipoly:draw line x: [342.81168831168833, 49.8246753246753] y: [245.26623376623377, 267.8636363636364]
DEBUG:roipoly.roipoly:draw line x: [342.81168831168833, 49.045454545454504] y: [245.26623376623377, 267.08441558441564]
DEBUG:roipoly.roipoly:draw line x: [342.81168831168833, 45.9285714285714] y: [245.26623376623377, 265.52597402597405]
DEBUG:roipoly.roipoly:draw line x: [342.81168831168833, 40.47402597402595] y: [245.26623376623377, 262.40909090909093]
DEBUG:roipoly.roipoly:draw line x: [342.81168831168833, 35.01948051948048] y: [245.26623376623377, 254.61688311688314]
DEBUG:roipoly.roipoly:draw line x: [342.81168831168833, 29.564935064935028] y: [245.26623376623377, 251.5]
DEBUG:roipoly.roipoly:draw line x: [342.81168831168833, 23.331168831168796] y: [245.26623376623377, 249.16233766233768]
DEBUG:roipoly.roipoly:draw line x: [342.81168831168833, 22.551948051948017] y: [245.26623376623377, 248.38311688311688]
DEBUG:roipoly.roipoly:draw line x: [342.81168831168833, 21.772727272727238] y: [245.26623376623377, 248.38311688311688]
DEBUG:roipoly.roipoly:draw line x: [342.81168831168833, 20.99350649350646] y: [245.26623376623377, 248.38311688311688]
DEBUG:roipoly.roipoly:draw line x: [342.81168831168833, 20.21428571428568] y: [245.26623376623377, 247.60389610389612]
DEBUG:roipoly.roipoly:draw line x: [342.81168831168833, 19.4350649350649] y: [245.26623376623377, 247.60389610389612]
DEBUG:roipoly.roipoly:draw line x: [342.81168831168833, 18.65584415584412] y: [245.26623376623377, 247.60389610389612]
DEBUG:roipoly.roipoly:draw line x: [342.81168831168833, 17.876623376623343] y: [245.26623376623377, 247.60389610389612]
DEBUG:roipoly.roipoly:draw line x: [342.81168831168833, 17.876623376623343] y: [245.26623376623377, 247.60389610389612]
DEBUG:roipoly.roipoly:draw line x: [342.81168831168833, 17.097402597402564] y: [245.26623376623377, 248.38311688311688]
DEBUG:roipoly.roipoly:draw line x: [342.81168831168833, 16.318181818181785] y: [245.26623376623377, 254.61688311688314]
DEBUG:roipoly.roipoly:draw line x: [342.81168831168833, 16.318181818181785] y: [245.26623376623377, 255.3961038961039]
DEBUG:roipoly.roipoly:draw line x: [342.81168831168833, 17.097402597402564] y: [245.26623376623377, 256.1753246753247]
DEBUG:roipoly.roipoly:draw line x: [342.81168831168833, 17.876623376623343] y: [245.26623376623377, 256.9545454545455]
DEBUG:roipoly.roipoly:Received single left mouse button click
DEBUG:roipoly.roipoly:draw line x: [342.81168831168833, 17.876623376623343] y: [245.26623376623377, 256.9545454545455]
DEBUG:roipoly.roipoly:draw line x: [17.876623376623343, 18.65584415584412] y: [256.9545454545455, 256.9545454545455]
DEBUG:roipoly.roipoly:draw line x: [17.876623376623343, 18.65584415584412] y: [256.9545454545455, 256.9545454545455]
DEBUG:roipoly.roipoly:draw line x: [17.876623376623343, 19.4350649350649] y: [256.9545454545455, 256.9545454545455]
DEBUG:roipoly.roipoly:draw line x: [17.876623376623343, 19.4350649350649] y: [256.9545454545455, 257.73376623376623]
DEBUG:roipoly.roipoly:draw line x: [17.876623376623343, 20.21428571428568] y: [256.9545454545455, 257.73376623376623]
DEBUG:roipoly.roipoly:draw line x: [17.876623376623343, 20.21428571428568] y: [256.9545454545455, 257.73376623376623]
DEBUG:roipoly.roipoly:draw line x: [17.876623376623343, 21.772727272727238] y: [256.9545454545455, 258.512987012987]
DEBUG:roipoly.roipoly:draw line x: [17.876623376623343, 25.668831168831133] y: [256.9545454545455, 253.0584415584416]
DEBUG:roipoly.roipoly:draw line x: [17.876623376623343, 28.00649350649347] y: [256.9545454545455, 246.04545454545456]
DEBUG:roipoly.roipoly:draw line x: [17.876623376623343, 28.78571428571425] y: [256.9545454545455, 241.3701298701299]
DEBUG:roipoly.roipoly:draw line x: [17.876623376623343, 29.564935064935028] y: [256.9545454545455, 233.5779220779221]
DEBUG:roipoly.roipoly:draw line x: [17.876623376623343, 28.78571428571425] y: [256.9545454545455, 213.31818181818184]
DEBUG:roipoly.roipoly:draw line x: [17.876623376623343, 22.551948051948017] y: [256.9545454545455, 177.47402597402598]
DEBUG:roipoly.roipoly:draw line x: [17.876623376623343, 20.99350649350646] y: [256.9545454545455, 149.42207792207793]
DEBUG:roipoly.roipoly:draw line x: [17.876623376623343, 20.21428571428568] y: [256.9545454545455, 133.83766233766235]
DEBUG:roipoly.roipoly:draw line x: [17.876623376623343, 19.4350649350649] y: [256.9545454545455, 129.16233766233768]
DEBUG:roipoly.roipoly:draw line x: [17.876623376623343, 18.65584415584412] y: [256.9545454545455, 127.60389610389612]
DEBUG:roipoly.roipoly:draw line x: [17.876623376623343, 18.65584415584412] y: [256.9545454545455, 126.04545454545456]
DEBUG:roipoly.roipoly:draw line x: [17.876623376623343, 17.097402597402564] y: [256.9545454545455, 122.14935064935065]
DEBUG:roipoly.roipoly:draw line x: [17.876623376623343, 15.538961038961006] y: [256.9545454545455, 118.25324675324677]
DEBUG:roipoly.roipoly:draw line x: [17.876623376623343, 14.759740259740227] y: [256.9545454545455, 116.69480519480521]
DEBUG:roipoly.roipoly:draw line x: [17.876623376623343, 13.980519480519447] y: [256.9545454545455, 115.91558441558442]
DEBUG:roipoly.roipoly:draw line x: [17.876623376623343, 13.980519480519447] y: [256.9545454545455, 115.13636363636365]
DEBUG:roipoly.roipoly:draw line x: [17.876623376623343, 13.201298701298668] y: [256.9545454545455, 113.5779220779221]
DEBUG:roipoly.roipoly:draw line x: [17.876623376623343, 10.863636363636331] y: [256.9545454545455, 108.90259740259742]
DEBUG:roipoly.roipoly:draw line x: [17.876623376623343, 8.525974025973994] y: [256.9545454545455, 101.8896103896104]
DEBUG:roipoly.roipoly:draw line x: [17.876623376623343, 3.071428571428541] y: [256.9545454545455, 88.64285714285717]
DEBUG:roipoly.roipoly:draw line x: [17.876623376623343, -0.04545454545458938] y: [256.9545454545455, 62.14935064935065]
DEBUG:roipoly.roipoly:draw line x: [17.876623376623343, 0.7337662337661897] y: [256.9545454545455, 62.14935064935065]
DEBUG:roipoly.roipoly:draw line x: [17.876623376623343, 0.7337662337661897] y: [256.9545454545455, 61.37012987012986]
DEBUG:roipoly.roipoly:draw line x: [17.876623376623343, 1.5129870129869687] y: [256.9545454545455, 61.37012987012986]
DEBUG:roipoly.roipoly:draw line x: [17.876623376623343, 1.5129870129869687] y: [256.9545454545455, 60.59090909090912]
DEBUG:roipoly.roipoly:draw line x: [17.876623376623343, 2.292207792207762] y: [256.9545454545455, 59.81168831168833]
DEBUG:roipoly.roipoly:Received single right mouse button click or double left click
DEBUG:roipoly.roipoly:Stop ROI drawing
INFO:root:11_28_36_13_01_2021: Change detected
INFO:root:11_28_36_13_01_2021: Change detected
INFO:root:11_28_36_13_01_2021: Change detected
INFO:root:11_28_36_13_01_2021: Change detected
INFO:root:11_28_36_13_01_2021: Change detected
INFO:root:11_28_36_13_01_2021: Change detected
INFO:root:11_28_36_13_01_2021: Change detected
INFO:root:11_28_37_13_01_2021: Change detected
INFO:root:11_28_37_13_01_2021: Change detected
INFO:root:11_28_37_13_01_2021: Change detected
INFO:root:11_28_37_13_01_2021: Change detected
INFO:root:11_28_37_13_01_2021: Change detected
INFO:root:11_28_37_13_01_2021: Change detected
INFO:root:11_28_37_13_01_2021: Change detected
INFO:root:11_28_37_13_01_2021: Change detected
INFO:root:11_28_37_13_01_2021: Change detected
INFO:root:11_28_37_13_01_2021: Change detected
INFO:root:11_28_37_13_01_2021: Change detected
INFO:root:11_28_38_13_01_2021: Change detected
INFO:root:11_28_38_13_01_2021: Change detected
INFO:root:11_28_38_13_01_2021: Change detected
INFO:root:11_28_38_13_01_2021: Change detected
INFO:root:11_28_38_13_01_2021: Change detected
INFO:root:11_28_38_13_01_2021: Change detected
INFO:root:11_28_38_13_01_2021: Change detected
INFO:root:11_28_38_13_01_2021: Change detected
INFO:root:11_28_38_13_01_2021: Change detected
INFO:root:11_28_38_13_01_2021: Change detected
INFO:root:11_28_38_13_01_2021: Change detected
INFO:root:11_28_38_13_01_2021: Change detected
INFO:root:11_28_38_13_01_2021: Change detected
INFO:root:11_28_39_13_01_2021: Change detected
INFO:root:11_28_39_13_01_2021: Change detected
INFO:root:11_28_39_13_01_2021: Change detected
INFO:root:11_28_39_13_01_2021: Change detected
INFO:root:11_28_39_13_01_2021: Change detected
INFO:root:11_28_39_13_01_2021: Change detected
INFO:root:11_28_39_13_01_2021: Change detected
INFO:root:11_28_39_13_01_2021: Change detected
INFO:root:11_28_39_13_01_2021: Change detected
INFO:root:11_28_39_13_01_2021: Change detected
INFO:root:11_28_39_13_01_2021: Change detected
INFO:root:11_28_39_13_01_2021: Change detected
INFO:root:11_28_39_13_01_2021: Change detected
INFO:root:11_28_40_13_01_2021: Change detected
INFO:root:11_28_40_13_01_2021: Change detected
INFO:root:11_28_40_13_01_2021: Change detected
INFO:root:11_28_40_13_01_2021: Change detected
INFO:root:11_28_40_13_01_2021: Change detected
INFO:root:11_28_40_13_01_2021: Change detected
INFO:root:11_28_40_13_01_2021: Change detected
INFO:root:11_28_40_13_01_2021: Change detected
INFO:root:11_28_40_13_01_2021: Change detected
INFO:root:11_28_40_13_01_2021: Change detected
INFO:root:11_28_40_13_01_2021: Change detected
INFO:root:11_28_40_13_01_2021: Change detected
INFO:root:11_28_40_13_01_2021: Change detected
INFO:root:11_28_41_13_01_2021: Change detected
INFO:root:11_28_41_13_01_2021: Change detected
INFO:root:11_28_41_13_01_2021: Change detected
INFO:root:11_28_41_13_01_2021: Change detected
INFO:root:11_28_41_13_01_2021: Change detected
INFO:root:11_28_41_13_01_2021: Change detected
INFO:root:11_28_41_13_01_2021: Change detected
INFO:root:11_28_41_13_01_2021: Change detected
INFO:root:11_28_41_13_01_2021: Change detected
INFO:root:11_28_41_13_01_2021: Change detected
INFO:root:11_28_41_13_01_2021: Change detected
INFO:root:11_28_42_13_01_2021: Change detected
INFO:root:11_28_42_13_01_2021: Change detected
INFO:root:11_28_42_13_01_2021: Change detected
INFO:root:11_28_42_13_01_2021: Change detected
INFO:root:11_28_42_13_01_2021: Change detected
INFO:root:11_28_42_13_01_2021: Change detected
INFO:root:11_28_42_13_01_2021: Change detected
INFO:root:11_28_42_13_01_2021: Change detected
INFO:root:11_28_42_13_01_2021: Change detected
INFO:root:11_28_42_13_01_2021: Change detected
INFO:root:11_28_42_13_01_2021: Change detected
INFO:root:11_28_43_13_01_2021: Change detected
INFO:root:11_28_43_13_01_2021: Change detected
INFO:root:11_28_43_13_01_2021: Change detected
INFO:root:11_28_43_13_01_2021: Change detected
INFO:root:11_28_43_13_01_2021: Change detected
INFO:root:11_28_43_13_01_2021: Change detected
INFO:root:11_28_43_13_01_2021: Change detected
INFO:root:11_28_43_13_01_2021: Change detected
INFO:root:11_28_43_13_01_2021: Change detected
INFO:root:11_28_43_13_01_2021: Change detected
INFO:root:11_28_43_13_01_2021: Change detected
INFO:root:11_28_43_13_01_2021: Change detected
INFO:root:11_28_44_13_01_2021: Change detected
INFO:root:11_28_44_13_01_2021: Change detected
INFO:root:11_28_44_13_01_2021: Change detected
INFO:root:11_28_44_13_01_2021: Change detected
INFO:root:11_28_44_13_01_2021: Change detected
INFO:root:11_28_44_13_01_2021: Change detected
INFO:root:11_28_44_13_01_2021: Change detected
INFO:root:11_28_44_13_01_2021: Change detected
INFO:root:11_28_44_13_01_2021: Change detected
INFO:root:11_28_44_13_01_2021: Change detected
INFO:root:11_28_44_13_01_2021: Change detected
INFO:root:11_28_45_13_01_2021: Change detected
INFO:root:11_28_45_13_01_2021: Change detected
INFO:root:11_28_45_13_01_2021: Change detected
INFO:root:11_28_45_13_01_2021: Change detected
INFO:root:11_28_45_13_01_2021: Change detected
INFO:root:11_28_45_13_01_2021: Change detected
INFO:root:11_28_45_13_01_2021: Change detected
INFO:root:11_28_45_13_01_2021: Change detected
INFO:root:11_28_45_13_01_2021: Change detected
INFO:root:11_28_45_13_01_2021: Change detected
INFO:root:11_28_45_13_01_2021: Change detected
INFO:root:11_28_46_13_01_2021: Change detected
INFO:root:11_28_46_13_01_2021: Change detected
INFO:root:11_28_46_13_01_2021: Change detected
INFO:root:11_28_46_13_01_2021: Change detected
INFO:root:11_28_46_13_01_2021: Change detected
INFO:root:11_28_46_13_01_2021: Change detected
INFO:root:11_28_46_13_01_2021: Change detected
INFO:root:11_28_46_13_01_2021: Change detected
INFO:root:11_28_46_13_01_2021: Change detected
INFO:root:11_28_46_13_01_2021: Change detected
INFO:root:11_28_46_13_01_2021: Change detected
INFO:root:11_28_47_13_01_2021: Change detected
INFO:root:11_28_47_13_01_2021: Change detected
INFO:root:11_28_47_13_01_2021: Change detected
INFO:root:11_28_47_13_01_2021: Change detected
INFO:root:11_28_47_13_01_2021: Change detected
INFO:root:11_28_47_13_01_2021: Change detected
INFO:root:11_28_47_13_01_2021: Change detected
INFO:root:11_28_47_13_01_2021: Change detected
INFO:root:11_28_47_13_01_2021: Change detected
INFO:root:11_28_47_13_01_2021: Change detected
INFO:root:11_28_47_13_01_2021: Change detected
INFO:root:11_28_48_13_01_2021: Change detected
INFO:root:11_28_48_13_01_2021: Change detected
INFO:root:11_28_48_13_01_2021: Change detected
INFO:root:11_28_48_13_01_2021: Change detected
INFO:root:11_28_48_13_01_2021: Change detected
INFO:root:11_28_48_13_01_2021: Change detected
INFO:root:11_28_48_13_01_2021: Change detected
INFO:root:11_28_48_13_01_2021: Change detected
INFO:root:11_28_48_13_01_2021: Change detected
INFO:root:11_28_48_13_01_2021: Change detected
INFO:root:11_28_48_13_01_2021: Change detected
INFO:root:11_28_49_13_01_2021: Change detected
INFO:root:11_28_49_13_01_2021: Change detected
INFO:root:11_28_49_13_01_2021: Change detected
INFO:root:11_28_49_13_01_2021: Change detected
INFO:root:11_28_49_13_01_2021: Change detected
INFO:root:11_28_49_13_01_2021: Change detected
INFO:root:11_28_49_13_01_2021: Change detected
INFO:root:11_28_49_13_01_2021: Change detected
INFO:root:11_28_49_13_01_2021: Change detected
INFO:root:11_28_49_13_01_2021: Change detected
INFO:root:11_28_49_13_01_2021: Change detected
INFO:root:11_28_50_13_01_2021: Change detected
INFO:root:11_28_50_13_01_2021: Change detected
INFO:root:11_28_50_13_01_2021: Change detected
INFO:root:11_28_50_13_01_2021: Change detected
INFO:root:11_28_50_13_01_2021: Change detected
INFO:root:11_28_50_13_01_2021: Change detected
INFO:root:11_28_50_13_01_2021: Change detected
INFO:root:11_28_50_13_01_2021: Change detected
INFO:root:11_28_50_13_01_2021: Change detected
INFO:root:11_28_50_13_01_2021: Change detected
INFO:root:11_28_50_13_01_2021: Change detected
INFO:root:11_28_51_13_01_2021: Change detected
INFO:root:11_28_51_13_01_2021: Change detected
INFO:root:11_28_51_13_01_2021: Change detected
INFO:root:11_28_51_13_01_2021: Change detected
INFO:root:11_28_51_13_01_2021: Change detected
INFO:root:11_28_51_13_01_2021: Change detected
INFO:root:11_28_51_13_01_2021: Change detected
INFO:root:11_28_51_13_01_2021: Change detected
INFO:root:11_28_51_13_01_2021: Change detected
INFO:root:11_28_51_13_01_2021: Change detected
INFO:root:11_28_51_13_01_2021: Change detected
INFO:root:11_28_52_13_01_2021: Change detected
INFO:root:11_28_52_13_01_2021: Change detected
INFO:root:11_28_52_13_01_2021: Change detected
INFO:root:11_28_52_13_01_2021: Change detected
INFO:root:11_28_52_13_01_2021: Change detected
INFO:root:11_28_52_13_01_2021: Change detected
INFO:root:11_28_52_13_01_2021: Change detected
INFO:root:11_28_52_13_01_2021: Change detected
INFO:root:11_28_52_13_01_2021: Change detected
INFO:root:11_28_53_13_01_2021: Change detected
INFO:root:11_28_53_13_01_2021: Change detected
INFO:root:11_28_53_13_01_2021: Change detected
INFO:root:11_28_53_13_01_2021: Change detected
INFO:root:11_28_53_13_01_2021: Change detected
INFO:root:11_28_53_13_01_2021: Change detected
INFO:root:11_28_53_13_01_2021: Change detected
INFO:root:11_28_54_13_01_2021: Change detected
INFO:root:11_28_54_13_01_2021: Change detected
INFO:root:11_28_54_13_01_2021: Change detected
INFO:root:11_28_54_13_01_2021: Change detected
INFO:root:11_28_54_13_01_2021: Change detected
INFO:root:11_28_54_13_01_2021: Change detected
INFO:root:11_28_55_13_01_2021: Change detected
INFO:root:11_28_55_13_01_2021: Change detected
INFO:root:11_28_55_13_01_2021: Change detected
INFO:root:11_28_55_13_01_2021: Change detected
INFO:root:11_28_55_13_01_2021: Change detected
INFO:root:11_28_55_13_01_2021: Change detected
INFO:root:11_28_55_13_01_2021: Change detected
INFO:root:11_28_55_13_01_2021: Change detected
INFO:root:11_28_55_13_01_2021: Change detected
INFO:root:11_28_56_13_01_2021: Change detected
INFO:root:11_28_56_13_01_2021: Change detected
INFO:root:11_28_56_13_01_2021: Change detected
INFO:root:11_28_56_13_01_2021: Change detected
INFO:root:11_28_56_13_01_2021: Change detected
INFO:root:11_28_56_13_01_2021: Change detected
INFO:root:11_28_56_13_01_2021: Change detected
INFO:root:11_28_56_13_01_2021: Change detected
INFO:root:11_28_56_13_01_2021: Change detected
INFO:root:11_28_56_13_01_2021: Change detected
INFO:root:11_28_56_13_01_2021: Change detected
INFO:root:11_28_56_13_01_2021: Change detected
INFO:root:11_28_56_13_01_2021: Change detected
INFO:root:11_28_57_13_01_2021: Change detected
INFO:root:11_28_57_13_01_2021: Change detected
INFO:root:11_28_57_13_01_2021: Change detected
INFO:root:11_28_57_13_01_2021: Change detected
INFO:root:11_28_57_13_01_2021: Change detected
INFO:root:11_28_57_13_01_2021: Change detected
INFO:root:11_28_57_13_01_2021: Change detected
INFO:root:11_28_57_13_01_2021: Change detected
INFO:root:11_28_57_13_01_2021: Change detected
INFO:root:11_28_57_13_01_2021: Change detected
INFO:root:11_28_57_13_01_2021: Change detected
INFO:root:11_28_57_13_01_2021: Change detected
INFO:root:11_28_57_13_01_2021: Change detected
INFO:root:11_28_58_13_01_2021: Change detected
INFO:root:11_28_58_13_01_2021: Change detected
INFO:root:11_28_58_13_01_2021: Change detected
INFO:root:11_28_58_13_01_2021: Change detected
INFO:root:11_28_58_13_01_2021: Change detected
INFO:root:11_28_58_13_01_2021: Change detected
INFO:root:11_28_58_13_01_2021: Change detected
INFO:root:11_28_58_13_01_2021: Change detected
INFO:root:11_28_58_13_01_2021: Change detected
INFO:root:11_28_58_13_01_2021: Change detected
INFO:root:11_28_58_13_01_2021: Change detected
INFO:root:11_28_58_13_01_2021: Change detected
INFO:root:11_28_59_13_01_2021: Change detected
INFO:root:11_28_59_13_01_2021: Change detected
INFO:root:11_28_59_13_01_2021: Change detected
INFO:root:11_28_59_13_01_2021: Change detected
INFO:root:11_28_59_13_01_2021: Change detected
INFO:root:11_28_59_13_01_2021: Change detected
INFO:root:11_28_59_13_01_2021: Change detected
INFO:root:11_28_59_13_01_2021: Change detected
INFO:root:11_28_59_13_01_2021: Change detected
INFO:root:11_28_59_13_01_2021: Change detected
INFO:root:11_28_59_13_01_2021: Change detected
INFO:root:11_28_59_13_01_2021: Change detected
INFO:root:11_28_59_13_01_2021: Change detected
INFO:root:11_29_00_13_01_2021: Change detected
INFO:root:11_29_00_13_01_2021: Change detected
INFO:root:11_29_00_13_01_2021: Change detected
INFO:root:11_29_00_13_01_2021: Change detected
INFO:root:11_29_00_13_01_2021: Change detected
INFO:root:11_29_00_13_01_2021: Change detected
INFO:root:11_29_00_13_01_2021: Change detected
INFO:root:11_29_00_13_01_2021: Change detected
INFO:root:11_29_00_13_01_2021: Change detected
INFO:root:11_29_00_13_01_2021: Change detected
INFO:root:11_29_00_13_01_2021: Change detected
INFO:root:11_29_01_13_01_2021: Change detected
INFO:root:11_29_01_13_01_2021: Change detected
INFO:root:11_29_01_13_01_2021: Change detected
INFO:root:11_29_01_13_01_2021: Change detected
INFO:root:11_29_01_13_01_2021: Change detected
INFO:root:11_29_01_13_01_2021: Change detected
INFO:root:11_29_01_13_01_2021: Change detected
INFO:root:11_29_01_13_01_2021: Change detected
INFO:root:11_29_01_13_01_2021: Change detected
INFO:root:11_29_01_13_01_2021: Change detected
INFO:root:11_29_01_13_01_2021: Change detected
INFO:root:11_29_01_13_01_2021: Change detected
INFO:root:11_29_02_13_01_2021: Change detected
INFO:root:11_29_02_13_01_2021: Change detected
INFO:root:11_29_02_13_01_2021: Change detected
INFO:root:11_29_02_13_01_2021: Change detected
INFO:root:11_29_02_13_01_2021: Change detected
INFO:root:11_29_02_13_01_2021: Change detected
INFO:root:11_29_02_13_01_2021: Change detected
INFO:root:11_29_02_13_01_2021: Change detected
INFO:root:11_29_02_13_01_2021: Change detected
INFO:root:11_29_02_13_01_2021: Change detected
INFO:root:11_29_02_13_01_2021: Change detected
INFO:root:11_29_02_13_01_2021: Change detected
