INFO:root:Scene Object change detection Job Started...
DEBUG:root:Monitering started...
DEBUG:matplotlib.font_manager:findfont: Matching :family=sans-serif:style=normal:variant=normal:weight=normal:stretch=normal:size=10.0.
DEBUG:matplotlib.font_manager:findfont: score(<Font 'STIXSizeThreeSym' (STIXSizThreeSymBol.ttf) normal normal bold normal>) = 10.335
DEBUG:matplotlib.font_manager:findfont: score(<Font 'DejaVu Sans Mono' (DejaVuSansMono.ttf) normal normal 400 normal>) = 10.05
DEBUG:matplotlib.font_manager:findfont: score(<Font 'DejaVu Serif' (DejaVuSerif.ttf) normal normal 400 normal>) = 10.05
DEBUG:matplotlib.font_manager:findfont: score(<Font 'DejaVu Sans Mono' (DejaVuSansMono-Bold.ttf) normal normal bold normal>) = 10.335
DEBUG:matplotlib.font_manager:findfont: score(<Font 'cmtt10' (cmtt10.ttf) normal normal 400 normal>) = 10.05
DEBUG:matplotlib.font_manager:findfont: score(<Font 'STIXNonUnicode' (STIXNonUni.ttf) normal normal regular normal>) = 10.05
DEBUG:matplotlib.font_manager:findfont: score(<Font 'STIXSizeFourSym' (STIXSizFourSymBol.ttf) normal normal bold normal>) = 10.335
DEBUG:matplotlib.font_manager:findfont: score(<Font 'STIXNonUnicode' (STIXNonUniBolIta.ttf) italic normal bold normal>) = 11.335
DEBUG:matplotlib.font_manager:findfont: score(<Font 'DejaVu Sans' (DejaVuSans-BoldOblique.ttf) oblique normal bold normal>) = 1.335
DEBUG:matplotlib.font_manager:findfont: score(<Font 'STIXSizeOneSym' (STIXSizOneSymReg.ttf) normal normal regular normal>) = 10.05
DEBUG:matplotlib.font_manager:findfont: score(<Font 'cmr10' (cmr10.ttf) normal normal 400 normal>) = 10.05
DEBUG:matplotlib.font_manager:findfont: score(<Font 'cmss10' (cmss10.ttf) normal normal 400 normal>) = 10.05
DEBUG:matplotlib.font_manager:findfont: score(<Font 'STIXSizeOneSym' (STIXSizOneSymBol.ttf) normal normal bold normal>) = 10.335
DEBUG:matplotlib.font_manager:findfont: score(<Font 'cmb10' (cmb10.ttf) normal normal 400 normal>) = 10.05
DEBUG:matplotlib.font_manager:findfont: score(<Font 'DejaVu Serif' (DejaVuSerif-Italic.ttf) italic normal 400 normal>) = 11.05
DEBUG:matplotlib.font_manager:findfont: score(<Font 'DejaVu Sans Mono' (DejaVuSansMono-BoldOblique.ttf) oblique normal bold normal>) = 11.335
DEBUG:matplotlib.font_manager:findfont: score(<Font 'DejaVu Serif Display' (DejaVuSerifDisplay.ttf) normal normal 400 normal>) = 10.05
DEBUG:matplotlib.font_manager:findfont: score(<Font 'DejaVu Sans Display' (DejaVuSansDisplay.ttf) normal normal 400 normal>) = 10.05
DEBUG:matplotlib.font_manager:findfont: score(<Font 'cmex10' (cmex10.ttf) normal normal 400 normal>) = 10.05
DEBUG:matplotlib.font_manager:findfont: score(<Font 'STIXNonUnicode' (STIXNonUniBol.ttf) normal normal bold normal>) = 10.335
DEBUG:matplotlib.font_manager:findfont: score(<Font 'cmsy10' (cmsy10.ttf) normal normal 400 normal>) = 10.05
DEBUG:matplotlib.font_manager:findfont: score(<Font 'DejaVu Sans' (DejaVuSans-Bold.ttf) normal normal bold normal>) = 0.33499999999999996
DEBUG:matplotlib.font_manager:findfont: score(<Font 'STIXSizeTwoSym' (STIXSizTwoSymBol.ttf) normal normal bold normal>) = 10.335
DEBUG:matplotlib.font_manager:findfont: score(<Font 'DejaVu Sans' (DejaVuSans.ttf) normal normal 400 normal>) = 0.05
DEBUG:matplotlib.font_manager:findfont: score(<Font 'STIXGeneral' (STIXGeneral.ttf) normal normal regular normal>) = 10.05
DEBUG:matplotlib.font_manager:findfont: score(<Font 'STIXSizeFiveSym' (STIXSizFiveSymReg.ttf) normal normal regular normal>) = 10.05
DEBUG:matplotlib.font_manager:findfont: score(<Font 'STIXSizeThreeSym' (STIXSizThreeSymReg.ttf) normal normal regular normal>) = 10.05
DEBUG:matplotlib.font_manager:findfont: score(<Font 'cmmi10' (cmmi10.ttf) normal normal 400 normal>) = 10.05
DEBUG:matplotlib.font_manager:findfont: score(<Font 'STIXGeneral' (STIXGeneralBolIta.ttf) italic normal bold normal>) = 11.335
DEBUG:matplotlib.font_manager:findfont: score(<Font 'DejaVu Sans' (DejaVuSans-Oblique.ttf) oblique normal 400 normal>) = 1.05
DEBUG:matplotlib.font_manager:findfont: score(<Font 'STIXGeneral' (STIXGeneralBol.ttf) normal normal bold normal>) = 10.335
DEBUG:matplotlib.font_manager:findfont: score(<Font 'DejaVu Sans Mono' (DejaVuSansMono-Oblique.ttf) oblique normal 400 normal>) = 11.05
DEBUG:matplotlib.font_manager:findfont: score(<Font 'DejaVu Serif' (DejaVuSerif-Bold.ttf) normal normal bold normal>) = 10.335
DEBUG:matplotlib.font_manager:findfont: score(<Font 'DejaVu Serif' (DejaVuSerif-BoldItalic.ttf) italic normal bold normal>) = 11.335
DEBUG:matplotlib.font_manager:findfont: score(<Font 'STIXNonUnicode' (STIXNonUniIta.ttf) italic normal 400 normal>) = 11.05
DEBUG:matplotlib.font_manager:findfont: score(<Font 'STIXGeneral' (STIXGeneralItalic.ttf) italic normal 400 normal>) = 11.05
DEBUG:matplotlib.font_manager:findfont: score(<Font 'STIXSizeFourSym' (STIXSizFourSymReg.ttf) normal normal regular normal>) = 10.05
DEBUG:matplotlib.font_manager:findfont: score(<Font 'STIXSizeTwoSym' (STIXSizTwoSymReg.ttf) normal normal regular normal>) = 10.05
DEBUG:matplotlib.font_manager:findfont: score(<Font 'Liberation Sans' (LiberationSans-Regular.ttf) normal normal 400 normal>) = 10.05
DEBUG:matplotlib.font_manager:findfont: score(<Font 'Tlwg Typo' (TlwgTypo-BoldOblique.ttf) oblique normal bold normal>) = 11.335
DEBUG:matplotlib.font_manager:findfont: score(<Font 'Liberation Serif' (LiberationSerif-Regular.ttf) normal normal 400 normal>) = 10.05
DEBUG:matplotlib.font_manager:findfont: score(<Font 'Norasi' (Norasi-Oblique.ttf) oblique normal 400 normal>) = 11.05
DEBUG:matplotlib.font_manager:findfont: score(<Font 'Ubuntu' (Ubuntu-RI.ttf) italic normal 400 normal>) = 11.05
DEBUG:matplotlib.font_manager:findfont: score(<Font 'Liberation Mono' (LiberationMono-Bold.ttf) normal normal bold normal>) = 10.335
DEBUG:matplotlib.font_manager:findfont: score(<Font 'Loma' (Loma-Bold.ttf) normal normal bold normal>) = 10.335
DEBUG:matplotlib.font_manager:findfont: score(<Font 'Noto Serif CJK JP' (NotoSerifCJK-Regular.ttc) normal normal 400 normal>) = 10.05
DEBUG:matplotlib.font_manager:findfont: score(<Font 'Waree' (Waree-Bold.ttf) normal normal bold normal>) = 10.335
DEBUG:matplotlib.font_manager:findfont: score(<Font 'Lohit Malayalam' (Lohit-Malayalam.ttf) normal normal 400 normal>) = 10.05
DEBUG:matplotlib.font_manager:findfont: score(<Font 'FreeSerif' (FreeSerifItalic.ttf) italic normal 400 normal>) = 11.05
DEBUG:matplotlib.font_manager:findfont: score(<Font 'Ubuntu Mono' (UbuntuMono-RI.ttf) italic normal 400 normal>) = 11.05
DEBUG:matplotlib.font_manager:findfont: score(<Font 'Meera' (Meera.ttf) normal normal 400 normal>) = 10.05
DEBUG:matplotlib.font_manager:findfont: score(<Font 'Lohit Tamil Classical' (Lohit-Tamil-Classical.ttf) normal normal 400 normal>) = 10.05
DEBUG:matplotlib.font_manager:findfont: score(<Font 'Tlwg Typewriter' (TlwgTypewriter.ttf) normal normal 400 normal>) = 10.05
DEBUG:matplotlib.font_manager:findfont: score(<Font 'Tlwg Typo' (TlwgTypo-Oblique.ttf) oblique normal 400 normal>) = 11.05
DEBUG:matplotlib.font_manager:findfont: score(<Font 'DejaVu Sans' (DejaVuSansCondensed-Bold.ttf) normal normal bold condensed>) = 0.5349999999999999
DEBUG:matplotlib.font_manager:findfont: score(<Font 'Dyuthi' (Dyuthi.ttf) normal normal 400 normal>) = 10.05
DEBUG:matplotlib.font_manager:findfont: score(<Font 'KacstOne' (KacstOne.ttf) normal normal 400 normal>) = 10.05
DEBUG:matplotlib.font_manager:findfont: score(<Font 'Suruma' (Suruma.ttf) normal normal 400 normal>) = 10.05
DEBUG:matplotlib.font_manager:findfont: score(<Font 'Liberation Serif' (LiberationSerif-Bold.ttf) normal normal bold normal>) = 10.335
DEBUG:matplotlib.font_manager:findfont: score(<Font 'Kalapi' (Kalapi.ttf) normal normal 400 normal>) = 10.05
DEBUG:matplotlib.font_manager:findfont: score(<Font 'Tlwg Typewriter' (TlwgTypewriter-Bold.ttf) normal normal bold normal>) = 10.335
DEBUG:matplotlib.font_manager:findfont: score(<Font 'Loma' (Loma-Oblique.ttf) oblique normal 400 normal>) = 11.05
DEBUG:matplotlib.font_manager:findfont: score(<Font 'Kinnari' (Kinnari-Bold.ttf) normal normal bold normal>) = 10.335
DEBUG:matplotlib.font_manager:findfont: score(<Font 'Sahadeva' (sahadeva.ttf) normal normal 400 normal>) = 10.05
DEBUG:matplotlib.font_manager:findfont: score(<Font 'LKLUG' (lklug.ttf) normal normal 400 normal>) = 10.05
DEBUG:matplotlib.font_manager:findfont: score(<Font 'Liberation Serif' (LiberationSerif-Italic.ttf) italic normal 400 normal>) = 11.05
DEBUG:matplotlib.font_manager:findfont: score(<Font 'Tlwg Typist' (TlwgTypist.ttf) normal normal 400 normal>) = 10.05
DEBUG:matplotlib.font_manager:findfont: score(<Font 'Mitra Mono' (mitra.ttf) normal normal 400 normal>) = 10.05
DEBUG:matplotlib.font_manager:findfont: score(<Font 'Lohit Bengali' (Lohit-Bengali.ttf) normal normal 400 normal>) = 10.05
DEBUG:matplotlib.font_manager:findfont: score(<Font 'Jamrul' (JamrulNormal.ttf) normal normal 400 normal>) = 10.05
DEBUG:matplotlib.font_manager:findfont: score(<Font 'DejaVu Sans' (DejaVuSansCondensed.ttf) normal normal 400 condensed>) = 0.25
DEBUG:matplotlib.font_manager:findfont: score(<Font 'Padauk Book' (PadaukBook-Bold.ttf) normal normal book normal>) = 10.05
DEBUG:matplotlib.font_manager:findfont: score(<Font 'KacstScreen' (KacstScreen.ttf) normal normal 400 normal>) = 10.05
DEBUG:matplotlib.font_manager:findfont: score(<Font 'Samyak Gujarati' (Samyak-Gujarati.ttf) normal normal 400 normal>) = 10.05
DEBUG:matplotlib.font_manager:findfont: score(<Font 'Ubuntu' (Ubuntu-LI.ttf) italic normal light normal>) = 11.24
DEBUG:matplotlib.font_manager:findfont: score(<Font 'Norasi' (Norasi-BoldOblique.ttf) oblique normal bold normal>) = 11.335
DEBUG:matplotlib.font_manager:findfont: score(<Font 'Laksaman' (Laksaman-Italic.ttf) italic normal 400 normal>) = 11.05
DEBUG:matplotlib.font_manager:findfont: score(<Font 'Ubuntu Condensed' (Ubuntu-C.ttf) normal normal 400 condensed>) = 10.25
DEBUG:matplotlib.font_manager:findfont: score(<Font 'Karumbi' (Karumbi.ttf) normal normal 400 normal>) = 10.05
DEBUG:matplotlib.font_manager:findfont: score(<Font 'Kinnari' (Kinnari-Italic.ttf) italic normal 400 normal>) = 11.05
DEBUG:matplotlib.font_manager:findfont: score(<Font 'Ubuntu' (Ubuntu-BI.ttf) italic normal bold normal>) = 11.335
DEBUG:matplotlib.font_manager:findfont: score(<Font 'Loma' (Loma-BoldOblique.ttf) oblique normal bold normal>) = 11.335
DEBUG:matplotlib.font_manager:findfont: score(<Font 'Laksaman' (Laksaman.ttf) normal normal 400 normal>) = 10.05
DEBUG:matplotlib.font_manager:findfont: score(<Font 'Laksaman' (Laksaman-BoldItalic.ttf) italic normal bold normal>) = 11.335
DEBUG:matplotlib.font_manager:findfont: score(<Font 'Likhan' (LikhanNormal.ttf) normal normal 400 normal>) = 10.05
DEBUG:matplotlib.font_manager:findfont: score(<Font 'Lohit Telugu' (Lohit-Telugu.ttf) normal normal 400 normal>) = 10.05
DEBUG:matplotlib.font_manager:findfont: score(<Font 'Liberation Sans Narrow' (LiberationSansNarrow-BoldItalic.ttf) italic normal bold condensed>) = 11.535
DEBUG:matplotlib.font_manager:findfont: score(<Font 'FreeMono' (FreeMono.ttf) normal normal 400 normal>) = 10.05
DEBUG:matplotlib.font_manager:findfont: score(<Font 'padmaa' (padmaa-Medium-0.5.ttf) normal normal normal normal>) = 10.0
DEBUG:matplotlib.font_manager:findfont: score(<Font 'Sawasdee' (Sawasdee-Oblique.ttf) oblique normal 400 normal>) = 11.05
DEBUG:matplotlib.font_manager:findfont: score(<Font 'Umpush' (Umpush-Light.ttf) normal normal light normal>) = 10.24
DEBUG:matplotlib.font_manager:findfont: score(<Font 'KacstOne' (KacstOne-Bold.ttf) normal normal bold normal>) = 10.335
DEBUG:matplotlib.font_manager:findfont: score(<Font 'Waree' (Waree.ttf) normal normal 400 normal>) = 10.05
DEBUG:matplotlib.font_manager:findfont: score(<Font 'Lohit Devanagari' (Lohit-Devanagari.ttf) normal normal 400 normal>) = 10.05
DEBUG:matplotlib.font_manager:findfont: score(<Font 'Tlwg Typewriter' (TlwgTypewriter-Oblique.ttf) oblique normal 400 normal>) = 11.05
DEBUG:matplotlib.font_manager:findfont: score(<Font 'Tlwg Typist' (TlwgTypist-Bold.ttf) normal normal bold normal>) = 10.335
DEBUG:matplotlib.font_manager:findfont: score(<Font 'Ubuntu Mono' (UbuntuMono-R.ttf) normal normal 400 normal>) = 10.05
DEBUG:matplotlib.font_manager:findfont: score(<Font 'Tibetan Machine Uni' (TibetanMachineUni.ttf) normal normal 400 normal>) = 10.05
DEBUG:matplotlib.font_manager:findfont: score(<Font 'Khmer OS System' (KhmerOSsys.ttf) normal normal 400 normal>) = 10.05
DEBUG:matplotlib.font_manager:findfont: score(<Font 'Droid Sans Fallback' (DroidSansFallbackFull.ttf) normal normal 400 normal>) = 10.05
DEBUG:matplotlib.font_manager:findfont: score(<Font 'Purisa' (Purisa.ttf) normal normal 400 normal>) = 10.05
DEBUG:matplotlib.font_manager:findfont: score(<Font 'Padauk' (Padauk-Regular.ttf) normal normal 400 normal>) = 10.05
DEBUG:matplotlib.font_manager:findfont: score(<Font 'Manjari' (Manjari-Bold.otf) normal normal bold normal>) = 10.335
DEBUG:matplotlib.font_manager:findfont: score(<Font 'KacstNaskh' (KacstNaskh.ttf) normal normal 400 normal>) = 10.05
DEBUG:matplotlib.font_manager:findfont: score(<Font 'Keraleeyam' (Keraleeyam.ttf) normal normal 700 normal>) = 10.335
DEBUG:matplotlib.font_manager:findfont: score(<Font 'Purisa' (Purisa-Bold.ttf) normal normal bold normal>) = 10.335
DEBUG:matplotlib.font_manager:findfont: score(<Font 'Norasi' (Norasi.ttf) normal normal 400 normal>) = 10.05
DEBUG:matplotlib.font_manager:findfont: score(<Font 'KacstPen' (KacstPen.ttf) normal normal 400 normal>) = 10.05
DEBUG:matplotlib.font_manager:findfont: score(<Font 'Kinnari' (Kinnari-Oblique.ttf) oblique normal 400 normal>) = 11.05
DEBUG:matplotlib.font_manager:findfont: score(<Font 'Garuda' (Garuda-BoldOblique.ttf) oblique normal bold normal>) = 11.335
DEBUG:matplotlib.font_manager:findfont: score(<Font 'Liberation Sans' (LiberationSans-BoldItalic.ttf) italic normal bold normal>) = 11.335
DEBUG:matplotlib.font_manager:findfont: score(<Font 'Tlwg Typo' (TlwgTypo.ttf) normal normal 400 normal>) = 10.05
DEBUG:matplotlib.font_manager:findfont: score(<Font 'FreeMono' (FreeMonoOblique.ttf) oblique normal 400 normal>) = 11.05
DEBUG:matplotlib.font_manager:findfont: score(<Font 'Tlwg Typo' (TlwgTypo-Bold.ttf) normal normal bold normal>) = 10.335
DEBUG:matplotlib.font_manager:findfont: score(<Font 'Noto Mono' (NotoMono-Regular.ttf) normal normal 400 normal>) = 10.05
DEBUG:matplotlib.font_manager:findfont: score(<Font 'FreeSans' (FreeSansBoldOblique.ttf) oblique normal bold normal>) = 11.335
DEBUG:matplotlib.font_manager:findfont: score(<Font 'Liberation Sans' (LiberationSans-Bold.ttf) normal normal bold normal>) = 10.335
DEBUG:matplotlib.font_manager:findfont: score(<Font 'Liberation Sans Narrow' (LiberationSansNarrow-Regular.ttf) normal normal 400 condensed>) = 10.25
DEBUG:matplotlib.font_manager:findfont: score(<Font 'RaghuMalayalam' (RaghuMalayalamSans-Regular.ttf) normal normal regular normal>) = 10.05
DEBUG:matplotlib.font_manager:findfont: score(<Font 'Kalimati' (kalimati.ttf) normal normal 400 normal>) = 10.05
DEBUG:matplotlib.font_manager:findfont: score(<Font 'Samyak Malayalam' (Samyak-Malayalam.ttf) normal normal 400 normal>) = 10.05
DEBUG:matplotlib.font_manager:findfont: score(<Font 'KacstDecorative' (KacstDecorative.ttf) normal normal 400 normal>) = 10.05
DEBUG:matplotlib.font_manager:findfont: score(<Font 'Abyssinica SIL' (AbyssinicaSIL-R.ttf) normal normal 400 normal>) = 10.05
DEBUG:matplotlib.font_manager:findfont: score(<Font 'AnjaliOldLipi' (AnjaliOldLipi.ttf) normal normal 400 normal>) = 10.05
DEBUG:matplotlib.font_manager:findfont: score(<Font 'Manjari' (Manjari-Thin.otf) normal normal 400 normal>) = 10.05
DEBUG:matplotlib.font_manager:findfont: score(<Font 'KacstArt' (KacstArt.ttf) normal normal 400 normal>) = 10.05
DEBUG:matplotlib.font_manager:findfont: score(<Font 'Purisa' (Purisa-Oblique.ttf) oblique normal 400 normal>) = 11.05
DEBUG:matplotlib.font_manager:findfont: score(<Font 'Lohit Odia' (Lohit-Odia.ttf) normal normal 400 normal>) = 10.05
DEBUG:matplotlib.font_manager:findfont: score(<Font 'KacstDigital' (KacstDigital.ttf) normal normal 400 normal>) = 10.05
DEBUG:matplotlib.font_manager:findfont: score(<Font 'Samyak Devanagari' (Samyak-Devanagari.ttf) normal normal 400 normal>) = 10.05
DEBUG:matplotlib.font_manager:findfont: score(<Font 'Umpush' (Umpush-Oblique.ttf) oblique normal 400 normal>) = 11.05
DEBUG:matplotlib.font_manager:findfont: score(<Font 'Lohit Tamil' (Lohit-Tamil.ttf) normal normal 400 normal>) = 10.05
DEBUG:matplotlib.font_manager:findfont: score(<Font 'Ubuntu' (Ubuntu-L.ttf) normal normal light normal>) = 10.24
DEBUG:matplotlib.font_manager:findfont: score(<Font 'Liberation Mono' (LiberationMono-Regular.ttf) normal normal 400 normal>) = 10.05
DEBUG:matplotlib.font_manager:findfont: score(<Font 'mry_KacstQurn' (mry_KacstQurn.ttf) normal normal 400 normal>) = 10.05
DEBUG:matplotlib.font_manager:findfont: score(<Font 'Liberation Mono' (LiberationMono-BoldItalic.ttf) italic normal bold normal>) = 11.335
DEBUG:matplotlib.font_manager:findfont: score(<Font 'Laksaman' (Laksaman-Bold.ttf) normal normal bold normal>) = 10.335
DEBUG:matplotlib.font_manager:findfont: score(<Font 'DejaVu Sans' (DejaVuSansCondensed-BoldOblique.ttf) oblique normal bold condensed>) = 1.535
DEBUG:matplotlib.font_manager:findfont: score(<Font 'Umpush' (Umpush.ttf) normal normal 400 normal>) = 10.05
DEBUG:matplotlib.font_manager:findfont: score(<Font 'Khmer OS' (KhmerOS.ttf) normal normal 400 normal>) = 10.05
DEBUG:matplotlib.font_manager:findfont: score(<Font 'Garuda' (Garuda.ttf) normal normal 400 normal>) = 10.05
DEBUG:matplotlib.font_manager:findfont: score(<Font 'DejaVu Sans' (DejaVuSansCondensed-Oblique.ttf) oblique normal 400 condensed>) = 1.25
DEBUG:matplotlib.font_manager:findfont: score(<Font 'FreeSans' (FreeSansOblique.ttf) oblique normal 400 normal>) = 11.05
DEBUG:matplotlib.font_manager:findfont: score(<Font 'FreeSerif' (FreeSerif.ttf) normal normal 400 normal>) = 10.05
DEBUG:matplotlib.font_manager:findfont: score(<Font 'Noto Sans CJK JP' (NotoSansCJK-Bold.ttc) normal normal bold normal>) = 10.335
DEBUG:matplotlib.font_manager:findfont: score(<Font 'Rachana' (Rachana-Bold.ttf) normal normal bold normal>) = 10.335
DEBUG:matplotlib.font_manager:findfont: score(<Font 'DejaVu Serif' (DejaVuSerifCondensed.ttf) normal normal 400 condensed>) = 10.25
DEBUG:matplotlib.font_manager:findfont: score(<Font 'padmaa-Bold.1.1' (padmaa-Bold.1.1.ttf) normal normal bold normal>) = 10.335
DEBUG:matplotlib.font_manager:findfont: score(<Font 'Uroob' (Uroob.ttf) normal normal 700 normal>) = 10.335
DEBUG:matplotlib.font_manager:findfont: score(<Font 'Purisa' (Purisa-BoldOblique.ttf) oblique normal bold normal>) = 11.335
DEBUG:matplotlib.font_manager:findfont: score(<Font 'Vemana2000' (vemana2000.ttf) normal normal 400 normal>) = 10.05
DEBUG:matplotlib.font_manager:findfont: score(<Font 'KacstLetter' (KacstLetter.ttf) normal normal 400 normal>) = 10.05
DEBUG:matplotlib.font_manager:findfont: score(<Font 'KacstOffice' (KacstOffice.ttf) normal normal 400 normal>) = 10.05
DEBUG:matplotlib.font_manager:findfont: score(<Font 'DejaVu Math TeX Gyre' (DejaVuMathTeXGyre.ttf) normal normal regular normal>) = 10.05
DEBUG:matplotlib.font_manager:findfont: score(<Font 'Chandas' (chandas1-2.ttf) normal normal 400 normal>) = 10.05
DEBUG:matplotlib.font_manager:findfont: score(<Font 'Samyak Tamil' (Samyak-Tamil.ttf) normal normal 400 normal>) = 10.05
DEBUG:matplotlib.font_manager:findfont: score(<Font 'aakar' (aakar-medium.ttf) normal normal 400 normal>) = 10.05
DEBUG:matplotlib.font_manager:findfont: score(<Font 'KacstTitleL' (KacstTitleL.ttf) normal normal 400 normal>) = 10.05
DEBUG:matplotlib.font_manager:findfont: score(<Font 'Nakula' (nakula.ttf) normal normal 400 normal>) = 10.05
DEBUG:matplotlib.font_manager:findfont: score(<Font 'Kinnari' (Kinnari.ttf) normal normal 400 normal>) = 10.05
DEBUG:matplotlib.font_manager:findfont: score(<Font 'Tlwg Mono' (TlwgMono-Oblique.ttf) oblique normal 400 normal>) = 11.05
DEBUG:matplotlib.font_manager:findfont: score(<Font 'OpenSymbol' (opens___.ttf) normal normal 400 normal>) = 10.05
DEBUG:matplotlib.font_manager:findfont: score(<Font 'Noto Sans CJK JP' (NotoSansCJK-Regular.ttc) normal normal 400 normal>) = 10.05
DEBUG:matplotlib.font_manager:findfont: score(<Font 'Ubuntu Mono' (UbuntuMono-B.ttf) normal normal bold normal>) = 10.335
DEBUG:matplotlib.font_manager:findfont: score(<Font 'KacstFarsi' (KacstFarsi.ttf) normal normal 400 normal>) = 10.05
DEBUG:matplotlib.font_manager:findfont: score(<Font 'Loma' (Loma.ttf) normal normal 400 normal>) = 10.05
DEBUG:matplotlib.font_manager:findfont: score(<Font 'Gargi' (Gargi.ttf) normal normal 400 normal>) = 10.05
DEBUG:matplotlib.font_manager:findfont: score(<Font 'DejaVu Serif' (DejaVuSerifCondensed-Italic.ttf) italic normal 400 condensed>) = 11.25
DEBUG:matplotlib.font_manager:findfont: score(<Font 'FreeMono' (FreeMonoBoldOblique.ttf) oblique normal bold normal>) = 11.335
DEBUG:matplotlib.font_manager:findfont: score(<Font 'DejaVu Serif' (DejaVuSerifCondensed-BoldItalic.ttf) italic normal bold condensed>) = 11.535
DEBUG:matplotlib.font_manager:findfont: score(<Font 'Sawasdee' (Sawasdee-BoldOblique.ttf) oblique normal bold normal>) = 11.335
DEBUG:matplotlib.font_manager:findfont: score(<Font 'Waree' (Waree-BoldOblique.ttf) oblique normal bold normal>) = 11.335
DEBUG:matplotlib.font_manager:findfont: score(<Font 'Tlwg Mono' (TlwgMono-Bold.ttf) normal normal bold normal>) = 10.335
DEBUG:matplotlib.font_manager:findfont: score(<Font 'Liberation Sans Narrow' (LiberationSansNarrow-Bold.ttf) normal normal bold condensed>) = 10.535
DEBUG:matplotlib.font_manager:findfont: score(<Font 'Sawasdee' (Sawasdee.ttf) normal normal 400 normal>) = 10.05
DEBUG:matplotlib.font_manager:findfont: score(<Font 'Liberation Mono' (LiberationMono-Italic.ttf) italic normal 400 normal>) = 11.05
DEBUG:matplotlib.font_manager:findfont: score(<Font 'DejaVu Sans' (DejaVuSans-ExtraLight.ttf) normal normal light normal>) = 0.24
DEBUG:matplotlib.font_manager:findfont: score(<Font 'FreeMono' (FreeMonoBold.ttf) normal normal bold normal>) = 10.335
DEBUG:matplotlib.font_manager:findfont: score(<Font 'Padauk' (Padauk-Bold.ttf) normal normal bold normal>) = 10.335
DEBUG:matplotlib.font_manager:findfont: score(<Font 'Phetsarath OT' (Phetsarath_OT.ttf) normal normal 400 normal>) = 10.05
DEBUG:matplotlib.font_manager:findfont: score(<Font 'Ubuntu' (Ubuntu-B.ttf) normal normal bold normal>) = 10.335
DEBUG:matplotlib.font_manager:findfont: score(<Font 'Garuda' (Garuda-Bold.ttf) normal normal bold normal>) = 10.335
DEBUG:matplotlib.font_manager:findfont: score(<Font 'Umpush' (Umpush-LightOblique.ttf) oblique normal light normal>) = 11.24
DEBUG:matplotlib.font_manager:findfont: score(<Font 'Padauk Book' (PadaukBook-Regular.ttf) normal normal book normal>) = 10.05
DEBUG:matplotlib.font_manager:findfont: score(<Font 'Saab' (Saab.ttf) normal normal 400 normal>) = 10.05
DEBUG:matplotlib.font_manager:findfont: score(<Font 'Mukti Narrow' (MuktiNarrowBold.ttf) normal normal 700 normal>) = 10.335
DEBUG:matplotlib.font_manager:findfont: score(<Font 'Tlwg Typist' (TlwgTypist-BoldOblique.ttf) oblique normal bold normal>) = 11.335
DEBUG:matplotlib.font_manager:findfont: score(<Font 'Liberation Sans Narrow' (LiberationSansNarrow-Italic.ttf) italic normal 400 condensed>) = 11.25
DEBUG:matplotlib.font_manager:findfont: score(<Font 'Waree' (Waree-Oblique.ttf) oblique normal 400 normal>) = 11.05
DEBUG:matplotlib.font_manager:findfont: score(<Font 'Navilu' (Navilu.ttf) normal normal 400 normal>) = 10.05
DEBUG:matplotlib.font_manager:findfont: score(<Font 'Garuda' (Garuda-Oblique.ttf) oblique normal 400 normal>) = 11.05
DEBUG:matplotlib.font_manager:findfont: score(<Font 'Ubuntu' (Ubuntu-R.ttf) normal normal 400 normal>) = 10.05
DEBUG:matplotlib.font_manager:findfont: score(<Font 'Sawasdee' (Sawasdee-Bold.ttf) normal normal bold normal>) = 10.335
DEBUG:matplotlib.font_manager:findfont: score(<Font 'KacstPoster' (KacstPoster.ttf) normal normal 400 normal>) = 10.05
DEBUG:matplotlib.font_manager:findfont: score(<Font 'KacstTitle' (KacstTitle.ttf) normal normal 400 normal>) = 10.05
DEBUG:matplotlib.font_manager:findfont: score(<Font 'FreeSans' (FreeSans.ttf) normal normal 400 normal>) = 10.05
DEBUG:matplotlib.font_manager:findfont: score(<Font 'ori1Uni' (utkal.ttf) normal normal medium normal>) = 10.145
DEBUG:matplotlib.font_manager:findfont: score(<Font 'Ubuntu Mono' (UbuntuMono-BI.ttf) italic normal bold normal>) = 11.335
DEBUG:matplotlib.font_manager:findfont: score(<Font 'Samanata' (samanata.ttf) normal normal 400 normal>) = 10.05
DEBUG:matplotlib.font_manager:findfont: score(<Font 'Chilanka' (Chilanka-Regular.ttf) normal normal regular normal>) = 10.05
DEBUG:matplotlib.font_manager:findfont: score(<Font 'Norasi' (Norasi-BoldItalic.ttf) italic normal bold normal>) = 11.335
DEBUG:matplotlib.font_manager:findfont: score(<Font 'Mukti Narrow' (MuktiNarrow.ttf) normal normal 400 normal>) = 10.05
DEBUG:matplotlib.font_manager:findfont: score(<Font 'Ani' (ani.ttf) normal normal 400 normal>) = 10.05
DEBUG:matplotlib.font_manager:findfont: score(<Font 'Noto Serif CJK JP' (NotoSerifCJK-Bold.ttc) normal normal bold normal>) = 10.335
DEBUG:matplotlib.font_manager:findfont: score(<Font 'Manjari' (Manjari-Regular.otf) normal normal regular normal>) = 10.05
DEBUG:matplotlib.font_manager:findfont: score(<Font 'Lohit Assamese' (Lohit-Assamese.ttf) normal normal 400 normal>) = 10.05
DEBUG:matplotlib.font_manager:findfont: score(<Font 'Kinnari' (Kinnari-BoldItalic.ttf) italic normal bold normal>) = 11.335
DEBUG:matplotlib.font_manager:findfont: score(<Font 'Gubbi' (Gubbi.ttf) normal normal 400 normal>) = 10.05
DEBUG:matplotlib.font_manager:findfont: score(<Font 'Ubuntu' (Ubuntu-M.ttf) normal normal medium normal>) = 10.145
DEBUG:matplotlib.font_manager:findfont: score(<Font 'Liberation Serif' (LiberationSerif-BoldItalic.ttf) italic normal bold normal>) = 11.335
DEBUG:matplotlib.font_manager:findfont: score(<Font 'Kinnari' (Kinnari-BoldOblique.ttf) oblique normal bold normal>) = 11.335
DEBUG:matplotlib.font_manager:findfont: score(<Font 'FreeSans' (FreeSansBold.ttf) normal normal bold normal>) = 10.335
DEBUG:matplotlib.font_manager:findfont: score(<Font 'Liberation Sans' (LiberationSans-Italic.ttf) italic normal 400 normal>) = 11.05
DEBUG:matplotlib.font_manager:findfont: score(<Font 'padmaa' (padmaa.ttf) normal normal 400 normal>) = 10.05
DEBUG:matplotlib.font_manager:findfont: score(<Font 'Rekha' (Rekha.ttf) normal normal 400 normal>) = 10.05
DEBUG:matplotlib.font_manager:findfont: score(<Font 'Lohit Gujarati' (Lohit-Gujarati.ttf) normal normal 400 normal>) = 10.05
DEBUG:matplotlib.font_manager:findfont: score(<Font 'Umpush' (Umpush-Bold.ttf) normal normal bold normal>) = 10.335
DEBUG:matplotlib.font_manager:findfont: score(<Font 'DejaVu Serif' (DejaVuSerifCondensed-Bold.ttf) normal normal bold condensed>) = 10.535
DEBUG:matplotlib.font_manager:findfont: score(<Font 'Norasi' (Norasi-Bold.ttf) normal normal bold normal>) = 10.335
DEBUG:matplotlib.font_manager:findfont: score(<Font 'Norasi' (Norasi-Italic.ttf) italic normal 400 normal>) = 11.05
DEBUG:matplotlib.font_manager:findfont: score(<Font 'FreeSerif' (FreeSerifBold.ttf) normal normal bold normal>) = 10.335
DEBUG:matplotlib.font_manager:findfont: score(<Font 'Tlwg Typist' (TlwgTypist-Oblique.ttf) oblique normal 400 normal>) = 11.05
DEBUG:matplotlib.font_manager:findfont: score(<Font 'Tlwg Mono' (TlwgMono-BoldOblique.ttf) oblique normal bold normal>) = 11.335
DEBUG:matplotlib.font_manager:findfont: score(<Font 'Pothana2000' (Pothana2000.ttf) normal normal 400 normal>) = 10.05
DEBUG:matplotlib.font_manager:findfont: score(<Font 'Rachana' (Rachana-Regular.ttf) normal normal regular normal>) = 10.05
DEBUG:matplotlib.font_manager:findfont: score(<Font 'Ubuntu' (Ubuntu-MI.ttf) italic normal medium normal>) = 11.145
DEBUG:matplotlib.font_manager:findfont: score(<Font 'Sarai' (Sarai.ttf) normal normal 400 normal>) = 10.05
DEBUG:matplotlib.font_manager:findfont: score(<Font 'KacstQurn' (KacstQurn.ttf) normal normal 400 normal>) = 10.05
DEBUG:matplotlib.font_manager:findfont: score(<Font 'Tlwg Mono' (TlwgMono.ttf) normal normal 400 normal>) = 10.05
DEBUG:matplotlib.font_manager:findfont: score(<Font 'Lohit Gurmukhi' (Lohit-Gurmukhi.ttf) normal normal 400 normal>) = 10.05
DEBUG:matplotlib.font_manager:findfont: score(<Font 'Tlwg Typewriter' (TlwgTypewriter-BoldOblique.ttf) oblique normal bold normal>) = 11.335
DEBUG:matplotlib.font_manager:findfont: score(<Font 'Umpush' (Umpush-BoldOblique.ttf) oblique normal bold normal>) = 11.335
DEBUG:matplotlib.font_manager:findfont: score(<Font 'KacstBook' (KacstBook.ttf) normal normal book normal>) = 10.05
DEBUG:matplotlib.font_manager:findfont: score(<Font 'Pagul' (Pagul.ttf) normal normal 400 normal>) = 10.05
DEBUG:matplotlib.font_manager:findfont: score(<Font 'FreeSerif' (FreeSerifBoldItalic.ttf) italic normal bold normal>) = 11.335
DEBUG:matplotlib.font_manager:findfont: score(<Font 'Lohit Kannada' (Lohit-Kannada.ttf) normal normal 400 normal>) = 10.05
DEBUG:matplotlib.font_manager:findfont: Matching :family=sans-serif:style=normal:variant=normal:weight=normal:stretch=normal:size=10.0 to DejaVu Sans ('/home/ram/.local/lib/python3.6/site-packages/matplotlib/mpl-data/fonts/ttf/DejaVuSans.ttf') with score of 0.050000.
DEBUG:roipoly.roipoly:Creating new ROI 0
DEBUG:matplotlib.font_manager:findfont: Matching :family=sans-serif:style=normal:variant=normal:weight=normal:stretch=normal:size=12.0.
DEBUG:matplotlib.font_manager:findfont: score(<Font 'STIXSizeThreeSym' (STIXSizThreeSymBol.ttf) normal normal bold normal>) = 10.335
DEBUG:matplotlib.font_manager:findfont: score(<Font 'DejaVu Sans Mono' (DejaVuSansMono.ttf) normal normal 400 normal>) = 10.05
DEBUG:matplotlib.font_manager:findfont: score(<Font 'DejaVu Serif' (DejaVuSerif.ttf) normal normal 400 normal>) = 10.05
DEBUG:matplotlib.font_manager:findfont: score(<Font 'DejaVu Sans Mono' (DejaVuSansMono-Bold.ttf) normal normal bold normal>) = 10.335
DEBUG:matplotlib.font_manager:findfont: score(<Font 'cmtt10' (cmtt10.ttf) normal normal 400 normal>) = 10.05
DEBUG:matplotlib.font_manager:findfont: score(<Font 'STIXNonUnicode' (STIXNonUni.ttf) normal normal regular normal>) = 10.05
DEBUG:matplotlib.font_manager:findfont: score(<Font 'STIXSizeFourSym' (STIXSizFourSymBol.ttf) normal normal bold normal>) = 10.335
DEBUG:matplotlib.font_manager:findfont: score(<Font 'STIXNonUnicode' (STIXNonUniBolIta.ttf) italic normal bold normal>) = 11.335
DEBUG:matplotlib.font_manager:findfont: score(<Font 'DejaVu Sans' (DejaVuSans-BoldOblique.ttf) oblique normal bold normal>) = 1.335
DEBUG:matplotlib.font_manager:findfont: score(<Font 'STIXSizeOneSym' (STIXSizOneSymReg.ttf) normal normal regular normal>) = 10.05
DEBUG:matplotlib.font_manager:findfont: score(<Font 'cmr10' (cmr10.ttf) normal normal 400 normal>) = 10.05
DEBUG:matplotlib.font_manager:findfont: score(<Font 'cmss10' (cmss10.ttf) normal normal 400 normal>) = 10.05
DEBUG:matplotlib.font_manager:findfont: score(<Font 'STIXSizeOneSym' (STIXSizOneSymBol.ttf) normal normal bold normal>) = 10.335
DEBUG:matplotlib.font_manager:findfont: score(<Font 'cmb10' (cmb10.ttf) normal normal 400 normal>) = 10.05
DEBUG:matplotlib.font_manager:findfont: score(<Font 'DejaVu Serif' (DejaVuSerif-Italic.ttf) italic normal 400 normal>) = 11.05
DEBUG:matplotlib.font_manager:findfont: score(<Font 'DejaVu Sans Mono' (DejaVuSansMono-BoldOblique.ttf) oblique normal bold normal>) = 11.335
DEBUG:matplotlib.font_manager:findfont: score(<Font 'DejaVu Serif Display' (DejaVuSerifDisplay.ttf) normal normal 400 normal>) = 10.05
DEBUG:matplotlib.font_manager:findfont: score(<Font 'DejaVu Sans Display' (DejaVuSansDisplay.ttf) normal normal 400 normal>) = 10.05
DEBUG:matplotlib.font_manager:findfont: score(<Font 'cmex10' (cmex10.ttf) normal normal 400 normal>) = 10.05
DEBUG:matplotlib.font_manager:findfont: score(<Font 'STIXNonUnicode' (STIXNonUniBol.ttf) normal normal bold normal>) = 10.335
DEBUG:matplotlib.font_manager:findfont: score(<Font 'cmsy10' (cmsy10.ttf) normal normal 400 normal>) = 10.05
DEBUG:matplotlib.font_manager:findfont: score(<Font 'DejaVu Sans' (DejaVuSans-Bold.ttf) normal normal bold normal>) = 0.33499999999999996
DEBUG:matplotlib.font_manager:findfont: score(<Font 'STIXSizeTwoSym' (STIXSizTwoSymBol.ttf) normal normal bold normal>) = 10.335
DEBUG:matplotlib.font_manager:findfont: score(<Font 'DejaVu Sans' (DejaVuSans.ttf) normal normal 400 normal>) = 0.05
DEBUG:matplotlib.font_manager:findfont: score(<Font 'STIXGeneral' (STIXGeneral.ttf) normal normal regular normal>) = 10.05
DEBUG:matplotlib.font_manager:findfont: score(<Font 'STIXSizeFiveSym' (STIXSizFiveSymReg.ttf) normal normal regular normal>) = 10.05
DEBUG:matplotlib.font_manager:findfont: score(<Font 'STIXSizeThreeSym' (STIXSizThreeSymReg.ttf) normal normal regular normal>) = 10.05
DEBUG:matplotlib.font_manager:findfont: score(<Font 'cmmi10' (cmmi10.ttf) normal normal 400 normal>) = 10.05
DEBUG:matplotlib.font_manager:findfont: score(<Font 'STIXGeneral' (STIXGeneralBolIta.ttf) italic normal bold normal>) = 11.335
DEBUG:matplotlib.font_manager:findfont: score(<Font 'DejaVu Sans' (DejaVuSans-Oblique.ttf) oblique normal 400 normal>) = 1.05
DEBUG:matplotlib.font_manager:findfont: score(<Font 'STIXGeneral' (STIXGeneralBol.ttf) normal normal bold normal>) = 10.335
DEBUG:matplotlib.font_manager:findfont: score(<Font 'DejaVu Sans Mono' (DejaVuSansMono-Oblique.ttf) oblique normal 400 normal>) = 11.05
DEBUG:matplotlib.font_manager:findfont: score(<Font 'DejaVu Serif' (DejaVuSerif-Bold.ttf) normal normal bold normal>) = 10.335
DEBUG:matplotlib.font_manager:findfont: score(<Font 'DejaVu Serif' (DejaVuSerif-BoldItalic.ttf) italic normal bold normal>) = 11.335
DEBUG:matplotlib.font_manager:findfont: score(<Font 'STIXNonUnicode' (STIXNonUniIta.ttf) italic normal 400 normal>) = 11.05
DEBUG:matplotlib.font_manager:findfont: score(<Font 'STIXGeneral' (STIXGeneralItalic.ttf) italic normal 400 normal>) = 11.05
DEBUG:matplotlib.font_manager:findfont: score(<Font 'STIXSizeFourSym' (STIXSizFourSymReg.ttf) normal normal regular normal>) = 10.05
DEBUG:matplotlib.font_manager:findfont: score(<Font 'STIXSizeTwoSym' (STIXSizTwoSymReg.ttf) normal normal regular normal>) = 10.05
DEBUG:matplotlib.font_manager:findfont: score(<Font 'Liberation Sans' (LiberationSans-Regular.ttf) normal normal 400 normal>) = 10.05
DEBUG:matplotlib.font_manager:findfont: score(<Font 'Tlwg Typo' (TlwgTypo-BoldOblique.ttf) oblique normal bold normal>) = 11.335
DEBUG:matplotlib.font_manager:findfont: score(<Font 'Liberation Serif' (LiberationSerif-Regular.ttf) normal normal 400 normal>) = 10.05
DEBUG:matplotlib.font_manager:findfont: score(<Font 'Norasi' (Norasi-Oblique.ttf) oblique normal 400 normal>) = 11.05
DEBUG:matplotlib.font_manager:findfont: score(<Font 'Ubuntu' (Ubuntu-RI.ttf) italic normal 400 normal>) = 11.05
DEBUG:matplotlib.font_manager:findfont: score(<Font 'Liberation Mono' (LiberationMono-Bold.ttf) normal normal bold normal>) = 10.335
DEBUG:matplotlib.font_manager:findfont: score(<Font 'Loma' (Loma-Bold.ttf) normal normal bold normal>) = 10.335
DEBUG:matplotlib.font_manager:findfont: score(<Font 'Noto Serif CJK JP' (NotoSerifCJK-Regular.ttc) normal normal 400 normal>) = 10.05
DEBUG:matplotlib.font_manager:findfont: score(<Font 'Waree' (Waree-Bold.ttf) normal normal bold normal>) = 10.335
DEBUG:matplotlib.font_manager:findfont: score(<Font 'Lohit Malayalam' (Lohit-Malayalam.ttf) normal normal 400 normal>) = 10.05
DEBUG:matplotlib.font_manager:findfont: score(<Font 'FreeSerif' (FreeSerifItalic.ttf) italic normal 400 normal>) = 11.05
DEBUG:matplotlib.font_manager:findfont: score(<Font 'Ubuntu Mono' (UbuntuMono-RI.ttf) italic normal 400 normal>) = 11.05
DEBUG:matplotlib.font_manager:findfont: score(<Font 'Meera' (Meera.ttf) normal normal 400 normal>) = 10.05
DEBUG:matplotlib.font_manager:findfont: score(<Font 'Lohit Tamil Classical' (Lohit-Tamil-Classical.ttf) normal normal 400 normal>) = 10.05
DEBUG:matplotlib.font_manager:findfont: score(<Font 'Tlwg Typewriter' (TlwgTypewriter.ttf) normal normal 400 normal>) = 10.05
DEBUG:matplotlib.font_manager:findfont: score(<Font 'Tlwg Typo' (TlwgTypo-Oblique.ttf) oblique normal 400 normal>) = 11.05
DEBUG:matplotlib.font_manager:findfont: score(<Font 'DejaVu Sans' (DejaVuSansCondensed-Bold.ttf) normal normal bold condensed>) = 0.5349999999999999
DEBUG:matplotlib.font_manager:findfont: score(<Font 'Dyuthi' (Dyuthi.ttf) normal normal 400 normal>) = 10.05
DEBUG:matplotlib.font_manager:findfont: score(<Font 'KacstOne' (KacstOne.ttf) normal normal 400 normal>) = 10.05
DEBUG:matplotlib.font_manager:findfont: score(<Font 'Suruma' (Suruma.ttf) normal normal 400 normal>) = 10.05
DEBUG:matplotlib.font_manager:findfont: score(<Font 'Liberation Serif' (LiberationSerif-Bold.ttf) normal normal bold normal>) = 10.335
DEBUG:matplotlib.font_manager:findfont: score(<Font 'Kalapi' (Kalapi.ttf) normal normal 400 normal>) = 10.05
DEBUG:matplotlib.font_manager:findfont: score(<Font 'Tlwg Typewriter' (TlwgTypewriter-Bold.ttf) normal normal bold normal>) = 10.335
DEBUG:matplotlib.font_manager:findfont: score(<Font 'Loma' (Loma-Oblique.ttf) oblique normal 400 normal>) = 11.05
DEBUG:matplotlib.font_manager:findfont: score(<Font 'Kinnari' (Kinnari-Bold.ttf) normal normal bold normal>) = 10.335
DEBUG:matplotlib.font_manager:findfont: score(<Font 'Sahadeva' (sahadeva.ttf) normal normal 400 normal>) = 10.05
DEBUG:matplotlib.font_manager:findfont: score(<Font 'LKLUG' (lklug.ttf) normal normal 400 normal>) = 10.05
DEBUG:matplotlib.font_manager:findfont: score(<Font 'Liberation Serif' (LiberationSerif-Italic.ttf) italic normal 400 normal>) = 11.05
DEBUG:matplotlib.font_manager:findfont: score(<Font 'Tlwg Typist' (TlwgTypist.ttf) normal normal 400 normal>) = 10.05
DEBUG:matplotlib.font_manager:findfont: score(<Font 'Mitra Mono' (mitra.ttf) normal normal 400 normal>) = 10.05
DEBUG:matplotlib.font_manager:findfont: score(<Font 'Lohit Bengali' (Lohit-Bengali.ttf) normal normal 400 normal>) = 10.05
DEBUG:matplotlib.font_manager:findfont: score(<Font 'Jamrul' (JamrulNormal.ttf) normal normal 400 normal>) = 10.05
DEBUG:matplotlib.font_manager:findfont: score(<Font 'DejaVu Sans' (DejaVuSansCondensed.ttf) normal normal 400 condensed>) = 0.25
DEBUG:matplotlib.font_manager:findfont: score(<Font 'Padauk Book' (PadaukBook-Bold.ttf) normal normal book normal>) = 10.05
DEBUG:matplotlib.font_manager:findfont: score(<Font 'KacstScreen' (KacstScreen.ttf) normal normal 400 normal>) = 10.05
DEBUG:matplotlib.font_manager:findfont: score(<Font 'Samyak Gujarati' (Samyak-Gujarati.ttf) normal normal 400 normal>) = 10.05
DEBUG:matplotlib.font_manager:findfont: score(<Font 'Ubuntu' (Ubuntu-LI.ttf) italic normal light normal>) = 11.24
DEBUG:matplotlib.font_manager:findfont: score(<Font 'Norasi' (Norasi-BoldOblique.ttf) oblique normal bold normal>) = 11.335
DEBUG:matplotlib.font_manager:findfont: score(<Font 'Laksaman' (Laksaman-Italic.ttf) italic normal 400 normal>) = 11.05
DEBUG:matplotlib.font_manager:findfont: score(<Font 'Ubuntu Condensed' (Ubuntu-C.ttf) normal normal 400 condensed>) = 10.25
DEBUG:matplotlib.font_manager:findfont: score(<Font 'Karumbi' (Karumbi.ttf) normal normal 400 normal>) = 10.05
DEBUG:matplotlib.font_manager:findfont: score(<Font 'Kinnari' (Kinnari-Italic.ttf) italic normal 400 normal>) = 11.05
DEBUG:matplotlib.font_manager:findfont: score(<Font 'Ubuntu' (Ubuntu-BI.ttf) italic normal bold normal>) = 11.335
DEBUG:matplotlib.font_manager:findfont: score(<Font 'Loma' (Loma-BoldOblique.ttf) oblique normal bold normal>) = 11.335
DEBUG:matplotlib.font_manager:findfont: score(<Font 'Laksaman' (Laksaman.ttf) normal normal 400 normal>) = 10.05
DEBUG:matplotlib.font_manager:findfont: score(<Font 'Laksaman' (Laksaman-BoldItalic.ttf) italic normal bold normal>) = 11.335
DEBUG:matplotlib.font_manager:findfont: score(<Font 'Likhan' (LikhanNormal.ttf) normal normal 400 normal>) = 10.05
DEBUG:matplotlib.font_manager:findfont: score(<Font 'Lohit Telugu' (Lohit-Telugu.ttf) normal normal 400 normal>) = 10.05
DEBUG:matplotlib.font_manager:findfont: score(<Font 'Liberation Sans Narrow' (LiberationSansNarrow-BoldItalic.ttf) italic normal bold condensed>) = 11.535
DEBUG:matplotlib.font_manager:findfont: score(<Font 'FreeMono' (FreeMono.ttf) normal normal 400 normal>) = 10.05
DEBUG:matplotlib.font_manager:findfont: score(<Font 'padmaa' (padmaa-Medium-0.5.ttf) normal normal normal normal>) = 10.0
DEBUG:matplotlib.font_manager:findfont: score(<Font 'Sawasdee' (Sawasdee-Oblique.ttf) oblique normal 400 normal>) = 11.05
DEBUG:matplotlib.font_manager:findfont: score(<Font 'Umpush' (Umpush-Light.ttf) normal normal light normal>) = 10.24
DEBUG:matplotlib.font_manager:findfont: score(<Font 'KacstOne' (KacstOne-Bold.ttf) normal normal bold normal>) = 10.335
DEBUG:matplotlib.font_manager:findfont: score(<Font 'Waree' (Waree.ttf) normal normal 400 normal>) = 10.05
DEBUG:matplotlib.font_manager:findfont: score(<Font 'Lohit Devanagari' (Lohit-Devanagari.ttf) normal normal 400 normal>) = 10.05
DEBUG:matplotlib.font_manager:findfont: score(<Font 'Tlwg Typewriter' (TlwgTypewriter-Oblique.ttf) oblique normal 400 normal>) = 11.05
DEBUG:matplotlib.font_manager:findfont: score(<Font 'Tlwg Typist' (TlwgTypist-Bold.ttf) normal normal bold normal>) = 10.335
DEBUG:matplotlib.font_manager:findfont: score(<Font 'Ubuntu Mono' (UbuntuMono-R.ttf) normal normal 400 normal>) = 10.05
DEBUG:matplotlib.font_manager:findfont: score(<Font 'Tibetan Machine Uni' (TibetanMachineUni.ttf) normal normal 400 normal>) = 10.05
DEBUG:matplotlib.font_manager:findfont: score(<Font 'Khmer OS System' (KhmerOSsys.ttf) normal normal 400 normal>) = 10.05
DEBUG:matplotlib.font_manager:findfont: score(<Font 'Droid Sans Fallback' (DroidSansFallbackFull.ttf) normal normal 400 normal>) = 10.05
DEBUG:matplotlib.font_manager:findfont: score(<Font 'Purisa' (Purisa.ttf) normal normal 400 normal>) = 10.05
DEBUG:matplotlib.font_manager:findfont: score(<Font 'Padauk' (Padauk-Regular.ttf) normal normal 400 normal>) = 10.05
DEBUG:matplotlib.font_manager:findfont: score(<Font 'Manjari' (Manjari-Bold.otf) normal normal bold normal>) = 10.335
DEBUG:matplotlib.font_manager:findfont: score(<Font 'KacstNaskh' (KacstNaskh.ttf) normal normal 400 normal>) = 10.05
DEBUG:matplotlib.font_manager:findfont: score(<Font 'Keraleeyam' (Keraleeyam.ttf) normal normal 700 normal>) = 10.335
DEBUG:matplotlib.font_manager:findfont: score(<Font 'Purisa' (Purisa-Bold.ttf) normal normal bold normal>) = 10.335
DEBUG:matplotlib.font_manager:findfont: score(<Font 'Norasi' (Norasi.ttf) normal normal 400 normal>) = 10.05
DEBUG:matplotlib.font_manager:findfont: score(<Font 'KacstPen' (KacstPen.ttf) normal normal 400 normal>) = 10.05
DEBUG:matplotlib.font_manager:findfont: score(<Font 'Kinnari' (Kinnari-Oblique.ttf) oblique normal 400 normal>) = 11.05
DEBUG:matplotlib.font_manager:findfont: score(<Font 'Garuda' (Garuda-BoldOblique.ttf) oblique normal bold normal>) = 11.335
DEBUG:matplotlib.font_manager:findfont: score(<Font 'Liberation Sans' (LiberationSans-BoldItalic.ttf) italic normal bold normal>) = 11.335
DEBUG:matplotlib.font_manager:findfont: score(<Font 'Tlwg Typo' (TlwgTypo.ttf) normal normal 400 normal>) = 10.05
DEBUG:matplotlib.font_manager:findfont: score(<Font 'FreeMono' (FreeMonoOblique.ttf) oblique normal 400 normal>) = 11.05
DEBUG:matplotlib.font_manager:findfont: score(<Font 'Tlwg Typo' (TlwgTypo-Bold.ttf) normal normal bold normal>) = 10.335
DEBUG:matplotlib.font_manager:findfont: score(<Font 'Noto Mono' (NotoMono-Regular.ttf) normal normal 400 normal>) = 10.05
DEBUG:matplotlib.font_manager:findfont: score(<Font 'FreeSans' (FreeSansBoldOblique.ttf) oblique normal bold normal>) = 11.335
DEBUG:matplotlib.font_manager:findfont: score(<Font 'Liberation Sans' (LiberationSans-Bold.ttf) normal normal bold normal>) = 10.335
DEBUG:matplotlib.font_manager:findfont: score(<Font 'Liberation Sans Narrow' (LiberationSansNarrow-Regular.ttf) normal normal 400 condensed>) = 10.25
DEBUG:matplotlib.font_manager:findfont: score(<Font 'RaghuMalayalam' (RaghuMalayalamSans-Regular.ttf) normal normal regular normal>) = 10.05
DEBUG:matplotlib.font_manager:findfont: score(<Font 'Kalimati' (kalimati.ttf) normal normal 400 normal>) = 10.05
DEBUG:matplotlib.font_manager:findfont: score(<Font 'Samyak Malayalam' (Samyak-Malayalam.ttf) normal normal 400 normal>) = 10.05
DEBUG:matplotlib.font_manager:findfont: score(<Font 'KacstDecorative' (KacstDecorative.ttf) normal normal 400 normal>) = 10.05
DEBUG:matplotlib.font_manager:findfont: score(<Font 'Abyssinica SIL' (AbyssinicaSIL-R.ttf) normal normal 400 normal>) = 10.05
DEBUG:matplotlib.font_manager:findfont: score(<Font 'AnjaliOldLipi' (AnjaliOldLipi.ttf) normal normal 400 normal>) = 10.05
DEBUG:matplotlib.font_manager:findfont: score(<Font 'Manjari' (Manjari-Thin.otf) normal normal 400 normal>) = 10.05
DEBUG:matplotlib.font_manager:findfont: score(<Font 'KacstArt' (KacstArt.ttf) normal normal 400 normal>) = 10.05
DEBUG:matplotlib.font_manager:findfont: score(<Font 'Purisa' (Purisa-Oblique.ttf) oblique normal 400 normal>) = 11.05
DEBUG:matplotlib.font_manager:findfont: score(<Font 'Lohit Odia' (Lohit-Odia.ttf) normal normal 400 normal>) = 10.05
DEBUG:matplotlib.font_manager:findfont: score(<Font 'KacstDigital' (KacstDigital.ttf) normal normal 400 normal>) = 10.05
DEBUG:matplotlib.font_manager:findfont: score(<Font 'Samyak Devanagari' (Samyak-Devanagari.ttf) normal normal 400 normal>) = 10.05
DEBUG:matplotlib.font_manager:findfont: score(<Font 'Umpush' (Umpush-Oblique.ttf) oblique normal 400 normal>) = 11.05
DEBUG:matplotlib.font_manager:findfont: score(<Font 'Lohit Tamil' (Lohit-Tamil.ttf) normal normal 400 normal>) = 10.05
DEBUG:matplotlib.font_manager:findfont: score(<Font 'Ubuntu' (Ubuntu-L.ttf) normal normal light normal>) = 10.24
DEBUG:matplotlib.font_manager:findfont: score(<Font 'Liberation Mono' (LiberationMono-Regular.ttf) normal normal 400 normal>) = 10.05
DEBUG:matplotlib.font_manager:findfont: score(<Font 'mry_KacstQurn' (mry_KacstQurn.ttf) normal normal 400 normal>) = 10.05
DEBUG:matplotlib.font_manager:findfont: score(<Font 'Liberation Mono' (LiberationMono-BoldItalic.ttf) italic normal bold normal>) = 11.335
DEBUG:matplotlib.font_manager:findfont: score(<Font 'Laksaman' (Laksaman-Bold.ttf) normal normal bold normal>) = 10.335
DEBUG:matplotlib.font_manager:findfont: score(<Font 'DejaVu Sans' (DejaVuSansCondensed-BoldOblique.ttf) oblique normal bold condensed>) = 1.535
DEBUG:matplotlib.font_manager:findfont: score(<Font 'Umpush' (Umpush.ttf) normal normal 400 normal>) = 10.05
DEBUG:matplotlib.font_manager:findfont: score(<Font 'Khmer OS' (KhmerOS.ttf) normal normal 400 normal>) = 10.05
DEBUG:matplotlib.font_manager:findfont: score(<Font 'Garuda' (Garuda.ttf) normal normal 400 normal>) = 10.05
DEBUG:matplotlib.font_manager:findfont: score(<Font 'DejaVu Sans' (DejaVuSansCondensed-Oblique.ttf) oblique normal 400 condensed>) = 1.25
DEBUG:matplotlib.font_manager:findfont: score(<Font 'FreeSans' (FreeSansOblique.ttf) oblique normal 400 normal>) = 11.05
DEBUG:matplotlib.font_manager:findfont: score(<Font 'FreeSerif' (FreeSerif.ttf) normal normal 400 normal>) = 10.05
DEBUG:matplotlib.font_manager:findfont: score(<Font 'Noto Sans CJK JP' (NotoSansCJK-Bold.ttc) normal normal bold normal>) = 10.335
DEBUG:matplotlib.font_manager:findfont: score(<Font 'Rachana' (Rachana-Bold.ttf) normal normal bold normal>) = 10.335
DEBUG:matplotlib.font_manager:findfont: score(<Font 'DejaVu Serif' (DejaVuSerifCondensed.ttf) normal normal 400 condensed>) = 10.25
DEBUG:matplotlib.font_manager:findfont: score(<Font 'padmaa-Bold.1.1' (padmaa-Bold.1.1.ttf) normal normal bold normal>) = 10.335
DEBUG:matplotlib.font_manager:findfont: score(<Font 'Uroob' (Uroob.ttf) normal normal 700 normal>) = 10.335
DEBUG:matplotlib.font_manager:findfont: score(<Font 'Purisa' (Purisa-BoldOblique.ttf) oblique normal bold normal>) = 11.335
DEBUG:matplotlib.font_manager:findfont: score(<Font 'Vemana2000' (vemana2000.ttf) normal normal 400 normal>) = 10.05
DEBUG:matplotlib.font_manager:findfont: score(<Font 'KacstLetter' (KacstLetter.ttf) normal normal 400 normal>) = 10.05
DEBUG:matplotlib.font_manager:findfont: score(<Font 'KacstOffice' (KacstOffice.ttf) normal normal 400 normal>) = 10.05
DEBUG:matplotlib.font_manager:findfont: score(<Font 'DejaVu Math TeX Gyre' (DejaVuMathTeXGyre.ttf) normal normal regular normal>) = 10.05
DEBUG:matplotlib.font_manager:findfont: score(<Font 'Chandas' (chandas1-2.ttf) normal normal 400 normal>) = 10.05
DEBUG:matplotlib.font_manager:findfont: score(<Font 'Samyak Tamil' (Samyak-Tamil.ttf) normal normal 400 normal>) = 10.05
DEBUG:matplotlib.font_manager:findfont: score(<Font 'aakar' (aakar-medium.ttf) normal normal 400 normal>) = 10.05
DEBUG:matplotlib.font_manager:findfont: score(<Font 'KacstTitleL' (KacstTitleL.ttf) normal normal 400 normal>) = 10.05
DEBUG:matplotlib.font_manager:findfont: score(<Font 'Nakula' (nakula.ttf) normal normal 400 normal>) = 10.05
DEBUG:matplotlib.font_manager:findfont: score(<Font 'Kinnari' (Kinnari.ttf) normal normal 400 normal>) = 10.05
DEBUG:matplotlib.font_manager:findfont: score(<Font 'Tlwg Mono' (TlwgMono-Oblique.ttf) oblique normal 400 normal>) = 11.05
DEBUG:matplotlib.font_manager:findfont: score(<Font 'OpenSymbol' (opens___.ttf) normal normal 400 normal>) = 10.05
DEBUG:matplotlib.font_manager:findfont: score(<Font 'Noto Sans CJK JP' (NotoSansCJK-Regular.ttc) normal normal 400 normal>) = 10.05
DEBUG:matplotlib.font_manager:findfont: score(<Font 'Ubuntu Mono' (UbuntuMono-B.ttf) normal normal bold normal>) = 10.335
DEBUG:matplotlib.font_manager:findfont: score(<Font 'KacstFarsi' (KacstFarsi.ttf) normal normal 400 normal>) = 10.05
DEBUG:matplotlib.font_manager:findfont: score(<Font 'Loma' (Loma.ttf) normal normal 400 normal>) = 10.05
DEBUG:matplotlib.font_manager:findfont: score(<Font 'Gargi' (Gargi.ttf) normal normal 400 normal>) = 10.05
DEBUG:matplotlib.font_manager:findfont: score(<Font 'DejaVu Serif' (DejaVuSerifCondensed-Italic.ttf) italic normal 400 condensed>) = 11.25
DEBUG:matplotlib.font_manager:findfont: score(<Font 'FreeMono' (FreeMonoBoldOblique.ttf) oblique normal bold normal>) = 11.335
DEBUG:matplotlib.font_manager:findfont: score(<Font 'DejaVu Serif' (DejaVuSerifCondensed-BoldItalic.ttf) italic normal bold condensed>) = 11.535
DEBUG:matplotlib.font_manager:findfont: score(<Font 'Sawasdee' (Sawasdee-BoldOblique.ttf) oblique normal bold normal>) = 11.335
DEBUG:matplotlib.font_manager:findfont: score(<Font 'Waree' (Waree-BoldOblique.ttf) oblique normal bold normal>) = 11.335
DEBUG:matplotlib.font_manager:findfont: score(<Font 'Tlwg Mono' (TlwgMono-Bold.ttf) normal normal bold normal>) = 10.335
DEBUG:matplotlib.font_manager:findfont: score(<Font 'Liberation Sans Narrow' (LiberationSansNarrow-Bold.ttf) normal normal bold condensed>) = 10.535
DEBUG:matplotlib.font_manager:findfont: score(<Font 'Sawasdee' (Sawasdee.ttf) normal normal 400 normal>) = 10.05
DEBUG:matplotlib.font_manager:findfont: score(<Font 'Liberation Mono' (LiberationMono-Italic.ttf) italic normal 400 normal>) = 11.05
DEBUG:matplotlib.font_manager:findfont: score(<Font 'DejaVu Sans' (DejaVuSans-ExtraLight.ttf) normal normal light normal>) = 0.24
DEBUG:matplotlib.font_manager:findfont: score(<Font 'FreeMono' (FreeMonoBold.ttf) normal normal bold normal>) = 10.335
DEBUG:matplotlib.font_manager:findfont: score(<Font 'Padauk' (Padauk-Bold.ttf) normal normal bold normal>) = 10.335
DEBUG:matplotlib.font_manager:findfont: score(<Font 'Phetsarath OT' (Phetsarath_OT.ttf) normal normal 400 normal>) = 10.05
DEBUG:matplotlib.font_manager:findfont: score(<Font 'Ubuntu' (Ubuntu-B.ttf) normal normal bold normal>) = 10.335
DEBUG:matplotlib.font_manager:findfont: score(<Font 'Garuda' (Garuda-Bold.ttf) normal normal bold normal>) = 10.335
DEBUG:matplotlib.font_manager:findfont: score(<Font 'Umpush' (Umpush-LightOblique.ttf) oblique normal light normal>) = 11.24
DEBUG:matplotlib.font_manager:findfont: score(<Font 'Padauk Book' (PadaukBook-Regular.ttf) normal normal book normal>) = 10.05
DEBUG:matplotlib.font_manager:findfont: score(<Font 'Saab' (Saab.ttf) normal normal 400 normal>) = 10.05
DEBUG:matplotlib.font_manager:findfont: score(<Font 'Mukti Narrow' (MuktiNarrowBold.ttf) normal normal 700 normal>) = 10.335
DEBUG:matplotlib.font_manager:findfont: score(<Font 'Tlwg Typist' (TlwgTypist-BoldOblique.ttf) oblique normal bold normal>) = 11.335
DEBUG:matplotlib.font_manager:findfont: score(<Font 'Liberation Sans Narrow' (LiberationSansNarrow-Italic.ttf) italic normal 400 condensed>) = 11.25
DEBUG:matplotlib.font_manager:findfont: score(<Font 'Waree' (Waree-Oblique.ttf) oblique normal 400 normal>) = 11.05
DEBUG:matplotlib.font_manager:findfont: score(<Font 'Navilu' (Navilu.ttf) normal normal 400 normal>) = 10.05
DEBUG:matplotlib.font_manager:findfont: score(<Font 'Garuda' (Garuda-Oblique.ttf) oblique normal 400 normal>) = 11.05
DEBUG:matplotlib.font_manager:findfont: score(<Font 'Ubuntu' (Ubuntu-R.ttf) normal normal 400 normal>) = 10.05
DEBUG:matplotlib.font_manager:findfont: score(<Font 'Sawasdee' (Sawasdee-Bold.ttf) normal normal bold normal>) = 10.335
DEBUG:matplotlib.font_manager:findfont: score(<Font 'KacstPoster' (KacstPoster.ttf) normal normal 400 normal>) = 10.05
DEBUG:matplotlib.font_manager:findfont: score(<Font 'KacstTitle' (KacstTitle.ttf) normal normal 400 normal>) = 10.05
DEBUG:matplotlib.font_manager:findfont: score(<Font 'FreeSans' (FreeSans.ttf) normal normal 400 normal>) = 10.05
DEBUG:matplotlib.font_manager:findfont: score(<Font 'ori1Uni' (utkal.ttf) normal normal medium normal>) = 10.145
DEBUG:matplotlib.font_manager:findfont: score(<Font 'Ubuntu Mono' (UbuntuMono-BI.ttf) italic normal bold normal>) = 11.335
DEBUG:matplotlib.font_manager:findfont: score(<Font 'Samanata' (samanata.ttf) normal normal 400 normal>) = 10.05
DEBUG:matplotlib.font_manager:findfont: score(<Font 'Chilanka' (Chilanka-Regular.ttf) normal normal regular normal>) = 10.05
DEBUG:matplotlib.font_manager:findfont: score(<Font 'Norasi' (Norasi-BoldItalic.ttf) italic normal bold normal>) = 11.335
DEBUG:matplotlib.font_manager:findfont: score(<Font 'Mukti Narrow' (MuktiNarrow.ttf) normal normal 400 normal>) = 10.05
DEBUG:matplotlib.font_manager:findfont: score(<Font 'Ani' (ani.ttf) normal normal 400 normal>) = 10.05
DEBUG:matplotlib.font_manager:findfont: score(<Font 'Noto Serif CJK JP' (NotoSerifCJK-Bold.ttc) normal normal bold normal>) = 10.335
DEBUG:matplotlib.font_manager:findfont: score(<Font 'Manjari' (Manjari-Regular.otf) normal normal regular normal>) = 10.05
DEBUG:matplotlib.font_manager:findfont: score(<Font 'Lohit Assamese' (Lohit-Assamese.ttf) normal normal 400 normal>) = 10.05
DEBUG:matplotlib.font_manager:findfont: score(<Font 'Kinnari' (Kinnari-BoldItalic.ttf) italic normal bold normal>) = 11.335
DEBUG:matplotlib.font_manager:findfont: score(<Font 'Gubbi' (Gubbi.ttf) normal normal 400 normal>) = 10.05
DEBUG:matplotlib.font_manager:findfont: score(<Font 'Ubuntu' (Ubuntu-M.ttf) normal normal medium normal>) = 10.145
DEBUG:matplotlib.font_manager:findfont: score(<Font 'Liberation Serif' (LiberationSerif-BoldItalic.ttf) italic normal bold normal>) = 11.335
DEBUG:matplotlib.font_manager:findfont: score(<Font 'Kinnari' (Kinnari-BoldOblique.ttf) oblique normal bold normal>) = 11.335
DEBUG:matplotlib.font_manager:findfont: score(<Font 'FreeSans' (FreeSansBold.ttf) normal normal bold normal>) = 10.335
DEBUG:matplotlib.font_manager:findfont: score(<Font 'Liberation Sans' (LiberationSans-Italic.ttf) italic normal 400 normal>) = 11.05
DEBUG:matplotlib.font_manager:findfont: score(<Font 'padmaa' (padmaa.ttf) normal normal 400 normal>) = 10.05
DEBUG:matplotlib.font_manager:findfont: score(<Font 'Rekha' (Rekha.ttf) normal normal 400 normal>) = 10.05
DEBUG:matplotlib.font_manager:findfont: score(<Font 'Lohit Gujarati' (Lohit-Gujarati.ttf) normal normal 400 normal>) = 10.05
DEBUG:matplotlib.font_manager:findfont: score(<Font 'Umpush' (Umpush-Bold.ttf) normal normal bold normal>) = 10.335
DEBUG:matplotlib.font_manager:findfont: score(<Font 'DejaVu Serif' (DejaVuSerifCondensed-Bold.ttf) normal normal bold condensed>) = 10.535
DEBUG:matplotlib.font_manager:findfont: score(<Font 'Norasi' (Norasi-Bold.ttf) normal normal bold normal>) = 10.335
DEBUG:matplotlib.font_manager:findfont: score(<Font 'Norasi' (Norasi-Italic.ttf) italic normal 400 normal>) = 11.05
DEBUG:matplotlib.font_manager:findfont: score(<Font 'FreeSerif' (FreeSerifBold.ttf) normal normal bold normal>) = 10.335
DEBUG:matplotlib.font_manager:findfont: score(<Font 'Tlwg Typist' (TlwgTypist-Oblique.ttf) oblique normal 400 normal>) = 11.05
DEBUG:matplotlib.font_manager:findfont: score(<Font 'Tlwg Mono' (TlwgMono-BoldOblique.ttf) oblique normal bold normal>) = 11.335
DEBUG:matplotlib.font_manager:findfont: score(<Font 'Pothana2000' (Pothana2000.ttf) normal normal 400 normal>) = 10.05
DEBUG:matplotlib.font_manager:findfont: score(<Font 'Rachana' (Rachana-Regular.ttf) normal normal regular normal>) = 10.05
DEBUG:matplotlib.font_manager:findfont: score(<Font 'Ubuntu' (Ubuntu-MI.ttf) italic normal medium normal>) = 11.145
DEBUG:matplotlib.font_manager:findfont: score(<Font 'Sarai' (Sarai.ttf) normal normal 400 normal>) = 10.05
DEBUG:matplotlib.font_manager:findfont: score(<Font 'KacstQurn' (KacstQurn.ttf) normal normal 400 normal>) = 10.05
DEBUG:matplotlib.font_manager:findfont: score(<Font 'Tlwg Mono' (TlwgMono.ttf) normal normal 400 normal>) = 10.05
DEBUG:matplotlib.font_manager:findfont: score(<Font 'Lohit Gurmukhi' (Lohit-Gurmukhi.ttf) normal normal 400 normal>) = 10.05
DEBUG:matplotlib.font_manager:findfont: score(<Font 'Tlwg Typewriter' (TlwgTypewriter-BoldOblique.ttf) oblique normal bold normal>) = 11.335
DEBUG:matplotlib.font_manager:findfont: score(<Font 'Umpush' (Umpush-BoldOblique.ttf) oblique normal bold normal>) = 11.335
DEBUG:matplotlib.font_manager:findfont: score(<Font 'KacstBook' (KacstBook.ttf) normal normal book normal>) = 10.05
DEBUG:matplotlib.font_manager:findfont: score(<Font 'Pagul' (Pagul.ttf) normal normal 400 normal>) = 10.05
DEBUG:matplotlib.font_manager:findfont: score(<Font 'FreeSerif' (FreeSerifBoldItalic.ttf) italic normal bold normal>) = 11.335
DEBUG:matplotlib.font_manager:findfont: score(<Font 'Lohit Kannada' (Lohit-Kannada.ttf) normal normal 400 normal>) = 10.05
DEBUG:matplotlib.font_manager:findfont: Matching :family=sans-serif:style=normal:variant=normal:weight=normal:stretch=normal:size=12.0 to DejaVu Sans ('/home/ram/.local/lib/python3.6/site-packages/matplotlib/mpl-data/fonts/ttf/DejaVuSans.ttf') with score of 0.050000.
DEBUG:roipoly.roipoly:Received single left mouse button click
DEBUG:roipoly.roipoly:draw line x: [7.017648326776936, 7.405642075766536] y: [52.00331411327261, 52.00331411327261]
DEBUG:roipoly.roipoly:draw line x: [7.017648326776936, 43.1010669828097] y: [52.00331411327261, 48.8993641213558]
DEBUG:roipoly.roipoly:draw line x: [7.017648326776936, 153.6792854448456] y: [52.00331411327261, 45.019426631459794]
DEBUG:roipoly.roipoly:draw line x: [7.017648326776936, 214.98229778520235] y: [52.00331411327261, 41.527482890553415]
DEBUG:roipoly.roipoly:draw line x: [7.017648326776936, 224.29414776095277] y: [52.00331411327261, 39.58751414560544]
DEBUG:roipoly.roipoly:draw line x: [7.017648326776936, 273.56935388263196] y: [52.00331411327261, 33.7676079107614]
DEBUG:roipoly.roipoly:draw line x: [7.017648326776936, 295.2970038260495] y: [52.00331411327261, 31.05165166783422]
DEBUG:roipoly.roipoly:draw line x: [7.017648326776936, 295.6849975750391] y: [52.00331411327261, 31.05165166783422]
DEBUG:roipoly.roipoly:draw line x: [7.017648326776936, 305.7728350487687] y: [52.00331411327261, 26.78372042894864]
DEBUG:roipoly.roipoly:draw line x: [7.017648326776936, 306.1608287977583] y: [52.00331411327261, 26.39572667995901]
DEBUG:roipoly.roipoly:draw line x: [7.017648326776936, 308.8767850406855] y: [52.00331411327261, 24.84375168400061]
DEBUG:roipoly.roipoly:draw line x: [7.017648326776936, 314.30869752653985] y: [52.00331411327261, 21.35180794309423]
DEBUG:roipoly.roipoly:draw line x: [7.017648326776936, 316.6366600204775] y: [52.00331411327261, 20.187826696125455]
DEBUG:roipoly.roipoly:draw line x: [7.017648326776936, 317.02465376946714] y: [52.00331411327261, 20.187826696125455]
DEBUG:roipoly.roipoly:Received single left mouse button click
DEBUG:roipoly.roipoly:draw line x: [7.017648326776936, 317.02465376946714] y: [52.00331411327261, 20.187826696125455]
DEBUG:roipoly.roipoly:draw line x: [317.02465376946714, 317.41264751845665] y: [20.187826696125455, 20.187826696125455]
DEBUG:roipoly.roipoly:draw line x: [317.02465376946714, 315.47267877350873] y: [20.187826696125455, 37.64754540065741]
DEBUG:roipoly.roipoly:draw line x: [317.02465376946714, 314.6966912755295] y: [20.187826696125455, 94.68262650212856]
DEBUG:roipoly.roipoly:draw line x: [317.02465376946714, 319.3526162634047] y: [20.187826696125455, 142.79385137683892]
DEBUG:roipoly.roipoly:draw line x: [317.02465376946714, 319.3526162634047] y: [20.187826696125455, 171.11739505307966]
DEBUG:roipoly.roipoly:draw line x: [317.02465376946714, 324.0085412512799] y: [20.187826696125455, 214.5726949399148]
DEBUG:roipoly.roipoly:draw line x: [317.02465376946714, 325.9485099962279] y: [20.187826696125455, 221.94457617071723]
DEBUG:roipoly.roipoly:draw line x: [317.02465376946714, 325.9485099962279] y: [20.187826696125455, 223.10855741768603]
DEBUG:roipoly.roipoly:draw line x: [317.02465376946714, 326.33650374521756] y: [20.187826696125455, 223.4965511666756]
DEBUG:roipoly.roipoly:draw line x: [317.02465376946714, 328.2764724901655] y: [20.187826696125455, 226.98849490758204]
DEBUG:roipoly.roipoly:draw line x: [317.02465376946714, 328.6644662391551] y: [20.187826696125455, 226.98849490758204]
DEBUG:roipoly.roipoly:draw line x: [317.02465376946714, 329.05245998814473] y: [20.187826696125455, 226.6005011585924]
DEBUG:roipoly.roipoly:Received single left mouse button click
DEBUG:roipoly.roipoly:draw line x: [317.02465376946714, 329.05245998814473] y: [20.187826696125455, 226.6005011585924]
DEBUG:roipoly.roipoly:draw line x: [329.05245998814473, 324.3965350002695] y: [226.6005011585924, 227.7644824055612]
DEBUG:roipoly.roipoly:draw line x: [329.05245998814473, 276.28531012555914] y: [226.6005011585924, 240.568276122218]
DEBUG:roipoly.roipoly:draw line x: [329.05245998814473, 106.34404806811446] y: [226.6005011585924, 241.34426362019718]
DEBUG:roipoly.roipoly:draw line x: [329.05245998814473, 93.92824810044729] y: [226.6005011585924, 242.12025111817638]
DEBUG:roipoly.roipoly:draw line x: [329.05245998814473, 88.10834186560325] y: [226.6005011585924, 246.0001886080724]
DEBUG:roipoly.roipoly:draw line x: [329.05245998814473, 67.15667942016486] y: [226.6005011585924, 251.4321010939268]
DEBUG:roipoly.roipoly:draw line x: [329.05245998814473, 50.084954464622484] y: [226.6005011585924, 252.59608234089558]
DEBUG:roipoly.roipoly:draw line x: [329.05245998814473, 46.205016974726504] y: [226.6005011585924, 253.37206983887478]
DEBUG:roipoly.roipoly:draw line x: [329.05245998814473, 36.89316699897611] y: [226.6005011585924, 254.92404483483318]
DEBUG:roipoly.roipoly:draw line x: [329.05245998814473, 29.521285768173726] y: [226.6005011585924, 256.86401357978116]
DEBUG:roipoly.roipoly:draw line x: [329.05245998814473, 26.41733577625692] y: [226.6005011585924, 258.8039823247292]
DEBUG:roipoly.roipoly:Received single left mouse button click
DEBUG:roipoly.roipoly:draw line x: [329.05245998814473, 26.41733577625692] y: [226.6005011585924, 258.8039823247292]
DEBUG:roipoly.roipoly:draw line x: [26.41733577625692, 25.641348278277718] y: [258.8039823247292, 258.41598857573956]
DEBUG:roipoly.roipoly:draw line x: [26.41733577625692, 13.22554831061052] y: [258.8039823247292, 179.26526378186128]
DEBUG:roipoly.roipoly:draw line x: [26.41733577625692, 8.569623322735339] y: [258.8039823247292, 102.44250148192054]
DEBUG:roipoly.roipoly:draw line x: [26.41733577625692, 3.5257045858705283] y: [258.8039823247292, 82.65482028345096]
DEBUG:roipoly.roipoly:draw line x: [26.41733577625692, 3.1377108368809274] y: [258.8039823247292, 71.40300156275259]
DEBUG:roipoly.roipoly:draw line x: [26.41733577625692, 3.1377108368809274] y: [258.8039823247292, 69.85102656679419]
DEBUG:roipoly.roipoly:Received single right mouse button click or double left click
DEBUG:roipoly.roipoly:Stop ROI drawing
INFO:root:12_13_04_13_01_2021: Change detected
INFO:root:12_13_04_13_01_2021: Change detected
INFO:root:12_13_05_13_01_2021: Change detected
INFO:root:12_13_05_13_01_2021: Change detected
INFO:root:12_13_09_13_01_2021: Change detected
INFO:root:12_13_09_13_01_2021: Change detected
INFO:root:12_13_09_13_01_2021: Change detected
INFO:root:12_13_09_13_01_2021: Change detected
INFO:root:12_13_09_13_01_2021: Change detected
INFO:root:12_13_10_13_01_2021: Change detected
INFO:root:12_13_10_13_01_2021: Change detected
INFO:root:12_13_10_13_01_2021: Change detected
INFO:root:12_13_10_13_01_2021: Change detected
INFO:root:12_13_10_13_01_2021: Change detected
INFO:root:12_13_10_13_01_2021: Change detected
INFO:root:12_13_10_13_01_2021: Change detected
INFO:root:12_13_10_13_01_2021: Change detected
INFO:root:12_13_10_13_01_2021: Change detected
INFO:root:12_13_10_13_01_2021: Change detected
INFO:root:12_13_10_13_01_2021: Change detected
INFO:root:12_13_10_13_01_2021: Change detected
INFO:root:12_13_11_13_01_2021: Change detected
INFO:root:12_13_11_13_01_2021: Change detected
INFO:root:12_13_11_13_01_2021: Change detected
INFO:root:12_13_11_13_01_2021: Change detected
INFO:root:12_13_11_13_01_2021: Change detected
INFO:root:12_13_11_13_01_2021: Change detected
INFO:root:12_13_11_13_01_2021: Change detected
INFO:root:12_13_11_13_01_2021: Change detected
INFO:root:12_13_11_13_01_2021: Change detected
INFO:root:12_13_11_13_01_2021: Change detected
INFO:root:12_13_11_13_01_2021: Change detected
INFO:root:12_13_12_13_01_2021: Change detected
INFO:root:12_13_12_13_01_2021: Change detected
INFO:root:12_13_12_13_01_2021: Change detected
INFO:root:12_13_12_13_01_2021: Change detected
INFO:root:12_13_12_13_01_2021: Change detected
INFO:root:12_13_12_13_01_2021: Change detected
INFO:root:12_13_12_13_01_2021: Change detected
INFO:root:12_13_12_13_01_2021: Change detected
INFO:root:12_13_12_13_01_2021: Change detected
INFO:root:12_13_12_13_01_2021: Change detected
INFO:root:12_13_12_13_01_2021: Change detected
INFO:root:12_13_13_13_01_2021: Change detected
INFO:root:12_13_13_13_01_2021: Change detected
INFO:root:12_13_13_13_01_2021: Change detected
INFO:root:12_13_13_13_01_2021: Change detected
INFO:root:12_13_13_13_01_2021: Change detected
INFO:root:12_13_13_13_01_2021: Change detected
INFO:root:12_13_13_13_01_2021: Change detected
INFO:root:12_13_13_13_01_2021: Change detected
INFO:root:12_13_13_13_01_2021: Change detected
INFO:root:12_13_13_13_01_2021: Change detected
INFO:root:12_13_13_13_01_2021: Change detected
INFO:root:12_13_13_13_01_2021: Change detected
INFO:root:12_13_14_13_01_2021: Change detected
INFO:root:12_13_14_13_01_2021: Change detected
INFO:root:12_13_14_13_01_2021: Change detected
INFO:root:12_13_14_13_01_2021: Change detected
INFO:root:12_13_14_13_01_2021: Change detected
INFO:root:12_13_14_13_01_2021: Change detected
INFO:root:12_13_14_13_01_2021: Change detected
INFO:root:12_13_14_13_01_2021: Change detected
INFO:root:12_13_14_13_01_2021: Change detected
INFO:root:12_13_14_13_01_2021: Change detected
INFO:root:12_13_14_13_01_2021: Change detected
INFO:root:12_13_15_13_01_2021: Change detected
INFO:root:12_13_15_13_01_2021: Change detected
INFO:root:12_13_15_13_01_2021: Change detected
INFO:root:12_13_15_13_01_2021: Change detected
INFO:root:12_13_15_13_01_2021: Change detected
INFO:root:12_13_15_13_01_2021: Change detected
INFO:root:12_13_15_13_01_2021: Change detected
INFO:root:12_13_15_13_01_2021: Change detected
INFO:root:12_13_15_13_01_2021: Change detected
INFO:root:12_13_15_13_01_2021: Change detected
INFO:root:12_13_15_13_01_2021: Change detected
INFO:root:12_13_16_13_01_2021: Change detected
INFO:root:12_13_16_13_01_2021: Change detected
INFO:root:12_13_16_13_01_2021: Change detected
INFO:root:12_13_16_13_01_2021: Change detected
INFO:root:12_13_16_13_01_2021: Change detected
INFO:root:12_13_16_13_01_2021: Change detected
INFO:root:12_13_16_13_01_2021: Change detected
INFO:root:12_13_16_13_01_2021: Change detected
INFO:root:12_13_16_13_01_2021: Change detected
INFO:root:12_13_16_13_01_2021: Change detected
INFO:root:12_13_16_13_01_2021: Change detected
INFO:root:12_13_17_13_01_2021: Change detected
INFO:root:12_13_17_13_01_2021: Change detected
INFO:root:12_13_17_13_01_2021: Change detected
INFO:root:12_13_17_13_01_2021: Change detected
INFO:root:12_13_17_13_01_2021: Change detected
INFO:root:12_13_17_13_01_2021: Change detected
INFO:root:12_13_17_13_01_2021: Change detected
INFO:root:12_13_17_13_01_2021: Change detected
INFO:root:12_13_17_13_01_2021: Change detected
INFO:root:12_13_17_13_01_2021: Change detected
INFO:root:12_13_17_13_01_2021: Change detected
INFO:root:12_13_18_13_01_2021: Change detected
INFO:root:12_13_18_13_01_2021: Change detected
INFO:root:12_13_18_13_01_2021: Change detected
INFO:root:12_13_18_13_01_2021: Change detected
INFO:root:12_13_18_13_01_2021: Change detected
INFO:root:12_13_18_13_01_2021: Change detected
INFO:root:12_13_18_13_01_2021: Change detected
INFO:root:12_13_18_13_01_2021: Change detected
INFO:root:12_13_18_13_01_2021: Change detected
INFO:root:12_13_18_13_01_2021: Change detected
INFO:root:12_13_18_13_01_2021: Change detected
INFO:root:12_13_18_13_01_2021: Change detected
INFO:root:12_13_19_13_01_2021: Change detected
INFO:root:12_13_19_13_01_2021: Change detected
INFO:root:12_13_19_13_01_2021: Change detected
INFO:root:12_13_19_13_01_2021: Change detected
INFO:root:12_13_19_13_01_2021: Change detected
INFO:root:12_13_19_13_01_2021: Change detected
INFO:root:12_13_19_13_01_2021: Change detected
INFO:root:12_13_19_13_01_2021: Change detected
INFO:root:12_13_19_13_01_2021: Change detected
INFO:root:12_13_19_13_01_2021: Change detected
INFO:root:12_13_19_13_01_2021: Change detected
INFO:root:12_13_20_13_01_2021: Change detected
INFO:root:12_13_20_13_01_2021: Change detected
INFO:root:12_13_20_13_01_2021: Change detected
INFO:root:12_13_20_13_01_2021: Change detected
INFO:root:12_13_20_13_01_2021: Change detected
INFO:root:12_13_20_13_01_2021: Change detected
INFO:root:12_13_20_13_01_2021: Change detected
INFO:root:12_13_20_13_01_2021: Change detected
INFO:root:12_13_20_13_01_2021: Change detected
INFO:root:12_13_20_13_01_2021: Change detected
INFO:root:12_13_20_13_01_2021: Change detected
INFO:root:12_13_21_13_01_2021: Change detected
INFO:root:12_13_21_13_01_2021: Change detected
INFO:root:12_13_21_13_01_2021: Change detected
INFO:root:12_13_21_13_01_2021: Change detected
INFO:root:12_13_21_13_01_2021: Change detected
INFO:root:12_13_21_13_01_2021: Change detected
INFO:root:12_13_21_13_01_2021: Change detected
INFO:root:12_13_21_13_01_2021: Change detected
INFO:root:12_13_21_13_01_2021: Change detected
INFO:root:12_13_21_13_01_2021: Change detected
INFO:root:12_13_21_13_01_2021: Change detected
INFO:root:12_13_22_13_01_2021: Change detected
INFO:root:12_13_22_13_01_2021: Change detected
INFO:root:12_13_22_13_01_2021: Change detected
INFO:root:12_13_22_13_01_2021: Change detected
INFO:root:12_13_22_13_01_2021: Change detected
INFO:root:12_13_22_13_01_2021: Change detected
INFO:root:12_13_22_13_01_2021: Change detected
INFO:root:12_13_22_13_01_2021: Change detected
INFO:root:12_13_22_13_01_2021: Change detected
INFO:root:12_13_22_13_01_2021: Change detected
INFO:root:12_13_22_13_01_2021: Change detected
INFO:root:12_13_22_13_01_2021: Change detected
INFO:root:12_13_23_13_01_2021: Change detected
INFO:root:12_13_23_13_01_2021: Change detected
INFO:root:12_13_23_13_01_2021: Change detected
INFO:root:12_13_23_13_01_2021: Change detected
INFO:root:12_13_23_13_01_2021: Change detected
INFO:root:12_13_23_13_01_2021: Change detected
INFO:root:12_13_23_13_01_2021: Change detected
INFO:root:12_13_23_13_01_2021: Change detected
INFO:root:12_13_23_13_01_2021: Change detected
INFO:root:12_13_23_13_01_2021: Change detected
INFO:root:12_13_23_13_01_2021: Change detected
INFO:root:12_13_24_13_01_2021: Change detected
INFO:root:12_13_24_13_01_2021: Change detected
INFO:root:12_13_24_13_01_2021: Change detected
INFO:root:12_13_24_13_01_2021: Change detected
INFO:root:12_13_24_13_01_2021: Change detected
INFO:root:12_13_24_13_01_2021: Change detected
INFO:root:12_13_24_13_01_2021: Change detected
INFO:root:12_13_24_13_01_2021: Change detected
INFO:root:12_13_24_13_01_2021: Change detected
INFO:root:12_13_24_13_01_2021: Change detected
INFO:root:12_13_24_13_01_2021: Change detected
INFO:root:12_13_25_13_01_2021: Change detected
INFO:root:12_13_25_13_01_2021: Change detected
INFO:root:12_13_25_13_01_2021: Change detected
INFO:root:12_13_25_13_01_2021: Change detected
INFO:root:12_13_25_13_01_2021: Change detected
INFO:root:12_13_25_13_01_2021: Change detected
INFO:root:12_13_25_13_01_2021: Change detected
INFO:root:12_13_25_13_01_2021: Change detected
INFO:root:12_13_25_13_01_2021: Change detected
INFO:root:12_13_25_13_01_2021: Change detected
INFO:root:12_13_25_13_01_2021: Change detected
INFO:root:12_13_26_13_01_2021: Change detected
INFO:root:12_13_26_13_01_2021: Change detected
INFO:root:12_13_26_13_01_2021: Change detected
INFO:root:12_13_26_13_01_2021: Change detected
INFO:root:12_13_26_13_01_2021: Change detected
INFO:root:12_13_26_13_01_2021: Change detected
INFO:root:12_13_26_13_01_2021: Change detected
INFO:root:12_13_26_13_01_2021: Change detected
INFO:root:12_13_26_13_01_2021: Change detected
INFO:root:12_13_26_13_01_2021: Change detected
INFO:root:12_13_26_13_01_2021: Change detected
INFO:root:12_13_27_13_01_2021: Change detected
INFO:root:12_13_27_13_01_2021: Change detected
INFO:root:12_13_27_13_01_2021: Change detected
INFO:root:12_13_27_13_01_2021: Change detected
INFO:root:12_13_27_13_01_2021: Change detected
INFO:root:12_13_27_13_01_2021: Change detected
INFO:root:12_13_27_13_01_2021: Change detected
INFO:root:12_13_27_13_01_2021: Change detected
INFO:root:12_13_27_13_01_2021: Change detected
INFO:root:12_13_27_13_01_2021: Change detected
INFO:root:12_13_27_13_01_2021: Change detected
INFO:root:12_13_27_13_01_2021: Change detected
INFO:root:12_13_28_13_01_2021: Change detected
INFO:root:12_13_28_13_01_2021: Change detected
INFO:root:12_13_28_13_01_2021: Change detected
INFO:root:12_13_28_13_01_2021: Change detected
INFO:root:12_13_28_13_01_2021: Change detected
INFO:root:12_13_28_13_01_2021: Change detected
INFO:root:12_13_28_13_01_2021: Change detected
INFO:root:12_13_28_13_01_2021: Change detected
INFO:root:12_13_28_13_01_2021: Change detected
INFO:root:12_13_28_13_01_2021: Change detected
INFO:root:12_13_28_13_01_2021: Change detected
INFO:root:12_13_29_13_01_2021: Change detected
INFO:root:12_13_29_13_01_2021: Change detected
INFO:root:12_13_29_13_01_2021: Change detected
INFO:root:12_13_29_13_01_2021: Change detected
INFO:root:12_13_29_13_01_2021: Change detected
INFO:root:12_13_29_13_01_2021: Change detected
INFO:root:12_13_29_13_01_2021: Change detected
INFO:root:12_13_29_13_01_2021: Change detected
INFO:root:12_13_29_13_01_2021: Change detected
INFO:root:12_13_29_13_01_2021: Change detected
INFO:root:12_13_29_13_01_2021: Change detected
INFO:root:12_13_30_13_01_2021: Change detected
INFO:root:12_13_30_13_01_2021: Change detected
INFO:root:12_13_30_13_01_2021: Change detected
INFO:root:12_13_30_13_01_2021: Change detected
INFO:root:12_13_30_13_01_2021: Change detected
INFO:root:12_13_30_13_01_2021: Change detected
INFO:root:12_13_30_13_01_2021: Change detected
INFO:root:12_13_30_13_01_2021: Change detected
INFO:root:12_13_30_13_01_2021: Change detected
INFO:root:12_13_30_13_01_2021: Change detected
INFO:root:12_13_30_13_01_2021: Change detected
INFO:root:12_13_31_13_01_2021: Change detected
INFO:root:12_13_31_13_01_2021: Change detected
INFO:root:12_13_31_13_01_2021: Change detected
INFO:root:12_13_31_13_01_2021: Change detected
INFO:root:12_13_31_13_01_2021: Change detected
INFO:root:12_13_31_13_01_2021: Change detected
INFO:root:12_13_31_13_01_2021: Change detected
INFO:root:12_13_31_13_01_2021: Change detected
INFO:root:12_13_31_13_01_2021: Change detected
INFO:root:12_13_31_13_01_2021: Change detected
INFO:root:12_13_31_13_01_2021: Change detected
INFO:root:12_13_32_13_01_2021: Change detected
INFO:root:12_13_32_13_01_2021: Change detected
INFO:root:12_13_32_13_01_2021: Change detected
INFO:root:12_13_32_13_01_2021: Change detected
INFO:root:12_13_32_13_01_2021: Change detected
INFO:root:12_13_32_13_01_2021: Change detected
INFO:root:12_13_32_13_01_2021: Change detected
INFO:root:12_13_32_13_01_2021: Change detected
INFO:root:12_13_32_13_01_2021: Change detected
INFO:root:12_13_32_13_01_2021: Change detected
INFO:root:12_13_32_13_01_2021: Change detected
INFO:root:12_13_33_13_01_2021: Change detected
INFO:root:12_13_33_13_01_2021: Change detected
INFO:root:12_13_33_13_01_2021: Change detected
INFO:root:12_13_33_13_01_2021: Change detected
INFO:root:12_13_33_13_01_2021: Change detected
INFO:root:12_13_33_13_01_2021: Change detected
INFO:root:12_13_33_13_01_2021: Change detected
INFO:root:12_13_33_13_01_2021: Change detected
INFO:root:12_13_33_13_01_2021: Change detected
INFO:root:12_13_33_13_01_2021: Change detected
INFO:root:12_13_33_13_01_2021: Change detected
INFO:root:12_13_33_13_01_2021: Change detected
INFO:root:12_13_34_13_01_2021: Change detected
INFO:root:12_13_34_13_01_2021: Change detected
INFO:root:12_13_34_13_01_2021: Change detected
INFO:root:12_13_34_13_01_2021: Change detected
INFO:root:12_13_34_13_01_2021: Change detected
INFO:root:12_13_34_13_01_2021: Change detected
INFO:root:12_13_34_13_01_2021: Change detected
INFO:root:12_13_34_13_01_2021: Change detected
INFO:root:12_13_34_13_01_2021: Change detected
INFO:root:12_13_34_13_01_2021: Change detected
INFO:root:12_13_34_13_01_2021: Change detected
INFO:root:12_13_35_13_01_2021: Change detected
INFO:root:12_13_35_13_01_2021: Change detected
INFO:root:12_13_35_13_01_2021: Change detected
INFO:root:12_13_35_13_01_2021: Change detected
INFO:root:12_13_35_13_01_2021: Change detected
INFO:root:12_13_35_13_01_2021: Change detected
INFO:root:12_13_35_13_01_2021: Change detected
INFO:root:12_13_35_13_01_2021: Change detected
INFO:root:12_13_35_13_01_2021: Change detected
INFO:root:12_13_35_13_01_2021: Change detected
INFO:root:12_13_35_13_01_2021: Change detected
INFO:root:12_13_36_13_01_2021: Change detected
INFO:root:12_13_36_13_01_2021: Change detected
INFO:root:12_13_36_13_01_2021: Change detected
INFO:root:12_13_36_13_01_2021: Change detected
INFO:root:12_13_36_13_01_2021: Change detected
INFO:root:12_13_36_13_01_2021: Change detected
INFO:root:12_13_36_13_01_2021: Change detected
INFO:root:12_13_36_13_01_2021: Change detected
INFO:root:12_13_36_13_01_2021: Change detected
INFO:root:12_13_36_13_01_2021: Change detected
INFO:root:12_13_36_13_01_2021: Change detected
INFO:root:12_13_37_13_01_2021: Change detected
INFO:root:12_13_37_13_01_2021: Change detected
INFO:root:12_13_37_13_01_2021: Change detected
INFO:root:12_13_37_13_01_2021: Change detected
INFO:root:12_13_37_13_01_2021: Change detected
INFO:root:12_13_37_13_01_2021: Change detected
INFO:root:12_13_37_13_01_2021: Change detected
INFO:root:12_13_37_13_01_2021: Change detected
INFO:root:12_13_37_13_01_2021: Change detected
INFO:root:12_13_37_13_01_2021: Change detected
INFO:root:12_13_37_13_01_2021: Change detected
INFO:root:12_13_38_13_01_2021: Change detected
INFO:root:12_13_38_13_01_2021: Change detected
INFO:root:12_13_38_13_01_2021: Change detected
INFO:root:12_13_38_13_01_2021: Change detected
INFO:root:12_13_38_13_01_2021: Change detected
INFO:root:12_13_38_13_01_2021: Change detected
INFO:root:12_13_38_13_01_2021: Change detected
INFO:root:12_13_38_13_01_2021: Change detected
INFO:root:12_13_38_13_01_2021: Change detected
INFO:root:12_13_38_13_01_2021: Change detected
INFO:root:12_13_38_13_01_2021: Change detected
INFO:root:12_13_38_13_01_2021: Change detected
INFO:root:12_13_39_13_01_2021: Change detected
INFO:root:12_13_39_13_01_2021: Change detected
INFO:root:12_13_39_13_01_2021: Change detected
INFO:root:12_13_39_13_01_2021: Change detected
INFO:root:12_13_39_13_01_2021: Change detected
INFO:root:12_13_39_13_01_2021: Change detected
INFO:root:12_13_39_13_01_2021: Change detected
INFO:root:12_13_39_13_01_2021: Change detected
INFO:root:12_13_39_13_01_2021: Change detected
INFO:root:12_13_39_13_01_2021: Change detected
INFO:root:12_13_39_13_01_2021: Change detected
INFO:root:12_13_40_13_01_2021: Change detected
INFO:root:12_13_40_13_01_2021: Change detected
INFO:root:12_13_40_13_01_2021: Change detected
INFO:root:12_13_40_13_01_2021: Change detected
INFO:root:12_13_40_13_01_2021: Change detected
INFO:root:12_13_40_13_01_2021: Change detected
INFO:root:12_13_40_13_01_2021: Change detected
INFO:root:12_13_40_13_01_2021: Change detected
INFO:root:12_13_40_13_01_2021: Change detected
INFO:root:12_13_40_13_01_2021: Change detected
INFO:root:12_13_40_13_01_2021: Change detected
INFO:root:12_13_40_13_01_2021: Change detected
INFO:root:12_13_40_13_01_2021: Change detected
INFO:root:12_13_41_13_01_2021: Change detected
INFO:root:12_13_41_13_01_2021: Change detected
INFO:root:12_13_41_13_01_2021: Change detected
INFO:root:12_13_41_13_01_2021: Change detected
INFO:root:12_13_41_13_01_2021: Change detected
INFO:root:12_13_41_13_01_2021: Change detected
INFO:root:12_13_41_13_01_2021: Change detected
INFO:root:12_13_41_13_01_2021: Change detected
INFO:root:12_13_41_13_01_2021: Change detected
INFO:root:12_13_41_13_01_2021: Change detected
INFO:root:12_13_41_13_01_2021: Change detected
INFO:root:12_13_41_13_01_2021: Change detected
INFO:root:12_13_42_13_01_2021: Change detected
INFO:root:12_13_42_13_01_2021: Change detected
INFO:root:12_13_42_13_01_2021: Change detected
INFO:root:12_13_42_13_01_2021: Change detected
INFO:root:12_13_42_13_01_2021: Change detected
INFO:root:12_13_42_13_01_2021: Change detected
INFO:root:12_13_42_13_01_2021: Change detected
INFO:root:12_13_42_13_01_2021: Change detected
INFO:root:12_13_42_13_01_2021: Change detected
INFO:root:12_13_42_13_01_2021: Change detected
INFO:root:12_13_42_13_01_2021: Change detected
INFO:root:12_13_42_13_01_2021: Change detected
INFO:root:12_13_43_13_01_2021: Change detected
INFO:root:12_13_43_13_01_2021: Change detected
INFO:root:12_13_43_13_01_2021: Change detected
INFO:root:12_13_43_13_01_2021: Change detected
INFO:root:12_13_43_13_01_2021: Change detected
INFO:root:12_13_43_13_01_2021: Change detected
INFO:root:12_13_43_13_01_2021: Change detected
INFO:root:12_13_43_13_01_2021: Change detected
INFO:root:12_13_43_13_01_2021: Change detected
INFO:root:12_13_43_13_01_2021: Change detected
INFO:root:12_13_43_13_01_2021: Change detected
INFO:root:12_13_44_13_01_2021: Change detected
INFO:root:12_13_44_13_01_2021: Change detected
INFO:root:12_13_44_13_01_2021: Change detected
INFO:root:12_13_44_13_01_2021: Change detected
INFO:root:12_13_44_13_01_2021: Change detected
INFO:root:12_13_44_13_01_2021: Change detected
INFO:root:12_13_44_13_01_2021: Change detected
INFO:root:12_13_44_13_01_2021: Change detected
INFO:root:12_13_44_13_01_2021: Change detected
INFO:root:12_13_44_13_01_2021: Change detected
INFO:root:12_13_44_13_01_2021: Change detected
INFO:root:12_13_44_13_01_2021: Change detected
INFO:root:12_13_45_13_01_2021: Change detected
INFO:root:12_13_45_13_01_2021: Change detected
INFO:root:12_13_45_13_01_2021: Change detected
INFO:root:12_13_45_13_01_2021: Change detected
INFO:root:12_13_45_13_01_2021: Change detected
INFO:root:12_13_45_13_01_2021: Change detected
INFO:root:12_13_45_13_01_2021: Change detected
INFO:root:12_13_45_13_01_2021: Change detected
INFO:root:12_13_45_13_01_2021: Change detected
INFO:root:12_13_45_13_01_2021: Change detected
INFO:root:12_13_45_13_01_2021: Change detected
INFO:root:12_13_46_13_01_2021: Change detected
INFO:root:12_13_46_13_01_2021: Change detected
INFO:root:12_13_46_13_01_2021: Change detected
INFO:root:12_13_46_13_01_2021: Change detected
INFO:root:12_13_46_13_01_2021: Change detected
INFO:root:12_13_46_13_01_2021: Change detected
INFO:root:12_13_46_13_01_2021: Change detected
INFO:root:12_13_46_13_01_2021: Change detected
INFO:root:12_13_46_13_01_2021: Change detected
INFO:root:12_13_46_13_01_2021: Change detected
INFO:root:12_13_46_13_01_2021: Change detected
INFO:root:12_13_46_13_01_2021: Change detected
INFO:root:12_13_47_13_01_2021: Change detected
INFO:root:12_13_47_13_01_2021: Change detected
INFO:root:12_13_47_13_01_2021: Change detected
INFO:root:12_13_47_13_01_2021: Change detected
INFO:root:12_13_47_13_01_2021: Change detected
INFO:root:12_13_47_13_01_2021: Change detected
INFO:root:12_13_47_13_01_2021: Change detected
INFO:root:12_13_47_13_01_2021: Change detected
INFO:root:12_13_47_13_01_2021: Change detected
INFO:root:12_13_47_13_01_2021: Change detected
INFO:root:12_13_47_13_01_2021: Change detected
INFO:root:12_13_48_13_01_2021: Change detected
INFO:root:12_13_48_13_01_2021: Change detected
INFO:root:12_13_48_13_01_2021: Change detected
INFO:root:12_13_48_13_01_2021: Change detected
INFO:root:12_13_48_13_01_2021: Change detected
INFO:root:12_13_48_13_01_2021: Change detected
INFO:root:12_13_48_13_01_2021: Change detected
INFO:root:12_13_48_13_01_2021: Change detected
INFO:root:12_13_48_13_01_2021: Change detected
INFO:root:12_13_48_13_01_2021: Change detected
INFO:root:12_13_48_13_01_2021: Change detected
INFO:root:12_13_49_13_01_2021: Change detected
INFO:root:12_13_49_13_01_2021: Change detected
INFO:root:12_13_49_13_01_2021: Change detected
INFO:root:12_13_49_13_01_2021: Change detected
INFO:root:12_13_49_13_01_2021: Change detected
INFO:root:12_13_49_13_01_2021: Change detected
INFO:root:12_13_49_13_01_2021: Change detected
INFO:root:12_13_49_13_01_2021: Change detected
INFO:root:12_13_49_13_01_2021: Change detected
INFO:root:12_13_49_13_01_2021: Change detected
INFO:root:12_13_49_13_01_2021: Change detected
INFO:root:12_13_50_13_01_2021: Change detected
INFO:root:12_13_50_13_01_2021: Change detected
INFO:root:12_13_50_13_01_2021: Change detected
INFO:root:12_13_50_13_01_2021: Change detected
INFO:root:12_13_50_13_01_2021: Change detected
INFO:root:12_13_50_13_01_2021: Change detected
INFO:root:12_13_50_13_01_2021: Change detected
INFO:root:12_13_50_13_01_2021: Change detected
INFO:root:12_13_50_13_01_2021: Change detected
INFO:root:12_13_50_13_01_2021: Change detected
INFO:root:12_13_50_13_01_2021: Change detected
INFO:root:12_13_51_13_01_2021: Change detected
INFO:root:12_13_51_13_01_2021: Change detected
INFO:root:12_13_51_13_01_2021: Change detected
INFO:root:12_13_51_13_01_2021: Change detected
INFO:root:12_13_51_13_01_2021: Change detected
INFO:root:12_13_51_13_01_2021: Change detected
INFO:root:12_13_51_13_01_2021: Change detected
INFO:root:12_13_51_13_01_2021: Change detected
INFO:root:12_13_51_13_01_2021: Change detected
INFO:root:12_13_51_13_01_2021: Change detected
INFO:root:12_13_51_13_01_2021: Change detected
INFO:root:12_13_52_13_01_2021: Change detected
INFO:root:12_13_52_13_01_2021: Change detected
INFO:root:12_13_52_13_01_2021: Change detected
INFO:root:12_13_52_13_01_2021: Change detected
INFO:root:12_13_52_13_01_2021: Change detected
INFO:root:12_13_52_13_01_2021: Change detected
INFO:root:12_13_52_13_01_2021: Change detected
INFO:root:12_13_52_13_01_2021: Change detected
INFO:root:12_13_52_13_01_2021: Change detected
INFO:root:12_13_52_13_01_2021: Change detected
INFO:root:12_13_52_13_01_2021: Change detected
INFO:root:12_13_52_13_01_2021: Change detected
INFO:root:12_13_53_13_01_2021: Change detected
INFO:root:12_13_53_13_01_2021: Change detected
INFO:root:12_13_53_13_01_2021: Change detected
INFO:root:12_13_53_13_01_2021: Change detected
INFO:root:12_13_53_13_01_2021: Change detected
INFO:root:12_13_53_13_01_2021: Change detected
INFO:root:12_13_53_13_01_2021: Change detected
INFO:root:12_13_53_13_01_2021: Change detected
INFO:root:12_13_53_13_01_2021: Change detected
INFO:root:12_13_53_13_01_2021: Change detected
INFO:root:12_13_53_13_01_2021: Change detected
INFO:root:12_13_54_13_01_2021: Change detected
INFO:root:12_13_54_13_01_2021: Change detected
INFO:root:12_13_54_13_01_2021: Change detected
INFO:root:12_13_54_13_01_2021: Change detected
INFO:root:12_13_54_13_01_2021: Change detected
INFO:root:12_13_54_13_01_2021: Change detected
INFO:root:12_13_54_13_01_2021: Change detected
INFO:root:12_13_54_13_01_2021: Change detected
INFO:root:12_13_54_13_01_2021: Change detected
INFO:root:12_13_54_13_01_2021: Change detected
INFO:root:12_13_54_13_01_2021: Change detected
INFO:root:12_13_55_13_01_2021: Change detected
INFO:root:12_13_55_13_01_2021: Change detected
INFO:root:12_13_55_13_01_2021: Change detected
INFO:root:12_13_55_13_01_2021: Change detected
INFO:root:12_13_55_13_01_2021: Change detected
INFO:root:12_13_55_13_01_2021: Change detected
INFO:root:12_13_55_13_01_2021: Change detected
INFO:root:12_13_55_13_01_2021: Change detected
INFO:root:12_13_55_13_01_2021: Change detected
INFO:root:12_13_55_13_01_2021: Change detected
INFO:root:12_13_55_13_01_2021: Change detected
INFO:root:12_13_55_13_01_2021: Change detected
INFO:root:12_13_56_13_01_2021: Change detected
INFO:root:12_13_56_13_01_2021: Change detected
INFO:root:12_13_56_13_01_2021: Change detected
INFO:root:12_13_56_13_01_2021: Change detected
INFO:root:12_13_56_13_01_2021: Change detected
INFO:root:12_13_56_13_01_2021: Change detected
INFO:root:12_13_56_13_01_2021: Change detected
INFO:root:12_13_56_13_01_2021: Change detected
INFO:root:12_13_56_13_01_2021: Change detected
INFO:root:12_13_56_13_01_2021: Change detected
INFO:root:12_13_56_13_01_2021: Change detected
INFO:root:12_13_57_13_01_2021: Change detected
INFO:root:12_13_57_13_01_2021: Change detected
INFO:root:12_13_57_13_01_2021: Change detected
INFO:root:12_13_57_13_01_2021: Change detected
INFO:root:12_13_57_13_01_2021: Change detected
INFO:root:12_13_57_13_01_2021: Change detected
INFO:root:12_13_57_13_01_2021: Change detected
INFO:root:12_13_57_13_01_2021: Change detected
INFO:root:12_13_57_13_01_2021: Change detected
INFO:root:12_13_57_13_01_2021: Change detected
INFO:root:12_13_57_13_01_2021: Change detected
INFO:root:12_13_58_13_01_2021: Change detected
INFO:root:12_13_58_13_01_2021: Change detected
INFO:root:12_13_58_13_01_2021: Change detected
INFO:root:12_13_58_13_01_2021: Change detected
INFO:root:12_13_58_13_01_2021: Change detected
INFO:root:12_13_58_13_01_2021: Change detected
INFO:root:12_13_58_13_01_2021: Change detected
INFO:root:12_13_58_13_01_2021: Change detected
INFO:root:12_13_58_13_01_2021: Change detected
INFO:root:12_13_58_13_01_2021: Change detected
INFO:root:12_13_58_13_01_2021: Change detected
INFO:root:12_13_59_13_01_2021: Change detected
INFO:root:12_13_59_13_01_2021: Change detected
INFO:root:12_13_59_13_01_2021: Change detected
INFO:root:12_13_59_13_01_2021: Change detected
INFO:root:12_13_59_13_01_2021: Change detected
INFO:root:12_13_59_13_01_2021: Change detected
INFO:root:12_13_59_13_01_2021: Change detected
INFO:root:12_13_59_13_01_2021: Change detected
INFO:root:12_13_59_13_01_2021: Change detected
INFO:root:12_13_59_13_01_2021: Change detected
INFO:root:12_13_59_13_01_2021: Change detected
INFO:root:12_14_00_13_01_2021: Change detected
INFO:root:12_14_00_13_01_2021: Change detected
INFO:root:12_14_00_13_01_2021: Change detected
INFO:root:12_14_00_13_01_2021: Change detected
INFO:root:12_14_00_13_01_2021: Change detected
INFO:root:12_14_00_13_01_2021: Change detected
INFO:root:12_14_00_13_01_2021: Change detected
INFO:root:12_14_00_13_01_2021: Change detected
INFO:root:12_14_00_13_01_2021: Change detected
INFO:root:12_14_00_13_01_2021: Change detected
INFO:root:12_14_00_13_01_2021: Change detected
INFO:root:12_14_00_13_01_2021: Change detected
INFO:root:12_14_01_13_01_2021: Change detected
INFO:root:12_14_01_13_01_2021: Change detected
INFO:root:12_14_01_13_01_2021: Change detected
INFO:root:12_14_01_13_01_2021: Change detected
INFO:root:12_14_01_13_01_2021: Change detected
INFO:root:12_14_01_13_01_2021: Change detected
INFO:root:12_14_01_13_01_2021: Change detected
INFO:root:12_14_01_13_01_2021: Change detected
INFO:root:12_14_01_13_01_2021: Change detected
INFO:root:12_14_01_13_01_2021: Change detected
INFO:root:12_14_01_13_01_2021: Change detected
INFO:root:12_14_02_13_01_2021: Change detected
INFO:root:12_14_02_13_01_2021: Change detected
INFO:root:12_14_02_13_01_2021: Change detected
INFO:root:12_14_02_13_01_2021: Change detected
INFO:root:12_14_02_13_01_2021: Change detected
INFO:root:12_14_02_13_01_2021: Change detected
INFO:root:12_14_02_13_01_2021: Change detected
INFO:root:12_14_02_13_01_2021: Change detected
INFO:root:12_14_02_13_01_2021: Change detected
INFO:root:12_14_02_13_01_2021: Change detected
INFO:root:12_14_02_13_01_2021: Change detected
INFO:root:12_14_03_13_01_2021: Change detected
INFO:root:12_14_03_13_01_2021: Change detected
INFO:root:12_14_03_13_01_2021: Change detected
INFO:root:12_14_03_13_01_2021: Change detected
INFO:root:12_14_03_13_01_2021: Change detected
INFO:root:12_14_03_13_01_2021: Change detected
INFO:root:12_14_03_13_01_2021: Change detected
INFO:root:12_14_03_13_01_2021: Change detected
INFO:root:12_14_03_13_01_2021: Change detected
INFO:root:12_14_03_13_01_2021: Change detected
INFO:root:12_14_03_13_01_2021: Change detected
INFO:root:12_14_03_13_01_2021: Change detected
INFO:root:12_14_04_13_01_2021: Change detected
INFO:root:12_14_04_13_01_2021: Change detected
INFO:root:12_14_04_13_01_2021: Change detected
INFO:root:12_14_04_13_01_2021: Change detected
INFO:root:12_14_04_13_01_2021: Change detected
INFO:root:12_14_04_13_01_2021: Change detected
INFO:root:12_14_04_13_01_2021: Change detected
INFO:root:12_14_04_13_01_2021: Change detected
INFO:root:12_14_04_13_01_2021: Change detected
INFO:root:12_14_04_13_01_2021: Change detected
INFO:root:12_14_04_13_01_2021: Change detected
INFO:root:12_14_05_13_01_2021: Change detected
INFO:root:12_14_05_13_01_2021: Change detected
INFO:root:12_14_05_13_01_2021: Change detected
INFO:root:12_14_05_13_01_2021: Change detected
INFO:root:12_14_05_13_01_2021: Change detected
INFO:root:12_14_05_13_01_2021: Change detected
INFO:root:12_14_05_13_01_2021: Change detected
INFO:root:12_14_05_13_01_2021: Change detected
INFO:root:12_14_05_13_01_2021: Change detected
INFO:root:12_14_05_13_01_2021: Change detected
INFO:root:12_14_05_13_01_2021: Change detected
INFO:root:12_14_05_13_01_2021: Change detected
INFO:root:12_14_06_13_01_2021: Change detected
INFO:root:12_14_06_13_01_2021: Change detected
INFO:root:12_14_06_13_01_2021: Change detected
INFO:root:12_14_06_13_01_2021: Change detected
INFO:root:12_14_06_13_01_2021: Change detected
INFO:root:12_14_06_13_01_2021: Change detected
INFO:root:12_14_06_13_01_2021: Change detected
INFO:root:12_14_06_13_01_2021: Change detected
INFO:root:12_14_06_13_01_2021: Change detected
INFO:root:12_14_06_13_01_2021: Change detected
INFO:root:12_14_06_13_01_2021: Change detected
INFO:root:12_14_07_13_01_2021: Change detected
INFO:root:12_14_07_13_01_2021: Change detected
INFO:root:12_14_07_13_01_2021: Change detected
INFO:root:12_14_07_13_01_2021: Change detected
INFO:root:12_14_07_13_01_2021: Change detected
INFO:root:12_14_07_13_01_2021: Change detected
INFO:root:12_14_07_13_01_2021: Change detected
INFO:root:12_14_07_13_01_2021: Change detected
INFO:root:12_14_07_13_01_2021: Change detected
INFO:root:12_14_07_13_01_2021: Change detected
INFO:root:12_14_07_13_01_2021: Change detected
INFO:root:12_14_08_13_01_2021: Change detected
INFO:root:12_14_08_13_01_2021: Change detected
INFO:root:12_14_08_13_01_2021: Change detected
INFO:root:12_14_08_13_01_2021: Change detected
INFO:root:12_14_08_13_01_2021: Change detected
INFO:root:12_14_08_13_01_2021: Change detected
INFO:root:12_14_08_13_01_2021: Change detected
INFO:root:12_14_08_13_01_2021: Change detected
INFO:root:12_14_08_13_01_2021: Change detected
INFO:root:12_14_08_13_01_2021: Change detected
INFO:root:12_14_08_13_01_2021: Change detected
INFO:root:12_14_09_13_01_2021: Change detected
INFO:root:12_14_09_13_01_2021: Change detected
INFO:root:12_14_09_13_01_2021: Change detected
INFO:root:12_14_09_13_01_2021: Change detected
INFO:root:12_14_09_13_01_2021: Change detected
INFO:root:12_14_09_13_01_2021: Change detected
INFO:root:12_14_09_13_01_2021: Change detected
INFO:root:12_14_09_13_01_2021: Change detected
INFO:root:12_14_09_13_01_2021: Change detected
INFO:root:12_14_09_13_01_2021: Change detected
INFO:root:12_14_09_13_01_2021: Change detected
INFO:root:12_14_09_13_01_2021: Change detected
INFO:root:12_14_10_13_01_2021: Change detected
INFO:root:12_14_10_13_01_2021: Change detected
INFO:root:12_14_10_13_01_2021: Change detected
INFO:root:12_14_10_13_01_2021: Change detected
INFO:root:12_14_10_13_01_2021: Change detected
INFO:root:12_14_10_13_01_2021: Change detected
INFO:root:12_14_10_13_01_2021: Change detected
INFO:root:12_14_10_13_01_2021: Change detected
INFO:root:12_14_10_13_01_2021: Change detected
INFO:root:12_14_10_13_01_2021: Change detected
INFO:root:12_14_10_13_01_2021: Change detected
INFO:root:12_14_11_13_01_2021: Change detected
INFO:root:12_14_11_13_01_2021: Change detected
INFO:root:12_14_11_13_01_2021: Change detected
