INFO:root:Scene Object change detection Job Started...
DEBUG:root:Monitering started...
DEBUG:matplotlib.font_manager:findfont: Matching :family=sans-serif:style=normal:variant=normal:weight=normal:stretch=normal:size=10.0.
DEBUG:matplotlib.font_manager:findfont: score(<Font 'STIXSizeThreeSym' (STIXSizThreeSymBol.ttf) normal normal bold normal>) = 10.335
DEBUG:matplotlib.font_manager:findfont: score(<Font 'DejaVu Sans Mono' (DejaVuSansMono.ttf) normal normal 400 normal>) = 10.05
DEBUG:matplotlib.font_manager:findfont: score(<Font 'DejaVu Serif' (DejaVuSerif.ttf) normal normal 400 normal>) = 10.05
DEBUG:matplotlib.font_manager:findfont: score(<Font 'DejaVu Sans Mono' (DejaVuSansMono-Bold.ttf) normal normal bold normal>) = 10.335
DEBUG:matplotlib.font_manager:findfont: score(<Font 'cmtt10' (cmtt10.ttf) normal normal 400 normal>) = 10.05
DEBUG:matplotlib.font_manager:findfont: score(<Font 'STIXNonUnicode' (STIXNonUni.ttf) normal normal regular normal>) = 10.05
DEBUG:matplotlib.font_manager:findfont: score(<Font 'STIXSizeFourSym' (STIXSizFourSymBol.ttf) normal normal bold normal>) = 10.335
DEBUG:matplotlib.font_manager:findfont: score(<Font 'STIXNonUnicode' (STIXNonUniBolIta.ttf) italic normal bold normal>) = 11.335
DEBUG:matplotlib.font_manager:findfont: score(<Font 'DejaVu Sans' (DejaVuSans-BoldOblique.ttf) oblique normal bold normal>) = 1.335
DEBUG:matplotlib.font_manager:findfont: score(<Font 'STIXSizeOneSym' (STIXSizOneSymReg.ttf) normal normal regular normal>) = 10.05
DEBUG:matplotlib.font_manager:findfont: score(<Font 'cmr10' (cmr10.ttf) normal normal 400 normal>) = 10.05
DEBUG:matplotlib.font_manager:findfont: score(<Font 'cmss10' (cmss10.ttf) normal normal 400 normal>) = 10.05
DEBUG:matplotlib.font_manager:findfont: score(<Font 'STIXSizeOneSym' (STIXSizOneSymBol.ttf) normal normal bold normal>) = 10.335
DEBUG:matplotlib.font_manager:findfont: score(<Font 'cmb10' (cmb10.ttf) normal normal 400 normal>) = 10.05
DEBUG:matplotlib.font_manager:findfont: score(<Font 'DejaVu Serif' (DejaVuSerif-Italic.ttf) italic normal 400 normal>) = 11.05
DEBUG:matplotlib.font_manager:findfont: score(<Font 'DejaVu Sans Mono' (DejaVuSansMono-BoldOblique.ttf) oblique normal bold normal>) = 11.335
DEBUG:matplotlib.font_manager:findfont: score(<Font 'DejaVu Serif Display' (DejaVuSerifDisplay.ttf) normal normal 400 normal>) = 10.05
DEBUG:matplotlib.font_manager:findfont: score(<Font 'DejaVu Sans Display' (DejaVuSansDisplay.ttf) normal normal 400 normal>) = 10.05
DEBUG:matplotlib.font_manager:findfont: score(<Font 'cmex10' (cmex10.ttf) normal normal 400 normal>) = 10.05
DEBUG:matplotlib.font_manager:findfont: score(<Font 'STIXNonUnicode' (STIXNonUniBol.ttf) normal normal bold normal>) = 10.335
DEBUG:matplotlib.font_manager:findfont: score(<Font 'cmsy10' (cmsy10.ttf) normal normal 400 normal>) = 10.05
DEBUG:matplotlib.font_manager:findfont: score(<Font 'DejaVu Sans' (DejaVuSans-Bold.ttf) normal normal bold normal>) = 0.33499999999999996
DEBUG:matplotlib.font_manager:findfont: score(<Font 'STIXSizeTwoSym' (STIXSizTwoSymBol.ttf) normal normal bold normal>) = 10.335
DEBUG:matplotlib.font_manager:findfont: score(<Font 'DejaVu Sans' (DejaVuSans.ttf) normal normal 400 normal>) = 0.05
DEBUG:matplotlib.font_manager:findfont: score(<Font 'STIXGeneral' (STIXGeneral.ttf) normal normal regular normal>) = 10.05
DEBUG:matplotlib.font_manager:findfont: score(<Font 'STIXSizeFiveSym' (STIXSizFiveSymReg.ttf) normal normal regular normal>) = 10.05
DEBUG:matplotlib.font_manager:findfont: score(<Font 'STIXSizeThreeSym' (STIXSizThreeSymReg.ttf) normal normal regular normal>) = 10.05
DEBUG:matplotlib.font_manager:findfont: score(<Font 'cmmi10' (cmmi10.ttf) normal normal 400 normal>) = 10.05
DEBUG:matplotlib.font_manager:findfont: score(<Font 'STIXGeneral' (STIXGeneralBolIta.ttf) italic normal bold normal>) = 11.335
DEBUG:matplotlib.font_manager:findfont: score(<Font 'DejaVu Sans' (DejaVuSans-Oblique.ttf) oblique normal 400 normal>) = 1.05
DEBUG:matplotlib.font_manager:findfont: score(<Font 'STIXGeneral' (STIXGeneralBol.ttf) normal normal bold normal>) = 10.335
DEBUG:matplotlib.font_manager:findfont: score(<Font 'DejaVu Sans Mono' (DejaVuSansMono-Oblique.ttf) oblique normal 400 normal>) = 11.05
DEBUG:matplotlib.font_manager:findfont: score(<Font 'DejaVu Serif' (DejaVuSerif-Bold.ttf) normal normal bold normal>) = 10.335
DEBUG:matplotlib.font_manager:findfont: score(<Font 'DejaVu Serif' (DejaVuSerif-BoldItalic.ttf) italic normal bold normal>) = 11.335
DEBUG:matplotlib.font_manager:findfont: score(<Font 'STIXNonUnicode' (STIXNonUniIta.ttf) italic normal 400 normal>) = 11.05
DEBUG:matplotlib.font_manager:findfont: score(<Font 'STIXGeneral' (STIXGeneralItalic.ttf) italic normal 400 normal>) = 11.05
DEBUG:matplotlib.font_manager:findfont: score(<Font 'STIXSizeFourSym' (STIXSizFourSymReg.ttf) normal normal regular normal>) = 10.05
DEBUG:matplotlib.font_manager:findfont: score(<Font 'STIXSizeTwoSym' (STIXSizTwoSymReg.ttf) normal normal regular normal>) = 10.05
DEBUG:matplotlib.font_manager:findfont: score(<Font 'Liberation Sans' (LiberationSans-Regular.ttf) normal normal 400 normal>) = 10.05
DEBUG:matplotlib.font_manager:findfont: score(<Font 'Tlwg Typo' (TlwgTypo-BoldOblique.ttf) oblique normal bold normal>) = 11.335
DEBUG:matplotlib.font_manager:findfont: score(<Font 'Liberation Serif' (LiberationSerif-Regular.ttf) normal normal 400 normal>) = 10.05
DEBUG:matplotlib.font_manager:findfont: score(<Font 'Norasi' (Norasi-Oblique.ttf) oblique normal 400 normal>) = 11.05
DEBUG:matplotlib.font_manager:findfont: score(<Font 'Ubuntu' (Ubuntu-RI.ttf) italic normal 400 normal>) = 11.05
DEBUG:matplotlib.font_manager:findfont: score(<Font 'Liberation Mono' (LiberationMono-Bold.ttf) normal normal bold normal>) = 10.335
DEBUG:matplotlib.font_manager:findfont: score(<Font 'Loma' (Loma-Bold.ttf) normal normal bold normal>) = 10.335
DEBUG:matplotlib.font_manager:findfont: score(<Font 'Noto Serif CJK JP' (NotoSerifCJK-Regular.ttc) normal normal 400 normal>) = 10.05
DEBUG:matplotlib.font_manager:findfont: score(<Font 'Waree' (Waree-Bold.ttf) normal normal bold normal>) = 10.335
DEBUG:matplotlib.font_manager:findfont: score(<Font 'Lohit Malayalam' (Lohit-Malayalam.ttf) normal normal 400 normal>) = 10.05
DEBUG:matplotlib.font_manager:findfont: score(<Font 'FreeSerif' (FreeSerifItalic.ttf) italic normal 400 normal>) = 11.05
DEBUG:matplotlib.font_manager:findfont: score(<Font 'Ubuntu Mono' (UbuntuMono-RI.ttf) italic normal 400 normal>) = 11.05
DEBUG:matplotlib.font_manager:findfont: score(<Font 'Meera' (Meera.ttf) normal normal 400 normal>) = 10.05
DEBUG:matplotlib.font_manager:findfont: score(<Font 'Lohit Tamil Classical' (Lohit-Tamil-Classical.ttf) normal normal 400 normal>) = 10.05
DEBUG:matplotlib.font_manager:findfont: score(<Font 'Tlwg Typewriter' (TlwgTypewriter.ttf) normal normal 400 normal>) = 10.05
DEBUG:matplotlib.font_manager:findfont: score(<Font 'Tlwg Typo' (TlwgTypo-Oblique.ttf) oblique normal 400 normal>) = 11.05
DEBUG:matplotlib.font_manager:findfont: score(<Font 'DejaVu Sans' (DejaVuSansCondensed-Bold.ttf) normal normal bold condensed>) = 0.5349999999999999
DEBUG:matplotlib.font_manager:findfont: score(<Font 'Dyuthi' (Dyuthi.ttf) normal normal 400 normal>) = 10.05
DEBUG:matplotlib.font_manager:findfont: score(<Font 'KacstOne' (KacstOne.ttf) normal normal 400 normal>) = 10.05
DEBUG:matplotlib.font_manager:findfont: score(<Font 'Suruma' (Suruma.ttf) normal normal 400 normal>) = 10.05
DEBUG:matplotlib.font_manager:findfont: score(<Font 'Liberation Serif' (LiberationSerif-Bold.ttf) normal normal bold normal>) = 10.335
DEBUG:matplotlib.font_manager:findfont: score(<Font 'Kalapi' (Kalapi.ttf) normal normal 400 normal>) = 10.05
DEBUG:matplotlib.font_manager:findfont: score(<Font 'Tlwg Typewriter' (TlwgTypewriter-Bold.ttf) normal normal bold normal>) = 10.335
DEBUG:matplotlib.font_manager:findfont: score(<Font 'Loma' (Loma-Oblique.ttf) oblique normal 400 normal>) = 11.05
DEBUG:matplotlib.font_manager:findfont: score(<Font 'Kinnari' (Kinnari-Bold.ttf) normal normal bold normal>) = 10.335
DEBUG:matplotlib.font_manager:findfont: score(<Font 'Sahadeva' (sahadeva.ttf) normal normal 400 normal>) = 10.05
DEBUG:matplotlib.font_manager:findfont: score(<Font 'LKLUG' (lklug.ttf) normal normal 400 normal>) = 10.05
DEBUG:matplotlib.font_manager:findfont: score(<Font 'Liberation Serif' (LiberationSerif-Italic.ttf) italic normal 400 normal>) = 11.05
DEBUG:matplotlib.font_manager:findfont: score(<Font 'Tlwg Typist' (TlwgTypist.ttf) normal normal 400 normal>) = 10.05
DEBUG:matplotlib.font_manager:findfont: score(<Font 'Mitra Mono' (mitra.ttf) normal normal 400 normal>) = 10.05
DEBUG:matplotlib.font_manager:findfont: score(<Font 'Lohit Bengali' (Lohit-Bengali.ttf) normal normal 400 normal>) = 10.05
DEBUG:matplotlib.font_manager:findfont: score(<Font 'Jamrul' (JamrulNormal.ttf) normal normal 400 normal>) = 10.05
DEBUG:matplotlib.font_manager:findfont: score(<Font 'DejaVu Sans' (DejaVuSansCondensed.ttf) normal normal 400 condensed>) = 0.25
DEBUG:matplotlib.font_manager:findfont: score(<Font 'Padauk Book' (PadaukBook-Bold.ttf) normal normal book normal>) = 10.05
DEBUG:matplotlib.font_manager:findfont: score(<Font 'KacstScreen' (KacstScreen.ttf) normal normal 400 normal>) = 10.05
DEBUG:matplotlib.font_manager:findfont: score(<Font 'Samyak Gujarati' (Samyak-Gujarati.ttf) normal normal 400 normal>) = 10.05
DEBUG:matplotlib.font_manager:findfont: score(<Font 'Ubuntu' (Ubuntu-LI.ttf) italic normal light normal>) = 11.24
DEBUG:matplotlib.font_manager:findfont: score(<Font 'Norasi' (Norasi-BoldOblique.ttf) oblique normal bold normal>) = 11.335
DEBUG:matplotlib.font_manager:findfont: score(<Font 'Laksaman' (Laksaman-Italic.ttf) italic normal 400 normal>) = 11.05
DEBUG:matplotlib.font_manager:findfont: score(<Font 'Ubuntu Condensed' (Ubuntu-C.ttf) normal normal 400 condensed>) = 10.25
DEBUG:matplotlib.font_manager:findfont: score(<Font 'Karumbi' (Karumbi.ttf) normal normal 400 normal>) = 10.05
DEBUG:matplotlib.font_manager:findfont: score(<Font 'Kinnari' (Kinnari-Italic.ttf) italic normal 400 normal>) = 11.05
DEBUG:matplotlib.font_manager:findfont: score(<Font 'Ubuntu' (Ubuntu-BI.ttf) italic normal bold normal>) = 11.335
DEBUG:matplotlib.font_manager:findfont: score(<Font 'Loma' (Loma-BoldOblique.ttf) oblique normal bold normal>) = 11.335
DEBUG:matplotlib.font_manager:findfont: score(<Font 'Laksaman' (Laksaman.ttf) normal normal 400 normal>) = 10.05
DEBUG:matplotlib.font_manager:findfont: score(<Font 'Laksaman' (Laksaman-BoldItalic.ttf) italic normal bold normal>) = 11.335
DEBUG:matplotlib.font_manager:findfont: score(<Font 'Likhan' (LikhanNormal.ttf) normal normal 400 normal>) = 10.05
DEBUG:matplotlib.font_manager:findfont: score(<Font 'Lohit Telugu' (Lohit-Telugu.ttf) normal normal 400 normal>) = 10.05
DEBUG:matplotlib.font_manager:findfont: score(<Font 'Liberation Sans Narrow' (LiberationSansNarrow-BoldItalic.ttf) italic normal bold condensed>) = 11.535
DEBUG:matplotlib.font_manager:findfont: score(<Font 'FreeMono' (FreeMono.ttf) normal normal 400 normal>) = 10.05
DEBUG:matplotlib.font_manager:findfont: score(<Font 'padmaa' (padmaa-Medium-0.5.ttf) normal normal normal normal>) = 10.0
DEBUG:matplotlib.font_manager:findfont: score(<Font 'Sawasdee' (Sawasdee-Oblique.ttf) oblique normal 400 normal>) = 11.05
DEBUG:matplotlib.font_manager:findfont: score(<Font 'Umpush' (Umpush-Light.ttf) normal normal light normal>) = 10.24
DEBUG:matplotlib.font_manager:findfont: score(<Font 'KacstOne' (KacstOne-Bold.ttf) normal normal bold normal>) = 10.335
DEBUG:matplotlib.font_manager:findfont: score(<Font 'Waree' (Waree.ttf) normal normal 400 normal>) = 10.05
DEBUG:matplotlib.font_manager:findfont: score(<Font 'Lohit Devanagari' (Lohit-Devanagari.ttf) normal normal 400 normal>) = 10.05
DEBUG:matplotlib.font_manager:findfont: score(<Font 'Tlwg Typewriter' (TlwgTypewriter-Oblique.ttf) oblique normal 400 normal>) = 11.05
DEBUG:matplotlib.font_manager:findfont: score(<Font 'Tlwg Typist' (TlwgTypist-Bold.ttf) normal normal bold normal>) = 10.335
DEBUG:matplotlib.font_manager:findfont: score(<Font 'Ubuntu Mono' (UbuntuMono-R.ttf) normal normal 400 normal>) = 10.05
DEBUG:matplotlib.font_manager:findfont: score(<Font 'Tibetan Machine Uni' (TibetanMachineUni.ttf) normal normal 400 normal>) = 10.05
DEBUG:matplotlib.font_manager:findfont: score(<Font 'Khmer OS System' (KhmerOSsys.ttf) normal normal 400 normal>) = 10.05
DEBUG:matplotlib.font_manager:findfont: score(<Font 'Droid Sans Fallback' (DroidSansFallbackFull.ttf) normal normal 400 normal>) = 10.05
DEBUG:matplotlib.font_manager:findfont: score(<Font 'Purisa' (Purisa.ttf) normal normal 400 normal>) = 10.05
DEBUG:matplotlib.font_manager:findfont: score(<Font 'Padauk' (Padauk-Regular.ttf) normal normal 400 normal>) = 10.05
DEBUG:matplotlib.font_manager:findfont: score(<Font 'Manjari' (Manjari-Bold.otf) normal normal bold normal>) = 10.335
DEBUG:matplotlib.font_manager:findfont: score(<Font 'KacstNaskh' (KacstNaskh.ttf) normal normal 400 normal>) = 10.05
DEBUG:matplotlib.font_manager:findfont: score(<Font 'Keraleeyam' (Keraleeyam.ttf) normal normal 700 normal>) = 10.335
DEBUG:matplotlib.font_manager:findfont: score(<Font 'Purisa' (Purisa-Bold.ttf) normal normal bold normal>) = 10.335
DEBUG:matplotlib.font_manager:findfont: score(<Font 'Norasi' (Norasi.ttf) normal normal 400 normal>) = 10.05
DEBUG:matplotlib.font_manager:findfont: score(<Font 'KacstPen' (KacstPen.ttf) normal normal 400 normal>) = 10.05
DEBUG:matplotlib.font_manager:findfont: score(<Font 'Kinnari' (Kinnari-Oblique.ttf) oblique normal 400 normal>) = 11.05
DEBUG:matplotlib.font_manager:findfont: score(<Font 'Garuda' (Garuda-BoldOblique.ttf) oblique normal bold normal>) = 11.335
DEBUG:matplotlib.font_manager:findfont: score(<Font 'Liberation Sans' (LiberationSans-BoldItalic.ttf) italic normal bold normal>) = 11.335
DEBUG:matplotlib.font_manager:findfont: score(<Font 'Tlwg Typo' (TlwgTypo.ttf) normal normal 400 normal>) = 10.05
DEBUG:matplotlib.font_manager:findfont: score(<Font 'FreeMono' (FreeMonoOblique.ttf) oblique normal 400 normal>) = 11.05
DEBUG:matplotlib.font_manager:findfont: score(<Font 'Tlwg Typo' (TlwgTypo-Bold.ttf) normal normal bold normal>) = 10.335
DEBUG:matplotlib.font_manager:findfont: score(<Font 'Noto Mono' (NotoMono-Regular.ttf) normal normal 400 normal>) = 10.05
DEBUG:matplotlib.font_manager:findfont: score(<Font 'FreeSans' (FreeSansBoldOblique.ttf) oblique normal bold normal>) = 11.335
DEBUG:matplotlib.font_manager:findfont: score(<Font 'Liberation Sans' (LiberationSans-Bold.ttf) normal normal bold normal>) = 10.335
DEBUG:matplotlib.font_manager:findfont: score(<Font 'Liberation Sans Narrow' (LiberationSansNarrow-Regular.ttf) normal normal 400 condensed>) = 10.25
DEBUG:matplotlib.font_manager:findfont: score(<Font 'RaghuMalayalam' (RaghuMalayalamSans-Regular.ttf) normal normal regular normal>) = 10.05
DEBUG:matplotlib.font_manager:findfont: score(<Font 'Kalimati' (kalimati.ttf) normal normal 400 normal>) = 10.05
DEBUG:matplotlib.font_manager:findfont: score(<Font 'Samyak Malayalam' (Samyak-Malayalam.ttf) normal normal 400 normal>) = 10.05
DEBUG:matplotlib.font_manager:findfont: score(<Font 'KacstDecorative' (KacstDecorative.ttf) normal normal 400 normal>) = 10.05
DEBUG:matplotlib.font_manager:findfont: score(<Font 'Abyssinica SIL' (AbyssinicaSIL-R.ttf) normal normal 400 normal>) = 10.05
DEBUG:matplotlib.font_manager:findfont: score(<Font 'AnjaliOldLipi' (AnjaliOldLipi.ttf) normal normal 400 normal>) = 10.05
DEBUG:matplotlib.font_manager:findfont: score(<Font 'Manjari' (Manjari-Thin.otf) normal normal 400 normal>) = 10.05
DEBUG:matplotlib.font_manager:findfont: score(<Font 'KacstArt' (KacstArt.ttf) normal normal 400 normal>) = 10.05
DEBUG:matplotlib.font_manager:findfont: score(<Font 'Purisa' (Purisa-Oblique.ttf) oblique normal 400 normal>) = 11.05
DEBUG:matplotlib.font_manager:findfont: score(<Font 'Lohit Odia' (Lohit-Odia.ttf) normal normal 400 normal>) = 10.05
DEBUG:matplotlib.font_manager:findfont: score(<Font 'KacstDigital' (KacstDigital.ttf) normal normal 400 normal>) = 10.05
DEBUG:matplotlib.font_manager:findfont: score(<Font 'Samyak Devanagari' (Samyak-Devanagari.ttf) normal normal 400 normal>) = 10.05
DEBUG:matplotlib.font_manager:findfont: score(<Font 'Umpush' (Umpush-Oblique.ttf) oblique normal 400 normal>) = 11.05
DEBUG:matplotlib.font_manager:findfont: score(<Font 'Lohit Tamil' (Lohit-Tamil.ttf) normal normal 400 normal>) = 10.05
DEBUG:matplotlib.font_manager:findfont: score(<Font 'Ubuntu' (Ubuntu-L.ttf) normal normal light normal>) = 10.24
DEBUG:matplotlib.font_manager:findfont: score(<Font 'Liberation Mono' (LiberationMono-Regular.ttf) normal normal 400 normal>) = 10.05
DEBUG:matplotlib.font_manager:findfont: score(<Font 'mry_KacstQurn' (mry_KacstQurn.ttf) normal normal 400 normal>) = 10.05
DEBUG:matplotlib.font_manager:findfont: score(<Font 'Liberation Mono' (LiberationMono-BoldItalic.ttf) italic normal bold normal>) = 11.335
DEBUG:matplotlib.font_manager:findfont: score(<Font 'Laksaman' (Laksaman-Bold.ttf) normal normal bold normal>) = 10.335
DEBUG:matplotlib.font_manager:findfont: score(<Font 'DejaVu Sans' (DejaVuSansCondensed-BoldOblique.ttf) oblique normal bold condensed>) = 1.535
DEBUG:matplotlib.font_manager:findfont: score(<Font 'Umpush' (Umpush.ttf) normal normal 400 normal>) = 10.05
DEBUG:matplotlib.font_manager:findfont: score(<Font 'Khmer OS' (KhmerOS.ttf) normal normal 400 normal>) = 10.05
DEBUG:matplotlib.font_manager:findfont: score(<Font 'Garuda' (Garuda.ttf) normal normal 400 normal>) = 10.05
DEBUG:matplotlib.font_manager:findfont: score(<Font 'DejaVu Sans' (DejaVuSansCondensed-Oblique.ttf) oblique normal 400 condensed>) = 1.25
DEBUG:matplotlib.font_manager:findfont: score(<Font 'FreeSans' (FreeSansOblique.ttf) oblique normal 400 normal>) = 11.05
DEBUG:matplotlib.font_manager:findfont: score(<Font 'FreeSerif' (FreeSerif.ttf) normal normal 400 normal>) = 10.05
DEBUG:matplotlib.font_manager:findfont: score(<Font 'Noto Sans CJK JP' (NotoSansCJK-Bold.ttc) normal normal bold normal>) = 10.335
DEBUG:matplotlib.font_manager:findfont: score(<Font 'Rachana' (Rachana-Bold.ttf) normal normal bold normal>) = 10.335
DEBUG:matplotlib.font_manager:findfont: score(<Font 'DejaVu Serif' (DejaVuSerifCondensed.ttf) normal normal 400 condensed>) = 10.25
DEBUG:matplotlib.font_manager:findfont: score(<Font 'padmaa-Bold.1.1' (padmaa-Bold.1.1.ttf) normal normal bold normal>) = 10.335
DEBUG:matplotlib.font_manager:findfont: score(<Font 'Uroob' (Uroob.ttf) normal normal 700 normal>) = 10.335
DEBUG:matplotlib.font_manager:findfont: score(<Font 'Purisa' (Purisa-BoldOblique.ttf) oblique normal bold normal>) = 11.335
DEBUG:matplotlib.font_manager:findfont: score(<Font 'Vemana2000' (vemana2000.ttf) normal normal 400 normal>) = 10.05
DEBUG:matplotlib.font_manager:findfont: score(<Font 'KacstLetter' (KacstLetter.ttf) normal normal 400 normal>) = 10.05
DEBUG:matplotlib.font_manager:findfont: score(<Font 'KacstOffice' (KacstOffice.ttf) normal normal 400 normal>) = 10.05
DEBUG:matplotlib.font_manager:findfont: score(<Font 'DejaVu Math TeX Gyre' (DejaVuMathTeXGyre.ttf) normal normal regular normal>) = 10.05
DEBUG:matplotlib.font_manager:findfont: score(<Font 'Chandas' (chandas1-2.ttf) normal normal 400 normal>) = 10.05
DEBUG:matplotlib.font_manager:findfont: score(<Font 'Samyak Tamil' (Samyak-Tamil.ttf) normal normal 400 normal>) = 10.05
DEBUG:matplotlib.font_manager:findfont: score(<Font 'aakar' (aakar-medium.ttf) normal normal 400 normal>) = 10.05
DEBUG:matplotlib.font_manager:findfont: score(<Font 'KacstTitleL' (KacstTitleL.ttf) normal normal 400 normal>) = 10.05
DEBUG:matplotlib.font_manager:findfont: score(<Font 'Nakula' (nakula.ttf) normal normal 400 normal>) = 10.05
DEBUG:matplotlib.font_manager:findfont: score(<Font 'Kinnari' (Kinnari.ttf) normal normal 400 normal>) = 10.05
DEBUG:matplotlib.font_manager:findfont: score(<Font 'Tlwg Mono' (TlwgMono-Oblique.ttf) oblique normal 400 normal>) = 11.05
DEBUG:matplotlib.font_manager:findfont: score(<Font 'OpenSymbol' (opens___.ttf) normal normal 400 normal>) = 10.05
DEBUG:matplotlib.font_manager:findfont: score(<Font 'Noto Sans CJK JP' (NotoSansCJK-Regular.ttc) normal normal 400 normal>) = 10.05
DEBUG:matplotlib.font_manager:findfont: score(<Font 'Ubuntu Mono' (UbuntuMono-B.ttf) normal normal bold normal>) = 10.335
DEBUG:matplotlib.font_manager:findfont: score(<Font 'KacstFarsi' (KacstFarsi.ttf) normal normal 400 normal>) = 10.05
DEBUG:matplotlib.font_manager:findfont: score(<Font 'Loma' (Loma.ttf) normal normal 400 normal>) = 10.05
DEBUG:matplotlib.font_manager:findfont: score(<Font 'Gargi' (Gargi.ttf) normal normal 400 normal>) = 10.05
DEBUG:matplotlib.font_manager:findfont: score(<Font 'DejaVu Serif' (DejaVuSerifCondensed-Italic.ttf) italic normal 400 condensed>) = 11.25
DEBUG:matplotlib.font_manager:findfont: score(<Font 'FreeMono' (FreeMonoBoldOblique.ttf) oblique normal bold normal>) = 11.335
DEBUG:matplotlib.font_manager:findfont: score(<Font 'DejaVu Serif' (DejaVuSerifCondensed-BoldItalic.ttf) italic normal bold condensed>) = 11.535
DEBUG:matplotlib.font_manager:findfont: score(<Font 'Sawasdee' (Sawasdee-BoldOblique.ttf) oblique normal bold normal>) = 11.335
DEBUG:matplotlib.font_manager:findfont: score(<Font 'Waree' (Waree-BoldOblique.ttf) oblique normal bold normal>) = 11.335
DEBUG:matplotlib.font_manager:findfont: score(<Font 'Tlwg Mono' (TlwgMono-Bold.ttf) normal normal bold normal>) = 10.335
DEBUG:matplotlib.font_manager:findfont: score(<Font 'Liberation Sans Narrow' (LiberationSansNarrow-Bold.ttf) normal normal bold condensed>) = 10.535
DEBUG:matplotlib.font_manager:findfont: score(<Font 'Sawasdee' (Sawasdee.ttf) normal normal 400 normal>) = 10.05
DEBUG:matplotlib.font_manager:findfont: score(<Font 'Liberation Mono' (LiberationMono-Italic.ttf) italic normal 400 normal>) = 11.05
DEBUG:matplotlib.font_manager:findfont: score(<Font 'DejaVu Sans' (DejaVuSans-ExtraLight.ttf) normal normal light normal>) = 0.24
DEBUG:matplotlib.font_manager:findfont: score(<Font 'FreeMono' (FreeMonoBold.ttf) normal normal bold normal>) = 10.335
DEBUG:matplotlib.font_manager:findfont: score(<Font 'Padauk' (Padauk-Bold.ttf) normal normal bold normal>) = 10.335
DEBUG:matplotlib.font_manager:findfont: score(<Font 'Phetsarath OT' (Phetsarath_OT.ttf) normal normal 400 normal>) = 10.05
DEBUG:matplotlib.font_manager:findfont: score(<Font 'Ubuntu' (Ubuntu-B.ttf) normal normal bold normal>) = 10.335
DEBUG:matplotlib.font_manager:findfont: score(<Font 'Garuda' (Garuda-Bold.ttf) normal normal bold normal>) = 10.335
DEBUG:matplotlib.font_manager:findfont: score(<Font 'Umpush' (Umpush-LightOblique.ttf) oblique normal light normal>) = 11.24
DEBUG:matplotlib.font_manager:findfont: score(<Font 'Padauk Book' (PadaukBook-Regular.ttf) normal normal book normal>) = 10.05
DEBUG:matplotlib.font_manager:findfont: score(<Font 'Saab' (Saab.ttf) normal normal 400 normal>) = 10.05
DEBUG:matplotlib.font_manager:findfont: score(<Font 'Mukti Narrow' (MuktiNarrowBold.ttf) normal normal 700 normal>) = 10.335
DEBUG:matplotlib.font_manager:findfont: score(<Font 'Tlwg Typist' (TlwgTypist-BoldOblique.ttf) oblique normal bold normal>) = 11.335
DEBUG:matplotlib.font_manager:findfont: score(<Font 'Liberation Sans Narrow' (LiberationSansNarrow-Italic.ttf) italic normal 400 condensed>) = 11.25
DEBUG:matplotlib.font_manager:findfont: score(<Font 'Waree' (Waree-Oblique.ttf) oblique normal 400 normal>) = 11.05
DEBUG:matplotlib.font_manager:findfont: score(<Font 'Navilu' (Navilu.ttf) normal normal 400 normal>) = 10.05
DEBUG:matplotlib.font_manager:findfont: score(<Font 'Garuda' (Garuda-Oblique.ttf) oblique normal 400 normal>) = 11.05
DEBUG:matplotlib.font_manager:findfont: score(<Font 'Ubuntu' (Ubuntu-R.ttf) normal normal 400 normal>) = 10.05
DEBUG:matplotlib.font_manager:findfont: score(<Font 'Sawasdee' (Sawasdee-Bold.ttf) normal normal bold normal>) = 10.335
DEBUG:matplotlib.font_manager:findfont: score(<Font 'KacstPoster' (KacstPoster.ttf) normal normal 400 normal>) = 10.05
DEBUG:matplotlib.font_manager:findfont: score(<Font 'KacstTitle' (KacstTitle.ttf) normal normal 400 normal>) = 10.05
DEBUG:matplotlib.font_manager:findfont: score(<Font 'FreeSans' (FreeSans.ttf) normal normal 400 normal>) = 10.05
DEBUG:matplotlib.font_manager:findfont: score(<Font 'ori1Uni' (utkal.ttf) normal normal medium normal>) = 10.145
DEBUG:matplotlib.font_manager:findfont: score(<Font 'Ubuntu Mono' (UbuntuMono-BI.ttf) italic normal bold normal>) = 11.335
DEBUG:matplotlib.font_manager:findfont: score(<Font 'Samanata' (samanata.ttf) normal normal 400 normal>) = 10.05
DEBUG:matplotlib.font_manager:findfont: score(<Font 'Chilanka' (Chilanka-Regular.ttf) normal normal regular normal>) = 10.05
DEBUG:matplotlib.font_manager:findfont: score(<Font 'Norasi' (Norasi-BoldItalic.ttf) italic normal bold normal>) = 11.335
DEBUG:matplotlib.font_manager:findfont: score(<Font 'Mukti Narrow' (MuktiNarrow.ttf) normal normal 400 normal>) = 10.05
DEBUG:matplotlib.font_manager:findfont: score(<Font 'Ani' (ani.ttf) normal normal 400 normal>) = 10.05
DEBUG:matplotlib.font_manager:findfont: score(<Font 'Noto Serif CJK JP' (NotoSerifCJK-Bold.ttc) normal normal bold normal>) = 10.335
DEBUG:matplotlib.font_manager:findfont: score(<Font 'Manjari' (Manjari-Regular.otf) normal normal regular normal>) = 10.05
DEBUG:matplotlib.font_manager:findfont: score(<Font 'Lohit Assamese' (Lohit-Assamese.ttf) normal normal 400 normal>) = 10.05
DEBUG:matplotlib.font_manager:findfont: score(<Font 'Kinnari' (Kinnari-BoldItalic.ttf) italic normal bold normal>) = 11.335
DEBUG:matplotlib.font_manager:findfont: score(<Font 'Gubbi' (Gubbi.ttf) normal normal 400 normal>) = 10.05
DEBUG:matplotlib.font_manager:findfont: score(<Font 'Ubuntu' (Ubuntu-M.ttf) normal normal medium normal>) = 10.145
DEBUG:matplotlib.font_manager:findfont: score(<Font 'Liberation Serif' (LiberationSerif-BoldItalic.ttf) italic normal bold normal>) = 11.335
DEBUG:matplotlib.font_manager:findfont: score(<Font 'Kinnari' (Kinnari-BoldOblique.ttf) oblique normal bold normal>) = 11.335
DEBUG:matplotlib.font_manager:findfont: score(<Font 'FreeSans' (FreeSansBold.ttf) normal normal bold normal>) = 10.335
DEBUG:matplotlib.font_manager:findfont: score(<Font 'Liberation Sans' (LiberationSans-Italic.ttf) italic normal 400 normal>) = 11.05
DEBUG:matplotlib.font_manager:findfont: score(<Font 'padmaa' (padmaa.ttf) normal normal 400 normal>) = 10.05
DEBUG:matplotlib.font_manager:findfont: score(<Font 'Rekha' (Rekha.ttf) normal normal 400 normal>) = 10.05
DEBUG:matplotlib.font_manager:findfont: score(<Font 'Lohit Gujarati' (Lohit-Gujarati.ttf) normal normal 400 normal>) = 10.05
DEBUG:matplotlib.font_manager:findfont: score(<Font 'Umpush' (Umpush-Bold.ttf) normal normal bold normal>) = 10.335
DEBUG:matplotlib.font_manager:findfont: score(<Font 'DejaVu Serif' (DejaVuSerifCondensed-Bold.ttf) normal normal bold condensed>) = 10.535
DEBUG:matplotlib.font_manager:findfont: score(<Font 'Norasi' (Norasi-Bold.ttf) normal normal bold normal>) = 10.335
DEBUG:matplotlib.font_manager:findfont: score(<Font 'Norasi' (Norasi-Italic.ttf) italic normal 400 normal>) = 11.05
DEBUG:matplotlib.font_manager:findfont: score(<Font 'FreeSerif' (FreeSerifBold.ttf) normal normal bold normal>) = 10.335
DEBUG:matplotlib.font_manager:findfont: score(<Font 'Tlwg Typist' (TlwgTypist-Oblique.ttf) oblique normal 400 normal>) = 11.05
DEBUG:matplotlib.font_manager:findfont: score(<Font 'Tlwg Mono' (TlwgMono-BoldOblique.ttf) oblique normal bold normal>) = 11.335
DEBUG:matplotlib.font_manager:findfont: score(<Font 'Pothana2000' (Pothana2000.ttf) normal normal 400 normal>) = 10.05
DEBUG:matplotlib.font_manager:findfont: score(<Font 'Rachana' (Rachana-Regular.ttf) normal normal regular normal>) = 10.05
DEBUG:matplotlib.font_manager:findfont: score(<Font 'Ubuntu' (Ubuntu-MI.ttf) italic normal medium normal>) = 11.145
DEBUG:matplotlib.font_manager:findfont: score(<Font 'Sarai' (Sarai.ttf) normal normal 400 normal>) = 10.05
DEBUG:matplotlib.font_manager:findfont: score(<Font 'KacstQurn' (KacstQurn.ttf) normal normal 400 normal>) = 10.05
DEBUG:matplotlib.font_manager:findfont: score(<Font 'Tlwg Mono' (TlwgMono.ttf) normal normal 400 normal>) = 10.05
DEBUG:matplotlib.font_manager:findfont: score(<Font 'Lohit Gurmukhi' (Lohit-Gurmukhi.ttf) normal normal 400 normal>) = 10.05
DEBUG:matplotlib.font_manager:findfont: score(<Font 'Tlwg Typewriter' (TlwgTypewriter-BoldOblique.ttf) oblique normal bold normal>) = 11.335
DEBUG:matplotlib.font_manager:findfont: score(<Font 'Umpush' (Umpush-BoldOblique.ttf) oblique normal bold normal>) = 11.335
DEBUG:matplotlib.font_manager:findfont: score(<Font 'KacstBook' (KacstBook.ttf) normal normal book normal>) = 10.05
DEBUG:matplotlib.font_manager:findfont: score(<Font 'Pagul' (Pagul.ttf) normal normal 400 normal>) = 10.05
DEBUG:matplotlib.font_manager:findfont: score(<Font 'FreeSerif' (FreeSerifBoldItalic.ttf) italic normal bold normal>) = 11.335
DEBUG:matplotlib.font_manager:findfont: score(<Font 'Lohit Kannada' (Lohit-Kannada.ttf) normal normal 400 normal>) = 10.05
DEBUG:matplotlib.font_manager:findfont: Matching :family=sans-serif:style=normal:variant=normal:weight=normal:stretch=normal:size=10.0 to DejaVu Sans ('/home/ram/.local/lib/python3.6/site-packages/matplotlib/mpl-data/fonts/ttf/DejaVuSans.ttf') with score of 0.050000.
DEBUG:roipoly.roipoly:Creating new ROI 0
DEBUG:matplotlib.font_manager:findfont: Matching :family=sans-serif:style=normal:variant=normal:weight=normal:stretch=normal:size=12.0.
DEBUG:matplotlib.font_manager:findfont: score(<Font 'STIXSizeThreeSym' (STIXSizThreeSymBol.ttf) normal normal bold normal>) = 10.335
DEBUG:matplotlib.font_manager:findfont: score(<Font 'DejaVu Sans Mono' (DejaVuSansMono.ttf) normal normal 400 normal>) = 10.05
DEBUG:matplotlib.font_manager:findfont: score(<Font 'DejaVu Serif' (DejaVuSerif.ttf) normal normal 400 normal>) = 10.05
DEBUG:matplotlib.font_manager:findfont: score(<Font 'DejaVu Sans Mono' (DejaVuSansMono-Bold.ttf) normal normal bold normal>) = 10.335
DEBUG:matplotlib.font_manager:findfont: score(<Font 'cmtt10' (cmtt10.ttf) normal normal 400 normal>) = 10.05
DEBUG:matplotlib.font_manager:findfont: score(<Font 'STIXNonUnicode' (STIXNonUni.ttf) normal normal regular normal>) = 10.05
DEBUG:matplotlib.font_manager:findfont: score(<Font 'STIXSizeFourSym' (STIXSizFourSymBol.ttf) normal normal bold normal>) = 10.335
DEBUG:matplotlib.font_manager:findfont: score(<Font 'STIXNonUnicode' (STIXNonUniBolIta.ttf) italic normal bold normal>) = 11.335
DEBUG:matplotlib.font_manager:findfont: score(<Font 'DejaVu Sans' (DejaVuSans-BoldOblique.ttf) oblique normal bold normal>) = 1.335
DEBUG:matplotlib.font_manager:findfont: score(<Font 'STIXSizeOneSym' (STIXSizOneSymReg.ttf) normal normal regular normal>) = 10.05
DEBUG:matplotlib.font_manager:findfont: score(<Font 'cmr10' (cmr10.ttf) normal normal 400 normal>) = 10.05
DEBUG:matplotlib.font_manager:findfont: score(<Font 'cmss10' (cmss10.ttf) normal normal 400 normal>) = 10.05
DEBUG:matplotlib.font_manager:findfont: score(<Font 'STIXSizeOneSym' (STIXSizOneSymBol.ttf) normal normal bold normal>) = 10.335
DEBUG:matplotlib.font_manager:findfont: score(<Font 'cmb10' (cmb10.ttf) normal normal 400 normal>) = 10.05
DEBUG:matplotlib.font_manager:findfont: score(<Font 'DejaVu Serif' (DejaVuSerif-Italic.ttf) italic normal 400 normal>) = 11.05
DEBUG:matplotlib.font_manager:findfont: score(<Font 'DejaVu Sans Mono' (DejaVuSansMono-BoldOblique.ttf) oblique normal bold normal>) = 11.335
DEBUG:matplotlib.font_manager:findfont: score(<Font 'DejaVu Serif Display' (DejaVuSerifDisplay.ttf) normal normal 400 normal>) = 10.05
DEBUG:matplotlib.font_manager:findfont: score(<Font 'DejaVu Sans Display' (DejaVuSansDisplay.ttf) normal normal 400 normal>) = 10.05
DEBUG:matplotlib.font_manager:findfont: score(<Font 'cmex10' (cmex10.ttf) normal normal 400 normal>) = 10.05
DEBUG:matplotlib.font_manager:findfont: score(<Font 'STIXNonUnicode' (STIXNonUniBol.ttf) normal normal bold normal>) = 10.335
DEBUG:matplotlib.font_manager:findfont: score(<Font 'cmsy10' (cmsy10.ttf) normal normal 400 normal>) = 10.05
DEBUG:matplotlib.font_manager:findfont: score(<Font 'DejaVu Sans' (DejaVuSans-Bold.ttf) normal normal bold normal>) = 0.33499999999999996
DEBUG:matplotlib.font_manager:findfont: score(<Font 'STIXSizeTwoSym' (STIXSizTwoSymBol.ttf) normal normal bold normal>) = 10.335
DEBUG:matplotlib.font_manager:findfont: score(<Font 'DejaVu Sans' (DejaVuSans.ttf) normal normal 400 normal>) = 0.05
DEBUG:matplotlib.font_manager:findfont: score(<Font 'STIXGeneral' (STIXGeneral.ttf) normal normal regular normal>) = 10.05
DEBUG:matplotlib.font_manager:findfont: score(<Font 'STIXSizeFiveSym' (STIXSizFiveSymReg.ttf) normal normal regular normal>) = 10.05
DEBUG:matplotlib.font_manager:findfont: score(<Font 'STIXSizeThreeSym' (STIXSizThreeSymReg.ttf) normal normal regular normal>) = 10.05
DEBUG:matplotlib.font_manager:findfont: score(<Font 'cmmi10' (cmmi10.ttf) normal normal 400 normal>) = 10.05
DEBUG:matplotlib.font_manager:findfont: score(<Font 'STIXGeneral' (STIXGeneralBolIta.ttf) italic normal bold normal>) = 11.335
DEBUG:matplotlib.font_manager:findfont: score(<Font 'DejaVu Sans' (DejaVuSans-Oblique.ttf) oblique normal 400 normal>) = 1.05
DEBUG:matplotlib.font_manager:findfont: score(<Font 'STIXGeneral' (STIXGeneralBol.ttf) normal normal bold normal>) = 10.335
DEBUG:matplotlib.font_manager:findfont: score(<Font 'DejaVu Sans Mono' (DejaVuSansMono-Oblique.ttf) oblique normal 400 normal>) = 11.05
DEBUG:matplotlib.font_manager:findfont: score(<Font 'DejaVu Serif' (DejaVuSerif-Bold.ttf) normal normal bold normal>) = 10.335
DEBUG:matplotlib.font_manager:findfont: score(<Font 'DejaVu Serif' (DejaVuSerif-BoldItalic.ttf) italic normal bold normal>) = 11.335
DEBUG:matplotlib.font_manager:findfont: score(<Font 'STIXNonUnicode' (STIXNonUniIta.ttf) italic normal 400 normal>) = 11.05
DEBUG:matplotlib.font_manager:findfont: score(<Font 'STIXGeneral' (STIXGeneralItalic.ttf) italic normal 400 normal>) = 11.05
DEBUG:matplotlib.font_manager:findfont: score(<Font 'STIXSizeFourSym' (STIXSizFourSymReg.ttf) normal normal regular normal>) = 10.05
DEBUG:matplotlib.font_manager:findfont: score(<Font 'STIXSizeTwoSym' (STIXSizTwoSymReg.ttf) normal normal regular normal>) = 10.05
DEBUG:matplotlib.font_manager:findfont: score(<Font 'Liberation Sans' (LiberationSans-Regular.ttf) normal normal 400 normal>) = 10.05
DEBUG:matplotlib.font_manager:findfont: score(<Font 'Tlwg Typo' (TlwgTypo-BoldOblique.ttf) oblique normal bold normal>) = 11.335
DEBUG:matplotlib.font_manager:findfont: score(<Font 'Liberation Serif' (LiberationSerif-Regular.ttf) normal normal 400 normal>) = 10.05
DEBUG:matplotlib.font_manager:findfont: score(<Font 'Norasi' (Norasi-Oblique.ttf) oblique normal 400 normal>) = 11.05
DEBUG:matplotlib.font_manager:findfont: score(<Font 'Ubuntu' (Ubuntu-RI.ttf) italic normal 400 normal>) = 11.05
DEBUG:matplotlib.font_manager:findfont: score(<Font 'Liberation Mono' (LiberationMono-Bold.ttf) normal normal bold normal>) = 10.335
DEBUG:matplotlib.font_manager:findfont: score(<Font 'Loma' (Loma-Bold.ttf) normal normal bold normal>) = 10.335
DEBUG:matplotlib.font_manager:findfont: score(<Font 'Noto Serif CJK JP' (NotoSerifCJK-Regular.ttc) normal normal 400 normal>) = 10.05
DEBUG:matplotlib.font_manager:findfont: score(<Font 'Waree' (Waree-Bold.ttf) normal normal bold normal>) = 10.335
DEBUG:matplotlib.font_manager:findfont: score(<Font 'Lohit Malayalam' (Lohit-Malayalam.ttf) normal normal 400 normal>) = 10.05
DEBUG:matplotlib.font_manager:findfont: score(<Font 'FreeSerif' (FreeSerifItalic.ttf) italic normal 400 normal>) = 11.05
DEBUG:matplotlib.font_manager:findfont: score(<Font 'Ubuntu Mono' (UbuntuMono-RI.ttf) italic normal 400 normal>) = 11.05
DEBUG:matplotlib.font_manager:findfont: score(<Font 'Meera' (Meera.ttf) normal normal 400 normal>) = 10.05
DEBUG:matplotlib.font_manager:findfont: score(<Font 'Lohit Tamil Classical' (Lohit-Tamil-Classical.ttf) normal normal 400 normal>) = 10.05
DEBUG:matplotlib.font_manager:findfont: score(<Font 'Tlwg Typewriter' (TlwgTypewriter.ttf) normal normal 400 normal>) = 10.05
DEBUG:matplotlib.font_manager:findfont: score(<Font 'Tlwg Typo' (TlwgTypo-Oblique.ttf) oblique normal 400 normal>) = 11.05
DEBUG:matplotlib.font_manager:findfont: score(<Font 'DejaVu Sans' (DejaVuSansCondensed-Bold.ttf) normal normal bold condensed>) = 0.5349999999999999
DEBUG:matplotlib.font_manager:findfont: score(<Font 'Dyuthi' (Dyuthi.ttf) normal normal 400 normal>) = 10.05
DEBUG:matplotlib.font_manager:findfont: score(<Font 'KacstOne' (KacstOne.ttf) normal normal 400 normal>) = 10.05
DEBUG:matplotlib.font_manager:findfont: score(<Font 'Suruma' (Suruma.ttf) normal normal 400 normal>) = 10.05
DEBUG:matplotlib.font_manager:findfont: score(<Font 'Liberation Serif' (LiberationSerif-Bold.ttf) normal normal bold normal>) = 10.335
DEBUG:matplotlib.font_manager:findfont: score(<Font 'Kalapi' (Kalapi.ttf) normal normal 400 normal>) = 10.05
DEBUG:matplotlib.font_manager:findfont: score(<Font 'Tlwg Typewriter' (TlwgTypewriter-Bold.ttf) normal normal bold normal>) = 10.335
DEBUG:matplotlib.font_manager:findfont: score(<Font 'Loma' (Loma-Oblique.ttf) oblique normal 400 normal>) = 11.05
DEBUG:matplotlib.font_manager:findfont: score(<Font 'Kinnari' (Kinnari-Bold.ttf) normal normal bold normal>) = 10.335
DEBUG:matplotlib.font_manager:findfont: score(<Font 'Sahadeva' (sahadeva.ttf) normal normal 400 normal>) = 10.05
DEBUG:matplotlib.font_manager:findfont: score(<Font 'LKLUG' (lklug.ttf) normal normal 400 normal>) = 10.05
DEBUG:matplotlib.font_manager:findfont: score(<Font 'Liberation Serif' (LiberationSerif-Italic.ttf) italic normal 400 normal>) = 11.05
DEBUG:matplotlib.font_manager:findfont: score(<Font 'Tlwg Typist' (TlwgTypist.ttf) normal normal 400 normal>) = 10.05
DEBUG:matplotlib.font_manager:findfont: score(<Font 'Mitra Mono' (mitra.ttf) normal normal 400 normal>) = 10.05
DEBUG:matplotlib.font_manager:findfont: score(<Font 'Lohit Bengali' (Lohit-Bengali.ttf) normal normal 400 normal>) = 10.05
DEBUG:matplotlib.font_manager:findfont: score(<Font 'Jamrul' (JamrulNormal.ttf) normal normal 400 normal>) = 10.05
DEBUG:matplotlib.font_manager:findfont: score(<Font 'DejaVu Sans' (DejaVuSansCondensed.ttf) normal normal 400 condensed>) = 0.25
DEBUG:matplotlib.font_manager:findfont: score(<Font 'Padauk Book' (PadaukBook-Bold.ttf) normal normal book normal>) = 10.05
DEBUG:matplotlib.font_manager:findfont: score(<Font 'KacstScreen' (KacstScreen.ttf) normal normal 400 normal>) = 10.05
DEBUG:matplotlib.font_manager:findfont: score(<Font 'Samyak Gujarati' (Samyak-Gujarati.ttf) normal normal 400 normal>) = 10.05
DEBUG:matplotlib.font_manager:findfont: score(<Font 'Ubuntu' (Ubuntu-LI.ttf) italic normal light normal>) = 11.24
DEBUG:matplotlib.font_manager:findfont: score(<Font 'Norasi' (Norasi-BoldOblique.ttf) oblique normal bold normal>) = 11.335
DEBUG:matplotlib.font_manager:findfont: score(<Font 'Laksaman' (Laksaman-Italic.ttf) italic normal 400 normal>) = 11.05
DEBUG:matplotlib.font_manager:findfont: score(<Font 'Ubuntu Condensed' (Ubuntu-C.ttf) normal normal 400 condensed>) = 10.25
DEBUG:matplotlib.font_manager:findfont: score(<Font 'Karumbi' (Karumbi.ttf) normal normal 400 normal>) = 10.05
DEBUG:matplotlib.font_manager:findfont: score(<Font 'Kinnari' (Kinnari-Italic.ttf) italic normal 400 normal>) = 11.05
DEBUG:matplotlib.font_manager:findfont: score(<Font 'Ubuntu' (Ubuntu-BI.ttf) italic normal bold normal>) = 11.335
DEBUG:matplotlib.font_manager:findfont: score(<Font 'Loma' (Loma-BoldOblique.ttf) oblique normal bold normal>) = 11.335
DEBUG:matplotlib.font_manager:findfont: score(<Font 'Laksaman' (Laksaman.ttf) normal normal 400 normal>) = 10.05
DEBUG:matplotlib.font_manager:findfont: score(<Font 'Laksaman' (Laksaman-BoldItalic.ttf) italic normal bold normal>) = 11.335
DEBUG:matplotlib.font_manager:findfont: score(<Font 'Likhan' (LikhanNormal.ttf) normal normal 400 normal>) = 10.05
DEBUG:matplotlib.font_manager:findfont: score(<Font 'Lohit Telugu' (Lohit-Telugu.ttf) normal normal 400 normal>) = 10.05
DEBUG:matplotlib.font_manager:findfont: score(<Font 'Liberation Sans Narrow' (LiberationSansNarrow-BoldItalic.ttf) italic normal bold condensed>) = 11.535
DEBUG:matplotlib.font_manager:findfont: score(<Font 'FreeMono' (FreeMono.ttf) normal normal 400 normal>) = 10.05
DEBUG:matplotlib.font_manager:findfont: score(<Font 'padmaa' (padmaa-Medium-0.5.ttf) normal normal normal normal>) = 10.0
DEBUG:matplotlib.font_manager:findfont: score(<Font 'Sawasdee' (Sawasdee-Oblique.ttf) oblique normal 400 normal>) = 11.05
DEBUG:matplotlib.font_manager:findfont: score(<Font 'Umpush' (Umpush-Light.ttf) normal normal light normal>) = 10.24
DEBUG:matplotlib.font_manager:findfont: score(<Font 'KacstOne' (KacstOne-Bold.ttf) normal normal bold normal>) = 10.335
DEBUG:matplotlib.font_manager:findfont: score(<Font 'Waree' (Waree.ttf) normal normal 400 normal>) = 10.05
DEBUG:matplotlib.font_manager:findfont: score(<Font 'Lohit Devanagari' (Lohit-Devanagari.ttf) normal normal 400 normal>) = 10.05
DEBUG:matplotlib.font_manager:findfont: score(<Font 'Tlwg Typewriter' (TlwgTypewriter-Oblique.ttf) oblique normal 400 normal>) = 11.05
DEBUG:matplotlib.font_manager:findfont: score(<Font 'Tlwg Typist' (TlwgTypist-Bold.ttf) normal normal bold normal>) = 10.335
DEBUG:matplotlib.font_manager:findfont: score(<Font 'Ubuntu Mono' (UbuntuMono-R.ttf) normal normal 400 normal>) = 10.05
DEBUG:matplotlib.font_manager:findfont: score(<Font 'Tibetan Machine Uni' (TibetanMachineUni.ttf) normal normal 400 normal>) = 10.05
DEBUG:matplotlib.font_manager:findfont: score(<Font 'Khmer OS System' (KhmerOSsys.ttf) normal normal 400 normal>) = 10.05
DEBUG:matplotlib.font_manager:findfont: score(<Font 'Droid Sans Fallback' (DroidSansFallbackFull.ttf) normal normal 400 normal>) = 10.05
DEBUG:matplotlib.font_manager:findfont: score(<Font 'Purisa' (Purisa.ttf) normal normal 400 normal>) = 10.05
DEBUG:matplotlib.font_manager:findfont: score(<Font 'Padauk' (Padauk-Regular.ttf) normal normal 400 normal>) = 10.05
DEBUG:matplotlib.font_manager:findfont: score(<Font 'Manjari' (Manjari-Bold.otf) normal normal bold normal>) = 10.335
DEBUG:matplotlib.font_manager:findfont: score(<Font 'KacstNaskh' (KacstNaskh.ttf) normal normal 400 normal>) = 10.05
DEBUG:matplotlib.font_manager:findfont: score(<Font 'Keraleeyam' (Keraleeyam.ttf) normal normal 700 normal>) = 10.335
DEBUG:matplotlib.font_manager:findfont: score(<Font 'Purisa' (Purisa-Bold.ttf) normal normal bold normal>) = 10.335
DEBUG:matplotlib.font_manager:findfont: score(<Font 'Norasi' (Norasi.ttf) normal normal 400 normal>) = 10.05
DEBUG:matplotlib.font_manager:findfont: score(<Font 'KacstPen' (KacstPen.ttf) normal normal 400 normal>) = 10.05
DEBUG:matplotlib.font_manager:findfont: score(<Font 'Kinnari' (Kinnari-Oblique.ttf) oblique normal 400 normal>) = 11.05
DEBUG:matplotlib.font_manager:findfont: score(<Font 'Garuda' (Garuda-BoldOblique.ttf) oblique normal bold normal>) = 11.335
DEBUG:matplotlib.font_manager:findfont: score(<Font 'Liberation Sans' (LiberationSans-BoldItalic.ttf) italic normal bold normal>) = 11.335
DEBUG:matplotlib.font_manager:findfont: score(<Font 'Tlwg Typo' (TlwgTypo.ttf) normal normal 400 normal>) = 10.05
DEBUG:matplotlib.font_manager:findfont: score(<Font 'FreeMono' (FreeMonoOblique.ttf) oblique normal 400 normal>) = 11.05
DEBUG:matplotlib.font_manager:findfont: score(<Font 'Tlwg Typo' (TlwgTypo-Bold.ttf) normal normal bold normal>) = 10.335
DEBUG:matplotlib.font_manager:findfont: score(<Font 'Noto Mono' (NotoMono-Regular.ttf) normal normal 400 normal>) = 10.05
DEBUG:matplotlib.font_manager:findfont: score(<Font 'FreeSans' (FreeSansBoldOblique.ttf) oblique normal bold normal>) = 11.335
DEBUG:matplotlib.font_manager:findfont: score(<Font 'Liberation Sans' (LiberationSans-Bold.ttf) normal normal bold normal>) = 10.335
DEBUG:matplotlib.font_manager:findfont: score(<Font 'Liberation Sans Narrow' (LiberationSansNarrow-Regular.ttf) normal normal 400 condensed>) = 10.25
DEBUG:matplotlib.font_manager:findfont: score(<Font 'RaghuMalayalam' (RaghuMalayalamSans-Regular.ttf) normal normal regular normal>) = 10.05
DEBUG:matplotlib.font_manager:findfont: score(<Font 'Kalimati' (kalimati.ttf) normal normal 400 normal>) = 10.05
DEBUG:matplotlib.font_manager:findfont: score(<Font 'Samyak Malayalam' (Samyak-Malayalam.ttf) normal normal 400 normal>) = 10.05
DEBUG:matplotlib.font_manager:findfont: score(<Font 'KacstDecorative' (KacstDecorative.ttf) normal normal 400 normal>) = 10.05
DEBUG:matplotlib.font_manager:findfont: score(<Font 'Abyssinica SIL' (AbyssinicaSIL-R.ttf) normal normal 400 normal>) = 10.05
DEBUG:matplotlib.font_manager:findfont: score(<Font 'AnjaliOldLipi' (AnjaliOldLipi.ttf) normal normal 400 normal>) = 10.05
DEBUG:matplotlib.font_manager:findfont: score(<Font 'Manjari' (Manjari-Thin.otf) normal normal 400 normal>) = 10.05
DEBUG:matplotlib.font_manager:findfont: score(<Font 'KacstArt' (KacstArt.ttf) normal normal 400 normal>) = 10.05
DEBUG:matplotlib.font_manager:findfont: score(<Font 'Purisa' (Purisa-Oblique.ttf) oblique normal 400 normal>) = 11.05
DEBUG:matplotlib.font_manager:findfont: score(<Font 'Lohit Odia' (Lohit-Odia.ttf) normal normal 400 normal>) = 10.05
DEBUG:matplotlib.font_manager:findfont: score(<Font 'KacstDigital' (KacstDigital.ttf) normal normal 400 normal>) = 10.05
DEBUG:matplotlib.font_manager:findfont: score(<Font 'Samyak Devanagari' (Samyak-Devanagari.ttf) normal normal 400 normal>) = 10.05
DEBUG:matplotlib.font_manager:findfont: score(<Font 'Umpush' (Umpush-Oblique.ttf) oblique normal 400 normal>) = 11.05
DEBUG:matplotlib.font_manager:findfont: score(<Font 'Lohit Tamil' (Lohit-Tamil.ttf) normal normal 400 normal>) = 10.05
DEBUG:matplotlib.font_manager:findfont: score(<Font 'Ubuntu' (Ubuntu-L.ttf) normal normal light normal>) = 10.24
DEBUG:matplotlib.font_manager:findfont: score(<Font 'Liberation Mono' (LiberationMono-Regular.ttf) normal normal 400 normal>) = 10.05
DEBUG:matplotlib.font_manager:findfont: score(<Font 'mry_KacstQurn' (mry_KacstQurn.ttf) normal normal 400 normal>) = 10.05
DEBUG:matplotlib.font_manager:findfont: score(<Font 'Liberation Mono' (LiberationMono-BoldItalic.ttf) italic normal bold normal>) = 11.335
DEBUG:matplotlib.font_manager:findfont: score(<Font 'Laksaman' (Laksaman-Bold.ttf) normal normal bold normal>) = 10.335
DEBUG:matplotlib.font_manager:findfont: score(<Font 'DejaVu Sans' (DejaVuSansCondensed-BoldOblique.ttf) oblique normal bold condensed>) = 1.535
DEBUG:matplotlib.font_manager:findfont: score(<Font 'Umpush' (Umpush.ttf) normal normal 400 normal>) = 10.05
DEBUG:matplotlib.font_manager:findfont: score(<Font 'Khmer OS' (KhmerOS.ttf) normal normal 400 normal>) = 10.05
DEBUG:matplotlib.font_manager:findfont: score(<Font 'Garuda' (Garuda.ttf) normal normal 400 normal>) = 10.05
DEBUG:matplotlib.font_manager:findfont: score(<Font 'DejaVu Sans' (DejaVuSansCondensed-Oblique.ttf) oblique normal 400 condensed>) = 1.25
DEBUG:matplotlib.font_manager:findfont: score(<Font 'FreeSans' (FreeSansOblique.ttf) oblique normal 400 normal>) = 11.05
DEBUG:matplotlib.font_manager:findfont: score(<Font 'FreeSerif' (FreeSerif.ttf) normal normal 400 normal>) = 10.05
DEBUG:matplotlib.font_manager:findfont: score(<Font 'Noto Sans CJK JP' (NotoSansCJK-Bold.ttc) normal normal bold normal>) = 10.335
DEBUG:matplotlib.font_manager:findfont: score(<Font 'Rachana' (Rachana-Bold.ttf) normal normal bold normal>) = 10.335
DEBUG:matplotlib.font_manager:findfont: score(<Font 'DejaVu Serif' (DejaVuSerifCondensed.ttf) normal normal 400 condensed>) = 10.25
DEBUG:matplotlib.font_manager:findfont: score(<Font 'padmaa-Bold.1.1' (padmaa-Bold.1.1.ttf) normal normal bold normal>) = 10.335
DEBUG:matplotlib.font_manager:findfont: score(<Font 'Uroob' (Uroob.ttf) normal normal 700 normal>) = 10.335
DEBUG:matplotlib.font_manager:findfont: score(<Font 'Purisa' (Purisa-BoldOblique.ttf) oblique normal bold normal>) = 11.335
DEBUG:matplotlib.font_manager:findfont: score(<Font 'Vemana2000' (vemana2000.ttf) normal normal 400 normal>) = 10.05
DEBUG:matplotlib.font_manager:findfont: score(<Font 'KacstLetter' (KacstLetter.ttf) normal normal 400 normal>) = 10.05
DEBUG:matplotlib.font_manager:findfont: score(<Font 'KacstOffice' (KacstOffice.ttf) normal normal 400 normal>) = 10.05
DEBUG:matplotlib.font_manager:findfont: score(<Font 'DejaVu Math TeX Gyre' (DejaVuMathTeXGyre.ttf) normal normal regular normal>) = 10.05
DEBUG:matplotlib.font_manager:findfont: score(<Font 'Chandas' (chandas1-2.ttf) normal normal 400 normal>) = 10.05
DEBUG:matplotlib.font_manager:findfont: score(<Font 'Samyak Tamil' (Samyak-Tamil.ttf) normal normal 400 normal>) = 10.05
DEBUG:matplotlib.font_manager:findfont: score(<Font 'aakar' (aakar-medium.ttf) normal normal 400 normal>) = 10.05
DEBUG:matplotlib.font_manager:findfont: score(<Font 'KacstTitleL' (KacstTitleL.ttf) normal normal 400 normal>) = 10.05
DEBUG:matplotlib.font_manager:findfont: score(<Font 'Nakula' (nakula.ttf) normal normal 400 normal>) = 10.05
DEBUG:matplotlib.font_manager:findfont: score(<Font 'Kinnari' (Kinnari.ttf) normal normal 400 normal>) = 10.05
DEBUG:matplotlib.font_manager:findfont: score(<Font 'Tlwg Mono' (TlwgMono-Oblique.ttf) oblique normal 400 normal>) = 11.05
DEBUG:matplotlib.font_manager:findfont: score(<Font 'OpenSymbol' (opens___.ttf) normal normal 400 normal>) = 10.05
DEBUG:matplotlib.font_manager:findfont: score(<Font 'Noto Sans CJK JP' (NotoSansCJK-Regular.ttc) normal normal 400 normal>) = 10.05
DEBUG:matplotlib.font_manager:findfont: score(<Font 'Ubuntu Mono' (UbuntuMono-B.ttf) normal normal bold normal>) = 10.335
DEBUG:matplotlib.font_manager:findfont: score(<Font 'KacstFarsi' (KacstFarsi.ttf) normal normal 400 normal>) = 10.05
DEBUG:matplotlib.font_manager:findfont: score(<Font 'Loma' (Loma.ttf) normal normal 400 normal>) = 10.05
DEBUG:matplotlib.font_manager:findfont: score(<Font 'Gargi' (Gargi.ttf) normal normal 400 normal>) = 10.05
DEBUG:matplotlib.font_manager:findfont: score(<Font 'DejaVu Serif' (DejaVuSerifCondensed-Italic.ttf) italic normal 400 condensed>) = 11.25
DEBUG:matplotlib.font_manager:findfont: score(<Font 'FreeMono' (FreeMonoBoldOblique.ttf) oblique normal bold normal>) = 11.335
DEBUG:matplotlib.font_manager:findfont: score(<Font 'DejaVu Serif' (DejaVuSerifCondensed-BoldItalic.ttf) italic normal bold condensed>) = 11.535
DEBUG:matplotlib.font_manager:findfont: score(<Font 'Sawasdee' (Sawasdee-BoldOblique.ttf) oblique normal bold normal>) = 11.335
DEBUG:matplotlib.font_manager:findfont: score(<Font 'Waree' (Waree-BoldOblique.ttf) oblique normal bold normal>) = 11.335
DEBUG:matplotlib.font_manager:findfont: score(<Font 'Tlwg Mono' (TlwgMono-Bold.ttf) normal normal bold normal>) = 10.335
DEBUG:matplotlib.font_manager:findfont: score(<Font 'Liberation Sans Narrow' (LiberationSansNarrow-Bold.ttf) normal normal bold condensed>) = 10.535
DEBUG:matplotlib.font_manager:findfont: score(<Font 'Sawasdee' (Sawasdee.ttf) normal normal 400 normal>) = 10.05
DEBUG:matplotlib.font_manager:findfont: score(<Font 'Liberation Mono' (LiberationMono-Italic.ttf) italic normal 400 normal>) = 11.05
DEBUG:matplotlib.font_manager:findfont: score(<Font 'DejaVu Sans' (DejaVuSans-ExtraLight.ttf) normal normal light normal>) = 0.24
DEBUG:matplotlib.font_manager:findfont: score(<Font 'FreeMono' (FreeMonoBold.ttf) normal normal bold normal>) = 10.335
DEBUG:matplotlib.font_manager:findfont: score(<Font 'Padauk' (Padauk-Bold.ttf) normal normal bold normal>) = 10.335
DEBUG:matplotlib.font_manager:findfont: score(<Font 'Phetsarath OT' (Phetsarath_OT.ttf) normal normal 400 normal>) = 10.05
DEBUG:matplotlib.font_manager:findfont: score(<Font 'Ubuntu' (Ubuntu-B.ttf) normal normal bold normal>) = 10.335
DEBUG:matplotlib.font_manager:findfont: score(<Font 'Garuda' (Garuda-Bold.ttf) normal normal bold normal>) = 10.335
DEBUG:matplotlib.font_manager:findfont: score(<Font 'Umpush' (Umpush-LightOblique.ttf) oblique normal light normal>) = 11.24
DEBUG:matplotlib.font_manager:findfont: score(<Font 'Padauk Book' (PadaukBook-Regular.ttf) normal normal book normal>) = 10.05
DEBUG:matplotlib.font_manager:findfont: score(<Font 'Saab' (Saab.ttf) normal normal 400 normal>) = 10.05
DEBUG:matplotlib.font_manager:findfont: score(<Font 'Mukti Narrow' (MuktiNarrowBold.ttf) normal normal 700 normal>) = 10.335
DEBUG:matplotlib.font_manager:findfont: score(<Font 'Tlwg Typist' (TlwgTypist-BoldOblique.ttf) oblique normal bold normal>) = 11.335
DEBUG:matplotlib.font_manager:findfont: score(<Font 'Liberation Sans Narrow' (LiberationSansNarrow-Italic.ttf) italic normal 400 condensed>) = 11.25
DEBUG:matplotlib.font_manager:findfont: score(<Font 'Waree' (Waree-Oblique.ttf) oblique normal 400 normal>) = 11.05
DEBUG:matplotlib.font_manager:findfont: score(<Font 'Navilu' (Navilu.ttf) normal normal 400 normal>) = 10.05
DEBUG:matplotlib.font_manager:findfont: score(<Font 'Garuda' (Garuda-Oblique.ttf) oblique normal 400 normal>) = 11.05
DEBUG:matplotlib.font_manager:findfont: score(<Font 'Ubuntu' (Ubuntu-R.ttf) normal normal 400 normal>) = 10.05
DEBUG:matplotlib.font_manager:findfont: score(<Font 'Sawasdee' (Sawasdee-Bold.ttf) normal normal bold normal>) = 10.335
DEBUG:matplotlib.font_manager:findfont: score(<Font 'KacstPoster' (KacstPoster.ttf) normal normal 400 normal>) = 10.05
DEBUG:matplotlib.font_manager:findfont: score(<Font 'KacstTitle' (KacstTitle.ttf) normal normal 400 normal>) = 10.05
DEBUG:matplotlib.font_manager:findfont: score(<Font 'FreeSans' (FreeSans.ttf) normal normal 400 normal>) = 10.05
DEBUG:matplotlib.font_manager:findfont: score(<Font 'ori1Uni' (utkal.ttf) normal normal medium normal>) = 10.145
DEBUG:matplotlib.font_manager:findfont: score(<Font 'Ubuntu Mono' (UbuntuMono-BI.ttf) italic normal bold normal>) = 11.335
DEBUG:matplotlib.font_manager:findfont: score(<Font 'Samanata' (samanata.ttf) normal normal 400 normal>) = 10.05
DEBUG:matplotlib.font_manager:findfont: score(<Font 'Chilanka' (Chilanka-Regular.ttf) normal normal regular normal>) = 10.05
DEBUG:matplotlib.font_manager:findfont: score(<Font 'Norasi' (Norasi-BoldItalic.ttf) italic normal bold normal>) = 11.335
DEBUG:matplotlib.font_manager:findfont: score(<Font 'Mukti Narrow' (MuktiNarrow.ttf) normal normal 400 normal>) = 10.05
DEBUG:matplotlib.font_manager:findfont: score(<Font 'Ani' (ani.ttf) normal normal 400 normal>) = 10.05
DEBUG:matplotlib.font_manager:findfont: score(<Font 'Noto Serif CJK JP' (NotoSerifCJK-Bold.ttc) normal normal bold normal>) = 10.335
DEBUG:matplotlib.font_manager:findfont: score(<Font 'Manjari' (Manjari-Regular.otf) normal normal regular normal>) = 10.05
DEBUG:matplotlib.font_manager:findfont: score(<Font 'Lohit Assamese' (Lohit-Assamese.ttf) normal normal 400 normal>) = 10.05
DEBUG:matplotlib.font_manager:findfont: score(<Font 'Kinnari' (Kinnari-BoldItalic.ttf) italic normal bold normal>) = 11.335
DEBUG:matplotlib.font_manager:findfont: score(<Font 'Gubbi' (Gubbi.ttf) normal normal 400 normal>) = 10.05
DEBUG:matplotlib.font_manager:findfont: score(<Font 'Ubuntu' (Ubuntu-M.ttf) normal normal medium normal>) = 10.145
DEBUG:matplotlib.font_manager:findfont: score(<Font 'Liberation Serif' (LiberationSerif-BoldItalic.ttf) italic normal bold normal>) = 11.335
DEBUG:matplotlib.font_manager:findfont: score(<Font 'Kinnari' (Kinnari-BoldOblique.ttf) oblique normal bold normal>) = 11.335
DEBUG:matplotlib.font_manager:findfont: score(<Font 'FreeSans' (FreeSansBold.ttf) normal normal bold normal>) = 10.335
DEBUG:matplotlib.font_manager:findfont: score(<Font 'Liberation Sans' (LiberationSans-Italic.ttf) italic normal 400 normal>) = 11.05
DEBUG:matplotlib.font_manager:findfont: score(<Font 'padmaa' (padmaa.ttf) normal normal 400 normal>) = 10.05
DEBUG:matplotlib.font_manager:findfont: score(<Font 'Rekha' (Rekha.ttf) normal normal 400 normal>) = 10.05
DEBUG:matplotlib.font_manager:findfont: score(<Font 'Lohit Gujarati' (Lohit-Gujarati.ttf) normal normal 400 normal>) = 10.05
DEBUG:matplotlib.font_manager:findfont: score(<Font 'Umpush' (Umpush-Bold.ttf) normal normal bold normal>) = 10.335
DEBUG:matplotlib.font_manager:findfont: score(<Font 'DejaVu Serif' (DejaVuSerifCondensed-Bold.ttf) normal normal bold condensed>) = 10.535
DEBUG:matplotlib.font_manager:findfont: score(<Font 'Norasi' (Norasi-Bold.ttf) normal normal bold normal>) = 10.335
DEBUG:matplotlib.font_manager:findfont: score(<Font 'Norasi' (Norasi-Italic.ttf) italic normal 400 normal>) = 11.05
DEBUG:matplotlib.font_manager:findfont: score(<Font 'FreeSerif' (FreeSerifBold.ttf) normal normal bold normal>) = 10.335
DEBUG:matplotlib.font_manager:findfont: score(<Font 'Tlwg Typist' (TlwgTypist-Oblique.ttf) oblique normal 400 normal>) = 11.05
DEBUG:matplotlib.font_manager:findfont: score(<Font 'Tlwg Mono' (TlwgMono-BoldOblique.ttf) oblique normal bold normal>) = 11.335
DEBUG:matplotlib.font_manager:findfont: score(<Font 'Pothana2000' (Pothana2000.ttf) normal normal 400 normal>) = 10.05
DEBUG:matplotlib.font_manager:findfont: score(<Font 'Rachana' (Rachana-Regular.ttf) normal normal regular normal>) = 10.05
DEBUG:matplotlib.font_manager:findfont: score(<Font 'Ubuntu' (Ubuntu-MI.ttf) italic normal medium normal>) = 11.145
DEBUG:matplotlib.font_manager:findfont: score(<Font 'Sarai' (Sarai.ttf) normal normal 400 normal>) = 10.05
DEBUG:matplotlib.font_manager:findfont: score(<Font 'KacstQurn' (KacstQurn.ttf) normal normal 400 normal>) = 10.05
DEBUG:matplotlib.font_manager:findfont: score(<Font 'Tlwg Mono' (TlwgMono.ttf) normal normal 400 normal>) = 10.05
DEBUG:matplotlib.font_manager:findfont: score(<Font 'Lohit Gurmukhi' (Lohit-Gurmukhi.ttf) normal normal 400 normal>) = 10.05
DEBUG:matplotlib.font_manager:findfont: score(<Font 'Tlwg Typewriter' (TlwgTypewriter-BoldOblique.ttf) oblique normal bold normal>) = 11.335
DEBUG:matplotlib.font_manager:findfont: score(<Font 'Umpush' (Umpush-BoldOblique.ttf) oblique normal bold normal>) = 11.335
DEBUG:matplotlib.font_manager:findfont: score(<Font 'KacstBook' (KacstBook.ttf) normal normal book normal>) = 10.05
DEBUG:matplotlib.font_manager:findfont: score(<Font 'Pagul' (Pagul.ttf) normal normal 400 normal>) = 10.05
DEBUG:matplotlib.font_manager:findfont: score(<Font 'FreeSerif' (FreeSerifBoldItalic.ttf) italic normal bold normal>) = 11.335
DEBUG:matplotlib.font_manager:findfont: score(<Font 'Lohit Kannada' (Lohit-Kannada.ttf) normal normal 400 normal>) = 10.05
DEBUG:matplotlib.font_manager:findfont: Matching :family=sans-serif:style=normal:variant=normal:weight=normal:stretch=normal:size=12.0 to DejaVu Sans ('/home/ram/.local/lib/python3.6/site-packages/matplotlib/mpl-data/fonts/ttf/DejaVuSans.ttf') with score of 0.050000.
DEBUG:roipoly.roipoly:Received single left mouse button click
DEBUG:roipoly.roipoly:draw line x: [46.70779220779218, 47.487012987012946] y: [59.81168831168833, 60.59090909090912]
DEBUG:roipoly.roipoly:draw line x: [46.70779220779218, 47.487012987012946] y: [59.81168831168833, 60.59090909090912]
DEBUG:roipoly.roipoly:draw line x: [46.70779220779218, 60.733766233766204] y: [59.81168831168833, 60.59090909090912]
DEBUG:roipoly.roipoly:draw line x: [46.70779220779218, 70.86363636363635] y: [59.81168831168833, 60.59090909090912]
DEBUG:roipoly.roipoly:draw line x: [46.70779220779218, 96.57792207792207] y: [59.81168831168833, 61.37012987012986]
DEBUG:roipoly.roipoly:draw line x: [46.70779220779218, 132.4220779220779] y: [59.81168831168833, 59.032467532467535]
DEBUG:roipoly.roipoly:draw line x: [46.70779220779218, 158.13636363636363] y: [59.81168831168833, 56.69480519480521]
DEBUG:roipoly.roipoly:draw line x: [46.70779220779218, 160.47402597402598] y: [59.81168831168833, 54.35714285714289]
DEBUG:roipoly.roipoly:draw line x: [46.70779220779218, 174.5] y: [59.81168831168833, 49.68181818181819]
DEBUG:roipoly.roipoly:draw line x: [46.70779220779218, 190.08441558441558] y: [59.81168831168833, 45.00649350649354]
DEBUG:roipoly.roipoly:draw line x: [46.70779220779218, 201.77272727272725] y: [59.81168831168833, 41.11038961038963]
DEBUG:roipoly.roipoly:draw line x: [46.70779220779218, 215.7987012987013] y: [59.81168831168833, 35.65584415584419]
DEBUG:roipoly.roipoly:draw line x: [46.70779220779218, 234.5] y: [59.81168831168833, 30.98051948051949]
DEBUG:roipoly.roipoly:draw line x: [46.70779220779218, 243.07142857142856] y: [59.81168831168833, 28.642857142857167]
DEBUG:roipoly.roipoly:draw line x: [46.70779220779218, 243.85064935064935] y: [59.81168831168833, 28.642857142857167]
DEBUG:roipoly.roipoly:draw line x: [46.70779220779218, 254.75974025974028] y: [59.81168831168833, 26.305194805194787]
DEBUG:roipoly.roipoly:draw line x: [46.70779220779218, 268.00649350649354] y: [59.81168831168833, 21.62987012987014]
DEBUG:roipoly.roipoly:draw line x: [46.70779220779218, 275.7987012987013] y: [59.81168831168833, 18.512987012987026]
DEBUG:roipoly.roipoly:draw line x: [46.70779220779218, 278.9155844155844] y: [59.81168831168833, 16.95454545454544]
DEBUG:roipoly.roipoly:draw line x: [46.70779220779218, 282.81168831168833] y: [59.81168831168833, 14.616883116883116]
DEBUG:roipoly.roipoly:draw line x: [46.70779220779218, 285.92857142857144] y: [59.81168831168833, 13.837662337662323]
DEBUG:roipoly.roipoly:draw line x: [46.70779220779218, 286.70779220779224] y: [59.81168831168833, 13.058441558441586]
DEBUG:roipoly.roipoly:draw line x: [46.70779220779218, 286.70779220779224] y: [59.81168831168833, 13.837662337662323]
DEBUG:roipoly.roipoly:draw line x: [46.70779220779218, 285.92857142857144] y: [59.81168831168833, 13.837662337662323]
DEBUG:roipoly.roipoly:Received single left mouse button click
DEBUG:roipoly.roipoly:draw line x: [46.70779220779218, 285.92857142857144] y: [59.81168831168833, 13.837662337662323]
DEBUG:roipoly.roipoly:draw line x: [285.92857142857144, 285.92857142857144] y: [13.837662337662323, 14.616883116883116]
DEBUG:roipoly.roipoly:draw line x: [285.92857142857144, 285.92857142857144] y: [13.837662337662323, 14.616883116883116]
DEBUG:roipoly.roipoly:draw line x: [285.92857142857144, 285.92857142857144] y: [13.837662337662323, 21.62987012987014]
DEBUG:roipoly.roipoly:draw line x: [285.92857142857144, 285.14935064935065] y: [13.837662337662323, 34.8766233766234]
DEBUG:roipoly.roipoly:draw line x: [285.92857142857144, 297.6168831168831] y: [13.837662337662323, 59.81168831168833]
DEBUG:roipoly.roipoly:draw line x: [285.92857142857144, 310.8636363636364] y: [13.837662337662323, 86.30519480519482]
DEBUG:roipoly.roipoly:draw line x: [285.92857142857144, 313.2012987012987] y: [13.837662337662323, 98.77272727272728]
DEBUG:roipoly.roipoly:draw line x: [285.92857142857144, 313.2012987012987] y: [13.837662337662323, 105.00649350649351]
DEBUG:roipoly.roipoly:draw line x: [285.92857142857144, 313.2012987012987] y: [13.837662337662323, 108.90259740259742]
DEBUG:roipoly.roipoly:draw line x: [285.92857142857144, 313.2012987012987] y: [13.837662337662323, 112.7987012987013]
DEBUG:roipoly.roipoly:draw line x: [285.92857142857144, 313.2012987012987] y: [13.837662337662323, 122.14935064935065]
DEBUG:roipoly.roipoly:draw line x: [285.92857142857144, 312.42207792207796] y: [13.837662337662323, 132.2792207792208]
DEBUG:roipoly.roipoly:draw line x: [285.92857142857144, 312.42207792207796] y: [13.837662337662323, 141.62987012987014]
DEBUG:roipoly.roipoly:draw line x: [285.92857142857144, 313.2012987012987] y: [13.837662337662323, 150.9805194805195]
DEBUG:roipoly.roipoly:draw line x: [285.92857142857144, 314.7597402597403] y: [13.837662337662323, 158.77272727272728]
DEBUG:roipoly.roipoly:draw line x: [285.92857142857144, 316.3181818181818] y: [13.837662337662323, 165.7857142857143]
DEBUG:roipoly.roipoly:draw line x: [285.92857142857144, 317.8766233766234] y: [13.837662337662323, 170.46103896103898]
DEBUG:roipoly.roipoly:draw line x: [285.92857142857144, 320.9935064935065] y: [13.837662337662323, 176.6948051948052]
DEBUG:roipoly.roipoly:draw line x: [285.92857142857144, 324.8896103896104] y: [13.837662337662323, 183.70779220779224]
DEBUG:roipoly.roipoly:draw line x: [285.92857142857144, 326.44805194805195] y: [13.837662337662323, 186.04545454545456]
DEBUG:roipoly.roipoly:draw line x: [285.92857142857144, 326.44805194805195] y: [13.837662337662323, 186.82467532467535]
DEBUG:roipoly.roipoly:draw line x: [285.92857142857144, 327.22727272727275] y: [13.837662337662323, 188.3831168831169]
DEBUG:roipoly.roipoly:draw line x: [285.92857142857144, 328.00649350649354] y: [13.837662337662323, 189.16233766233768]
DEBUG:roipoly.roipoly:draw line x: [285.92857142857144, 328.78571428571433] y: [13.837662337662323, 189.94155844155847]
DEBUG:roipoly.roipoly:draw line x: [285.92857142857144, 330.34415584415586] y: [13.837662337662323, 191.50000000000003]
DEBUG:roipoly.roipoly:Received single left mouse button click
DEBUG:roipoly.roipoly:draw line x: [285.92857142857144, 330.34415584415586] y: [13.837662337662323, 191.50000000000003]
DEBUG:roipoly.roipoly:draw line x: [330.34415584415586, 331.12337662337666] y: [191.50000000000003, 191.50000000000003]
DEBUG:roipoly.roipoly:draw line x: [330.34415584415586, 331.90259740259745] y: [191.50000000000003, 192.2792207792208]
DEBUG:roipoly.roipoly:draw line x: [330.34415584415586, 331.12337662337666] y: [191.50000000000003, 192.2792207792208]
DEBUG:roipoly.roipoly:draw line x: [330.34415584415586, 264.11038961038963] y: [191.50000000000003, 208.64285714285717]
DEBUG:roipoly.roipoly:draw line x: [330.34415584415586, 195.53896103896102] y: [191.50000000000003, 234.3571428571429]
DEBUG:roipoly.roipoly:draw line x: [330.34415584415586, 153.46103896103895] y: [191.50000000000003, 256.1753246753247]
DEBUG:roipoly.roipoly:draw line x: [330.34415584415586, 131.64285714285714] y: [191.50000000000003, 266.30519480519484]
DEBUG:roipoly.roipoly:draw line x: [330.34415584415586, 122.29220779220779] y: [191.50000000000003, 270.2012987012987]
DEBUG:roipoly.roipoly:draw line x: [330.34415584415586, 119.17532467532467] y: [191.50000000000003, 270.9805194805195]
DEBUG:roipoly.roipoly:draw line x: [330.34415584415586, 116.05844155844153] y: [191.50000000000003, 270.9805194805195]
DEBUG:roipoly.roipoly:draw line x: [330.34415584415586, 102.0324675324675] y: [191.50000000000003, 274.0974025974026]
DEBUG:roipoly.roipoly:draw line x: [330.34415584415586, 71.64285714285711] y: [191.50000000000003, 278.7727272727273]
DEBUG:roipoly.roipoly:draw line x: [330.34415584415586, 31.902597402597365] y: [191.50000000000003, 286.56493506493507]
DEBUG:roipoly.roipoly:draw line x: [330.34415584415586, 83.33116883116881] y: [191.50000000000003, 260.8506493506494]
DEBUG:roipoly.roipoly:draw line x: [330.34415584415586, 91.9025974025974] y: [191.50000000000003, 255.3961038961039]
DEBUG:roipoly.roipoly:draw line x: [330.34415584415586, 92.68181818181816] y: [191.50000000000003, 254.61688311688314]
DEBUG:roipoly.roipoly:Received single left mouse button click
DEBUG:roipoly.roipoly:draw line x: [330.34415584415586, 92.68181818181816] y: [191.50000000000003, 254.61688311688314]
DEBUG:roipoly.roipoly:draw line x: [92.68181818181816, 91.9025974025974] y: [254.61688311688314, 253.83766233766235]
DEBUG:roipoly.roipoly:draw line x: [92.68181818181816, 85.66883116883116] y: [254.61688311688314, 223.44805194805195]
DEBUG:roipoly.roipoly:draw line x: [92.68181818181816, 75.53896103896102] y: [254.61688311688314, 193.0584415584416]
DEBUG:roipoly.roipoly:draw line x: [92.68181818181816, 73.98051948051946] y: [254.61688311688314, 154.0974025974026]
DEBUG:roipoly.roipoly:draw line x: [92.68181818181816, 76.31818181818178] y: [254.61688311688314, 124.487012987013]
DEBUG:roipoly.roipoly:draw line x: [92.68181818181816, 76.31818181818178] y: [254.61688311688314, 110.46103896103898]
DEBUG:roipoly.roipoly:draw line x: [92.68181818181816, 76.31818181818178] y: [254.61688311688314, 99.55194805194807]
DEBUG:roipoly.roipoly:draw line x: [92.68181818181816, 74.75974025974023] y: [254.61688311688314, 93.31818181818184]
DEBUG:roipoly.roipoly:draw line x: [92.68181818181816, 71.64285714285711] y: [254.61688311688314, 86.30519480519482]
DEBUG:roipoly.roipoly:draw line x: [92.68181818181816, 66.96753246753244] y: [254.61688311688314, 75.39610389610391]
DEBUG:roipoly.roipoly:draw line x: [92.68181818181816, 66.18831168831167] y: [254.61688311688314, 71.5]
DEBUG:roipoly.roipoly:draw line x: [92.68181818181816, 65.40909090909088] y: [254.61688311688314, 70.7207792207792]
DEBUG:roipoly.roipoly:draw line x: [92.68181818181816, 64.62987012987011] y: [254.61688311688314, 69.94155844155847]
DEBUG:roipoly.roipoly:draw line x: [92.68181818181816, 63.85064935064932] y: [254.61688311688314, 69.16233766233768]
DEBUG:roipoly.roipoly:draw line x: [92.68181818181816, 60.733766233766204] y: [254.61688311688314, 66.82467532467535]
DEBUG:roipoly.roipoly:draw line x: [92.68181818181816, 54.49999999999997] y: [254.61688311688314, 65.26623376623377]
DEBUG:roipoly.roipoly:draw line x: [92.68181818181816, 50.60389610389606] y: [254.61688311688314, 65.26623376623377]
DEBUG:roipoly.roipoly:draw line x: [92.68181818181816, 49.8246753246753] y: [254.61688311688314, 65.26623376623377]
DEBUG:roipoly.roipoly:draw line x: [92.68181818181816, 48.26623376623374] y: [254.61688311688314, 64.48701298701297]
DEBUG:roipoly.roipoly:draw line x: [92.68181818181816, 47.487012987012946] y: [254.61688311688314, 64.48701298701297]
DEBUG:roipoly.roipoly:draw line x: [92.68181818181816, 46.70779220779218] y: [254.61688311688314, 64.48701298701297]
DEBUG:roipoly.roipoly:draw line x: [92.68181818181816, 45.9285714285714] y: [254.61688311688314, 64.48701298701297]
DEBUG:roipoly.roipoly:draw line x: [92.68181818181816, 45.14935064935062] y: [254.61688311688314, 63.70779220779224]
DEBUG:roipoly.roipoly:Received single right mouse button click or double left click
DEBUG:roipoly.roipoly:Stop ROI drawing
INFO:root:11_24_20_13_01_2021: Change detected
INFO:root:11_24_21_13_01_2021: Change detected
INFO:root:11_24_21_13_01_2021: Change detected
INFO:root:11_24_21_13_01_2021: Change detected
INFO:root:11_24_21_13_01_2021: Change detected
INFO:root:11_24_21_13_01_2021: Change detected
INFO:root:11_24_21_13_01_2021: Change detected
INFO:root:11_24_21_13_01_2021: Change detected
INFO:root:11_24_21_13_01_2021: Change detected
INFO:root:11_24_21_13_01_2021: Change detected
INFO:root:11_24_21_13_01_2021: Change detected
INFO:root:11_24_21_13_01_2021: Change detected
INFO:root:11_24_21_13_01_2021: Change detected
INFO:root:11_24_21_13_01_2021: Change detected
INFO:root:11_24_22_13_01_2021: Change detected
INFO:root:11_24_22_13_01_2021: Change detected
INFO:root:11_24_22_13_01_2021: Change detected
INFO:root:11_24_22_13_01_2021: Change detected
INFO:root:11_24_22_13_01_2021: Change detected
INFO:root:11_24_22_13_01_2021: Change detected
INFO:root:11_24_22_13_01_2021: Change detected
INFO:root:11_24_22_13_01_2021: Change detected
INFO:root:11_24_22_13_01_2021: Change detected
INFO:root:11_24_22_13_01_2021: Change detected
INFO:root:11_24_22_13_01_2021: Change detected
INFO:root:11_24_22_13_01_2021: Change detected
INFO:root:11_24_23_13_01_2021: Change detected
INFO:root:11_24_23_13_01_2021: Change detected
INFO:root:11_24_23_13_01_2021: Change detected
INFO:root:11_24_23_13_01_2021: Change detected
INFO:root:11_24_23_13_01_2021: Change detected
INFO:root:11_24_23_13_01_2021: Change detected
INFO:root:11_24_23_13_01_2021: Change detected
INFO:root:11_24_23_13_01_2021: Change detected
INFO:root:11_24_23_13_01_2021: Change detected
INFO:root:11_24_23_13_01_2021: Change detected
INFO:root:11_24_23_13_01_2021: Change detected
INFO:root:11_24_23_13_01_2021: Change detected
INFO:root:11_24_24_13_01_2021: Change detected
INFO:root:11_24_24_13_01_2021: Change detected
INFO:root:11_24_24_13_01_2021: Change detected
INFO:root:11_24_24_13_01_2021: Change detected
INFO:root:11_24_24_13_01_2021: Change detected
INFO:root:11_24_24_13_01_2021: Change detected
INFO:root:11_24_24_13_01_2021: Change detected
INFO:root:11_24_24_13_01_2021: Change detected
INFO:root:11_24_24_13_01_2021: Change detected
INFO:root:11_24_24_13_01_2021: Change detected
INFO:root:11_24_24_13_01_2021: Change detected
INFO:root:11_24_24_13_01_2021: Change detected
INFO:root:11_24_25_13_01_2021: Change detected
INFO:root:11_24_25_13_01_2021: Change detected
INFO:root:11_24_25_13_01_2021: Change detected
INFO:root:11_24_25_13_01_2021: Change detected
INFO:root:11_24_25_13_01_2021: Change detected
INFO:root:11_24_25_13_01_2021: Change detected
INFO:root:11_24_25_13_01_2021: Change detected
INFO:root:11_24_25_13_01_2021: Change detected
INFO:root:11_24_25_13_01_2021: Change detected
INFO:root:11_24_25_13_01_2021: Change detected
INFO:root:11_24_25_13_01_2021: Change detected
INFO:root:11_24_25_13_01_2021: Change detected
INFO:root:11_24_26_13_01_2021: Change detected
INFO:root:11_24_26_13_01_2021: Change detected
INFO:root:11_24_26_13_01_2021: Change detected
INFO:root:11_24_26_13_01_2021: Change detected
INFO:root:11_24_26_13_01_2021: Change detected
INFO:root:11_24_26_13_01_2021: Change detected
INFO:root:11_24_26_13_01_2021: Change detected
INFO:root:11_24_26_13_01_2021: Change detected
INFO:root:11_24_26_13_01_2021: Change detected
INFO:root:11_24_26_13_01_2021: Change detected
INFO:root:11_24_26_13_01_2021: Change detected
INFO:root:11_24_26_13_01_2021: Change detected
INFO:root:11_24_27_13_01_2021: Change detected
INFO:root:11_24_27_13_01_2021: Change detected
INFO:root:11_24_27_13_01_2021: Change detected
INFO:root:11_24_27_13_01_2021: Change detected
INFO:root:11_24_27_13_01_2021: Change detected
INFO:root:11_24_27_13_01_2021: Change detected
INFO:root:11_24_27_13_01_2021: Change detected
INFO:root:11_24_27_13_01_2021: Change detected
INFO:root:11_24_27_13_01_2021: Change detected
INFO:root:11_24_27_13_01_2021: Change detected
INFO:root:11_24_27_13_01_2021: Change detected
INFO:root:11_24_28_13_01_2021: Change detected
INFO:root:11_24_28_13_01_2021: Change detected
INFO:root:11_24_28_13_01_2021: Change detected
INFO:root:11_24_28_13_01_2021: Change detected
INFO:root:11_24_28_13_01_2021: Change detected
INFO:root:11_24_28_13_01_2021: Change detected
INFO:root:11_24_28_13_01_2021: Change detected
INFO:root:11_24_28_13_01_2021: Change detected
INFO:root:11_24_28_13_01_2021: Change detected
INFO:root:11_24_28_13_01_2021: Change detected
INFO:root:11_24_28_13_01_2021: Change detected
INFO:root:11_24_29_13_01_2021: Change detected
INFO:root:11_24_29_13_01_2021: Change detected
INFO:root:11_24_29_13_01_2021: Change detected
INFO:root:11_24_29_13_01_2021: Change detected
INFO:root:11_24_29_13_01_2021: Change detected
INFO:root:11_24_29_13_01_2021: Change detected
INFO:root:11_24_29_13_01_2021: Change detected
INFO:root:11_24_29_13_01_2021: Change detected
INFO:root:11_24_29_13_01_2021: Change detected
INFO:root:11_24_29_13_01_2021: Change detected
INFO:root:11_24_29_13_01_2021: Change detected
INFO:root:11_24_30_13_01_2021: Change detected
INFO:root:11_24_30_13_01_2021: Change detected
INFO:root:11_24_30_13_01_2021: Change detected
INFO:root:11_24_30_13_01_2021: Change detected
INFO:root:11_24_30_13_01_2021: Change detected
INFO:root:11_24_30_13_01_2021: Change detected
INFO:root:11_24_30_13_01_2021: Change detected
INFO:root:11_24_30_13_01_2021: Change detected
INFO:root:11_24_30_13_01_2021: Change detected
INFO:root:11_24_30_13_01_2021: Change detected
INFO:root:11_24_30_13_01_2021: Change detected
INFO:root:11_24_31_13_01_2021: Change detected
INFO:root:11_24_31_13_01_2021: Change detected
INFO:root:11_24_31_13_01_2021: Change detected
INFO:root:11_24_31_13_01_2021: Change detected
INFO:root:11_24_31_13_01_2021: Change detected
INFO:root:11_24_31_13_01_2021: Change detected
INFO:root:11_24_31_13_01_2021: Change detected
INFO:root:11_24_31_13_01_2021: Change detected
INFO:root:11_24_31_13_01_2021: Change detected
INFO:root:11_24_31_13_01_2021: Change detected
INFO:root:11_24_31_13_01_2021: Change detected
INFO:root:11_24_31_13_01_2021: Change detected
INFO:root:11_24_32_13_01_2021: Change detected
INFO:root:11_24_32_13_01_2021: Change detected
INFO:root:11_24_32_13_01_2021: Change detected
INFO:root:11_24_32_13_01_2021: Change detected
INFO:root:11_24_32_13_01_2021: Change detected
INFO:root:11_24_32_13_01_2021: Change detected
INFO:root:11_24_32_13_01_2021: Change detected
INFO:root:11_24_32_13_01_2021: Change detected
INFO:root:11_24_32_13_01_2021: Change detected
INFO:root:11_24_32_13_01_2021: Change detected
INFO:root:11_24_32_13_01_2021: Change detected
INFO:root:11_24_33_13_01_2021: Change detected
INFO:root:11_24_33_13_01_2021: Change detected
INFO:root:11_24_33_13_01_2021: Change detected
INFO:root:11_24_33_13_01_2021: Change detected
INFO:root:11_24_33_13_01_2021: Change detected
INFO:root:11_24_33_13_01_2021: Change detected
INFO:root:11_24_33_13_01_2021: Change detected
INFO:root:11_24_33_13_01_2021: Change detected
INFO:root:11_24_33_13_01_2021: Change detected
INFO:root:11_24_33_13_01_2021: Change detected
INFO:root:11_24_33_13_01_2021: Change detected
INFO:root:11_24_34_13_01_2021: Change detected
INFO:root:11_24_34_13_01_2021: Change detected
INFO:root:11_24_34_13_01_2021: Change detected
INFO:root:11_24_34_13_01_2021: Change detected
INFO:root:11_24_34_13_01_2021: Change detected
INFO:root:11_24_34_13_01_2021: Change detected
INFO:root:11_24_34_13_01_2021: Change detected
INFO:root:11_24_34_13_01_2021: Change detected
INFO:root:11_24_34_13_01_2021: Change detected
INFO:root:11_24_34_13_01_2021: Change detected
INFO:root:11_24_34_13_01_2021: Change detected
INFO:root:11_24_35_13_01_2021: Change detected
INFO:root:11_24_35_13_01_2021: Change detected
INFO:root:11_24_35_13_01_2021: Change detected
INFO:root:11_24_35_13_01_2021: Change detected
INFO:root:11_24_35_13_01_2021: Change detected
INFO:root:11_24_35_13_01_2021: Change detected
INFO:root:11_24_35_13_01_2021: Change detected
INFO:root:11_24_35_13_01_2021: Change detected
INFO:root:11_24_35_13_01_2021: Change detected
INFO:root:11_24_35_13_01_2021: Change detected
INFO:root:11_24_35_13_01_2021: Change detected
INFO:root:11_24_36_13_01_2021: Change detected
INFO:root:11_24_36_13_01_2021: Change detected
INFO:root:11_24_36_13_01_2021: Change detected
INFO:root:11_24_36_13_01_2021: Change detected
INFO:root:11_24_36_13_01_2021: Change detected
INFO:root:11_24_36_13_01_2021: Change detected
INFO:root:11_24_36_13_01_2021: Change detected
INFO:root:11_24_36_13_01_2021: Change detected
INFO:root:11_24_36_13_01_2021: Change detected
INFO:root:11_24_36_13_01_2021: Change detected
INFO:root:11_24_36_13_01_2021: Change detected
INFO:root:11_24_37_13_01_2021: Change detected
INFO:root:11_24_37_13_01_2021: Change detected
INFO:root:11_24_37_13_01_2021: Change detected
INFO:root:11_24_37_13_01_2021: Change detected
INFO:root:11_24_37_13_01_2021: Change detected
INFO:root:11_24_37_13_01_2021: Change detected
INFO:root:11_24_37_13_01_2021: Change detected
INFO:root:11_24_37_13_01_2021: Change detected
INFO:root:11_24_37_13_01_2021: Change detected
INFO:root:11_24_37_13_01_2021: Change detected
INFO:root:11_24_37_13_01_2021: Change detected
INFO:root:11_24_38_13_01_2021: Change detected
INFO:root:11_24_38_13_01_2021: Change detected
INFO:root:11_24_38_13_01_2021: Change detected
INFO:root:11_24_38_13_01_2021: Change detected
INFO:root:11_24_38_13_01_2021: Change detected
INFO:root:11_24_38_13_01_2021: Change detected
INFO:root:11_24_38_13_01_2021: Change detected
INFO:root:11_24_38_13_01_2021: Change detected
INFO:root:11_24_38_13_01_2021: Change detected
INFO:root:11_24_38_13_01_2021: Change detected
INFO:root:11_24_38_13_01_2021: Change detected
INFO:root:11_24_39_13_01_2021: Change detected
INFO:root:11_24_39_13_01_2021: Change detected
INFO:root:11_24_39_13_01_2021: Change detected
INFO:root:11_24_39_13_01_2021: Change detected
INFO:root:11_24_39_13_01_2021: Change detected
INFO:root:11_24_39_13_01_2021: Change detected
INFO:root:11_24_39_13_01_2021: Change detected
INFO:root:11_24_39_13_01_2021: Change detected
INFO:root:11_24_39_13_01_2021: Change detected
INFO:root:11_24_39_13_01_2021: Change detected
INFO:root:11_24_39_13_01_2021: Change detected
INFO:root:11_24_40_13_01_2021: Change detected
INFO:root:11_24_40_13_01_2021: Change detected
INFO:root:11_24_40_13_01_2021: Change detected
INFO:root:11_24_40_13_01_2021: Change detected
INFO:root:11_24_40_13_01_2021: Change detected
INFO:root:11_24_40_13_01_2021: Change detected
INFO:root:11_24_40_13_01_2021: Change detected
INFO:root:11_24_40_13_01_2021: Change detected
INFO:root:11_24_40_13_01_2021: Change detected
INFO:root:11_24_40_13_01_2021: Change detected
INFO:root:11_24_40_13_01_2021: Change detected
INFO:root:11_24_40_13_01_2021: Change detected
INFO:root:11_24_41_13_01_2021: Change detected
INFO:root:11_24_41_13_01_2021: Change detected
INFO:root:11_24_41_13_01_2021: Change detected
INFO:root:11_24_41_13_01_2021: Change detected
INFO:root:11_24_41_13_01_2021: Change detected
INFO:root:11_24_41_13_01_2021: Change detected
INFO:root:11_24_41_13_01_2021: Change detected
INFO:root:11_24_41_13_01_2021: Change detected
INFO:root:11_24_41_13_01_2021: Change detected
INFO:root:11_24_41_13_01_2021: Change detected
INFO:root:11_24_41_13_01_2021: Change detected
INFO:root:11_24_42_13_01_2021: Change detected
INFO:root:11_24_42_13_01_2021: Change detected
INFO:root:11_24_42_13_01_2021: Change detected
INFO:root:11_24_42_13_01_2021: Change detected
INFO:root:11_24_42_13_01_2021: Change detected
INFO:root:11_24_42_13_01_2021: Change detected
INFO:root:11_24_42_13_01_2021: Change detected
INFO:root:11_24_42_13_01_2021: Change detected
INFO:root:11_24_42_13_01_2021: Change detected
INFO:root:11_24_42_13_01_2021: Change detected
INFO:root:11_24_42_13_01_2021: Change detected
INFO:root:11_24_43_13_01_2021: Change detected
INFO:root:11_24_43_13_01_2021: Change detected
INFO:root:11_24_43_13_01_2021: Change detected
INFO:root:11_24_43_13_01_2021: Change detected
INFO:root:11_24_43_13_01_2021: Change detected
INFO:root:11_24_43_13_01_2021: Change detected
INFO:root:11_24_43_13_01_2021: Change detected
INFO:root:11_24_43_13_01_2021: Change detected
INFO:root:11_24_43_13_01_2021: Change detected
INFO:root:11_24_43_13_01_2021: Change detected
INFO:root:11_24_43_13_01_2021: Change detected
INFO:root:11_24_44_13_01_2021: Change detected
INFO:root:11_24_44_13_01_2021: Change detected
INFO:root:11_24_44_13_01_2021: Change detected
INFO:root:11_24_44_13_01_2021: Change detected
INFO:root:11_24_44_13_01_2021: Change detected
INFO:root:11_24_44_13_01_2021: Change detected
INFO:root:11_24_44_13_01_2021: Change detected
INFO:root:11_24_44_13_01_2021: Change detected
INFO:root:11_24_44_13_01_2021: Change detected
INFO:root:11_24_44_13_01_2021: Change detected
INFO:root:11_24_44_13_01_2021: Change detected
INFO:root:11_24_45_13_01_2021: Change detected
INFO:root:11_24_45_13_01_2021: Change detected
INFO:root:11_24_45_13_01_2021: Change detected
INFO:root:11_24_45_13_01_2021: Change detected
INFO:root:11_24_45_13_01_2021: Change detected
INFO:root:11_24_45_13_01_2021: Change detected
INFO:root:11_24_45_13_01_2021: Change detected
INFO:root:11_24_45_13_01_2021: Change detected
INFO:root:11_24_45_13_01_2021: Change detected
INFO:root:11_24_45_13_01_2021: Change detected
INFO:root:11_24_45_13_01_2021: Change detected
INFO:root:11_24_46_13_01_2021: Change detected
INFO:root:11_24_46_13_01_2021: Change detected
INFO:root:11_24_46_13_01_2021: Change detected
INFO:root:11_24_46_13_01_2021: Change detected
INFO:root:11_24_46_13_01_2021: Change detected
INFO:root:11_24_46_13_01_2021: Change detected
INFO:root:11_24_46_13_01_2021: Change detected
INFO:root:11_24_46_13_01_2021: Change detected
INFO:root:11_24_46_13_01_2021: Change detected
INFO:root:11_24_46_13_01_2021: Change detected
INFO:root:11_24_46_13_01_2021: Change detected
INFO:root:11_24_47_13_01_2021: Change detected
INFO:root:11_24_47_13_01_2021: Change detected
INFO:root:11_24_47_13_01_2021: Change detected
INFO:root:11_24_47_13_01_2021: Change detected
INFO:root:11_24_47_13_01_2021: Change detected
INFO:root:11_24_47_13_01_2021: Change detected
INFO:root:11_24_47_13_01_2021: Change detected
INFO:root:11_24_47_13_01_2021: Change detected
INFO:root:11_24_47_13_01_2021: Change detected
INFO:root:11_24_47_13_01_2021: Change detected
INFO:root:11_24_47_13_01_2021: Change detected
INFO:root:11_24_48_13_01_2021: Change detected
INFO:root:11_24_48_13_01_2021: Change detected
INFO:root:11_24_48_13_01_2021: Change detected
INFO:root:11_24_48_13_01_2021: Change detected
INFO:root:11_24_48_13_01_2021: Change detected
INFO:root:11_24_48_13_01_2021: Change detected
INFO:root:11_24_48_13_01_2021: Change detected
INFO:root:11_24_48_13_01_2021: Change detected
INFO:root:11_24_48_13_01_2021: Change detected
INFO:root:11_24_48_13_01_2021: Change detected
INFO:root:11_24_48_13_01_2021: Change detected
INFO:root:11_24_49_13_01_2021: Change detected
INFO:root:11_24_49_13_01_2021: Change detected
INFO:root:11_24_49_13_01_2021: Change detected
INFO:root:11_24_49_13_01_2021: Change detected
INFO:root:11_24_49_13_01_2021: Change detected
INFO:root:11_24_49_13_01_2021: Change detected
INFO:root:11_24_49_13_01_2021: Change detected
INFO:root:11_24_49_13_01_2021: Change detected
INFO:root:11_24_49_13_01_2021: Change detected
INFO:root:11_24_49_13_01_2021: Change detected
INFO:root:11_24_49_13_01_2021: Change detected
INFO:root:11_24_50_13_01_2021: Change detected
INFO:root:11_24_50_13_01_2021: Change detected
INFO:root:11_24_50_13_01_2021: Change detected
INFO:root:11_24_50_13_01_2021: Change detected
INFO:root:11_24_50_13_01_2021: Change detected
INFO:root:11_24_50_13_01_2021: Change detected
INFO:root:11_24_50_13_01_2021: Change detected
INFO:root:11_24_50_13_01_2021: Change detected
INFO:root:11_24_50_13_01_2021: Change detected
INFO:root:11_24_50_13_01_2021: Change detected
INFO:root:11_24_50_13_01_2021: Change detected
INFO:root:11_24_51_13_01_2021: Change detected
INFO:root:11_24_51_13_01_2021: Change detected
INFO:root:11_24_51_13_01_2021: Change detected
INFO:root:11_24_51_13_01_2021: Change detected
INFO:root:11_24_51_13_01_2021: Change detected
INFO:root:11_24_51_13_01_2021: Change detected
INFO:root:11_24_51_13_01_2021: Change detected
INFO:root:11_24_51_13_01_2021: Change detected
INFO:root:11_24_51_13_01_2021: Change detected
INFO:root:11_24_51_13_01_2021: Change detected
INFO:root:11_24_51_13_01_2021: Change detected
INFO:root:11_24_51_13_01_2021: Change detected
INFO:root:11_24_52_13_01_2021: Change detected
INFO:root:11_24_52_13_01_2021: Change detected
INFO:root:11_24_52_13_01_2021: Change detected
INFO:root:11_24_52_13_01_2021: Change detected
INFO:root:11_24_52_13_01_2021: Change detected
INFO:root:11_24_52_13_01_2021: Change detected
INFO:root:11_24_52_13_01_2021: Change detected
INFO:root:11_24_52_13_01_2021: Change detected
INFO:root:11_24_52_13_01_2021: Change detected
INFO:root:11_24_52_13_01_2021: Change detected
INFO:root:11_24_52_13_01_2021: Change detected
INFO:root:11_24_53_13_01_2021: Change detected
INFO:root:11_24_53_13_01_2021: Change detected
INFO:root:11_24_53_13_01_2021: Change detected
INFO:root:11_24_53_13_01_2021: Change detected
INFO:root:11_24_53_13_01_2021: Change detected
INFO:root:11_24_53_13_01_2021: Change detected
INFO:root:11_24_53_13_01_2021: Change detected
INFO:root:11_24_53_13_01_2021: Change detected
INFO:root:11_24_53_13_01_2021: Change detected
INFO:root:11_24_53_13_01_2021: Change detected
INFO:root:11_24_53_13_01_2021: Change detected
INFO:root:11_24_54_13_01_2021: Change detected
INFO:root:11_24_54_13_01_2021: Change detected
INFO:root:11_24_54_13_01_2021: Change detected
INFO:root:11_24_54_13_01_2021: Change detected
INFO:root:11_24_54_13_01_2021: Change detected
INFO:root:11_24_54_13_01_2021: Change detected
INFO:root:11_24_54_13_01_2021: Change detected
INFO:root:11_24_54_13_01_2021: Change detected
INFO:root:11_24_54_13_01_2021: Change detected
INFO:root:11_24_54_13_01_2021: Change detected
INFO:root:11_24_54_13_01_2021: Change detected
INFO:root:11_24_55_13_01_2021: Change detected
INFO:root:11_24_55_13_01_2021: Change detected
INFO:root:11_24_55_13_01_2021: Change detected
INFO:root:11_24_55_13_01_2021: Change detected
INFO:root:11_24_55_13_01_2021: Change detected
INFO:root:11_24_55_13_01_2021: Change detected
INFO:root:11_24_55_13_01_2021: Change detected
INFO:root:11_24_55_13_01_2021: Change detected
INFO:root:11_24_55_13_01_2021: Change detected
INFO:root:11_24_55_13_01_2021: Change detected
INFO:root:11_24_55_13_01_2021: Change detected
INFO:root:11_24_55_13_01_2021: Change detected
INFO:root:11_24_56_13_01_2021: Change detected
INFO:root:11_24_56_13_01_2021: Change detected
INFO:root:11_24_56_13_01_2021: Change detected
INFO:root:11_24_56_13_01_2021: Change detected
INFO:root:11_24_56_13_01_2021: Change detected
INFO:root:11_24_56_13_01_2021: Change detected
INFO:root:11_24_56_13_01_2021: Change detected
INFO:root:11_24_56_13_01_2021: Change detected
INFO:root:11_24_56_13_01_2021: Change detected
INFO:root:11_24_56_13_01_2021: Change detected
INFO:root:11_24_56_13_01_2021: Change detected
INFO:root:11_24_57_13_01_2021: Change detected
INFO:root:11_24_57_13_01_2021: Change detected
INFO:root:11_24_57_13_01_2021: Change detected
INFO:root:11_24_57_13_01_2021: Change detected
INFO:root:11_24_57_13_01_2021: Change detected
INFO:root:11_24_57_13_01_2021: Change detected
INFO:root:11_24_57_13_01_2021: Change detected
INFO:root:11_24_57_13_01_2021: Change detected
INFO:root:11_24_57_13_01_2021: Change detected
INFO:root:11_24_57_13_01_2021: Change detected
INFO:root:11_24_57_13_01_2021: Change detected
INFO:root:11_24_58_13_01_2021: Change detected
INFO:root:11_24_58_13_01_2021: Change detected
INFO:root:11_24_58_13_01_2021: Change detected
INFO:root:11_24_58_13_01_2021: Change detected
INFO:root:11_24_58_13_01_2021: Change detected
INFO:root:11_24_58_13_01_2021: Change detected
INFO:root:11_24_58_13_01_2021: Change detected
INFO:root:11_24_58_13_01_2021: Change detected
INFO:root:11_24_58_13_01_2021: Change detected
INFO:root:11_24_58_13_01_2021: Change detected
INFO:root:11_24_58_13_01_2021: Change detected
INFO:root:11_24_59_13_01_2021: Change detected
INFO:root:11_24_59_13_01_2021: Change detected
INFO:root:11_24_59_13_01_2021: Change detected
INFO:root:11_24_59_13_01_2021: Change detected
INFO:root:11_24_59_13_01_2021: Change detected
INFO:root:11_24_59_13_01_2021: Change detected
INFO:root:11_24_59_13_01_2021: Change detected
INFO:root:11_24_59_13_01_2021: Change detected
INFO:root:11_24_59_13_01_2021: Change detected
INFO:root:11_24_59_13_01_2021: Change detected
INFO:root:11_24_59_13_01_2021: Change detected
INFO:root:11_24_59_13_01_2021: Change detected
INFO:root:11_25_00_13_01_2021: Change detected
INFO:root:11_25_00_13_01_2021: Change detected
