INFO:root:Scene Object change detection Job Started...
DEBUG:root:Monitering started...
DEBUG:matplotlib.font_manager:findfont: Matching :family=sans-serif:style=normal:variant=normal:weight=normal:stretch=normal:size=10.0.
DEBUG:matplotlib.font_manager:findfont: score(<Font 'STIXSizeThreeSym' (STIXSizThreeSymBol.ttf) normal normal bold normal>) = 10.335
DEBUG:matplotlib.font_manager:findfont: score(<Font 'DejaVu Sans Mono' (DejaVuSansMono.ttf) normal normal 400 normal>) = 10.05
DEBUG:matplotlib.font_manager:findfont: score(<Font 'DejaVu Serif' (DejaVuSerif.ttf) normal normal 400 normal>) = 10.05
DEBUG:matplotlib.font_manager:findfont: score(<Font 'DejaVu Sans Mono' (DejaVuSansMono-Bold.ttf) normal normal bold normal>) = 10.335
DEBUG:matplotlib.font_manager:findfont: score(<Font 'cmtt10' (cmtt10.ttf) normal normal 400 normal>) = 10.05
DEBUG:matplotlib.font_manager:findfont: score(<Font 'STIXNonUnicode' (STIXNonUni.ttf) normal normal regular normal>) = 10.05
DEBUG:matplotlib.font_manager:findfont: score(<Font 'STIXSizeFourSym' (STIXSizFourSymBol.ttf) normal normal bold normal>) = 10.335
DEBUG:matplotlib.font_manager:findfont: score(<Font 'STIXNonUnicode' (STIXNonUniBolIta.ttf) italic normal bold normal>) = 11.335
DEBUG:matplotlib.font_manager:findfont: score(<Font 'DejaVu Sans' (DejaVuSans-BoldOblique.ttf) oblique normal bold normal>) = 1.335
DEBUG:matplotlib.font_manager:findfont: score(<Font 'STIXSizeOneSym' (STIXSizOneSymReg.ttf) normal normal regular normal>) = 10.05
DEBUG:matplotlib.font_manager:findfont: score(<Font 'cmr10' (cmr10.ttf) normal normal 400 normal>) = 10.05
DEBUG:matplotlib.font_manager:findfont: score(<Font 'cmss10' (cmss10.ttf) normal normal 400 normal>) = 10.05
DEBUG:matplotlib.font_manager:findfont: score(<Font 'STIXSizeOneSym' (STIXSizOneSymBol.ttf) normal normal bold normal>) = 10.335
DEBUG:matplotlib.font_manager:findfont: score(<Font 'cmb10' (cmb10.ttf) normal normal 400 normal>) = 10.05
DEBUG:matplotlib.font_manager:findfont: score(<Font 'DejaVu Serif' (DejaVuSerif-Italic.ttf) italic normal 400 normal>) = 11.05
DEBUG:matplotlib.font_manager:findfont: score(<Font 'DejaVu Sans Mono' (DejaVuSansMono-BoldOblique.ttf) oblique normal bold normal>) = 11.335
DEBUG:matplotlib.font_manager:findfont: score(<Font 'DejaVu Serif Display' (DejaVuSerifDisplay.ttf) normal normal 400 normal>) = 10.05
DEBUG:matplotlib.font_manager:findfont: score(<Font 'DejaVu Sans Display' (DejaVuSansDisplay.ttf) normal normal 400 normal>) = 10.05
DEBUG:matplotlib.font_manager:findfont: score(<Font 'cmex10' (cmex10.ttf) normal normal 400 normal>) = 10.05
DEBUG:matplotlib.font_manager:findfont: score(<Font 'STIXNonUnicode' (STIXNonUniBol.ttf) normal normal bold normal>) = 10.335
DEBUG:matplotlib.font_manager:findfont: score(<Font 'cmsy10' (cmsy10.ttf) normal normal 400 normal>) = 10.05
DEBUG:matplotlib.font_manager:findfont: score(<Font 'DejaVu Sans' (DejaVuSans-Bold.ttf) normal normal bold normal>) = 0.33499999999999996
DEBUG:matplotlib.font_manager:findfont: score(<Font 'STIXSizeTwoSym' (STIXSizTwoSymBol.ttf) normal normal bold normal>) = 10.335
DEBUG:matplotlib.font_manager:findfont: score(<Font 'DejaVu Sans' (DejaVuSans.ttf) normal normal 400 normal>) = 0.05
DEBUG:matplotlib.font_manager:findfont: score(<Font 'STIXGeneral' (STIXGeneral.ttf) normal normal regular normal>) = 10.05
DEBUG:matplotlib.font_manager:findfont: score(<Font 'STIXSizeFiveSym' (STIXSizFiveSymReg.ttf) normal normal regular normal>) = 10.05
DEBUG:matplotlib.font_manager:findfont: score(<Font 'STIXSizeThreeSym' (STIXSizThreeSymReg.ttf) normal normal regular normal>) = 10.05
DEBUG:matplotlib.font_manager:findfont: score(<Font 'cmmi10' (cmmi10.ttf) normal normal 400 normal>) = 10.05
DEBUG:matplotlib.font_manager:findfont: score(<Font 'STIXGeneral' (STIXGeneralBolIta.ttf) italic normal bold normal>) = 11.335
DEBUG:matplotlib.font_manager:findfont: score(<Font 'DejaVu Sans' (DejaVuSans-Oblique.ttf) oblique normal 400 normal>) = 1.05
DEBUG:matplotlib.font_manager:findfont: score(<Font 'STIXGeneral' (STIXGeneralBol.ttf) normal normal bold normal>) = 10.335
DEBUG:matplotlib.font_manager:findfont: score(<Font 'DejaVu Sans Mono' (DejaVuSansMono-Oblique.ttf) oblique normal 400 normal>) = 11.05
DEBUG:matplotlib.font_manager:findfont: score(<Font 'DejaVu Serif' (DejaVuSerif-Bold.ttf) normal normal bold normal>) = 10.335
DEBUG:matplotlib.font_manager:findfont: score(<Font 'DejaVu Serif' (DejaVuSerif-BoldItalic.ttf) italic normal bold normal>) = 11.335
DEBUG:matplotlib.font_manager:findfont: score(<Font 'STIXNonUnicode' (STIXNonUniIta.ttf) italic normal 400 normal>) = 11.05
DEBUG:matplotlib.font_manager:findfont: score(<Font 'STIXGeneral' (STIXGeneralItalic.ttf) italic normal 400 normal>) = 11.05
DEBUG:matplotlib.font_manager:findfont: score(<Font 'STIXSizeFourSym' (STIXSizFourSymReg.ttf) normal normal regular normal>) = 10.05
DEBUG:matplotlib.font_manager:findfont: score(<Font 'STIXSizeTwoSym' (STIXSizTwoSymReg.ttf) normal normal regular normal>) = 10.05
DEBUG:matplotlib.font_manager:findfont: score(<Font 'Liberation Sans' (LiberationSans-Regular.ttf) normal normal 400 normal>) = 10.05
DEBUG:matplotlib.font_manager:findfont: score(<Font 'Tlwg Typo' (TlwgTypo-BoldOblique.ttf) oblique normal bold normal>) = 11.335
DEBUG:matplotlib.font_manager:findfont: score(<Font 'Liberation Serif' (LiberationSerif-Regular.ttf) normal normal 400 normal>) = 10.05
DEBUG:matplotlib.font_manager:findfont: score(<Font 'Norasi' (Norasi-Oblique.ttf) oblique normal 400 normal>) = 11.05
DEBUG:matplotlib.font_manager:findfont: score(<Font 'Ubuntu' (Ubuntu-RI.ttf) italic normal 400 normal>) = 11.05
DEBUG:matplotlib.font_manager:findfont: score(<Font 'Liberation Mono' (LiberationMono-Bold.ttf) normal normal bold normal>) = 10.335
DEBUG:matplotlib.font_manager:findfont: score(<Font 'Loma' (Loma-Bold.ttf) normal normal bold normal>) = 10.335
DEBUG:matplotlib.font_manager:findfont: score(<Font 'Noto Serif CJK JP' (NotoSerifCJK-Regular.ttc) normal normal 400 normal>) = 10.05
DEBUG:matplotlib.font_manager:findfont: score(<Font 'Waree' (Waree-Bold.ttf) normal normal bold normal>) = 10.335
DEBUG:matplotlib.font_manager:findfont: score(<Font 'Lohit Malayalam' (Lohit-Malayalam.ttf) normal normal 400 normal>) = 10.05
DEBUG:matplotlib.font_manager:findfont: score(<Font 'FreeSerif' (FreeSerifItalic.ttf) italic normal 400 normal>) = 11.05
DEBUG:matplotlib.font_manager:findfont: score(<Font 'Ubuntu Mono' (UbuntuMono-RI.ttf) italic normal 400 normal>) = 11.05
DEBUG:matplotlib.font_manager:findfont: score(<Font 'Meera' (Meera.ttf) normal normal 400 normal>) = 10.05
DEBUG:matplotlib.font_manager:findfont: score(<Font 'Lohit Tamil Classical' (Lohit-Tamil-Classical.ttf) normal normal 400 normal>) = 10.05
DEBUG:matplotlib.font_manager:findfont: score(<Font 'Tlwg Typewriter' (TlwgTypewriter.ttf) normal normal 400 normal>) = 10.05
DEBUG:matplotlib.font_manager:findfont: score(<Font 'Tlwg Typo' (TlwgTypo-Oblique.ttf) oblique normal 400 normal>) = 11.05
DEBUG:matplotlib.font_manager:findfont: score(<Font 'DejaVu Sans' (DejaVuSansCondensed-Bold.ttf) normal normal bold condensed>) = 0.5349999999999999
DEBUG:matplotlib.font_manager:findfont: score(<Font 'Dyuthi' (Dyuthi.ttf) normal normal 400 normal>) = 10.05
DEBUG:matplotlib.font_manager:findfont: score(<Font 'KacstOne' (KacstOne.ttf) normal normal 400 normal>) = 10.05
DEBUG:matplotlib.font_manager:findfont: score(<Font 'Suruma' (Suruma.ttf) normal normal 400 normal>) = 10.05
DEBUG:matplotlib.font_manager:findfont: score(<Font 'Liberation Serif' (LiberationSerif-Bold.ttf) normal normal bold normal>) = 10.335
DEBUG:matplotlib.font_manager:findfont: score(<Font 'Kalapi' (Kalapi.ttf) normal normal 400 normal>) = 10.05
DEBUG:matplotlib.font_manager:findfont: score(<Font 'Tlwg Typewriter' (TlwgTypewriter-Bold.ttf) normal normal bold normal>) = 10.335
DEBUG:matplotlib.font_manager:findfont: score(<Font 'Loma' (Loma-Oblique.ttf) oblique normal 400 normal>) = 11.05
DEBUG:matplotlib.font_manager:findfont: score(<Font 'Kinnari' (Kinnari-Bold.ttf) normal normal bold normal>) = 10.335
DEBUG:matplotlib.font_manager:findfont: score(<Font 'Sahadeva' (sahadeva.ttf) normal normal 400 normal>) = 10.05
DEBUG:matplotlib.font_manager:findfont: score(<Font 'LKLUG' (lklug.ttf) normal normal 400 normal>) = 10.05
DEBUG:matplotlib.font_manager:findfont: score(<Font 'Liberation Serif' (LiberationSerif-Italic.ttf) italic normal 400 normal>) = 11.05
DEBUG:matplotlib.font_manager:findfont: score(<Font 'Tlwg Typist' (TlwgTypist.ttf) normal normal 400 normal>) = 10.05
DEBUG:matplotlib.font_manager:findfont: score(<Font 'Mitra Mono' (mitra.ttf) normal normal 400 normal>) = 10.05
DEBUG:matplotlib.font_manager:findfont: score(<Font 'Lohit Bengali' (Lohit-Bengali.ttf) normal normal 400 normal>) = 10.05
DEBUG:matplotlib.font_manager:findfont: score(<Font 'Jamrul' (JamrulNormal.ttf) normal normal 400 normal>) = 10.05
DEBUG:matplotlib.font_manager:findfont: score(<Font 'DejaVu Sans' (DejaVuSansCondensed.ttf) normal normal 400 condensed>) = 0.25
DEBUG:matplotlib.font_manager:findfont: score(<Font 'Padauk Book' (PadaukBook-Bold.ttf) normal normal book normal>) = 10.05
DEBUG:matplotlib.font_manager:findfont: score(<Font 'KacstScreen' (KacstScreen.ttf) normal normal 400 normal>) = 10.05
DEBUG:matplotlib.font_manager:findfont: score(<Font 'Samyak Gujarati' (Samyak-Gujarati.ttf) normal normal 400 normal>) = 10.05
DEBUG:matplotlib.font_manager:findfont: score(<Font 'Ubuntu' (Ubuntu-LI.ttf) italic normal light normal>) = 11.24
DEBUG:matplotlib.font_manager:findfont: score(<Font 'Norasi' (Norasi-BoldOblique.ttf) oblique normal bold normal>) = 11.335
DEBUG:matplotlib.font_manager:findfont: score(<Font 'Laksaman' (Laksaman-Italic.ttf) italic normal 400 normal>) = 11.05
DEBUG:matplotlib.font_manager:findfont: score(<Font 'Ubuntu Condensed' (Ubuntu-C.ttf) normal normal 400 condensed>) = 10.25
DEBUG:matplotlib.font_manager:findfont: score(<Font 'Karumbi' (Karumbi.ttf) normal normal 400 normal>) = 10.05
DEBUG:matplotlib.font_manager:findfont: score(<Font 'Kinnari' (Kinnari-Italic.ttf) italic normal 400 normal>) = 11.05
DEBUG:matplotlib.font_manager:findfont: score(<Font 'Ubuntu' (Ubuntu-BI.ttf) italic normal bold normal>) = 11.335
DEBUG:matplotlib.font_manager:findfont: score(<Font 'Loma' (Loma-BoldOblique.ttf) oblique normal bold normal>) = 11.335
DEBUG:matplotlib.font_manager:findfont: score(<Font 'Laksaman' (Laksaman.ttf) normal normal 400 normal>) = 10.05
DEBUG:matplotlib.font_manager:findfont: score(<Font 'Laksaman' (Laksaman-BoldItalic.ttf) italic normal bold normal>) = 11.335
DEBUG:matplotlib.font_manager:findfont: score(<Font 'Likhan' (LikhanNormal.ttf) normal normal 400 normal>) = 10.05
DEBUG:matplotlib.font_manager:findfont: score(<Font 'Lohit Telugu' (Lohit-Telugu.ttf) normal normal 400 normal>) = 10.05
DEBUG:matplotlib.font_manager:findfont: score(<Font 'Liberation Sans Narrow' (LiberationSansNarrow-BoldItalic.ttf) italic normal bold condensed>) = 11.535
DEBUG:matplotlib.font_manager:findfont: score(<Font 'FreeMono' (FreeMono.ttf) normal normal 400 normal>) = 10.05
DEBUG:matplotlib.font_manager:findfont: score(<Font 'padmaa' (padmaa-Medium-0.5.ttf) normal normal normal normal>) = 10.0
DEBUG:matplotlib.font_manager:findfont: score(<Font 'Sawasdee' (Sawasdee-Oblique.ttf) oblique normal 400 normal>) = 11.05
DEBUG:matplotlib.font_manager:findfont: score(<Font 'Umpush' (Umpush-Light.ttf) normal normal light normal>) = 10.24
DEBUG:matplotlib.font_manager:findfont: score(<Font 'KacstOne' (KacstOne-Bold.ttf) normal normal bold normal>) = 10.335
DEBUG:matplotlib.font_manager:findfont: score(<Font 'Waree' (Waree.ttf) normal normal 400 normal>) = 10.05
DEBUG:matplotlib.font_manager:findfont: score(<Font 'Lohit Devanagari' (Lohit-Devanagari.ttf) normal normal 400 normal>) = 10.05
DEBUG:matplotlib.font_manager:findfont: score(<Font 'Tlwg Typewriter' (TlwgTypewriter-Oblique.ttf) oblique normal 400 normal>) = 11.05
DEBUG:matplotlib.font_manager:findfont: score(<Font 'Tlwg Typist' (TlwgTypist-Bold.ttf) normal normal bold normal>) = 10.335
DEBUG:matplotlib.font_manager:findfont: score(<Font 'Ubuntu Mono' (UbuntuMono-R.ttf) normal normal 400 normal>) = 10.05
DEBUG:matplotlib.font_manager:findfont: score(<Font 'Tibetan Machine Uni' (TibetanMachineUni.ttf) normal normal 400 normal>) = 10.05
DEBUG:matplotlib.font_manager:findfont: score(<Font 'Khmer OS System' (KhmerOSsys.ttf) normal normal 400 normal>) = 10.05
DEBUG:matplotlib.font_manager:findfont: score(<Font 'Droid Sans Fallback' (DroidSansFallbackFull.ttf) normal normal 400 normal>) = 10.05
DEBUG:matplotlib.font_manager:findfont: score(<Font 'Purisa' (Purisa.ttf) normal normal 400 normal>) = 10.05
DEBUG:matplotlib.font_manager:findfont: score(<Font 'Padauk' (Padauk-Regular.ttf) normal normal 400 normal>) = 10.05
DEBUG:matplotlib.font_manager:findfont: score(<Font 'Manjari' (Manjari-Bold.otf) normal normal bold normal>) = 10.335
DEBUG:matplotlib.font_manager:findfont: score(<Font 'KacstNaskh' (KacstNaskh.ttf) normal normal 400 normal>) = 10.05
DEBUG:matplotlib.font_manager:findfont: score(<Font 'Keraleeyam' (Keraleeyam.ttf) normal normal 700 normal>) = 10.335
DEBUG:matplotlib.font_manager:findfont: score(<Font 'Purisa' (Purisa-Bold.ttf) normal normal bold normal>) = 10.335
DEBUG:matplotlib.font_manager:findfont: score(<Font 'Norasi' (Norasi.ttf) normal normal 400 normal>) = 10.05
DEBUG:matplotlib.font_manager:findfont: score(<Font 'KacstPen' (KacstPen.ttf) normal normal 400 normal>) = 10.05
DEBUG:matplotlib.font_manager:findfont: score(<Font 'Kinnari' (Kinnari-Oblique.ttf) oblique normal 400 normal>) = 11.05
DEBUG:matplotlib.font_manager:findfont: score(<Font 'Garuda' (Garuda-BoldOblique.ttf) oblique normal bold normal>) = 11.335
DEBUG:matplotlib.font_manager:findfont: score(<Font 'Liberation Sans' (LiberationSans-BoldItalic.ttf) italic normal bold normal>) = 11.335
DEBUG:matplotlib.font_manager:findfont: score(<Font 'Tlwg Typo' (TlwgTypo.ttf) normal normal 400 normal>) = 10.05
DEBUG:matplotlib.font_manager:findfont: score(<Font 'FreeMono' (FreeMonoOblique.ttf) oblique normal 400 normal>) = 11.05
DEBUG:matplotlib.font_manager:findfont: score(<Font 'Tlwg Typo' (TlwgTypo-Bold.ttf) normal normal bold normal>) = 10.335
DEBUG:matplotlib.font_manager:findfont: score(<Font 'Noto Mono' (NotoMono-Regular.ttf) normal normal 400 normal>) = 10.05
DEBUG:matplotlib.font_manager:findfont: score(<Font 'FreeSans' (FreeSansBoldOblique.ttf) oblique normal bold normal>) = 11.335
DEBUG:matplotlib.font_manager:findfont: score(<Font 'Liberation Sans' (LiberationSans-Bold.ttf) normal normal bold normal>) = 10.335
DEBUG:matplotlib.font_manager:findfont: score(<Font 'Liberation Sans Narrow' (LiberationSansNarrow-Regular.ttf) normal normal 400 condensed>) = 10.25
DEBUG:matplotlib.font_manager:findfont: score(<Font 'RaghuMalayalam' (RaghuMalayalamSans-Regular.ttf) normal normal regular normal>) = 10.05
DEBUG:matplotlib.font_manager:findfont: score(<Font 'Kalimati' (kalimati.ttf) normal normal 400 normal>) = 10.05
DEBUG:matplotlib.font_manager:findfont: score(<Font 'Samyak Malayalam' (Samyak-Malayalam.ttf) normal normal 400 normal>) = 10.05
DEBUG:matplotlib.font_manager:findfont: score(<Font 'KacstDecorative' (KacstDecorative.ttf) normal normal 400 normal>) = 10.05
DEBUG:matplotlib.font_manager:findfont: score(<Font 'Abyssinica SIL' (AbyssinicaSIL-R.ttf) normal normal 400 normal>) = 10.05
DEBUG:matplotlib.font_manager:findfont: score(<Font 'AnjaliOldLipi' (AnjaliOldLipi.ttf) normal normal 400 normal>) = 10.05
DEBUG:matplotlib.font_manager:findfont: score(<Font 'Manjari' (Manjari-Thin.otf) normal normal 400 normal>) = 10.05
DEBUG:matplotlib.font_manager:findfont: score(<Font 'KacstArt' (KacstArt.ttf) normal normal 400 normal>) = 10.05
DEBUG:matplotlib.font_manager:findfont: score(<Font 'Purisa' (Purisa-Oblique.ttf) oblique normal 400 normal>) = 11.05
DEBUG:matplotlib.font_manager:findfont: score(<Font 'Lohit Odia' (Lohit-Odia.ttf) normal normal 400 normal>) = 10.05
DEBUG:matplotlib.font_manager:findfont: score(<Font 'KacstDigital' (KacstDigital.ttf) normal normal 400 normal>) = 10.05
DEBUG:matplotlib.font_manager:findfont: score(<Font 'Samyak Devanagari' (Samyak-Devanagari.ttf) normal normal 400 normal>) = 10.05
DEBUG:matplotlib.font_manager:findfont: score(<Font 'Umpush' (Umpush-Oblique.ttf) oblique normal 400 normal>) = 11.05
DEBUG:matplotlib.font_manager:findfont: score(<Font 'Lohit Tamil' (Lohit-Tamil.ttf) normal normal 400 normal>) = 10.05
DEBUG:matplotlib.font_manager:findfont: score(<Font 'Ubuntu' (Ubuntu-L.ttf) normal normal light normal>) = 10.24
DEBUG:matplotlib.font_manager:findfont: score(<Font 'Liberation Mono' (LiberationMono-Regular.ttf) normal normal 400 normal>) = 10.05
DEBUG:matplotlib.font_manager:findfont: score(<Font 'mry_KacstQurn' (mry_KacstQurn.ttf) normal normal 400 normal>) = 10.05
DEBUG:matplotlib.font_manager:findfont: score(<Font 'Liberation Mono' (LiberationMono-BoldItalic.ttf) italic normal bold normal>) = 11.335
DEBUG:matplotlib.font_manager:findfont: score(<Font 'Laksaman' (Laksaman-Bold.ttf) normal normal bold normal>) = 10.335
DEBUG:matplotlib.font_manager:findfont: score(<Font 'DejaVu Sans' (DejaVuSansCondensed-BoldOblique.ttf) oblique normal bold condensed>) = 1.535
DEBUG:matplotlib.font_manager:findfont: score(<Font 'Umpush' (Umpush.ttf) normal normal 400 normal>) = 10.05
DEBUG:matplotlib.font_manager:findfont: score(<Font 'Khmer OS' (KhmerOS.ttf) normal normal 400 normal>) = 10.05
DEBUG:matplotlib.font_manager:findfont: score(<Font 'Garuda' (Garuda.ttf) normal normal 400 normal>) = 10.05
DEBUG:matplotlib.font_manager:findfont: score(<Font 'DejaVu Sans' (DejaVuSansCondensed-Oblique.ttf) oblique normal 400 condensed>) = 1.25
DEBUG:matplotlib.font_manager:findfont: score(<Font 'FreeSans' (FreeSansOblique.ttf) oblique normal 400 normal>) = 11.05
DEBUG:matplotlib.font_manager:findfont: score(<Font 'FreeSerif' (FreeSerif.ttf) normal normal 400 normal>) = 10.05
DEBUG:matplotlib.font_manager:findfont: score(<Font 'Noto Sans CJK JP' (NotoSansCJK-Bold.ttc) normal normal bold normal>) = 10.335
DEBUG:matplotlib.font_manager:findfont: score(<Font 'Rachana' (Rachana-Bold.ttf) normal normal bold normal>) = 10.335
DEBUG:matplotlib.font_manager:findfont: score(<Font 'DejaVu Serif' (DejaVuSerifCondensed.ttf) normal normal 400 condensed>) = 10.25
DEBUG:matplotlib.font_manager:findfont: score(<Font 'padmaa-Bold.1.1' (padmaa-Bold.1.1.ttf) normal normal bold normal>) = 10.335
DEBUG:matplotlib.font_manager:findfont: score(<Font 'Uroob' (Uroob.ttf) normal normal 700 normal>) = 10.335
DEBUG:matplotlib.font_manager:findfont: score(<Font 'Purisa' (Purisa-BoldOblique.ttf) oblique normal bold normal>) = 11.335
DEBUG:matplotlib.font_manager:findfont: score(<Font 'Vemana2000' (vemana2000.ttf) normal normal 400 normal>) = 10.05
DEBUG:matplotlib.font_manager:findfont: score(<Font 'KacstLetter' (KacstLetter.ttf) normal normal 400 normal>) = 10.05
DEBUG:matplotlib.font_manager:findfont: score(<Font 'KacstOffice' (KacstOffice.ttf) normal normal 400 normal>) = 10.05
DEBUG:matplotlib.font_manager:findfont: score(<Font 'DejaVu Math TeX Gyre' (DejaVuMathTeXGyre.ttf) normal normal regular normal>) = 10.05
DEBUG:matplotlib.font_manager:findfont: score(<Font 'Chandas' (chandas1-2.ttf) normal normal 400 normal>) = 10.05
DEBUG:matplotlib.font_manager:findfont: score(<Font 'Samyak Tamil' (Samyak-Tamil.ttf) normal normal 400 normal>) = 10.05
DEBUG:matplotlib.font_manager:findfont: score(<Font 'aakar' (aakar-medium.ttf) normal normal 400 normal>) = 10.05
DEBUG:matplotlib.font_manager:findfont: score(<Font 'KacstTitleL' (KacstTitleL.ttf) normal normal 400 normal>) = 10.05
DEBUG:matplotlib.font_manager:findfont: score(<Font 'Nakula' (nakula.ttf) normal normal 400 normal>) = 10.05
DEBUG:matplotlib.font_manager:findfont: score(<Font 'Kinnari' (Kinnari.ttf) normal normal 400 normal>) = 10.05
DEBUG:matplotlib.font_manager:findfont: score(<Font 'Tlwg Mono' (TlwgMono-Oblique.ttf) oblique normal 400 normal>) = 11.05
DEBUG:matplotlib.font_manager:findfont: score(<Font 'OpenSymbol' (opens___.ttf) normal normal 400 normal>) = 10.05
DEBUG:matplotlib.font_manager:findfont: score(<Font 'Noto Sans CJK JP' (NotoSansCJK-Regular.ttc) normal normal 400 normal>) = 10.05
DEBUG:matplotlib.font_manager:findfont: score(<Font 'Ubuntu Mono' (UbuntuMono-B.ttf) normal normal bold normal>) = 10.335
DEBUG:matplotlib.font_manager:findfont: score(<Font 'KacstFarsi' (KacstFarsi.ttf) normal normal 400 normal>) = 10.05
DEBUG:matplotlib.font_manager:findfont: score(<Font 'Loma' (Loma.ttf) normal normal 400 normal>) = 10.05
DEBUG:matplotlib.font_manager:findfont: score(<Font 'Gargi' (Gargi.ttf) normal normal 400 normal>) = 10.05
DEBUG:matplotlib.font_manager:findfont: score(<Font 'DejaVu Serif' (DejaVuSerifCondensed-Italic.ttf) italic normal 400 condensed>) = 11.25
DEBUG:matplotlib.font_manager:findfont: score(<Font 'FreeMono' (FreeMonoBoldOblique.ttf) oblique normal bold normal>) = 11.335
DEBUG:matplotlib.font_manager:findfont: score(<Font 'DejaVu Serif' (DejaVuSerifCondensed-BoldItalic.ttf) italic normal bold condensed>) = 11.535
DEBUG:matplotlib.font_manager:findfont: score(<Font 'Sawasdee' (Sawasdee-BoldOblique.ttf) oblique normal bold normal>) = 11.335
DEBUG:matplotlib.font_manager:findfont: score(<Font 'Waree' (Waree-BoldOblique.ttf) oblique normal bold normal>) = 11.335
DEBUG:matplotlib.font_manager:findfont: score(<Font 'Tlwg Mono' (TlwgMono-Bold.ttf) normal normal bold normal>) = 10.335
DEBUG:matplotlib.font_manager:findfont: score(<Font 'Liberation Sans Narrow' (LiberationSansNarrow-Bold.ttf) normal normal bold condensed>) = 10.535
DEBUG:matplotlib.font_manager:findfont: score(<Font 'Sawasdee' (Sawasdee.ttf) normal normal 400 normal>) = 10.05
DEBUG:matplotlib.font_manager:findfont: score(<Font 'Liberation Mono' (LiberationMono-Italic.ttf) italic normal 400 normal>) = 11.05
DEBUG:matplotlib.font_manager:findfont: score(<Font 'DejaVu Sans' (DejaVuSans-ExtraLight.ttf) normal normal light normal>) = 0.24
DEBUG:matplotlib.font_manager:findfont: score(<Font 'FreeMono' (FreeMonoBold.ttf) normal normal bold normal>) = 10.335
DEBUG:matplotlib.font_manager:findfont: score(<Font 'Padauk' (Padauk-Bold.ttf) normal normal bold normal>) = 10.335
DEBUG:matplotlib.font_manager:findfont: score(<Font 'Phetsarath OT' (Phetsarath_OT.ttf) normal normal 400 normal>) = 10.05
DEBUG:matplotlib.font_manager:findfont: score(<Font 'Ubuntu' (Ubuntu-B.ttf) normal normal bold normal>) = 10.335
DEBUG:matplotlib.font_manager:findfont: score(<Font 'Garuda' (Garuda-Bold.ttf) normal normal bold normal>) = 10.335
DEBUG:matplotlib.font_manager:findfont: score(<Font 'Umpush' (Umpush-LightOblique.ttf) oblique normal light normal>) = 11.24
DEBUG:matplotlib.font_manager:findfont: score(<Font 'Padauk Book' (PadaukBook-Regular.ttf) normal normal book normal>) = 10.05
DEBUG:matplotlib.font_manager:findfont: score(<Font 'Saab' (Saab.ttf) normal normal 400 normal>) = 10.05
DEBUG:matplotlib.font_manager:findfont: score(<Font 'Mukti Narrow' (MuktiNarrowBold.ttf) normal normal 700 normal>) = 10.335
DEBUG:matplotlib.font_manager:findfont: score(<Font 'Tlwg Typist' (TlwgTypist-BoldOblique.ttf) oblique normal bold normal>) = 11.335
DEBUG:matplotlib.font_manager:findfont: score(<Font 'Liberation Sans Narrow' (LiberationSansNarrow-Italic.ttf) italic normal 400 condensed>) = 11.25
DEBUG:matplotlib.font_manager:findfont: score(<Font 'Waree' (Waree-Oblique.ttf) oblique normal 400 normal>) = 11.05
DEBUG:matplotlib.font_manager:findfont: score(<Font 'Navilu' (Navilu.ttf) normal normal 400 normal>) = 10.05
DEBUG:matplotlib.font_manager:findfont: score(<Font 'Garuda' (Garuda-Oblique.ttf) oblique normal 400 normal>) = 11.05
DEBUG:matplotlib.font_manager:findfont: score(<Font 'Ubuntu' (Ubuntu-R.ttf) normal normal 400 normal>) = 10.05
DEBUG:matplotlib.font_manager:findfont: score(<Font 'Sawasdee' (Sawasdee-Bold.ttf) normal normal bold normal>) = 10.335
DEBUG:matplotlib.font_manager:findfont: score(<Font 'KacstPoster' (KacstPoster.ttf) normal normal 400 normal>) = 10.05
DEBUG:matplotlib.font_manager:findfont: score(<Font 'KacstTitle' (KacstTitle.ttf) normal normal 400 normal>) = 10.05
DEBUG:matplotlib.font_manager:findfont: score(<Font 'FreeSans' (FreeSans.ttf) normal normal 400 normal>) = 10.05
DEBUG:matplotlib.font_manager:findfont: score(<Font 'ori1Uni' (utkal.ttf) normal normal medium normal>) = 10.145
DEBUG:matplotlib.font_manager:findfont: score(<Font 'Ubuntu Mono' (UbuntuMono-BI.ttf) italic normal bold normal>) = 11.335
DEBUG:matplotlib.font_manager:findfont: score(<Font 'Samanata' (samanata.ttf) normal normal 400 normal>) = 10.05
DEBUG:matplotlib.font_manager:findfont: score(<Font 'Chilanka' (Chilanka-Regular.ttf) normal normal regular normal>) = 10.05
DEBUG:matplotlib.font_manager:findfont: score(<Font 'Norasi' (Norasi-BoldItalic.ttf) italic normal bold normal>) = 11.335
DEBUG:matplotlib.font_manager:findfont: score(<Font 'Mukti Narrow' (MuktiNarrow.ttf) normal normal 400 normal>) = 10.05
DEBUG:matplotlib.font_manager:findfont: score(<Font 'Ani' (ani.ttf) normal normal 400 normal>) = 10.05
DEBUG:matplotlib.font_manager:findfont: score(<Font 'Noto Serif CJK JP' (NotoSerifCJK-Bold.ttc) normal normal bold normal>) = 10.335
DEBUG:matplotlib.font_manager:findfont: score(<Font 'Manjari' (Manjari-Regular.otf) normal normal regular normal>) = 10.05
DEBUG:matplotlib.font_manager:findfont: score(<Font 'Lohit Assamese' (Lohit-Assamese.ttf) normal normal 400 normal>) = 10.05
DEBUG:matplotlib.font_manager:findfont: score(<Font 'Kinnari' (Kinnari-BoldItalic.ttf) italic normal bold normal>) = 11.335
DEBUG:matplotlib.font_manager:findfont: score(<Font 'Gubbi' (Gubbi.ttf) normal normal 400 normal>) = 10.05
DEBUG:matplotlib.font_manager:findfont: score(<Font 'Ubuntu' (Ubuntu-M.ttf) normal normal medium normal>) = 10.145
DEBUG:matplotlib.font_manager:findfont: score(<Font 'Liberation Serif' (LiberationSerif-BoldItalic.ttf) italic normal bold normal>) = 11.335
DEBUG:matplotlib.font_manager:findfont: score(<Font 'Kinnari' (Kinnari-BoldOblique.ttf) oblique normal bold normal>) = 11.335
DEBUG:matplotlib.font_manager:findfont: score(<Font 'FreeSans' (FreeSansBold.ttf) normal normal bold normal>) = 10.335
DEBUG:matplotlib.font_manager:findfont: score(<Font 'Liberation Sans' (LiberationSans-Italic.ttf) italic normal 400 normal>) = 11.05
DEBUG:matplotlib.font_manager:findfont: score(<Font 'padmaa' (padmaa.ttf) normal normal 400 normal>) = 10.05
DEBUG:matplotlib.font_manager:findfont: score(<Font 'Rekha' (Rekha.ttf) normal normal 400 normal>) = 10.05
DEBUG:matplotlib.font_manager:findfont: score(<Font 'Lohit Gujarati' (Lohit-Gujarati.ttf) normal normal 400 normal>) = 10.05
DEBUG:matplotlib.font_manager:findfont: score(<Font 'Umpush' (Umpush-Bold.ttf) normal normal bold normal>) = 10.335
DEBUG:matplotlib.font_manager:findfont: score(<Font 'DejaVu Serif' (DejaVuSerifCondensed-Bold.ttf) normal normal bold condensed>) = 10.535
DEBUG:matplotlib.font_manager:findfont: score(<Font 'Norasi' (Norasi-Bold.ttf) normal normal bold normal>) = 10.335
DEBUG:matplotlib.font_manager:findfont: score(<Font 'Norasi' (Norasi-Italic.ttf) italic normal 400 normal>) = 11.05
DEBUG:matplotlib.font_manager:findfont: score(<Font 'FreeSerif' (FreeSerifBold.ttf) normal normal bold normal>) = 10.335
DEBUG:matplotlib.font_manager:findfont: score(<Font 'Tlwg Typist' (TlwgTypist-Oblique.ttf) oblique normal 400 normal>) = 11.05
DEBUG:matplotlib.font_manager:findfont: score(<Font 'Tlwg Mono' (TlwgMono-BoldOblique.ttf) oblique normal bold normal>) = 11.335
DEBUG:matplotlib.font_manager:findfont: score(<Font 'Pothana2000' (Pothana2000.ttf) normal normal 400 normal>) = 10.05
DEBUG:matplotlib.font_manager:findfont: score(<Font 'Rachana' (Rachana-Regular.ttf) normal normal regular normal>) = 10.05
DEBUG:matplotlib.font_manager:findfont: score(<Font 'Ubuntu' (Ubuntu-MI.ttf) italic normal medium normal>) = 11.145
DEBUG:matplotlib.font_manager:findfont: score(<Font 'Sarai' (Sarai.ttf) normal normal 400 normal>) = 10.05
DEBUG:matplotlib.font_manager:findfont: score(<Font 'KacstQurn' (KacstQurn.ttf) normal normal 400 normal>) = 10.05
DEBUG:matplotlib.font_manager:findfont: score(<Font 'Tlwg Mono' (TlwgMono.ttf) normal normal 400 normal>) = 10.05
DEBUG:matplotlib.font_manager:findfont: score(<Font 'Lohit Gurmukhi' (Lohit-Gurmukhi.ttf) normal normal 400 normal>) = 10.05
DEBUG:matplotlib.font_manager:findfont: score(<Font 'Tlwg Typewriter' (TlwgTypewriter-BoldOblique.ttf) oblique normal bold normal>) = 11.335
DEBUG:matplotlib.font_manager:findfont: score(<Font 'Umpush' (Umpush-BoldOblique.ttf) oblique normal bold normal>) = 11.335
DEBUG:matplotlib.font_manager:findfont: score(<Font 'KacstBook' (KacstBook.ttf) normal normal book normal>) = 10.05
DEBUG:matplotlib.font_manager:findfont: score(<Font 'Pagul' (Pagul.ttf) normal normal 400 normal>) = 10.05
DEBUG:matplotlib.font_manager:findfont: score(<Font 'FreeSerif' (FreeSerifBoldItalic.ttf) italic normal bold normal>) = 11.335
DEBUG:matplotlib.font_manager:findfont: score(<Font 'Lohit Kannada' (Lohit-Kannada.ttf) normal normal 400 normal>) = 10.05
DEBUG:matplotlib.font_manager:findfont: Matching :family=sans-serif:style=normal:variant=normal:weight=normal:stretch=normal:size=10.0 to DejaVu Sans ('/home/ram/.local/lib/python3.6/site-packages/matplotlib/mpl-data/fonts/ttf/DejaVuSans.ttf') with score of 0.050000.
DEBUG:roipoly.roipoly:Creating new ROI 0
DEBUG:matplotlib.font_manager:findfont: Matching :family=sans-serif:style=normal:variant=normal:weight=normal:stretch=normal:size=12.0.
DEBUG:matplotlib.font_manager:findfont: score(<Font 'STIXSizeThreeSym' (STIXSizThreeSymBol.ttf) normal normal bold normal>) = 10.335
DEBUG:matplotlib.font_manager:findfont: score(<Font 'DejaVu Sans Mono' (DejaVuSansMono.ttf) normal normal 400 normal>) = 10.05
DEBUG:matplotlib.font_manager:findfont: score(<Font 'DejaVu Serif' (DejaVuSerif.ttf) normal normal 400 normal>) = 10.05
DEBUG:matplotlib.font_manager:findfont: score(<Font 'DejaVu Sans Mono' (DejaVuSansMono-Bold.ttf) normal normal bold normal>) = 10.335
DEBUG:matplotlib.font_manager:findfont: score(<Font 'cmtt10' (cmtt10.ttf) normal normal 400 normal>) = 10.05
DEBUG:matplotlib.font_manager:findfont: score(<Font 'STIXNonUnicode' (STIXNonUni.ttf) normal normal regular normal>) = 10.05
DEBUG:matplotlib.font_manager:findfont: score(<Font 'STIXSizeFourSym' (STIXSizFourSymBol.ttf) normal normal bold normal>) = 10.335
DEBUG:matplotlib.font_manager:findfont: score(<Font 'STIXNonUnicode' (STIXNonUniBolIta.ttf) italic normal bold normal>) = 11.335
DEBUG:matplotlib.font_manager:findfont: score(<Font 'DejaVu Sans' (DejaVuSans-BoldOblique.ttf) oblique normal bold normal>) = 1.335
DEBUG:matplotlib.font_manager:findfont: score(<Font 'STIXSizeOneSym' (STIXSizOneSymReg.ttf) normal normal regular normal>) = 10.05
DEBUG:matplotlib.font_manager:findfont: score(<Font 'cmr10' (cmr10.ttf) normal normal 400 normal>) = 10.05
DEBUG:matplotlib.font_manager:findfont: score(<Font 'cmss10' (cmss10.ttf) normal normal 400 normal>) = 10.05
DEBUG:matplotlib.font_manager:findfont: score(<Font 'STIXSizeOneSym' (STIXSizOneSymBol.ttf) normal normal bold normal>) = 10.335
DEBUG:matplotlib.font_manager:findfont: score(<Font 'cmb10' (cmb10.ttf) normal normal 400 normal>) = 10.05
DEBUG:matplotlib.font_manager:findfont: score(<Font 'DejaVu Serif' (DejaVuSerif-Italic.ttf) italic normal 400 normal>) = 11.05
DEBUG:matplotlib.font_manager:findfont: score(<Font 'DejaVu Sans Mono' (DejaVuSansMono-BoldOblique.ttf) oblique normal bold normal>) = 11.335
DEBUG:matplotlib.font_manager:findfont: score(<Font 'DejaVu Serif Display' (DejaVuSerifDisplay.ttf) normal normal 400 normal>) = 10.05
DEBUG:matplotlib.font_manager:findfont: score(<Font 'DejaVu Sans Display' (DejaVuSansDisplay.ttf) normal normal 400 normal>) = 10.05
DEBUG:matplotlib.font_manager:findfont: score(<Font 'cmex10' (cmex10.ttf) normal normal 400 normal>) = 10.05
DEBUG:matplotlib.font_manager:findfont: score(<Font 'STIXNonUnicode' (STIXNonUniBol.ttf) normal normal bold normal>) = 10.335
DEBUG:matplotlib.font_manager:findfont: score(<Font 'cmsy10' (cmsy10.ttf) normal normal 400 normal>) = 10.05
DEBUG:matplotlib.font_manager:findfont: score(<Font 'DejaVu Sans' (DejaVuSans-Bold.ttf) normal normal bold normal>) = 0.33499999999999996
DEBUG:matplotlib.font_manager:findfont: score(<Font 'STIXSizeTwoSym' (STIXSizTwoSymBol.ttf) normal normal bold normal>) = 10.335
DEBUG:matplotlib.font_manager:findfont: score(<Font 'DejaVu Sans' (DejaVuSans.ttf) normal normal 400 normal>) = 0.05
DEBUG:matplotlib.font_manager:findfont: score(<Font 'STIXGeneral' (STIXGeneral.ttf) normal normal regular normal>) = 10.05
DEBUG:matplotlib.font_manager:findfont: score(<Font 'STIXSizeFiveSym' (STIXSizFiveSymReg.ttf) normal normal regular normal>) = 10.05
DEBUG:matplotlib.font_manager:findfont: score(<Font 'STIXSizeThreeSym' (STIXSizThreeSymReg.ttf) normal normal regular normal>) = 10.05
DEBUG:matplotlib.font_manager:findfont: score(<Font 'cmmi10' (cmmi10.ttf) normal normal 400 normal>) = 10.05
DEBUG:matplotlib.font_manager:findfont: score(<Font 'STIXGeneral' (STIXGeneralBolIta.ttf) italic normal bold normal>) = 11.335
DEBUG:matplotlib.font_manager:findfont: score(<Font 'DejaVu Sans' (DejaVuSans-Oblique.ttf) oblique normal 400 normal>) = 1.05
DEBUG:matplotlib.font_manager:findfont: score(<Font 'STIXGeneral' (STIXGeneralBol.ttf) normal normal bold normal>) = 10.335
DEBUG:matplotlib.font_manager:findfont: score(<Font 'DejaVu Sans Mono' (DejaVuSansMono-Oblique.ttf) oblique normal 400 normal>) = 11.05
DEBUG:matplotlib.font_manager:findfont: score(<Font 'DejaVu Serif' (DejaVuSerif-Bold.ttf) normal normal bold normal>) = 10.335
DEBUG:matplotlib.font_manager:findfont: score(<Font 'DejaVu Serif' (DejaVuSerif-BoldItalic.ttf) italic normal bold normal>) = 11.335
DEBUG:matplotlib.font_manager:findfont: score(<Font 'STIXNonUnicode' (STIXNonUniIta.ttf) italic normal 400 normal>) = 11.05
DEBUG:matplotlib.font_manager:findfont: score(<Font 'STIXGeneral' (STIXGeneralItalic.ttf) italic normal 400 normal>) = 11.05
DEBUG:matplotlib.font_manager:findfont: score(<Font 'STIXSizeFourSym' (STIXSizFourSymReg.ttf) normal normal regular normal>) = 10.05
DEBUG:matplotlib.font_manager:findfont: score(<Font 'STIXSizeTwoSym' (STIXSizTwoSymReg.ttf) normal normal regular normal>) = 10.05
DEBUG:matplotlib.font_manager:findfont: score(<Font 'Liberation Sans' (LiberationSans-Regular.ttf) normal normal 400 normal>) = 10.05
DEBUG:matplotlib.font_manager:findfont: score(<Font 'Tlwg Typo' (TlwgTypo-BoldOblique.ttf) oblique normal bold normal>) = 11.335
DEBUG:matplotlib.font_manager:findfont: score(<Font 'Liberation Serif' (LiberationSerif-Regular.ttf) normal normal 400 normal>) = 10.05
DEBUG:matplotlib.font_manager:findfont: score(<Font 'Norasi' (Norasi-Oblique.ttf) oblique normal 400 normal>) = 11.05
DEBUG:matplotlib.font_manager:findfont: score(<Font 'Ubuntu' (Ubuntu-RI.ttf) italic normal 400 normal>) = 11.05
DEBUG:matplotlib.font_manager:findfont: score(<Font 'Liberation Mono' (LiberationMono-Bold.ttf) normal normal bold normal>) = 10.335
DEBUG:matplotlib.font_manager:findfont: score(<Font 'Loma' (Loma-Bold.ttf) normal normal bold normal>) = 10.335
DEBUG:matplotlib.font_manager:findfont: score(<Font 'Noto Serif CJK JP' (NotoSerifCJK-Regular.ttc) normal normal 400 normal>) = 10.05
DEBUG:matplotlib.font_manager:findfont: score(<Font 'Waree' (Waree-Bold.ttf) normal normal bold normal>) = 10.335
DEBUG:matplotlib.font_manager:findfont: score(<Font 'Lohit Malayalam' (Lohit-Malayalam.ttf) normal normal 400 normal>) = 10.05
DEBUG:matplotlib.font_manager:findfont: score(<Font 'FreeSerif' (FreeSerifItalic.ttf) italic normal 400 normal>) = 11.05
DEBUG:matplotlib.font_manager:findfont: score(<Font 'Ubuntu Mono' (UbuntuMono-RI.ttf) italic normal 400 normal>) = 11.05
DEBUG:matplotlib.font_manager:findfont: score(<Font 'Meera' (Meera.ttf) normal normal 400 normal>) = 10.05
DEBUG:matplotlib.font_manager:findfont: score(<Font 'Lohit Tamil Classical' (Lohit-Tamil-Classical.ttf) normal normal 400 normal>) = 10.05
DEBUG:matplotlib.font_manager:findfont: score(<Font 'Tlwg Typewriter' (TlwgTypewriter.ttf) normal normal 400 normal>) = 10.05
DEBUG:matplotlib.font_manager:findfont: score(<Font 'Tlwg Typo' (TlwgTypo-Oblique.ttf) oblique normal 400 normal>) = 11.05
DEBUG:matplotlib.font_manager:findfont: score(<Font 'DejaVu Sans' (DejaVuSansCondensed-Bold.ttf) normal normal bold condensed>) = 0.5349999999999999
DEBUG:matplotlib.font_manager:findfont: score(<Font 'Dyuthi' (Dyuthi.ttf) normal normal 400 normal>) = 10.05
DEBUG:matplotlib.font_manager:findfont: score(<Font 'KacstOne' (KacstOne.ttf) normal normal 400 normal>) = 10.05
DEBUG:matplotlib.font_manager:findfont: score(<Font 'Suruma' (Suruma.ttf) normal normal 400 normal>) = 10.05
DEBUG:matplotlib.font_manager:findfont: score(<Font 'Liberation Serif' (LiberationSerif-Bold.ttf) normal normal bold normal>) = 10.335
DEBUG:matplotlib.font_manager:findfont: score(<Font 'Kalapi' (Kalapi.ttf) normal normal 400 normal>) = 10.05
DEBUG:matplotlib.font_manager:findfont: score(<Font 'Tlwg Typewriter' (TlwgTypewriter-Bold.ttf) normal normal bold normal>) = 10.335
DEBUG:matplotlib.font_manager:findfont: score(<Font 'Loma' (Loma-Oblique.ttf) oblique normal 400 normal>) = 11.05
DEBUG:matplotlib.font_manager:findfont: score(<Font 'Kinnari' (Kinnari-Bold.ttf) normal normal bold normal>) = 10.335
DEBUG:matplotlib.font_manager:findfont: score(<Font 'Sahadeva' (sahadeva.ttf) normal normal 400 normal>) = 10.05
DEBUG:matplotlib.font_manager:findfont: score(<Font 'LKLUG' (lklug.ttf) normal normal 400 normal>) = 10.05
DEBUG:matplotlib.font_manager:findfont: score(<Font 'Liberation Serif' (LiberationSerif-Italic.ttf) italic normal 400 normal>) = 11.05
DEBUG:matplotlib.font_manager:findfont: score(<Font 'Tlwg Typist' (TlwgTypist.ttf) normal normal 400 normal>) = 10.05
DEBUG:matplotlib.font_manager:findfont: score(<Font 'Mitra Mono' (mitra.ttf) normal normal 400 normal>) = 10.05
DEBUG:matplotlib.font_manager:findfont: score(<Font 'Lohit Bengali' (Lohit-Bengali.ttf) normal normal 400 normal>) = 10.05
DEBUG:matplotlib.font_manager:findfont: score(<Font 'Jamrul' (JamrulNormal.ttf) normal normal 400 normal>) = 10.05
DEBUG:matplotlib.font_manager:findfont: score(<Font 'DejaVu Sans' (DejaVuSansCondensed.ttf) normal normal 400 condensed>) = 0.25
DEBUG:matplotlib.font_manager:findfont: score(<Font 'Padauk Book' (PadaukBook-Bold.ttf) normal normal book normal>) = 10.05
DEBUG:matplotlib.font_manager:findfont: score(<Font 'KacstScreen' (KacstScreen.ttf) normal normal 400 normal>) = 10.05
DEBUG:matplotlib.font_manager:findfont: score(<Font 'Samyak Gujarati' (Samyak-Gujarati.ttf) normal normal 400 normal>) = 10.05
DEBUG:matplotlib.font_manager:findfont: score(<Font 'Ubuntu' (Ubuntu-LI.ttf) italic normal light normal>) = 11.24
DEBUG:matplotlib.font_manager:findfont: score(<Font 'Norasi' (Norasi-BoldOblique.ttf) oblique normal bold normal>) = 11.335
DEBUG:matplotlib.font_manager:findfont: score(<Font 'Laksaman' (Laksaman-Italic.ttf) italic normal 400 normal>) = 11.05
DEBUG:matplotlib.font_manager:findfont: score(<Font 'Ubuntu Condensed' (Ubuntu-C.ttf) normal normal 400 condensed>) = 10.25
DEBUG:matplotlib.font_manager:findfont: score(<Font 'Karumbi' (Karumbi.ttf) normal normal 400 normal>) = 10.05
DEBUG:matplotlib.font_manager:findfont: score(<Font 'Kinnari' (Kinnari-Italic.ttf) italic normal 400 normal>) = 11.05
DEBUG:matplotlib.font_manager:findfont: score(<Font 'Ubuntu' (Ubuntu-BI.ttf) italic normal bold normal>) = 11.335
DEBUG:matplotlib.font_manager:findfont: score(<Font 'Loma' (Loma-BoldOblique.ttf) oblique normal bold normal>) = 11.335
DEBUG:matplotlib.font_manager:findfont: score(<Font 'Laksaman' (Laksaman.ttf) normal normal 400 normal>) = 10.05
DEBUG:matplotlib.font_manager:findfont: score(<Font 'Laksaman' (Laksaman-BoldItalic.ttf) italic normal bold normal>) = 11.335
DEBUG:matplotlib.font_manager:findfont: score(<Font 'Likhan' (LikhanNormal.ttf) normal normal 400 normal>) = 10.05
DEBUG:matplotlib.font_manager:findfont: score(<Font 'Lohit Telugu' (Lohit-Telugu.ttf) normal normal 400 normal>) = 10.05
DEBUG:matplotlib.font_manager:findfont: score(<Font 'Liberation Sans Narrow' (LiberationSansNarrow-BoldItalic.ttf) italic normal bold condensed>) = 11.535
DEBUG:matplotlib.font_manager:findfont: score(<Font 'FreeMono' (FreeMono.ttf) normal normal 400 normal>) = 10.05
DEBUG:matplotlib.font_manager:findfont: score(<Font 'padmaa' (padmaa-Medium-0.5.ttf) normal normal normal normal>) = 10.0
DEBUG:matplotlib.font_manager:findfont: score(<Font 'Sawasdee' (Sawasdee-Oblique.ttf) oblique normal 400 normal>) = 11.05
DEBUG:matplotlib.font_manager:findfont: score(<Font 'Umpush' (Umpush-Light.ttf) normal normal light normal>) = 10.24
DEBUG:matplotlib.font_manager:findfont: score(<Font 'KacstOne' (KacstOne-Bold.ttf) normal normal bold normal>) = 10.335
DEBUG:matplotlib.font_manager:findfont: score(<Font 'Waree' (Waree.ttf) normal normal 400 normal>) = 10.05
DEBUG:matplotlib.font_manager:findfont: score(<Font 'Lohit Devanagari' (Lohit-Devanagari.ttf) normal normal 400 normal>) = 10.05
DEBUG:matplotlib.font_manager:findfont: score(<Font 'Tlwg Typewriter' (TlwgTypewriter-Oblique.ttf) oblique normal 400 normal>) = 11.05
DEBUG:matplotlib.font_manager:findfont: score(<Font 'Tlwg Typist' (TlwgTypist-Bold.ttf) normal normal bold normal>) = 10.335
DEBUG:matplotlib.font_manager:findfont: score(<Font 'Ubuntu Mono' (UbuntuMono-R.ttf) normal normal 400 normal>) = 10.05
DEBUG:matplotlib.font_manager:findfont: score(<Font 'Tibetan Machine Uni' (TibetanMachineUni.ttf) normal normal 400 normal>) = 10.05
DEBUG:matplotlib.font_manager:findfont: score(<Font 'Khmer OS System' (KhmerOSsys.ttf) normal normal 400 normal>) = 10.05
DEBUG:matplotlib.font_manager:findfont: score(<Font 'Droid Sans Fallback' (DroidSansFallbackFull.ttf) normal normal 400 normal>) = 10.05
DEBUG:matplotlib.font_manager:findfont: score(<Font 'Purisa' (Purisa.ttf) normal normal 400 normal>) = 10.05
DEBUG:matplotlib.font_manager:findfont: score(<Font 'Padauk' (Padauk-Regular.ttf) normal normal 400 normal>) = 10.05
DEBUG:matplotlib.font_manager:findfont: score(<Font 'Manjari' (Manjari-Bold.otf) normal normal bold normal>) = 10.335
DEBUG:matplotlib.font_manager:findfont: score(<Font 'KacstNaskh' (KacstNaskh.ttf) normal normal 400 normal>) = 10.05
DEBUG:matplotlib.font_manager:findfont: score(<Font 'Keraleeyam' (Keraleeyam.ttf) normal normal 700 normal>) = 10.335
DEBUG:matplotlib.font_manager:findfont: score(<Font 'Purisa' (Purisa-Bold.ttf) normal normal bold normal>) = 10.335
DEBUG:matplotlib.font_manager:findfont: score(<Font 'Norasi' (Norasi.ttf) normal normal 400 normal>) = 10.05
DEBUG:matplotlib.font_manager:findfont: score(<Font 'KacstPen' (KacstPen.ttf) normal normal 400 normal>) = 10.05
DEBUG:matplotlib.font_manager:findfont: score(<Font 'Kinnari' (Kinnari-Oblique.ttf) oblique normal 400 normal>) = 11.05
DEBUG:matplotlib.font_manager:findfont: score(<Font 'Garuda' (Garuda-BoldOblique.ttf) oblique normal bold normal>) = 11.335
DEBUG:matplotlib.font_manager:findfont: score(<Font 'Liberation Sans' (LiberationSans-BoldItalic.ttf) italic normal bold normal>) = 11.335
DEBUG:matplotlib.font_manager:findfont: score(<Font 'Tlwg Typo' (TlwgTypo.ttf) normal normal 400 normal>) = 10.05
DEBUG:matplotlib.font_manager:findfont: score(<Font 'FreeMono' (FreeMonoOblique.ttf) oblique normal 400 normal>) = 11.05
DEBUG:matplotlib.font_manager:findfont: score(<Font 'Tlwg Typo' (TlwgTypo-Bold.ttf) normal normal bold normal>) = 10.335
DEBUG:matplotlib.font_manager:findfont: score(<Font 'Noto Mono' (NotoMono-Regular.ttf) normal normal 400 normal>) = 10.05
DEBUG:matplotlib.font_manager:findfont: score(<Font 'FreeSans' (FreeSansBoldOblique.ttf) oblique normal bold normal>) = 11.335
DEBUG:matplotlib.font_manager:findfont: score(<Font 'Liberation Sans' (LiberationSans-Bold.ttf) normal normal bold normal>) = 10.335
DEBUG:matplotlib.font_manager:findfont: score(<Font 'Liberation Sans Narrow' (LiberationSansNarrow-Regular.ttf) normal normal 400 condensed>) = 10.25
DEBUG:matplotlib.font_manager:findfont: score(<Font 'RaghuMalayalam' (RaghuMalayalamSans-Regular.ttf) normal normal regular normal>) = 10.05
DEBUG:matplotlib.font_manager:findfont: score(<Font 'Kalimati' (kalimati.ttf) normal normal 400 normal>) = 10.05
DEBUG:matplotlib.font_manager:findfont: score(<Font 'Samyak Malayalam' (Samyak-Malayalam.ttf) normal normal 400 normal>) = 10.05
DEBUG:matplotlib.font_manager:findfont: score(<Font 'KacstDecorative' (KacstDecorative.ttf) normal normal 400 normal>) = 10.05
DEBUG:matplotlib.font_manager:findfont: score(<Font 'Abyssinica SIL' (AbyssinicaSIL-R.ttf) normal normal 400 normal>) = 10.05
DEBUG:matplotlib.font_manager:findfont: score(<Font 'AnjaliOldLipi' (AnjaliOldLipi.ttf) normal normal 400 normal>) = 10.05
DEBUG:matplotlib.font_manager:findfont: score(<Font 'Manjari' (Manjari-Thin.otf) normal normal 400 normal>) = 10.05
DEBUG:matplotlib.font_manager:findfont: score(<Font 'KacstArt' (KacstArt.ttf) normal normal 400 normal>) = 10.05
DEBUG:matplotlib.font_manager:findfont: score(<Font 'Purisa' (Purisa-Oblique.ttf) oblique normal 400 normal>) = 11.05
DEBUG:matplotlib.font_manager:findfont: score(<Font 'Lohit Odia' (Lohit-Odia.ttf) normal normal 400 normal>) = 10.05
DEBUG:matplotlib.font_manager:findfont: score(<Font 'KacstDigital' (KacstDigital.ttf) normal normal 400 normal>) = 10.05
DEBUG:matplotlib.font_manager:findfont: score(<Font 'Samyak Devanagari' (Samyak-Devanagari.ttf) normal normal 400 normal>) = 10.05
DEBUG:matplotlib.font_manager:findfont: score(<Font 'Umpush' (Umpush-Oblique.ttf) oblique normal 400 normal>) = 11.05
DEBUG:matplotlib.font_manager:findfont: score(<Font 'Lohit Tamil' (Lohit-Tamil.ttf) normal normal 400 normal>) = 10.05
DEBUG:matplotlib.font_manager:findfont: score(<Font 'Ubuntu' (Ubuntu-L.ttf) normal normal light normal>) = 10.24
DEBUG:matplotlib.font_manager:findfont: score(<Font 'Liberation Mono' (LiberationMono-Regular.ttf) normal normal 400 normal>) = 10.05
DEBUG:matplotlib.font_manager:findfont: score(<Font 'mry_KacstQurn' (mry_KacstQurn.ttf) normal normal 400 normal>) = 10.05
DEBUG:matplotlib.font_manager:findfont: score(<Font 'Liberation Mono' (LiberationMono-BoldItalic.ttf) italic normal bold normal>) = 11.335
DEBUG:matplotlib.font_manager:findfont: score(<Font 'Laksaman' (Laksaman-Bold.ttf) normal normal bold normal>) = 10.335
DEBUG:matplotlib.font_manager:findfont: score(<Font 'DejaVu Sans' (DejaVuSansCondensed-BoldOblique.ttf) oblique normal bold condensed>) = 1.535
DEBUG:matplotlib.font_manager:findfont: score(<Font 'Umpush' (Umpush.ttf) normal normal 400 normal>) = 10.05
DEBUG:matplotlib.font_manager:findfont: score(<Font 'Khmer OS' (KhmerOS.ttf) normal normal 400 normal>) = 10.05
DEBUG:matplotlib.font_manager:findfont: score(<Font 'Garuda' (Garuda.ttf) normal normal 400 normal>) = 10.05
DEBUG:matplotlib.font_manager:findfont: score(<Font 'DejaVu Sans' (DejaVuSansCondensed-Oblique.ttf) oblique normal 400 condensed>) = 1.25
DEBUG:matplotlib.font_manager:findfont: score(<Font 'FreeSans' (FreeSansOblique.ttf) oblique normal 400 normal>) = 11.05
DEBUG:matplotlib.font_manager:findfont: score(<Font 'FreeSerif' (FreeSerif.ttf) normal normal 400 normal>) = 10.05
DEBUG:matplotlib.font_manager:findfont: score(<Font 'Noto Sans CJK JP' (NotoSansCJK-Bold.ttc) normal normal bold normal>) = 10.335
DEBUG:matplotlib.font_manager:findfont: score(<Font 'Rachana' (Rachana-Bold.ttf) normal normal bold normal>) = 10.335
DEBUG:matplotlib.font_manager:findfont: score(<Font 'DejaVu Serif' (DejaVuSerifCondensed.ttf) normal normal 400 condensed>) = 10.25
DEBUG:matplotlib.font_manager:findfont: score(<Font 'padmaa-Bold.1.1' (padmaa-Bold.1.1.ttf) normal normal bold normal>) = 10.335
DEBUG:matplotlib.font_manager:findfont: score(<Font 'Uroob' (Uroob.ttf) normal normal 700 normal>) = 10.335
DEBUG:matplotlib.font_manager:findfont: score(<Font 'Purisa' (Purisa-BoldOblique.ttf) oblique normal bold normal>) = 11.335
DEBUG:matplotlib.font_manager:findfont: score(<Font 'Vemana2000' (vemana2000.ttf) normal normal 400 normal>) = 10.05
DEBUG:matplotlib.font_manager:findfont: score(<Font 'KacstLetter' (KacstLetter.ttf) normal normal 400 normal>) = 10.05
DEBUG:matplotlib.font_manager:findfont: score(<Font 'KacstOffice' (KacstOffice.ttf) normal normal 400 normal>) = 10.05
DEBUG:matplotlib.font_manager:findfont: score(<Font 'DejaVu Math TeX Gyre' (DejaVuMathTeXGyre.ttf) normal normal regular normal>) = 10.05
DEBUG:matplotlib.font_manager:findfont: score(<Font 'Chandas' (chandas1-2.ttf) normal normal 400 normal>) = 10.05
DEBUG:matplotlib.font_manager:findfont: score(<Font 'Samyak Tamil' (Samyak-Tamil.ttf) normal normal 400 normal>) = 10.05
DEBUG:matplotlib.font_manager:findfont: score(<Font 'aakar' (aakar-medium.ttf) normal normal 400 normal>) = 10.05
DEBUG:matplotlib.font_manager:findfont: score(<Font 'KacstTitleL' (KacstTitleL.ttf) normal normal 400 normal>) = 10.05
DEBUG:matplotlib.font_manager:findfont: score(<Font 'Nakula' (nakula.ttf) normal normal 400 normal>) = 10.05
DEBUG:matplotlib.font_manager:findfont: score(<Font 'Kinnari' (Kinnari.ttf) normal normal 400 normal>) = 10.05
DEBUG:matplotlib.font_manager:findfont: score(<Font 'Tlwg Mono' (TlwgMono-Oblique.ttf) oblique normal 400 normal>) = 11.05
DEBUG:matplotlib.font_manager:findfont: score(<Font 'OpenSymbol' (opens___.ttf) normal normal 400 normal>) = 10.05
DEBUG:matplotlib.font_manager:findfont: score(<Font 'Noto Sans CJK JP' (NotoSansCJK-Regular.ttc) normal normal 400 normal>) = 10.05
DEBUG:matplotlib.font_manager:findfont: score(<Font 'Ubuntu Mono' (UbuntuMono-B.ttf) normal normal bold normal>) = 10.335
DEBUG:matplotlib.font_manager:findfont: score(<Font 'KacstFarsi' (KacstFarsi.ttf) normal normal 400 normal>) = 10.05
DEBUG:matplotlib.font_manager:findfont: score(<Font 'Loma' (Loma.ttf) normal normal 400 normal>) = 10.05
DEBUG:matplotlib.font_manager:findfont: score(<Font 'Gargi' (Gargi.ttf) normal normal 400 normal>) = 10.05
DEBUG:matplotlib.font_manager:findfont: score(<Font 'DejaVu Serif' (DejaVuSerifCondensed-Italic.ttf) italic normal 400 condensed>) = 11.25
DEBUG:matplotlib.font_manager:findfont: score(<Font 'FreeMono' (FreeMonoBoldOblique.ttf) oblique normal bold normal>) = 11.335
DEBUG:matplotlib.font_manager:findfont: score(<Font 'DejaVu Serif' (DejaVuSerifCondensed-BoldItalic.ttf) italic normal bold condensed>) = 11.535
DEBUG:matplotlib.font_manager:findfont: score(<Font 'Sawasdee' (Sawasdee-BoldOblique.ttf) oblique normal bold normal>) = 11.335
DEBUG:matplotlib.font_manager:findfont: score(<Font 'Waree' (Waree-BoldOblique.ttf) oblique normal bold normal>) = 11.335
DEBUG:matplotlib.font_manager:findfont: score(<Font 'Tlwg Mono' (TlwgMono-Bold.ttf) normal normal bold normal>) = 10.335
DEBUG:matplotlib.font_manager:findfont: score(<Font 'Liberation Sans Narrow' (LiberationSansNarrow-Bold.ttf) normal normal bold condensed>) = 10.535
DEBUG:matplotlib.font_manager:findfont: score(<Font 'Sawasdee' (Sawasdee.ttf) normal normal 400 normal>) = 10.05
DEBUG:matplotlib.font_manager:findfont: score(<Font 'Liberation Mono' (LiberationMono-Italic.ttf) italic normal 400 normal>) = 11.05
DEBUG:matplotlib.font_manager:findfont: score(<Font 'DejaVu Sans' (DejaVuSans-ExtraLight.ttf) normal normal light normal>) = 0.24
DEBUG:matplotlib.font_manager:findfont: score(<Font 'FreeMono' (FreeMonoBold.ttf) normal normal bold normal>) = 10.335
DEBUG:matplotlib.font_manager:findfont: score(<Font 'Padauk' (Padauk-Bold.ttf) normal normal bold normal>) = 10.335
DEBUG:matplotlib.font_manager:findfont: score(<Font 'Phetsarath OT' (Phetsarath_OT.ttf) normal normal 400 normal>) = 10.05
DEBUG:matplotlib.font_manager:findfont: score(<Font 'Ubuntu' (Ubuntu-B.ttf) normal normal bold normal>) = 10.335
DEBUG:matplotlib.font_manager:findfont: score(<Font 'Garuda' (Garuda-Bold.ttf) normal normal bold normal>) = 10.335
DEBUG:matplotlib.font_manager:findfont: score(<Font 'Umpush' (Umpush-LightOblique.ttf) oblique normal light normal>) = 11.24
DEBUG:matplotlib.font_manager:findfont: score(<Font 'Padauk Book' (PadaukBook-Regular.ttf) normal normal book normal>) = 10.05
DEBUG:matplotlib.font_manager:findfont: score(<Font 'Saab' (Saab.ttf) normal normal 400 normal>) = 10.05
DEBUG:matplotlib.font_manager:findfont: score(<Font 'Mukti Narrow' (MuktiNarrowBold.ttf) normal normal 700 normal>) = 10.335
DEBUG:matplotlib.font_manager:findfont: score(<Font 'Tlwg Typist' (TlwgTypist-BoldOblique.ttf) oblique normal bold normal>) = 11.335
DEBUG:matplotlib.font_manager:findfont: score(<Font 'Liberation Sans Narrow' (LiberationSansNarrow-Italic.ttf) italic normal 400 condensed>) = 11.25
DEBUG:matplotlib.font_manager:findfont: score(<Font 'Waree' (Waree-Oblique.ttf) oblique normal 400 normal>) = 11.05
DEBUG:matplotlib.font_manager:findfont: score(<Font 'Navilu' (Navilu.ttf) normal normal 400 normal>) = 10.05
DEBUG:matplotlib.font_manager:findfont: score(<Font 'Garuda' (Garuda-Oblique.ttf) oblique normal 400 normal>) = 11.05
DEBUG:matplotlib.font_manager:findfont: score(<Font 'Ubuntu' (Ubuntu-R.ttf) normal normal 400 normal>) = 10.05
DEBUG:matplotlib.font_manager:findfont: score(<Font 'Sawasdee' (Sawasdee-Bold.ttf) normal normal bold normal>) = 10.335
DEBUG:matplotlib.font_manager:findfont: score(<Font 'KacstPoster' (KacstPoster.ttf) normal normal 400 normal>) = 10.05
DEBUG:matplotlib.font_manager:findfont: score(<Font 'KacstTitle' (KacstTitle.ttf) normal normal 400 normal>) = 10.05
DEBUG:matplotlib.font_manager:findfont: score(<Font 'FreeSans' (FreeSans.ttf) normal normal 400 normal>) = 10.05
DEBUG:matplotlib.font_manager:findfont: score(<Font 'ori1Uni' (utkal.ttf) normal normal medium normal>) = 10.145
DEBUG:matplotlib.font_manager:findfont: score(<Font 'Ubuntu Mono' (UbuntuMono-BI.ttf) italic normal bold normal>) = 11.335
DEBUG:matplotlib.font_manager:findfont: score(<Font 'Samanata' (samanata.ttf) normal normal 400 normal>) = 10.05
DEBUG:matplotlib.font_manager:findfont: score(<Font 'Chilanka' (Chilanka-Regular.ttf) normal normal regular normal>) = 10.05
DEBUG:matplotlib.font_manager:findfont: score(<Font 'Norasi' (Norasi-BoldItalic.ttf) italic normal bold normal>) = 11.335
DEBUG:matplotlib.font_manager:findfont: score(<Font 'Mukti Narrow' (MuktiNarrow.ttf) normal normal 400 normal>) = 10.05
DEBUG:matplotlib.font_manager:findfont: score(<Font 'Ani' (ani.ttf) normal normal 400 normal>) = 10.05
DEBUG:matplotlib.font_manager:findfont: score(<Font 'Noto Serif CJK JP' (NotoSerifCJK-Bold.ttc) normal normal bold normal>) = 10.335
DEBUG:matplotlib.font_manager:findfont: score(<Font 'Manjari' (Manjari-Regular.otf) normal normal regular normal>) = 10.05
DEBUG:matplotlib.font_manager:findfont: score(<Font 'Lohit Assamese' (Lohit-Assamese.ttf) normal normal 400 normal>) = 10.05
DEBUG:matplotlib.font_manager:findfont: score(<Font 'Kinnari' (Kinnari-BoldItalic.ttf) italic normal bold normal>) = 11.335
DEBUG:matplotlib.font_manager:findfont: score(<Font 'Gubbi' (Gubbi.ttf) normal normal 400 normal>) = 10.05
DEBUG:matplotlib.font_manager:findfont: score(<Font 'Ubuntu' (Ubuntu-M.ttf) normal normal medium normal>) = 10.145
DEBUG:matplotlib.font_manager:findfont: score(<Font 'Liberation Serif' (LiberationSerif-BoldItalic.ttf) italic normal bold normal>) = 11.335
DEBUG:matplotlib.font_manager:findfont: score(<Font 'Kinnari' (Kinnari-BoldOblique.ttf) oblique normal bold normal>) = 11.335
DEBUG:matplotlib.font_manager:findfont: score(<Font 'FreeSans' (FreeSansBold.ttf) normal normal bold normal>) = 10.335
DEBUG:matplotlib.font_manager:findfont: score(<Font 'Liberation Sans' (LiberationSans-Italic.ttf) italic normal 400 normal>) = 11.05
DEBUG:matplotlib.font_manager:findfont: score(<Font 'padmaa' (padmaa.ttf) normal normal 400 normal>) = 10.05
DEBUG:matplotlib.font_manager:findfont: score(<Font 'Rekha' (Rekha.ttf) normal normal 400 normal>) = 10.05
DEBUG:matplotlib.font_manager:findfont: score(<Font 'Lohit Gujarati' (Lohit-Gujarati.ttf) normal normal 400 normal>) = 10.05
DEBUG:matplotlib.font_manager:findfont: score(<Font 'Umpush' (Umpush-Bold.ttf) normal normal bold normal>) = 10.335
DEBUG:matplotlib.font_manager:findfont: score(<Font 'DejaVu Serif' (DejaVuSerifCondensed-Bold.ttf) normal normal bold condensed>) = 10.535
DEBUG:matplotlib.font_manager:findfont: score(<Font 'Norasi' (Norasi-Bold.ttf) normal normal bold normal>) = 10.335
DEBUG:matplotlib.font_manager:findfont: score(<Font 'Norasi' (Norasi-Italic.ttf) italic normal 400 normal>) = 11.05
DEBUG:matplotlib.font_manager:findfont: score(<Font 'FreeSerif' (FreeSerifBold.ttf) normal normal bold normal>) = 10.335
DEBUG:matplotlib.font_manager:findfont: score(<Font 'Tlwg Typist' (TlwgTypist-Oblique.ttf) oblique normal 400 normal>) = 11.05
DEBUG:matplotlib.font_manager:findfont: score(<Font 'Tlwg Mono' (TlwgMono-BoldOblique.ttf) oblique normal bold normal>) = 11.335
DEBUG:matplotlib.font_manager:findfont: score(<Font 'Pothana2000' (Pothana2000.ttf) normal normal 400 normal>) = 10.05
DEBUG:matplotlib.font_manager:findfont: score(<Font 'Rachana' (Rachana-Regular.ttf) normal normal regular normal>) = 10.05
DEBUG:matplotlib.font_manager:findfont: score(<Font 'Ubuntu' (Ubuntu-MI.ttf) italic normal medium normal>) = 11.145
DEBUG:matplotlib.font_manager:findfont: score(<Font 'Sarai' (Sarai.ttf) normal normal 400 normal>) = 10.05
DEBUG:matplotlib.font_manager:findfont: score(<Font 'KacstQurn' (KacstQurn.ttf) normal normal 400 normal>) = 10.05
DEBUG:matplotlib.font_manager:findfont: score(<Font 'Tlwg Mono' (TlwgMono.ttf) normal normal 400 normal>) = 10.05
DEBUG:matplotlib.font_manager:findfont: score(<Font 'Lohit Gurmukhi' (Lohit-Gurmukhi.ttf) normal normal 400 normal>) = 10.05
DEBUG:matplotlib.font_manager:findfont: score(<Font 'Tlwg Typewriter' (TlwgTypewriter-BoldOblique.ttf) oblique normal bold normal>) = 11.335
DEBUG:matplotlib.font_manager:findfont: score(<Font 'Umpush' (Umpush-BoldOblique.ttf) oblique normal bold normal>) = 11.335
DEBUG:matplotlib.font_manager:findfont: score(<Font 'KacstBook' (KacstBook.ttf) normal normal book normal>) = 10.05
DEBUG:matplotlib.font_manager:findfont: score(<Font 'Pagul' (Pagul.ttf) normal normal 400 normal>) = 10.05
DEBUG:matplotlib.font_manager:findfont: score(<Font 'FreeSerif' (FreeSerifBoldItalic.ttf) italic normal bold normal>) = 11.335
DEBUG:matplotlib.font_manager:findfont: score(<Font 'Lohit Kannada' (Lohit-Kannada.ttf) normal normal 400 normal>) = 10.05
DEBUG:matplotlib.font_manager:findfont: Matching :family=sans-serif:style=normal:variant=normal:weight=normal:stretch=normal:size=12.0 to DejaVu Sans ('/home/ram/.local/lib/python3.6/site-packages/matplotlib/mpl-data/fonts/ttf/DejaVuSans.ttf') with score of 0.050000.
DEBUG:roipoly.roipoly:Received single left mouse button click
DEBUG:roipoly.roipoly:draw line x: [31.642857142857054, 33.266233766233654] y: [94.30519480519479, 94.30519480519479]
DEBUG:roipoly.roipoly:draw line x: [31.642857142857054, 55.9935064935064] y: [94.30519480519479, 91.05844155844159]
DEBUG:roipoly.roipoly:draw line x: [31.642857142857054, 57.616883116883] y: [94.30519480519479, 89.43506493506493]
DEBUG:roipoly.roipoly:draw line x: [31.642857142857054, 59.24025974025966] y: [94.30519480519479, 89.43506493506493]
DEBUG:roipoly.roipoly:draw line x: [31.642857142857054, 90.08441558441552] y: [94.30519480519479, 87.81168831168827]
DEBUG:roipoly.roipoly:draw line x: [31.642857142857054, 119.30519480519473] y: [94.30519480519479, 87.81168831168827]
DEBUG:roipoly.roipoly:draw line x: [31.642857142857054, 184.24025974025966] y: [94.30519480519479, 87.81168831168827]
DEBUG:roipoly.roipoly:draw line x: [31.642857142857054, 232.9415584415584] y: [94.30519480519479, 84.56493506493507]
DEBUG:roipoly.roipoly:draw line x: [31.642857142857054, 254.0454545454545] y: [94.30519480519479, 84.56493506493507]
DEBUG:roipoly.roipoly:draw line x: [31.642857142857054, 270.27922077922074] y: [94.30519480519479, 84.56493506493507]
DEBUG:roipoly.roipoly:draw line x: [31.642857142857054, 286.512987012987] y: [94.30519480519479, 81.31818181818176]
DEBUG:roipoly.roipoly:draw line x: [31.642857142857054, 299.49999999999994] y: [94.30519480519479, 79.69480519480521]
DEBUG:roipoly.roipoly:draw line x: [31.642857142857054, 304.3701298701298] y: [94.30519480519479, 78.07142857142856]
DEBUG:roipoly.roipoly:draw line x: [31.642857142857054, 315.7337662337662] y: [94.30519480519479, 78.07142857142856]
DEBUG:roipoly.roipoly:draw line x: [31.642857142857054, 343.3311688311688] y: [94.30519480519479, 78.07142857142856]
DEBUG:roipoly.roipoly:draw line x: [31.642857142857054, 387.1623376623376] y: [94.30519480519479, 71.57792207792204]
DEBUG:roipoly.roipoly:draw line x: [31.642857142857054, 447.2272727272727] y: [94.30519480519479, 65.08441558441552]
DEBUG:roipoly.roipoly:draw line x: [31.642857142857054, 465.0844155844156] y: [94.30519480519479, 63.46103896103898]
DEBUG:roipoly.roipoly:draw line x: [31.642857142857054, 466.70779220779224] y: [94.30519480519479, 63.46103896103898]
DEBUG:roipoly.roipoly:draw line x: [31.642857142857054, 476.44805194805195] y: [94.30519480519479, 58.59090909090912]
DEBUG:roipoly.roipoly:draw line x: [31.642857142857054, 478.0714285714286] y: [94.30519480519479, 58.59090909090912]
DEBUG:roipoly.roipoly:draw line x: [31.642857142857054, 479.69480519480527] y: [94.30519480519479, 58.59090909090912]
DEBUG:roipoly.roipoly:draw line x: [31.642857142857054, 482.94155844155847] y: [94.30519480519479, 56.967532467532465]
DEBUG:roipoly.roipoly:draw line x: [31.642857142857054, 487.81168831168833] y: [94.30519480519479, 56.967532467532465]
DEBUG:roipoly.roipoly:draw line x: [31.642857142857054, 505.6688311688312] y: [94.30519480519479, 56.967532467532465]
DEBUG:roipoly.roipoly:draw line x: [31.642857142857054, 528.396103896104] y: [94.30519480519479, 56.967532467532465]
DEBUG:roipoly.roipoly:draw line x: [31.642857142857054, 544.6298701298701] y: [94.30519480519479, 55.34415584415581]
DEBUG:roipoly.roipoly:draw line x: [31.642857142857054, 546.2532467532467] y: [94.30519480519479, 55.34415584415581]
DEBUG:roipoly.roipoly:draw line x: [31.642857142857054, 547.8766233766235] y: [94.30519480519479, 55.34415584415581]
DEBUG:roipoly.roipoly:draw line x: [31.642857142857054, 549.5] y: [94.30519480519479, 53.72077922077915]
DEBUG:roipoly.roipoly:draw line x: [31.642857142857054, 552.7467532467533] y: [94.30519480519479, 52.097402597402606]
DEBUG:roipoly.roipoly:draw line x: [31.642857142857054, 555.9935064935066] y: [94.30519480519479, 50.47402597402595]
DEBUG:roipoly.roipoly:draw line x: [31.642857142857054, 557.6168831168832] y: [94.30519480519479, 50.47402597402595]
DEBUG:roipoly.roipoly:Received single left mouse button click
DEBUG:roipoly.roipoly:draw line x: [31.642857142857054, 557.6168831168832] y: [94.30519480519479, 50.47402597402595]
DEBUG:roipoly.roipoly:draw line x: [557.6168831168832, 555.9935064935066] y: [50.47402597402595, 50.47402597402595]
DEBUG:roipoly.roipoly:draw line x: [557.6168831168832, 547.8766233766235] y: [50.47402597402595, 63.46103896103898]
DEBUG:roipoly.roipoly:draw line x: [557.6168831168832, 541.3831168831168] y: [50.47402597402595, 68.33116883116884]
DEBUG:roipoly.roipoly:draw line x: [557.6168831168832, 541.3831168831168] y: [50.47402597402595, 69.9545454545455]
DEBUG:roipoly.roipoly:draw line x: [557.6168831168832, 549.5] y: [50.47402597402595, 97.55194805194799]
DEBUG:roipoly.roipoly:draw line x: [557.6168831168832, 559.2402597402597] y: [50.47402597402595, 130.01948051948057]
DEBUG:roipoly.roipoly:draw line x: [557.6168831168832, 565.7337662337663] y: [50.47402597402595, 155.99350649350652]
DEBUG:roipoly.roipoly:draw line x: [557.6168831168832, 572.2272727272727] y: [50.47402597402595, 190.08441558441558]
DEBUG:roipoly.roipoly:draw line x: [557.6168831168832, 591.7077922077922] y: [50.47402597402595, 250.14935064935065]
DEBUG:roipoly.roipoly:draw line x: [557.6168831168832, 598.2012987012988] y: [50.47402597402595, 284.2402597402598]
DEBUG:roipoly.roipoly:draw line x: [557.6168831168832, 598.2012987012988] y: [50.47402597402595, 490.40909090909093]
DEBUG:roipoly.roipoly:draw line x: [557.6168831168832, 586.8376623376623] y: [50.47402597402595, 503.3961038961039]
DEBUG:roipoly.roipoly:draw line x: [557.6168831168832, 578.7207792207794] y: [50.47402597402595, 514.7597402597403]
DEBUG:roipoly.roipoly:draw line x: [557.6168831168832, 567.3571428571429] y: [50.47402597402595, 524.5]
DEBUG:roipoly.roipoly:draw line x: [557.6168831168832, 565.7337662337663] y: [50.47402597402595, 524.5]
DEBUG:roipoly.roipoly:draw line x: [557.6168831168832, 564.1103896103896] y: [50.47402597402595, 524.5]
DEBUG:roipoly.roipoly:draw line x: [557.6168831168832, 559.2402597402597] y: [50.47402597402595, 526.1233766233767]
DEBUG:roipoly.roipoly:draw line x: [557.6168831168832, 557.6168831168832] y: [50.47402597402595, 526.1233766233767]
DEBUG:roipoly.roipoly:draw line x: [557.6168831168832, 557.6168831168832] y: [50.47402597402595, 526.1233766233767]
DEBUG:roipoly.roipoly:draw line x: [557.6168831168832, 570.6038961038962] y: [50.47402597402595, 526.1233766233767]
DEBUG:roipoly.roipoly:draw line x: [557.6168831168832, 572.2272727272727] y: [50.47402597402595, 527.7467532467533]
DEBUG:roipoly.roipoly:draw line x: [557.6168831168832, 573.8506493506493] y: [50.47402597402595, 527.7467532467533]
DEBUG:roipoly.roipoly:draw line x: [557.6168831168832, 575.4740259740261] y: [50.47402597402595, 527.7467532467533]
DEBUG:roipoly.roipoly:Received single left mouse button click
DEBUG:roipoly.roipoly:draw line x: [557.6168831168832, 575.4740259740261] y: [50.47402597402595, 527.7467532467533]
DEBUG:roipoly.roipoly:draw line x: [575.4740259740261, 575.4740259740261] y: [527.7467532467533, 527.7467532467533]
DEBUG:roipoly.roipoly:draw line x: [575.4740259740261, 549.5] y: [527.7467532467533, 527.7467532467533]
DEBUG:roipoly.roipoly:draw line x: [575.4740259740261, 533.2662337662339] y: [527.7467532467533, 530.9935064935065]
DEBUG:roipoly.roipoly:draw line x: [575.4740259740261, 525.1493506493507] y: [527.7467532467533, 534.2402597402597]
DEBUG:roipoly.roipoly:draw line x: [575.4740259740261, 517.0324675324675] y: [527.7467532467533, 537.487012987013]
DEBUG:roipoly.roipoly:draw line x: [575.4740259740261, 492.6818181818182] y: [527.7467532467533, 545.6038961038962]
DEBUG:roipoly.roipoly:draw line x: [575.4740259740261, 479.69480519480527] y: [527.7467532467533, 550.4740259740261]
DEBUG:roipoly.roipoly:draw line x: [575.4740259740261, 468.3311688311689] y: [527.7467532467533, 553.7207792207793]
DEBUG:roipoly.roipoly:draw line x: [575.4740259740261, 447.2272727272727] y: [527.7467532467533, 563.461038961039]
DEBUG:roipoly.roipoly:draw line x: [575.4740259740261, 435.8636363636363] y: [527.7467532467533, 566.7077922077923]
DEBUG:roipoly.roipoly:draw line x: [575.4740259740261, 422.8766233766234] y: [527.7467532467533, 569.9545454545455]
DEBUG:roipoly.roipoly:draw line x: [575.4740259740261, 403.39610389610385] y: [527.7467532467533, 571.5779220779222]
DEBUG:roipoly.roipoly:draw line x: [575.4740259740261, 400.14935064935065] y: [527.7467532467533, 571.5779220779222]
DEBUG:roipoly.roipoly:draw line x: [575.4740259740261, 398.525974025974] y: [527.7467532467533, 571.5779220779222]
DEBUG:roipoly.roipoly:draw line x: [575.4740259740261, 383.9155844155844] y: [527.7467532467533, 571.5779220779222]
DEBUG:roipoly.roipoly:draw line x: [575.4740259740261, 361.18831168831167] y: [527.7467532467533, 569.9545454545455]
DEBUG:roipoly.roipoly:draw line x: [575.4740259740261, 348.20129870129864] y: [527.7467532467533, 568.3311688311688]
DEBUG:roipoly.roipoly:draw line x: [575.4740259740261, 346.5779220779221] y: [527.7467532467533, 568.3311688311688]
DEBUG:roipoly.roipoly:draw line x: [575.4740259740261, 346.5779220779221] y: [527.7467532467533, 568.3311688311688]
DEBUG:roipoly.roipoly:draw line x: [575.4740259740261, 323.85064935064935] y: [527.7467532467533, 561.8376623376623]
DEBUG:roipoly.roipoly:draw line x: [575.4740259740261, 296.25324675324674] y: [527.7467532467533, 543.9805194805195]
DEBUG:roipoly.roipoly:draw line x: [575.4740259740261, 291.3831168831169] y: [527.7467532467533, 539.1103896103897]
DEBUG:roipoly.roipoly:draw line x: [575.4740259740261, 289.7597402597402] y: [527.7467532467533, 537.487012987013]
DEBUG:roipoly.roipoly:draw line x: [575.4740259740261, 288.13636363636357] y: [527.7467532467533, 535.8636363636364]
DEBUG:roipoly.roipoly:draw line x: [575.4740259740261, 288.13636363636357] y: [527.7467532467533, 534.2402597402597]
DEBUG:roipoly.roipoly:Received single left mouse button click
DEBUG:roipoly.roipoly:draw line x: [575.4740259740261, 288.13636363636357] y: [527.7467532467533, 534.2402597402597]
DEBUG:roipoly.roipoly:draw line x: [288.13636363636357, 286.512987012987] y: [534.2402597402597, 534.2402597402597]
DEBUG:roipoly.roipoly:draw line x: [288.13636363636357, 275.1493506493506] y: [534.2402597402597, 534.2402597402597]
DEBUG:roipoly.roipoly:draw line x: [288.13636363636357, 271.9025974025974] y: [534.2402597402597, 534.2402597402597]
DEBUG:roipoly.roipoly:draw line x: [288.13636363636357, 271.9025974025974] y: [534.2402597402597, 534.2402597402597]
DEBUG:roipoly.roipoly:draw line x: [288.13636363636357, 262.1623376623376] y: [534.2402597402597, 526.1233766233767]
DEBUG:roipoly.roipoly:draw line x: [288.13636363636357, 245.9285714285714] y: [534.2402597402597, 495.27922077922085]
DEBUG:roipoly.roipoly:draw line x: [288.13636363636357, 234.564935064935] y: [534.2402597402597, 456.31818181818187]
DEBUG:roipoly.roipoly:draw line x: [288.13636363636357, 234.564935064935] y: [534.2402597402597, 415.7337662337663]
DEBUG:roipoly.roipoly:draw line x: [288.13636363636357, 231.31818181818176] y: [534.2402597402597, 370.2792207792208]
DEBUG:roipoly.roipoly:draw line x: [288.13636363636357, 224.8246753246753] y: [534.2402597402597, 339.43506493506493]
DEBUG:roipoly.roipoly:draw line x: [288.13636363636357, 219.95454545454538] y: [534.2402597402597, 298.85064935064935]
DEBUG:roipoly.roipoly:draw line x: [288.13636363636357, 219.95454545454538] y: [534.2402597402597, 290.73376623376623]
DEBUG:roipoly.roipoly:draw line x: [288.13636363636357, 218.33116883116878] y: [534.2402597402597, 285.8636363636364]
DEBUG:roipoly.roipoly:Received single left mouse button click
DEBUG:roipoly.roipoly:draw line x: [288.13636363636357, 218.33116883116878] y: [534.2402597402597, 285.8636363636364]
DEBUG:roipoly.roipoly:draw line x: [218.33116883116878, 216.70779220779218] y: [285.8636363636364, 284.2402597402598]
DEBUG:roipoly.roipoly:draw line x: [218.33116883116878, 206.9675324675324] y: [285.8636363636364, 253.3961038961039]
DEBUG:roipoly.roipoly:draw line x: [218.33116883116878, 200.47402597402595] y: [285.8636363636364, 229.04545454545456]
DEBUG:roipoly.roipoly:draw line x: [218.33116883116878, 197.2272727272727] y: [285.8636363636364, 206.3181818181818]
DEBUG:roipoly.roipoly:draw line x: [218.33116883116878, 197.2272727272727] y: [285.8636363636364, 199.82467532467535]
DEBUG:roipoly.roipoly:draw line x: [218.33116883116878, 197.2272727272727] y: [285.8636363636364, 198.2012987012987]
DEBUG:roipoly.roipoly:draw line x: [218.33116883116878, 197.2272727272727] y: [285.8636363636364, 196.5779220779221]
DEBUG:roipoly.roipoly:draw line x: [218.33116883116878, 195.60389610389603] y: [285.8636363636364, 194.95454545454544]
DEBUG:roipoly.roipoly:draw line x: [218.33116883116878, 195.60389610389603] y: [285.8636363636364, 194.95454545454544]
DEBUG:roipoly.roipoly:draw line x: [218.33116883116878, 169.62987012987008] y: [285.8636363636364, 190.08441558441558]
DEBUG:roipoly.roipoly:draw line x: [218.33116883116878, 158.2662337662337] y: [285.8636363636364, 188.46103896103898]
DEBUG:roipoly.roipoly:draw line x: [218.33116883116878, 117.68181818181813] y: [285.8636363636364, 181.96753246753246]
DEBUG:roipoly.roipoly:draw line x: [218.33116883116878, 62.48701298701292] y: [285.8636363636364, 180.34415584415586]
DEBUG:roipoly.roipoly:draw line x: [218.33116883116878, 57.616883116883] y: [285.8636363636364, 177.0974025974026]
DEBUG:roipoly.roipoly:Received single right mouse button click or double left click
DEBUG:roipoly.roipoly:Stop ROI drawing
INFO:root:14_40_02_15_01_2021: Change detected
INFO:root:14_40_02_15_01_2021: Change detected
INFO:root:14_40_02_15_01_2021: Change detected
INFO:root:14_40_02_15_01_2021: Change detected
INFO:root:14_40_02_15_01_2021: Change detected
INFO:root:14_40_02_15_01_2021: Change detected
INFO:root:14_40_03_15_01_2021: Change detected
INFO:root:14_40_03_15_01_2021: Change detected
INFO:root:14_40_03_15_01_2021: Change detected
INFO:root:14_40_03_15_01_2021: Change detected
INFO:root:14_40_03_15_01_2021: Change detected
INFO:root:14_40_03_15_01_2021: Change detected
INFO:root:14_40_03_15_01_2021: Change detected
INFO:root:14_40_03_15_01_2021: Change detected
INFO:root:14_40_03_15_01_2021: Change detected
INFO:root:14_40_03_15_01_2021: Change detected
INFO:root:14_40_03_15_01_2021: Change detected
INFO:root:14_40_03_15_01_2021: Change detected
INFO:root:14_40_04_15_01_2021: Change detected
INFO:root:14_40_04_15_01_2021: Change detected
INFO:root:14_40_04_15_01_2021: Change detected
INFO:root:14_40_04_15_01_2021: Change detected
INFO:root:14_40_04_15_01_2021: Change detected
INFO:root:14_40_04_15_01_2021: Change detected
INFO:root:14_40_04_15_01_2021: Change detected
INFO:root:14_40_04_15_01_2021: Change detected
INFO:root:14_40_04_15_01_2021: Change detected
INFO:root:14_40_04_15_01_2021: Change detected
INFO:root:14_40_04_15_01_2021: Change detected
INFO:root:14_40_04_15_01_2021: Change detected
INFO:root:14_40_04_15_01_2021: Change detected
INFO:root:14_40_05_15_01_2021: Change detected
INFO:root:14_40_05_15_01_2021: Change detected
INFO:root:14_40_05_15_01_2021: Change detected
INFO:root:14_40_05_15_01_2021: Change detected
INFO:root:14_40_05_15_01_2021: Change detected
INFO:root:14_40_05_15_01_2021: Change detected
INFO:root:14_40_05_15_01_2021: Change detected
INFO:root:14_40_05_15_01_2021: Change detected
INFO:root:14_40_05_15_01_2021: Change detected
INFO:root:14_40_05_15_01_2021: Change detected
INFO:root:14_40_05_15_01_2021: Change detected
INFO:root:14_40_05_15_01_2021: Change detected
INFO:root:14_40_05_15_01_2021: Change detected
INFO:root:14_40_06_15_01_2021: Change detected
INFO:root:14_40_06_15_01_2021: Change detected
INFO:root:14_40_06_15_01_2021: Change detected
INFO:root:14_40_06_15_01_2021: Change detected
INFO:root:14_40_06_15_01_2021: Change detected
INFO:root:14_40_06_15_01_2021: Change detected
INFO:root:14_40_06_15_01_2021: Change detected
INFO:root:14_40_06_15_01_2021: Change detected
INFO:root:14_40_06_15_01_2021: Change detected
INFO:root:14_40_06_15_01_2021: Change detected
INFO:root:14_40_06_15_01_2021: Change detected
INFO:root:14_40_06_15_01_2021: Change detected
INFO:root:14_40_06_15_01_2021: Change detected
INFO:root:14_40_07_15_01_2021: Change detected
INFO:root:14_40_07_15_01_2021: Change detected
INFO:root:14_40_07_15_01_2021: Change detected
INFO:root:14_40_07_15_01_2021: Change detected
INFO:root:14_40_07_15_01_2021: Change detected
INFO:root:14_40_07_15_01_2021: Change detected
INFO:root:14_40_07_15_01_2021: Change detected
INFO:root:14_40_07_15_01_2021: Change detected
INFO:root:14_40_07_15_01_2021: Change detected
INFO:root:14_40_07_15_01_2021: Change detected
INFO:root:14_40_07_15_01_2021: Change detected
INFO:root:14_40_07_15_01_2021: Change detected
INFO:root:14_40_08_15_01_2021: Change detected
INFO:root:14_40_08_15_01_2021: Change detected
INFO:root:14_40_08_15_01_2021: Change detected
INFO:root:14_40_08_15_01_2021: Change detected
INFO:root:14_40_08_15_01_2021: Change detected
INFO:root:14_40_08_15_01_2021: Change detected
INFO:root:14_40_08_15_01_2021: Change detected
INFO:root:14_40_08_15_01_2021: Change detected
INFO:root:14_40_08_15_01_2021: Change detected
INFO:root:14_40_08_15_01_2021: Change detected
INFO:root:14_40_08_15_01_2021: Change detected
INFO:root:14_40_08_15_01_2021: Change detected
INFO:root:14_40_08_15_01_2021: Change detected
INFO:root:14_40_09_15_01_2021: Change detected
INFO:root:14_40_09_15_01_2021: Change detected
INFO:root:14_40_09_15_01_2021: Change detected
INFO:root:14_40_09_15_01_2021: Change detected
INFO:root:14_40_09_15_01_2021: Change detected
INFO:root:14_40_09_15_01_2021: Change detected
INFO:root:14_40_09_15_01_2021: Change detected
INFO:root:14_40_09_15_01_2021: Change detected
INFO:root:14_40_09_15_01_2021: Change detected
INFO:root:14_40_09_15_01_2021: Change detected
INFO:root:14_40_09_15_01_2021: Change detected
INFO:root:14_40_09_15_01_2021: Change detected
INFO:root:14_40_09_15_01_2021: Change detected
INFO:root:14_40_09_15_01_2021: Change detected
INFO:root:14_40_10_15_01_2021: Change detected
INFO:root:14_40_10_15_01_2021: Change detected
INFO:root:14_40_10_15_01_2021: Change detected
INFO:root:14_40_10_15_01_2021: Change detected
INFO:root:14_40_10_15_01_2021: Change detected
INFO:root:14_40_10_15_01_2021: Change detected
INFO:root:14_40_10_15_01_2021: Change detected
INFO:root:14_40_10_15_01_2021: Change detected
INFO:root:14_40_10_15_01_2021: Change detected
INFO:root:14_40_10_15_01_2021: Change detected
INFO:root:14_40_10_15_01_2021: Change detected
INFO:root:14_40_10_15_01_2021: Change detected
INFO:root:14_40_10_15_01_2021: Change detected
INFO:root:14_40_11_15_01_2021: Change detected
INFO:root:14_40_11_15_01_2021: Change detected
INFO:root:14_40_11_15_01_2021: Change detected
INFO:root:14_40_11_15_01_2021: Change detected
INFO:root:14_40_11_15_01_2021: Change detected
INFO:root:14_40_11_15_01_2021: Change detected
INFO:root:14_40_11_15_01_2021: Change detected
INFO:root:14_40_11_15_01_2021: Change detected
INFO:root:14_40_11_15_01_2021: Change detected
INFO:root:14_40_11_15_01_2021: Change detected
INFO:root:14_40_11_15_01_2021: Change detected
INFO:root:14_40_11_15_01_2021: Change detected
INFO:root:14_40_12_15_01_2021: Change detected
INFO:root:14_40_12_15_01_2021: Change detected
INFO:root:14_40_12_15_01_2021: Change detected
INFO:root:14_40_12_15_01_2021: Change detected
INFO:root:14_40_12_15_01_2021: Change detected
INFO:root:14_40_12_15_01_2021: Change detected
INFO:root:14_40_12_15_01_2021: Change detected
INFO:root:14_40_12_15_01_2021: Change detected
INFO:root:14_40_12_15_01_2021: Change detected
INFO:root:14_40_12_15_01_2021: Change detected
INFO:root:14_40_12_15_01_2021: Change detected
INFO:root:14_40_12_15_01_2021: Change detected
INFO:root:14_40_12_15_01_2021: Change detected
INFO:root:14_40_13_15_01_2021: Change detected
INFO:root:14_40_13_15_01_2021: Change detected
INFO:root:14_40_13_15_01_2021: Change detected
INFO:root:14_40_13_15_01_2021: Change detected
INFO:root:14_40_13_15_01_2021: Change detected
INFO:root:14_40_13_15_01_2021: Change detected
INFO:root:14_40_13_15_01_2021: Change detected
INFO:root:14_40_13_15_01_2021: Change detected
INFO:root:14_40_13_15_01_2021: Change detected
INFO:root:14_40_13_15_01_2021: Change detected
INFO:root:14_40_13_15_01_2021: Change detected
INFO:root:14_40_13_15_01_2021: Change detected
INFO:root:14_40_14_15_01_2021: Change detected
INFO:root:14_40_14_15_01_2021: Change detected
INFO:root:14_40_14_15_01_2021: Change detected
INFO:root:14_40_14_15_01_2021: Change detected
INFO:root:14_40_14_15_01_2021: Change detected
INFO:root:14_40_14_15_01_2021: Change detected
INFO:root:14_40_14_15_01_2021: Change detected
INFO:root:14_40_14_15_01_2021: Change detected
INFO:root:14_40_14_15_01_2021: Change detected
INFO:root:14_40_14_15_01_2021: Change detected
INFO:root:14_40_14_15_01_2021: Change detected
INFO:root:14_40_14_15_01_2021: Change detected
INFO:root:14_40_15_15_01_2021: Change detected
INFO:root:14_40_15_15_01_2021: Change detected
INFO:root:14_40_15_15_01_2021: Change detected
INFO:root:14_40_15_15_01_2021: Change detected
INFO:root:14_40_15_15_01_2021: Change detected
INFO:root:14_40_15_15_01_2021: Change detected
INFO:root:14_40_15_15_01_2021: Change detected
INFO:root:14_40_15_15_01_2021: Change detected
INFO:root:14_40_15_15_01_2021: Change detected
INFO:root:14_40_15_15_01_2021: Change detected
INFO:root:14_40_15_15_01_2021: Change detected
INFO:root:14_40_15_15_01_2021: Change detected
INFO:root:14_40_16_15_01_2021: Change detected
INFO:root:14_40_16_15_01_2021: Change detected
INFO:root:14_40_16_15_01_2021: Change detected
INFO:root:14_40_16_15_01_2021: Change detected
INFO:root:14_40_16_15_01_2021: Change detected
INFO:root:14_40_16_15_01_2021: Change detected
INFO:root:14_40_16_15_01_2021: Change detected
INFO:root:14_40_16_15_01_2021: Change detected
INFO:root:14_40_16_15_01_2021: Change detected
INFO:root:14_40_16_15_01_2021: Change detected
INFO:root:14_40_16_15_01_2021: Change detected
INFO:root:14_40_16_15_01_2021: Change detected
INFO:root:14_40_16_15_01_2021: Change detected
INFO:root:14_40_17_15_01_2021: Change detected
INFO:root:14_40_17_15_01_2021: Change detected
INFO:root:14_40_17_15_01_2021: Change detected
INFO:root:14_40_17_15_01_2021: Change detected
INFO:root:14_40_17_15_01_2021: Change detected
INFO:root:14_40_17_15_01_2021: Change detected
INFO:root:14_40_17_15_01_2021: Change detected
INFO:root:14_40_17_15_01_2021: Change detected
INFO:root:14_40_17_15_01_2021: Change detected
INFO:root:14_40_17_15_01_2021: Change detected
INFO:root:14_40_17_15_01_2021: Change detected
INFO:root:14_40_17_15_01_2021: Change detected
INFO:root:14_40_18_15_01_2021: Change detected
INFO:root:14_40_18_15_01_2021: Change detected
INFO:root:14_40_18_15_01_2021: Change detected
INFO:root:14_40_18_15_01_2021: Change detected
INFO:root:14_40_18_15_01_2021: Change detected
INFO:root:14_40_18_15_01_2021: Change detected
INFO:root:14_40_18_15_01_2021: Change detected
INFO:root:14_40_18_15_01_2021: Change detected
INFO:root:14_40_18_15_01_2021: Change detected
INFO:root:14_40_18_15_01_2021: Change detected
INFO:root:14_40_18_15_01_2021: Change detected
INFO:root:14_40_18_15_01_2021: Change detected
INFO:root:14_40_19_15_01_2021: Change detected
INFO:root:14_40_19_15_01_2021: Change detected
INFO:root:14_40_19_15_01_2021: Change detected
INFO:root:14_40_19_15_01_2021: Change detected
INFO:root:14_40_19_15_01_2021: Change detected
INFO:root:14_40_19_15_01_2021: Change detected
INFO:root:14_40_19_15_01_2021: Change detected
INFO:root:14_40_19_15_01_2021: Change detected
INFO:root:14_40_19_15_01_2021: Change detected
INFO:root:14_40_19_15_01_2021: Change detected
INFO:root:14_40_19_15_01_2021: Change detected
INFO:root:14_40_19_15_01_2021: Change detected
INFO:root:14_40_19_15_01_2021: Change detected
INFO:root:14_40_20_15_01_2021: Change detected
INFO:root:14_40_20_15_01_2021: Change detected
INFO:root:14_40_20_15_01_2021: Change detected
INFO:root:14_40_20_15_01_2021: Change detected
INFO:root:14_40_20_15_01_2021: Change detected
INFO:root:14_40_20_15_01_2021: Change detected
INFO:root:14_40_20_15_01_2021: Change detected
INFO:root:14_40_20_15_01_2021: Change detected
INFO:root:14_40_20_15_01_2021: Change detected
INFO:root:14_40_20_15_01_2021: Change detected
INFO:root:14_40_20_15_01_2021: Change detected
INFO:root:14_40_20_15_01_2021: Change detected
INFO:root:14_40_21_15_01_2021: Change detected
INFO:root:14_40_21_15_01_2021: Change detected
INFO:root:14_40_21_15_01_2021: Change detected
INFO:root:14_40_21_15_01_2021: Change detected
INFO:root:14_40_21_15_01_2021: Change detected
INFO:root:14_40_21_15_01_2021: Change detected
INFO:root:14_40_21_15_01_2021: Change detected
INFO:root:14_40_21_15_01_2021: Change detected
INFO:root:14_40_21_15_01_2021: Change detected
INFO:root:14_40_21_15_01_2021: Change detected
INFO:root:14_40_21_15_01_2021: Change detected
INFO:root:14_40_21_15_01_2021: Change detected
INFO:root:14_40_22_15_01_2021: Change detected
INFO:root:14_40_22_15_01_2021: Change detected
INFO:root:14_40_22_15_01_2021: Change detected
INFO:root:14_40_22_15_01_2021: Change detected
INFO:root:14_40_22_15_01_2021: Change detected
INFO:root:14_40_22_15_01_2021: Change detected
INFO:root:14_40_22_15_01_2021: Change detected
INFO:root:14_40_22_15_01_2021: Change detected
INFO:root:14_40_22_15_01_2021: Change detected
INFO:root:14_40_22_15_01_2021: Change detected
INFO:root:14_40_23_15_01_2021: Change detected
INFO:root:14_40_23_15_01_2021: Change detected
INFO:root:14_40_23_15_01_2021: Change detected
INFO:root:14_40_23_15_01_2021: Change detected
INFO:root:14_40_23_15_01_2021: Change detected
INFO:root:14_40_23_15_01_2021: Change detected
INFO:root:14_40_23_15_01_2021: Change detected
INFO:root:14_40_23_15_01_2021: Change detected
INFO:root:14_40_24_15_01_2021: Change detected
INFO:root:14_40_24_15_01_2021: Change detected
INFO:root:14_40_24_15_01_2021: Change detected
INFO:root:14_40_24_15_01_2021: Change detected
INFO:root:14_40_24_15_01_2021: Change detected
INFO:root:14_40_24_15_01_2021: Change detected
INFO:root:14_40_24_15_01_2021: Change detected
INFO:root:14_40_24_15_01_2021: Change detected
INFO:root:14_40_24_15_01_2021: Change detected
INFO:root:14_40_24_15_01_2021: Change detected
INFO:root:14_40_24_15_01_2021: Change detected
INFO:root:14_40_24_15_01_2021: Change detected
INFO:root:14_40_24_15_01_2021: Change detected
INFO:root:14_40_25_15_01_2021: Change detected
INFO:root:14_40_25_15_01_2021: Change detected
INFO:root:14_40_25_15_01_2021: Change detected
INFO:root:14_40_25_15_01_2021: Change detected
INFO:root:14_40_25_15_01_2021: Change detected
INFO:root:14_40_25_15_01_2021: Change detected
INFO:root:14_40_25_15_01_2021: Change detected
INFO:root:14_40_25_15_01_2021: Change detected
INFO:root:14_40_25_15_01_2021: Change detected
INFO:root:14_40_25_15_01_2021: Change detected
INFO:root:14_40_25_15_01_2021: Change detected
INFO:root:14_40_25_15_01_2021: Change detected
INFO:root:14_40_25_15_01_2021: Change detected
INFO:root:14_40_26_15_01_2021: Change detected
INFO:root:14_40_26_15_01_2021: Change detected
INFO:root:14_40_26_15_01_2021: Change detected
INFO:root:14_40_26_15_01_2021: Change detected
INFO:root:14_40_26_15_01_2021: Change detected
INFO:root:14_40_26_15_01_2021: Change detected
INFO:root:14_40_26_15_01_2021: Change detected
INFO:root:14_40_26_15_01_2021: Change detected
INFO:root:14_40_26_15_01_2021: Change detected
INFO:root:14_40_26_15_01_2021: Change detected
INFO:root:14_40_26_15_01_2021: Change detected
INFO:root:14_40_26_15_01_2021: Change detected
INFO:root:14_40_27_15_01_2021: Change detected
INFO:root:14_40_27_15_01_2021: Change detected
INFO:root:14_40_27_15_01_2021: Change detected
INFO:root:14_40_27_15_01_2021: Change detected
INFO:root:14_40_27_15_01_2021: Change detected
INFO:root:14_40_27_15_01_2021: Change detected
INFO:root:14_40_27_15_01_2021: Change detected
INFO:root:14_40_27_15_01_2021: Change detected
INFO:root:14_40_27_15_01_2021: Change detected
INFO:root:14_40_27_15_01_2021: Change detected
INFO:root:14_40_27_15_01_2021: Change detected
INFO:root:14_40_27_15_01_2021: Change detected
INFO:root:14_40_27_15_01_2021: Change detected
INFO:root:14_40_28_15_01_2021: Change detected
INFO:root:14_40_28_15_01_2021: Change detected
INFO:root:14_40_28_15_01_2021: Change detected
INFO:root:14_40_28_15_01_2021: Change detected
INFO:root:14_40_28_15_01_2021: Change detected
INFO:root:14_40_28_15_01_2021: Change detected
INFO:root:14_40_28_15_01_2021: Change detected
INFO:root:14_40_28_15_01_2021: Change detected
INFO:root:14_40_28_15_01_2021: Change detected
INFO:root:14_40_28_15_01_2021: Change detected
INFO:root:14_40_28_15_01_2021: Change detected
INFO:root:14_40_28_15_01_2021: Change detected
INFO:root:14_40_28_15_01_2021: Change detected
INFO:root:14_40_29_15_01_2021: Change detected
INFO:root:14_40_29_15_01_2021: Change detected
INFO:root:14_40_29_15_01_2021: Change detected
INFO:root:14_40_29_15_01_2021: Change detected
INFO:root:14_40_29_15_01_2021: Change detected
INFO:root:14_40_29_15_01_2021: Change detected
INFO:root:14_40_29_15_01_2021: Change detected
INFO:root:14_40_29_15_01_2021: Change detected
INFO:root:14_40_29_15_01_2021: Change detected
INFO:root:14_40_29_15_01_2021: Change detected
INFO:root:14_40_29_15_01_2021: Change detected
INFO:root:14_40_29_15_01_2021: Change detected
INFO:root:14_40_29_15_01_2021: Change detected
INFO:root:14_40_30_15_01_2021: Change detected
INFO:root:14_40_30_15_01_2021: Change detected
INFO:root:14_40_30_15_01_2021: Change detected
INFO:root:14_40_30_15_01_2021: Change detected
INFO:root:14_40_30_15_01_2021: Change detected
INFO:root:14_40_30_15_01_2021: Change detected
INFO:root:14_40_30_15_01_2021: Change detected
INFO:root:14_40_30_15_01_2021: Change detected
INFO:root:14_40_30_15_01_2021: Change detected
INFO:root:14_40_30_15_01_2021: Change detected
INFO:root:14_40_30_15_01_2021: Change detected
INFO:root:14_40_30_15_01_2021: Change detected
INFO:root:14_40_30_15_01_2021: Change detected
INFO:root:14_40_31_15_01_2021: Change detected
INFO:root:14_40_31_15_01_2021: Change detected
INFO:root:14_40_31_15_01_2021: Change detected
INFO:root:14_40_31_15_01_2021: Change detected
INFO:root:14_40_31_15_01_2021: Change detected
INFO:root:14_40_31_15_01_2021: Change detected
INFO:root:14_40_31_15_01_2021: Change detected
INFO:root:14_40_31_15_01_2021: Change detected
INFO:root:14_40_31_15_01_2021: Change detected
INFO:root:14_40_31_15_01_2021: Change detected
INFO:root:14_40_31_15_01_2021: Change detected
INFO:root:14_40_31_15_01_2021: Change detected
INFO:root:14_40_32_15_01_2021: Change detected
INFO:root:14_40_32_15_01_2021: Change detected
INFO:root:14_40_32_15_01_2021: Change detected
INFO:root:14_40_32_15_01_2021: Change detected
INFO:root:14_40_32_15_01_2021: Change detected
INFO:root:14_40_32_15_01_2021: Change detected
INFO:root:14_40_32_15_01_2021: Change detected
INFO:root:14_40_32_15_01_2021: Change detected
INFO:root:14_40_32_15_01_2021: Change detected
INFO:root:14_40_32_15_01_2021: Change detected
INFO:root:14_40_32_15_01_2021: Change detected
INFO:root:14_40_32_15_01_2021: Change detected
INFO:root:14_40_33_15_01_2021: Change detected
INFO:root:14_40_33_15_01_2021: Change detected
INFO:root:14_40_33_15_01_2021: Change detected
INFO:root:14_40_33_15_01_2021: Change detected
INFO:root:14_40_33_15_01_2021: Change detected
INFO:root:14_40_33_15_01_2021: Change detected
INFO:root:14_40_33_15_01_2021: Change detected
INFO:root:14_40_33_15_01_2021: Change detected
INFO:root:14_40_33_15_01_2021: Change detected
INFO:root:14_40_33_15_01_2021: Change detected
INFO:root:14_40_33_15_01_2021: Change detected
INFO:root:14_40_33_15_01_2021: Change detected
INFO:root:14_40_33_15_01_2021: Change detected
INFO:root:14_40_34_15_01_2021: Change detected
INFO:root:14_40_34_15_01_2021: Change detected
INFO:root:14_40_34_15_01_2021: Change detected
INFO:root:14_40_34_15_01_2021: Change detected
INFO:root:14_40_34_15_01_2021: Change detected
INFO:root:14_40_34_15_01_2021: Change detected
INFO:root:14_40_34_15_01_2021: Change detected
INFO:root:14_40_34_15_01_2021: Change detected
INFO:root:14_40_34_15_01_2021: Change detected
INFO:root:14_40_34_15_01_2021: Change detected
INFO:root:14_40_34_15_01_2021: Change detected
INFO:root:14_40_34_15_01_2021: Change detected
INFO:root:14_40_34_15_01_2021: Change detected
INFO:root:14_40_34_15_01_2021: Change detected
INFO:root:14_40_35_15_01_2021: Change detected
INFO:root:14_40_35_15_01_2021: Change detected
INFO:root:14_40_35_15_01_2021: Change detected
INFO:root:14_40_35_15_01_2021: Change detected
INFO:root:14_40_35_15_01_2021: Change detected
INFO:root:14_40_35_15_01_2021: Change detected
INFO:root:14_40_35_15_01_2021: Change detected
INFO:root:14_40_35_15_01_2021: Change detected
INFO:root:14_40_35_15_01_2021: Change detected
INFO:root:14_40_35_15_01_2021: Change detected
INFO:root:14_40_35_15_01_2021: Change detected
INFO:root:14_40_35_15_01_2021: Change detected
INFO:root:14_40_35_15_01_2021: Change detected
INFO:root:14_40_36_15_01_2021: Change detected
INFO:root:14_40_36_15_01_2021: Change detected
INFO:root:14_40_36_15_01_2021: Change detected
INFO:root:14_40_36_15_01_2021: Change detected
INFO:root:14_40_36_15_01_2021: Change detected
INFO:root:14_40_36_15_01_2021: Change detected
INFO:root:14_40_36_15_01_2021: Change detected
INFO:root:14_40_36_15_01_2021: Change detected
INFO:root:14_40_36_15_01_2021: Change detected
INFO:root:14_40_36_15_01_2021: Change detected
INFO:root:14_40_36_15_01_2021: Change detected
INFO:root:14_40_36_15_01_2021: Change detected
INFO:root:14_40_36_15_01_2021: Change detected
INFO:root:14_40_37_15_01_2021: Change detected
INFO:root:14_40_37_15_01_2021: Change detected
