INFO:root:Scene Object change detection Job Started...
DEBUG:root:Monitering started...
DEBUG:matplotlib.font_manager:findfont: Matching :family=sans-serif:style=normal:variant=normal:weight=normal:stretch=normal:size=10.0.
DEBUG:matplotlib.font_manager:findfont: score(<Font 'STIXSizeThreeSym' (STIXSizThreeSymBol.ttf) normal normal bold normal>) = 10.335
DEBUG:matplotlib.font_manager:findfont: score(<Font 'DejaVu Sans Mono' (DejaVuSansMono.ttf) normal normal 400 normal>) = 10.05
DEBUG:matplotlib.font_manager:findfont: score(<Font 'DejaVu Serif' (DejaVuSerif.ttf) normal normal 400 normal>) = 10.05
DEBUG:matplotlib.font_manager:findfont: score(<Font 'DejaVu Sans Mono' (DejaVuSansMono-Bold.ttf) normal normal bold normal>) = 10.335
DEBUG:matplotlib.font_manager:findfont: score(<Font 'cmtt10' (cmtt10.ttf) normal normal 400 normal>) = 10.05
DEBUG:matplotlib.font_manager:findfont: score(<Font 'STIXNonUnicode' (STIXNonUni.ttf) normal normal regular normal>) = 10.05
DEBUG:matplotlib.font_manager:findfont: score(<Font 'STIXSizeFourSym' (STIXSizFourSymBol.ttf) normal normal bold normal>) = 10.335
DEBUG:matplotlib.font_manager:findfont: score(<Font 'STIXNonUnicode' (STIXNonUniBolIta.ttf) italic normal bold normal>) = 11.335
DEBUG:matplotlib.font_manager:findfont: score(<Font 'DejaVu Sans' (DejaVuSans-BoldOblique.ttf) oblique normal bold normal>) = 1.335
DEBUG:matplotlib.font_manager:findfont: score(<Font 'STIXSizeOneSym' (STIXSizOneSymReg.ttf) normal normal regular normal>) = 10.05
DEBUG:matplotlib.font_manager:findfont: score(<Font 'cmr10' (cmr10.ttf) normal normal 400 normal>) = 10.05
DEBUG:matplotlib.font_manager:findfont: score(<Font 'cmss10' (cmss10.ttf) normal normal 400 normal>) = 10.05
DEBUG:matplotlib.font_manager:findfont: score(<Font 'STIXSizeOneSym' (STIXSizOneSymBol.ttf) normal normal bold normal>) = 10.335
DEBUG:matplotlib.font_manager:findfont: score(<Font 'cmb10' (cmb10.ttf) normal normal 400 normal>) = 10.05
DEBUG:matplotlib.font_manager:findfont: score(<Font 'DejaVu Serif' (DejaVuSerif-Italic.ttf) italic normal 400 normal>) = 11.05
DEBUG:matplotlib.font_manager:findfont: score(<Font 'DejaVu Sans Mono' (DejaVuSansMono-BoldOblique.ttf) oblique normal bold normal>) = 11.335
DEBUG:matplotlib.font_manager:findfont: score(<Font 'DejaVu Serif Display' (DejaVuSerifDisplay.ttf) normal normal 400 normal>) = 10.05
DEBUG:matplotlib.font_manager:findfont: score(<Font 'DejaVu Sans Display' (DejaVuSansDisplay.ttf) normal normal 400 normal>) = 10.05
DEBUG:matplotlib.font_manager:findfont: score(<Font 'cmex10' (cmex10.ttf) normal normal 400 normal>) = 10.05
DEBUG:matplotlib.font_manager:findfont: score(<Font 'STIXNonUnicode' (STIXNonUniBol.ttf) normal normal bold normal>) = 10.335
DEBUG:matplotlib.font_manager:findfont: score(<Font 'cmsy10' (cmsy10.ttf) normal normal 400 normal>) = 10.05
DEBUG:matplotlib.font_manager:findfont: score(<Font 'DejaVu Sans' (DejaVuSans-Bold.ttf) normal normal bold normal>) = 0.33499999999999996
DEBUG:matplotlib.font_manager:findfont: score(<Font 'STIXSizeTwoSym' (STIXSizTwoSymBol.ttf) normal normal bold normal>) = 10.335
DEBUG:matplotlib.font_manager:findfont: score(<Font 'DejaVu Sans' (DejaVuSans.ttf) normal normal 400 normal>) = 0.05
DEBUG:matplotlib.font_manager:findfont: score(<Font 'STIXGeneral' (STIXGeneral.ttf) normal normal regular normal>) = 10.05
DEBUG:matplotlib.font_manager:findfont: score(<Font 'STIXSizeFiveSym' (STIXSizFiveSymReg.ttf) normal normal regular normal>) = 10.05
DEBUG:matplotlib.font_manager:findfont: score(<Font 'STIXSizeThreeSym' (STIXSizThreeSymReg.ttf) normal normal regular normal>) = 10.05
DEBUG:matplotlib.font_manager:findfont: score(<Font 'cmmi10' (cmmi10.ttf) normal normal 400 normal>) = 10.05
DEBUG:matplotlib.font_manager:findfont: score(<Font 'STIXGeneral' (STIXGeneralBolIta.ttf) italic normal bold normal>) = 11.335
DEBUG:matplotlib.font_manager:findfont: score(<Font 'DejaVu Sans' (DejaVuSans-Oblique.ttf) oblique normal 400 normal>) = 1.05
DEBUG:matplotlib.font_manager:findfont: score(<Font 'STIXGeneral' (STIXGeneralBol.ttf) normal normal bold normal>) = 10.335
DEBUG:matplotlib.font_manager:findfont: score(<Font 'DejaVu Sans Mono' (DejaVuSansMono-Oblique.ttf) oblique normal 400 normal>) = 11.05
DEBUG:matplotlib.font_manager:findfont: score(<Font 'DejaVu Serif' (DejaVuSerif-Bold.ttf) normal normal bold normal>) = 10.335
DEBUG:matplotlib.font_manager:findfont: score(<Font 'DejaVu Serif' (DejaVuSerif-BoldItalic.ttf) italic normal bold normal>) = 11.335
DEBUG:matplotlib.font_manager:findfont: score(<Font 'STIXNonUnicode' (STIXNonUniIta.ttf) italic normal 400 normal>) = 11.05
DEBUG:matplotlib.font_manager:findfont: score(<Font 'STIXGeneral' (STIXGeneralItalic.ttf) italic normal 400 normal>) = 11.05
DEBUG:matplotlib.font_manager:findfont: score(<Font 'STIXSizeFourSym' (STIXSizFourSymReg.ttf) normal normal regular normal>) = 10.05
DEBUG:matplotlib.font_manager:findfont: score(<Font 'STIXSizeTwoSym' (STIXSizTwoSymReg.ttf) normal normal regular normal>) = 10.05
DEBUG:matplotlib.font_manager:findfont: score(<Font 'Liberation Sans' (LiberationSans-Regular.ttf) normal normal 400 normal>) = 10.05
DEBUG:matplotlib.font_manager:findfont: score(<Font 'Tlwg Typo' (TlwgTypo-BoldOblique.ttf) oblique normal bold normal>) = 11.335
DEBUG:matplotlib.font_manager:findfont: score(<Font 'Liberation Serif' (LiberationSerif-Regular.ttf) normal normal 400 normal>) = 10.05
DEBUG:matplotlib.font_manager:findfont: score(<Font 'Norasi' (Norasi-Oblique.ttf) oblique normal 400 normal>) = 11.05
DEBUG:matplotlib.font_manager:findfont: score(<Font 'Ubuntu' (Ubuntu-RI.ttf) italic normal 400 normal>) = 11.05
DEBUG:matplotlib.font_manager:findfont: score(<Font 'Liberation Mono' (LiberationMono-Bold.ttf) normal normal bold normal>) = 10.335
DEBUG:matplotlib.font_manager:findfont: score(<Font 'Loma' (Loma-Bold.ttf) normal normal bold normal>) = 10.335
DEBUG:matplotlib.font_manager:findfont: score(<Font 'Noto Serif CJK JP' (NotoSerifCJK-Regular.ttc) normal normal 400 normal>) = 10.05
DEBUG:matplotlib.font_manager:findfont: score(<Font 'Waree' (Waree-Bold.ttf) normal normal bold normal>) = 10.335
DEBUG:matplotlib.font_manager:findfont: score(<Font 'Lohit Malayalam' (Lohit-Malayalam.ttf) normal normal 400 normal>) = 10.05
DEBUG:matplotlib.font_manager:findfont: score(<Font 'FreeSerif' (FreeSerifItalic.ttf) italic normal 400 normal>) = 11.05
DEBUG:matplotlib.font_manager:findfont: score(<Font 'Ubuntu Mono' (UbuntuMono-RI.ttf) italic normal 400 normal>) = 11.05
DEBUG:matplotlib.font_manager:findfont: score(<Font 'Meera' (Meera.ttf) normal normal 400 normal>) = 10.05
DEBUG:matplotlib.font_manager:findfont: score(<Font 'Lohit Tamil Classical' (Lohit-Tamil-Classical.ttf) normal normal 400 normal>) = 10.05
DEBUG:matplotlib.font_manager:findfont: score(<Font 'Tlwg Typewriter' (TlwgTypewriter.ttf) normal normal 400 normal>) = 10.05
DEBUG:matplotlib.font_manager:findfont: score(<Font 'Tlwg Typo' (TlwgTypo-Oblique.ttf) oblique normal 400 normal>) = 11.05
DEBUG:matplotlib.font_manager:findfont: score(<Font 'DejaVu Sans' (DejaVuSansCondensed-Bold.ttf) normal normal bold condensed>) = 0.5349999999999999
DEBUG:matplotlib.font_manager:findfont: score(<Font 'Dyuthi' (Dyuthi.ttf) normal normal 400 normal>) = 10.05
DEBUG:matplotlib.font_manager:findfont: score(<Font 'KacstOne' (KacstOne.ttf) normal normal 400 normal>) = 10.05
DEBUG:matplotlib.font_manager:findfont: score(<Font 'Suruma' (Suruma.ttf) normal normal 400 normal>) = 10.05
DEBUG:matplotlib.font_manager:findfont: score(<Font 'Liberation Serif' (LiberationSerif-Bold.ttf) normal normal bold normal>) = 10.335
DEBUG:matplotlib.font_manager:findfont: score(<Font 'Kalapi' (Kalapi.ttf) normal normal 400 normal>) = 10.05
DEBUG:matplotlib.font_manager:findfont: score(<Font 'Tlwg Typewriter' (TlwgTypewriter-Bold.ttf) normal normal bold normal>) = 10.335
DEBUG:matplotlib.font_manager:findfont: score(<Font 'Loma' (Loma-Oblique.ttf) oblique normal 400 normal>) = 11.05
DEBUG:matplotlib.font_manager:findfont: score(<Font 'Kinnari' (Kinnari-Bold.ttf) normal normal bold normal>) = 10.335
DEBUG:matplotlib.font_manager:findfont: score(<Font 'Sahadeva' (sahadeva.ttf) normal normal 400 normal>) = 10.05
DEBUG:matplotlib.font_manager:findfont: score(<Font 'LKLUG' (lklug.ttf) normal normal 400 normal>) = 10.05
DEBUG:matplotlib.font_manager:findfont: score(<Font 'Liberation Serif' (LiberationSerif-Italic.ttf) italic normal 400 normal>) = 11.05
DEBUG:matplotlib.font_manager:findfont: score(<Font 'Tlwg Typist' (TlwgTypist.ttf) normal normal 400 normal>) = 10.05
DEBUG:matplotlib.font_manager:findfont: score(<Font 'Mitra Mono' (mitra.ttf) normal normal 400 normal>) = 10.05
DEBUG:matplotlib.font_manager:findfont: score(<Font 'Lohit Bengali' (Lohit-Bengali.ttf) normal normal 400 normal>) = 10.05
DEBUG:matplotlib.font_manager:findfont: score(<Font 'Jamrul' (JamrulNormal.ttf) normal normal 400 normal>) = 10.05
DEBUG:matplotlib.font_manager:findfont: score(<Font 'DejaVu Sans' (DejaVuSansCondensed.ttf) normal normal 400 condensed>) = 0.25
DEBUG:matplotlib.font_manager:findfont: score(<Font 'Padauk Book' (PadaukBook-Bold.ttf) normal normal book normal>) = 10.05
DEBUG:matplotlib.font_manager:findfont: score(<Font 'KacstScreen' (KacstScreen.ttf) normal normal 400 normal>) = 10.05
DEBUG:matplotlib.font_manager:findfont: score(<Font 'Samyak Gujarati' (Samyak-Gujarati.ttf) normal normal 400 normal>) = 10.05
DEBUG:matplotlib.font_manager:findfont: score(<Font 'Ubuntu' (Ubuntu-LI.ttf) italic normal light normal>) = 11.24
DEBUG:matplotlib.font_manager:findfont: score(<Font 'Norasi' (Norasi-BoldOblique.ttf) oblique normal bold normal>) = 11.335
DEBUG:matplotlib.font_manager:findfont: score(<Font 'Laksaman' (Laksaman-Italic.ttf) italic normal 400 normal>) = 11.05
DEBUG:matplotlib.font_manager:findfont: score(<Font 'Ubuntu Condensed' (Ubuntu-C.ttf) normal normal 400 condensed>) = 10.25
DEBUG:matplotlib.font_manager:findfont: score(<Font 'Karumbi' (Karumbi.ttf) normal normal 400 normal>) = 10.05
DEBUG:matplotlib.font_manager:findfont: score(<Font 'Kinnari' (Kinnari-Italic.ttf) italic normal 400 normal>) = 11.05
DEBUG:matplotlib.font_manager:findfont: score(<Font 'Ubuntu' (Ubuntu-BI.ttf) italic normal bold normal>) = 11.335
DEBUG:matplotlib.font_manager:findfont: score(<Font 'Loma' (Loma-BoldOblique.ttf) oblique normal bold normal>) = 11.335
DEBUG:matplotlib.font_manager:findfont: score(<Font 'Laksaman' (Laksaman.ttf) normal normal 400 normal>) = 10.05
DEBUG:matplotlib.font_manager:findfont: score(<Font 'Laksaman' (Laksaman-BoldItalic.ttf) italic normal bold normal>) = 11.335
DEBUG:matplotlib.font_manager:findfont: score(<Font 'Likhan' (LikhanNormal.ttf) normal normal 400 normal>) = 10.05
DEBUG:matplotlib.font_manager:findfont: score(<Font 'Lohit Telugu' (Lohit-Telugu.ttf) normal normal 400 normal>) = 10.05
DEBUG:matplotlib.font_manager:findfont: score(<Font 'Liberation Sans Narrow' (LiberationSansNarrow-BoldItalic.ttf) italic normal bold condensed>) = 11.535
DEBUG:matplotlib.font_manager:findfont: score(<Font 'FreeMono' (FreeMono.ttf) normal normal 400 normal>) = 10.05
DEBUG:matplotlib.font_manager:findfont: score(<Font 'padmaa' (padmaa-Medium-0.5.ttf) normal normal normal normal>) = 10.0
DEBUG:matplotlib.font_manager:findfont: score(<Font 'Sawasdee' (Sawasdee-Oblique.ttf) oblique normal 400 normal>) = 11.05
DEBUG:matplotlib.font_manager:findfont: score(<Font 'Umpush' (Umpush-Light.ttf) normal normal light normal>) = 10.24
DEBUG:matplotlib.font_manager:findfont: score(<Font 'KacstOne' (KacstOne-Bold.ttf) normal normal bold normal>) = 10.335
DEBUG:matplotlib.font_manager:findfont: score(<Font 'Waree' (Waree.ttf) normal normal 400 normal>) = 10.05
DEBUG:matplotlib.font_manager:findfont: score(<Font 'Lohit Devanagari' (Lohit-Devanagari.ttf) normal normal 400 normal>) = 10.05
DEBUG:matplotlib.font_manager:findfont: score(<Font 'Tlwg Typewriter' (TlwgTypewriter-Oblique.ttf) oblique normal 400 normal>) = 11.05
DEBUG:matplotlib.font_manager:findfont: score(<Font 'Tlwg Typist' (TlwgTypist-Bold.ttf) normal normal bold normal>) = 10.335
DEBUG:matplotlib.font_manager:findfont: score(<Font 'Ubuntu Mono' (UbuntuMono-R.ttf) normal normal 400 normal>) = 10.05
DEBUG:matplotlib.font_manager:findfont: score(<Font 'Tibetan Machine Uni' (TibetanMachineUni.ttf) normal normal 400 normal>) = 10.05
DEBUG:matplotlib.font_manager:findfont: score(<Font 'Khmer OS System' (KhmerOSsys.ttf) normal normal 400 normal>) = 10.05
DEBUG:matplotlib.font_manager:findfont: score(<Font 'Droid Sans Fallback' (DroidSansFallbackFull.ttf) normal normal 400 normal>) = 10.05
DEBUG:matplotlib.font_manager:findfont: score(<Font 'Purisa' (Purisa.ttf) normal normal 400 normal>) = 10.05
DEBUG:matplotlib.font_manager:findfont: score(<Font 'Padauk' (Padauk-Regular.ttf) normal normal 400 normal>) = 10.05
DEBUG:matplotlib.font_manager:findfont: score(<Font 'Manjari' (Manjari-Bold.otf) normal normal bold normal>) = 10.335
DEBUG:matplotlib.font_manager:findfont: score(<Font 'KacstNaskh' (KacstNaskh.ttf) normal normal 400 normal>) = 10.05
DEBUG:matplotlib.font_manager:findfont: score(<Font 'Keraleeyam' (Keraleeyam.ttf) normal normal 700 normal>) = 10.335
DEBUG:matplotlib.font_manager:findfont: score(<Font 'Purisa' (Purisa-Bold.ttf) normal normal bold normal>) = 10.335
DEBUG:matplotlib.font_manager:findfont: score(<Font 'Norasi' (Norasi.ttf) normal normal 400 normal>) = 10.05
DEBUG:matplotlib.font_manager:findfont: score(<Font 'KacstPen' (KacstPen.ttf) normal normal 400 normal>) = 10.05
DEBUG:matplotlib.font_manager:findfont: score(<Font 'Kinnari' (Kinnari-Oblique.ttf) oblique normal 400 normal>) = 11.05
DEBUG:matplotlib.font_manager:findfont: score(<Font 'Garuda' (Garuda-BoldOblique.ttf) oblique normal bold normal>) = 11.335
DEBUG:matplotlib.font_manager:findfont: score(<Font 'Liberation Sans' (LiberationSans-BoldItalic.ttf) italic normal bold normal>) = 11.335
DEBUG:matplotlib.font_manager:findfont: score(<Font 'Tlwg Typo' (TlwgTypo.ttf) normal normal 400 normal>) = 10.05
DEBUG:matplotlib.font_manager:findfont: score(<Font 'FreeMono' (FreeMonoOblique.ttf) oblique normal 400 normal>) = 11.05
DEBUG:matplotlib.font_manager:findfont: score(<Font 'Tlwg Typo' (TlwgTypo-Bold.ttf) normal normal bold normal>) = 10.335
DEBUG:matplotlib.font_manager:findfont: score(<Font 'Noto Mono' (NotoMono-Regular.ttf) normal normal 400 normal>) = 10.05
DEBUG:matplotlib.font_manager:findfont: score(<Font 'FreeSans' (FreeSansBoldOblique.ttf) oblique normal bold normal>) = 11.335
DEBUG:matplotlib.font_manager:findfont: score(<Font 'Liberation Sans' (LiberationSans-Bold.ttf) normal normal bold normal>) = 10.335
DEBUG:matplotlib.font_manager:findfont: score(<Font 'Liberation Sans Narrow' (LiberationSansNarrow-Regular.ttf) normal normal 400 condensed>) = 10.25
DEBUG:matplotlib.font_manager:findfont: score(<Font 'RaghuMalayalam' (RaghuMalayalamSans-Regular.ttf) normal normal regular normal>) = 10.05
DEBUG:matplotlib.font_manager:findfont: score(<Font 'Kalimati' (kalimati.ttf) normal normal 400 normal>) = 10.05
DEBUG:matplotlib.font_manager:findfont: score(<Font 'Samyak Malayalam' (Samyak-Malayalam.ttf) normal normal 400 normal>) = 10.05
DEBUG:matplotlib.font_manager:findfont: score(<Font 'KacstDecorative' (KacstDecorative.ttf) normal normal 400 normal>) = 10.05
DEBUG:matplotlib.font_manager:findfont: score(<Font 'Abyssinica SIL' (AbyssinicaSIL-R.ttf) normal normal 400 normal>) = 10.05
DEBUG:matplotlib.font_manager:findfont: score(<Font 'AnjaliOldLipi' (AnjaliOldLipi.ttf) normal normal 400 normal>) = 10.05
DEBUG:matplotlib.font_manager:findfont: score(<Font 'Manjari' (Manjari-Thin.otf) normal normal 400 normal>) = 10.05
DEBUG:matplotlib.font_manager:findfont: score(<Font 'KacstArt' (KacstArt.ttf) normal normal 400 normal>) = 10.05
DEBUG:matplotlib.font_manager:findfont: score(<Font 'Purisa' (Purisa-Oblique.ttf) oblique normal 400 normal>) = 11.05
DEBUG:matplotlib.font_manager:findfont: score(<Font 'Lohit Odia' (Lohit-Odia.ttf) normal normal 400 normal>) = 10.05
DEBUG:matplotlib.font_manager:findfont: score(<Font 'KacstDigital' (KacstDigital.ttf) normal normal 400 normal>) = 10.05
DEBUG:matplotlib.font_manager:findfont: score(<Font 'Samyak Devanagari' (Samyak-Devanagari.ttf) normal normal 400 normal>) = 10.05
DEBUG:matplotlib.font_manager:findfont: score(<Font 'Umpush' (Umpush-Oblique.ttf) oblique normal 400 normal>) = 11.05
DEBUG:matplotlib.font_manager:findfont: score(<Font 'Lohit Tamil' (Lohit-Tamil.ttf) normal normal 400 normal>) = 10.05
DEBUG:matplotlib.font_manager:findfont: score(<Font 'Ubuntu' (Ubuntu-L.ttf) normal normal light normal>) = 10.24
DEBUG:matplotlib.font_manager:findfont: score(<Font 'Liberation Mono' (LiberationMono-Regular.ttf) normal normal 400 normal>) = 10.05
DEBUG:matplotlib.font_manager:findfont: score(<Font 'mry_KacstQurn' (mry_KacstQurn.ttf) normal normal 400 normal>) = 10.05
DEBUG:matplotlib.font_manager:findfont: score(<Font 'Liberation Mono' (LiberationMono-BoldItalic.ttf) italic normal bold normal>) = 11.335
DEBUG:matplotlib.font_manager:findfont: score(<Font 'Laksaman' (Laksaman-Bold.ttf) normal normal bold normal>) = 10.335
DEBUG:matplotlib.font_manager:findfont: score(<Font 'DejaVu Sans' (DejaVuSansCondensed-BoldOblique.ttf) oblique normal bold condensed>) = 1.535
DEBUG:matplotlib.font_manager:findfont: score(<Font 'Umpush' (Umpush.ttf) normal normal 400 normal>) = 10.05
DEBUG:matplotlib.font_manager:findfont: score(<Font 'Khmer OS' (KhmerOS.ttf) normal normal 400 normal>) = 10.05
DEBUG:matplotlib.font_manager:findfont: score(<Font 'Garuda' (Garuda.ttf) normal normal 400 normal>) = 10.05
DEBUG:matplotlib.font_manager:findfont: score(<Font 'DejaVu Sans' (DejaVuSansCondensed-Oblique.ttf) oblique normal 400 condensed>) = 1.25
DEBUG:matplotlib.font_manager:findfont: score(<Font 'FreeSans' (FreeSansOblique.ttf) oblique normal 400 normal>) = 11.05
DEBUG:matplotlib.font_manager:findfont: score(<Font 'FreeSerif' (FreeSerif.ttf) normal normal 400 normal>) = 10.05
DEBUG:matplotlib.font_manager:findfont: score(<Font 'Noto Sans CJK JP' (NotoSansCJK-Bold.ttc) normal normal bold normal>) = 10.335
DEBUG:matplotlib.font_manager:findfont: score(<Font 'Rachana' (Rachana-Bold.ttf) normal normal bold normal>) = 10.335
DEBUG:matplotlib.font_manager:findfont: score(<Font 'DejaVu Serif' (DejaVuSerifCondensed.ttf) normal normal 400 condensed>) = 10.25
DEBUG:matplotlib.font_manager:findfont: score(<Font 'padmaa-Bold.1.1' (padmaa-Bold.1.1.ttf) normal normal bold normal>) = 10.335
DEBUG:matplotlib.font_manager:findfont: score(<Font 'Uroob' (Uroob.ttf) normal normal 700 normal>) = 10.335
DEBUG:matplotlib.font_manager:findfont: score(<Font 'Purisa' (Purisa-BoldOblique.ttf) oblique normal bold normal>) = 11.335
DEBUG:matplotlib.font_manager:findfont: score(<Font 'Vemana2000' (vemana2000.ttf) normal normal 400 normal>) = 10.05
DEBUG:matplotlib.font_manager:findfont: score(<Font 'KacstLetter' (KacstLetter.ttf) normal normal 400 normal>) = 10.05
DEBUG:matplotlib.font_manager:findfont: score(<Font 'KacstOffice' (KacstOffice.ttf) normal normal 400 normal>) = 10.05
DEBUG:matplotlib.font_manager:findfont: score(<Font 'DejaVu Math TeX Gyre' (DejaVuMathTeXGyre.ttf) normal normal regular normal>) = 10.05
DEBUG:matplotlib.font_manager:findfont: score(<Font 'Chandas' (chandas1-2.ttf) normal normal 400 normal>) = 10.05
DEBUG:matplotlib.font_manager:findfont: score(<Font 'Samyak Tamil' (Samyak-Tamil.ttf) normal normal 400 normal>) = 10.05
DEBUG:matplotlib.font_manager:findfont: score(<Font 'aakar' (aakar-medium.ttf) normal normal 400 normal>) = 10.05
DEBUG:matplotlib.font_manager:findfont: score(<Font 'KacstTitleL' (KacstTitleL.ttf) normal normal 400 normal>) = 10.05
DEBUG:matplotlib.font_manager:findfont: score(<Font 'Nakula' (nakula.ttf) normal normal 400 normal>) = 10.05
DEBUG:matplotlib.font_manager:findfont: score(<Font 'Kinnari' (Kinnari.ttf) normal normal 400 normal>) = 10.05
DEBUG:matplotlib.font_manager:findfont: score(<Font 'Tlwg Mono' (TlwgMono-Oblique.ttf) oblique normal 400 normal>) = 11.05
DEBUG:matplotlib.font_manager:findfont: score(<Font 'OpenSymbol' (opens___.ttf) normal normal 400 normal>) = 10.05
DEBUG:matplotlib.font_manager:findfont: score(<Font 'Noto Sans CJK JP' (NotoSansCJK-Regular.ttc) normal normal 400 normal>) = 10.05
DEBUG:matplotlib.font_manager:findfont: score(<Font 'Ubuntu Mono' (UbuntuMono-B.ttf) normal normal bold normal>) = 10.335
DEBUG:matplotlib.font_manager:findfont: score(<Font 'KacstFarsi' (KacstFarsi.ttf) normal normal 400 normal>) = 10.05
DEBUG:matplotlib.font_manager:findfont: score(<Font 'Loma' (Loma.ttf) normal normal 400 normal>) = 10.05
DEBUG:matplotlib.font_manager:findfont: score(<Font 'Gargi' (Gargi.ttf) normal normal 400 normal>) = 10.05
DEBUG:matplotlib.font_manager:findfont: score(<Font 'DejaVu Serif' (DejaVuSerifCondensed-Italic.ttf) italic normal 400 condensed>) = 11.25
DEBUG:matplotlib.font_manager:findfont: score(<Font 'FreeMono' (FreeMonoBoldOblique.ttf) oblique normal bold normal>) = 11.335
DEBUG:matplotlib.font_manager:findfont: score(<Font 'DejaVu Serif' (DejaVuSerifCondensed-BoldItalic.ttf) italic normal bold condensed>) = 11.535
DEBUG:matplotlib.font_manager:findfont: score(<Font 'Sawasdee' (Sawasdee-BoldOblique.ttf) oblique normal bold normal>) = 11.335
DEBUG:matplotlib.font_manager:findfont: score(<Font 'Waree' (Waree-BoldOblique.ttf) oblique normal bold normal>) = 11.335
DEBUG:matplotlib.font_manager:findfont: score(<Font 'Tlwg Mono' (TlwgMono-Bold.ttf) normal normal bold normal>) = 10.335
DEBUG:matplotlib.font_manager:findfont: score(<Font 'Liberation Sans Narrow' (LiberationSansNarrow-Bold.ttf) normal normal bold condensed>) = 10.535
DEBUG:matplotlib.font_manager:findfont: score(<Font 'Sawasdee' (Sawasdee.ttf) normal normal 400 normal>) = 10.05
DEBUG:matplotlib.font_manager:findfont: score(<Font 'Liberation Mono' (LiberationMono-Italic.ttf) italic normal 400 normal>) = 11.05
DEBUG:matplotlib.font_manager:findfont: score(<Font 'DejaVu Sans' (DejaVuSans-ExtraLight.ttf) normal normal light normal>) = 0.24
DEBUG:matplotlib.font_manager:findfont: score(<Font 'FreeMono' (FreeMonoBold.ttf) normal normal bold normal>) = 10.335
DEBUG:matplotlib.font_manager:findfont: score(<Font 'Padauk' (Padauk-Bold.ttf) normal normal bold normal>) = 10.335
DEBUG:matplotlib.font_manager:findfont: score(<Font 'Phetsarath OT' (Phetsarath_OT.ttf) normal normal 400 normal>) = 10.05
DEBUG:matplotlib.font_manager:findfont: score(<Font 'Ubuntu' (Ubuntu-B.ttf) normal normal bold normal>) = 10.335
DEBUG:matplotlib.font_manager:findfont: score(<Font 'Garuda' (Garuda-Bold.ttf) normal normal bold normal>) = 10.335
DEBUG:matplotlib.font_manager:findfont: score(<Font 'Umpush' (Umpush-LightOblique.ttf) oblique normal light normal>) = 11.24
DEBUG:matplotlib.font_manager:findfont: score(<Font 'Padauk Book' (PadaukBook-Regular.ttf) normal normal book normal>) = 10.05
DEBUG:matplotlib.font_manager:findfont: score(<Font 'Saab' (Saab.ttf) normal normal 400 normal>) = 10.05
DEBUG:matplotlib.font_manager:findfont: score(<Font 'Mukti Narrow' (MuktiNarrowBold.ttf) normal normal 700 normal>) = 10.335
DEBUG:matplotlib.font_manager:findfont: score(<Font 'Tlwg Typist' (TlwgTypist-BoldOblique.ttf) oblique normal bold normal>) = 11.335
DEBUG:matplotlib.font_manager:findfont: score(<Font 'Liberation Sans Narrow' (LiberationSansNarrow-Italic.ttf) italic normal 400 condensed>) = 11.25
DEBUG:matplotlib.font_manager:findfont: score(<Font 'Waree' (Waree-Oblique.ttf) oblique normal 400 normal>) = 11.05
DEBUG:matplotlib.font_manager:findfont: score(<Font 'Navilu' (Navilu.ttf) normal normal 400 normal>) = 10.05
DEBUG:matplotlib.font_manager:findfont: score(<Font 'Garuda' (Garuda-Oblique.ttf) oblique normal 400 normal>) = 11.05
DEBUG:matplotlib.font_manager:findfont: score(<Font 'Ubuntu' (Ubuntu-R.ttf) normal normal 400 normal>) = 10.05
DEBUG:matplotlib.font_manager:findfont: score(<Font 'Sawasdee' (Sawasdee-Bold.ttf) normal normal bold normal>) = 10.335
DEBUG:matplotlib.font_manager:findfont: score(<Font 'KacstPoster' (KacstPoster.ttf) normal normal 400 normal>) = 10.05
DEBUG:matplotlib.font_manager:findfont: score(<Font 'KacstTitle' (KacstTitle.ttf) normal normal 400 normal>) = 10.05
DEBUG:matplotlib.font_manager:findfont: score(<Font 'FreeSans' (FreeSans.ttf) normal normal 400 normal>) = 10.05
DEBUG:matplotlib.font_manager:findfont: score(<Font 'ori1Uni' (utkal.ttf) normal normal medium normal>) = 10.145
DEBUG:matplotlib.font_manager:findfont: score(<Font 'Ubuntu Mono' (UbuntuMono-BI.ttf) italic normal bold normal>) = 11.335
DEBUG:matplotlib.font_manager:findfont: score(<Font 'Samanata' (samanata.ttf) normal normal 400 normal>) = 10.05
DEBUG:matplotlib.font_manager:findfont: score(<Font 'Chilanka' (Chilanka-Regular.ttf) normal normal regular normal>) = 10.05
DEBUG:matplotlib.font_manager:findfont: score(<Font 'Norasi' (Norasi-BoldItalic.ttf) italic normal bold normal>) = 11.335
DEBUG:matplotlib.font_manager:findfont: score(<Font 'Mukti Narrow' (MuktiNarrow.ttf) normal normal 400 normal>) = 10.05
DEBUG:matplotlib.font_manager:findfont: score(<Font 'Ani' (ani.ttf) normal normal 400 normal>) = 10.05
DEBUG:matplotlib.font_manager:findfont: score(<Font 'Noto Serif CJK JP' (NotoSerifCJK-Bold.ttc) normal normal bold normal>) = 10.335
DEBUG:matplotlib.font_manager:findfont: score(<Font 'Manjari' (Manjari-Regular.otf) normal normal regular normal>) = 10.05
DEBUG:matplotlib.font_manager:findfont: score(<Font 'Lohit Assamese' (Lohit-Assamese.ttf) normal normal 400 normal>) = 10.05
DEBUG:matplotlib.font_manager:findfont: score(<Font 'Kinnari' (Kinnari-BoldItalic.ttf) italic normal bold normal>) = 11.335
DEBUG:matplotlib.font_manager:findfont: score(<Font 'Gubbi' (Gubbi.ttf) normal normal 400 normal>) = 10.05
DEBUG:matplotlib.font_manager:findfont: score(<Font 'Ubuntu' (Ubuntu-M.ttf) normal normal medium normal>) = 10.145
DEBUG:matplotlib.font_manager:findfont: score(<Font 'Liberation Serif' (LiberationSerif-BoldItalic.ttf) italic normal bold normal>) = 11.335
DEBUG:matplotlib.font_manager:findfont: score(<Font 'Kinnari' (Kinnari-BoldOblique.ttf) oblique normal bold normal>) = 11.335
DEBUG:matplotlib.font_manager:findfont: score(<Font 'FreeSans' (FreeSansBold.ttf) normal normal bold normal>) = 10.335
DEBUG:matplotlib.font_manager:findfont: score(<Font 'Liberation Sans' (LiberationSans-Italic.ttf) italic normal 400 normal>) = 11.05
DEBUG:matplotlib.font_manager:findfont: score(<Font 'padmaa' (padmaa.ttf) normal normal 400 normal>) = 10.05
DEBUG:matplotlib.font_manager:findfont: score(<Font 'Rekha' (Rekha.ttf) normal normal 400 normal>) = 10.05
DEBUG:matplotlib.font_manager:findfont: score(<Font 'Lohit Gujarati' (Lohit-Gujarati.ttf) normal normal 400 normal>) = 10.05
DEBUG:matplotlib.font_manager:findfont: score(<Font 'Umpush' (Umpush-Bold.ttf) normal normal bold normal>) = 10.335
DEBUG:matplotlib.font_manager:findfont: score(<Font 'DejaVu Serif' (DejaVuSerifCondensed-Bold.ttf) normal normal bold condensed>) = 10.535
DEBUG:matplotlib.font_manager:findfont: score(<Font 'Norasi' (Norasi-Bold.ttf) normal normal bold normal>) = 10.335
DEBUG:matplotlib.font_manager:findfont: score(<Font 'Norasi' (Norasi-Italic.ttf) italic normal 400 normal>) = 11.05
DEBUG:matplotlib.font_manager:findfont: score(<Font 'FreeSerif' (FreeSerifBold.ttf) normal normal bold normal>) = 10.335
DEBUG:matplotlib.font_manager:findfont: score(<Font 'Tlwg Typist' (TlwgTypist-Oblique.ttf) oblique normal 400 normal>) = 11.05
DEBUG:matplotlib.font_manager:findfont: score(<Font 'Tlwg Mono' (TlwgMono-BoldOblique.ttf) oblique normal bold normal>) = 11.335
DEBUG:matplotlib.font_manager:findfont: score(<Font 'Pothana2000' (Pothana2000.ttf) normal normal 400 normal>) = 10.05
DEBUG:matplotlib.font_manager:findfont: score(<Font 'Rachana' (Rachana-Regular.ttf) normal normal regular normal>) = 10.05
DEBUG:matplotlib.font_manager:findfont: score(<Font 'Ubuntu' (Ubuntu-MI.ttf) italic normal medium normal>) = 11.145
DEBUG:matplotlib.font_manager:findfont: score(<Font 'Sarai' (Sarai.ttf) normal normal 400 normal>) = 10.05
DEBUG:matplotlib.font_manager:findfont: score(<Font 'KacstQurn' (KacstQurn.ttf) normal normal 400 normal>) = 10.05
DEBUG:matplotlib.font_manager:findfont: score(<Font 'Tlwg Mono' (TlwgMono.ttf) normal normal 400 normal>) = 10.05
DEBUG:matplotlib.font_manager:findfont: score(<Font 'Lohit Gurmukhi' (Lohit-Gurmukhi.ttf) normal normal 400 normal>) = 10.05
DEBUG:matplotlib.font_manager:findfont: score(<Font 'Tlwg Typewriter' (TlwgTypewriter-BoldOblique.ttf) oblique normal bold normal>) = 11.335
DEBUG:matplotlib.font_manager:findfont: score(<Font 'Umpush' (Umpush-BoldOblique.ttf) oblique normal bold normal>) = 11.335
DEBUG:matplotlib.font_manager:findfont: score(<Font 'KacstBook' (KacstBook.ttf) normal normal book normal>) = 10.05
DEBUG:matplotlib.font_manager:findfont: score(<Font 'Pagul' (Pagul.ttf) normal normal 400 normal>) = 10.05
DEBUG:matplotlib.font_manager:findfont: score(<Font 'FreeSerif' (FreeSerifBoldItalic.ttf) italic normal bold normal>) = 11.335
DEBUG:matplotlib.font_manager:findfont: score(<Font 'Lohit Kannada' (Lohit-Kannada.ttf) normal normal 400 normal>) = 10.05
DEBUG:matplotlib.font_manager:findfont: Matching :family=sans-serif:style=normal:variant=normal:weight=normal:stretch=normal:size=10.0 to DejaVu Sans ('/home/ram/.local/lib/python3.6/site-packages/matplotlib/mpl-data/fonts/ttf/DejaVuSans.ttf') with score of 0.050000.
DEBUG:roipoly.roipoly:Creating new ROI 0
DEBUG:matplotlib.font_manager:findfont: Matching :family=sans-serif:style=normal:variant=normal:weight=normal:stretch=normal:size=12.0.
DEBUG:matplotlib.font_manager:findfont: score(<Font 'STIXSizeThreeSym' (STIXSizThreeSymBol.ttf) normal normal bold normal>) = 10.335
DEBUG:matplotlib.font_manager:findfont: score(<Font 'DejaVu Sans Mono' (DejaVuSansMono.ttf) normal normal 400 normal>) = 10.05
DEBUG:matplotlib.font_manager:findfont: score(<Font 'DejaVu Serif' (DejaVuSerif.ttf) normal normal 400 normal>) = 10.05
DEBUG:matplotlib.font_manager:findfont: score(<Font 'DejaVu Sans Mono' (DejaVuSansMono-Bold.ttf) normal normal bold normal>) = 10.335
DEBUG:matplotlib.font_manager:findfont: score(<Font 'cmtt10' (cmtt10.ttf) normal normal 400 normal>) = 10.05
DEBUG:matplotlib.font_manager:findfont: score(<Font 'STIXNonUnicode' (STIXNonUni.ttf) normal normal regular normal>) = 10.05
DEBUG:matplotlib.font_manager:findfont: score(<Font 'STIXSizeFourSym' (STIXSizFourSymBol.ttf) normal normal bold normal>) = 10.335
DEBUG:matplotlib.font_manager:findfont: score(<Font 'STIXNonUnicode' (STIXNonUniBolIta.ttf) italic normal bold normal>) = 11.335
DEBUG:matplotlib.font_manager:findfont: score(<Font 'DejaVu Sans' (DejaVuSans-BoldOblique.ttf) oblique normal bold normal>) = 1.335
DEBUG:matplotlib.font_manager:findfont: score(<Font 'STIXSizeOneSym' (STIXSizOneSymReg.ttf) normal normal regular normal>) = 10.05
DEBUG:matplotlib.font_manager:findfont: score(<Font 'cmr10' (cmr10.ttf) normal normal 400 normal>) = 10.05
DEBUG:matplotlib.font_manager:findfont: score(<Font 'cmss10' (cmss10.ttf) normal normal 400 normal>) = 10.05
DEBUG:matplotlib.font_manager:findfont: score(<Font 'STIXSizeOneSym' (STIXSizOneSymBol.ttf) normal normal bold normal>) = 10.335
DEBUG:matplotlib.font_manager:findfont: score(<Font 'cmb10' (cmb10.ttf) normal normal 400 normal>) = 10.05
DEBUG:matplotlib.font_manager:findfont: score(<Font 'DejaVu Serif' (DejaVuSerif-Italic.ttf) italic normal 400 normal>) = 11.05
DEBUG:matplotlib.font_manager:findfont: score(<Font 'DejaVu Sans Mono' (DejaVuSansMono-BoldOblique.ttf) oblique normal bold normal>) = 11.335
DEBUG:matplotlib.font_manager:findfont: score(<Font 'DejaVu Serif Display' (DejaVuSerifDisplay.ttf) normal normal 400 normal>) = 10.05
DEBUG:matplotlib.font_manager:findfont: score(<Font 'DejaVu Sans Display' (DejaVuSansDisplay.ttf) normal normal 400 normal>) = 10.05
DEBUG:matplotlib.font_manager:findfont: score(<Font 'cmex10' (cmex10.ttf) normal normal 400 normal>) = 10.05
DEBUG:matplotlib.font_manager:findfont: score(<Font 'STIXNonUnicode' (STIXNonUniBol.ttf) normal normal bold normal>) = 10.335
DEBUG:matplotlib.font_manager:findfont: score(<Font 'cmsy10' (cmsy10.ttf) normal normal 400 normal>) = 10.05
DEBUG:matplotlib.font_manager:findfont: score(<Font 'DejaVu Sans' (DejaVuSans-Bold.ttf) normal normal bold normal>) = 0.33499999999999996
DEBUG:matplotlib.font_manager:findfont: score(<Font 'STIXSizeTwoSym' (STIXSizTwoSymBol.ttf) normal normal bold normal>) = 10.335
DEBUG:matplotlib.font_manager:findfont: score(<Font 'DejaVu Sans' (DejaVuSans.ttf) normal normal 400 normal>) = 0.05
DEBUG:matplotlib.font_manager:findfont: score(<Font 'STIXGeneral' (STIXGeneral.ttf) normal normal regular normal>) = 10.05
DEBUG:matplotlib.font_manager:findfont: score(<Font 'STIXSizeFiveSym' (STIXSizFiveSymReg.ttf) normal normal regular normal>) = 10.05
DEBUG:matplotlib.font_manager:findfont: score(<Font 'STIXSizeThreeSym' (STIXSizThreeSymReg.ttf) normal normal regular normal>) = 10.05
DEBUG:matplotlib.font_manager:findfont: score(<Font 'cmmi10' (cmmi10.ttf) normal normal 400 normal>) = 10.05
DEBUG:matplotlib.font_manager:findfont: score(<Font 'STIXGeneral' (STIXGeneralBolIta.ttf) italic normal bold normal>) = 11.335
DEBUG:matplotlib.font_manager:findfont: score(<Font 'DejaVu Sans' (DejaVuSans-Oblique.ttf) oblique normal 400 normal>) = 1.05
DEBUG:matplotlib.font_manager:findfont: score(<Font 'STIXGeneral' (STIXGeneralBol.ttf) normal normal bold normal>) = 10.335
DEBUG:matplotlib.font_manager:findfont: score(<Font 'DejaVu Sans Mono' (DejaVuSansMono-Oblique.ttf) oblique normal 400 normal>) = 11.05
DEBUG:matplotlib.font_manager:findfont: score(<Font 'DejaVu Serif' (DejaVuSerif-Bold.ttf) normal normal bold normal>) = 10.335
DEBUG:matplotlib.font_manager:findfont: score(<Font 'DejaVu Serif' (DejaVuSerif-BoldItalic.ttf) italic normal bold normal>) = 11.335
DEBUG:matplotlib.font_manager:findfont: score(<Font 'STIXNonUnicode' (STIXNonUniIta.ttf) italic normal 400 normal>) = 11.05
DEBUG:matplotlib.font_manager:findfont: score(<Font 'STIXGeneral' (STIXGeneralItalic.ttf) italic normal 400 normal>) = 11.05
DEBUG:matplotlib.font_manager:findfont: score(<Font 'STIXSizeFourSym' (STIXSizFourSymReg.ttf) normal normal regular normal>) = 10.05
DEBUG:matplotlib.font_manager:findfont: score(<Font 'STIXSizeTwoSym' (STIXSizTwoSymReg.ttf) normal normal regular normal>) = 10.05
DEBUG:matplotlib.font_manager:findfont: score(<Font 'Liberation Sans' (LiberationSans-Regular.ttf) normal normal 400 normal>) = 10.05
DEBUG:matplotlib.font_manager:findfont: score(<Font 'Tlwg Typo' (TlwgTypo-BoldOblique.ttf) oblique normal bold normal>) = 11.335
DEBUG:matplotlib.font_manager:findfont: score(<Font 'Liberation Serif' (LiberationSerif-Regular.ttf) normal normal 400 normal>) = 10.05
DEBUG:matplotlib.font_manager:findfont: score(<Font 'Norasi' (Norasi-Oblique.ttf) oblique normal 400 normal>) = 11.05
DEBUG:matplotlib.font_manager:findfont: score(<Font 'Ubuntu' (Ubuntu-RI.ttf) italic normal 400 normal>) = 11.05
DEBUG:matplotlib.font_manager:findfont: score(<Font 'Liberation Mono' (LiberationMono-Bold.ttf) normal normal bold normal>) = 10.335
DEBUG:matplotlib.font_manager:findfont: score(<Font 'Loma' (Loma-Bold.ttf) normal normal bold normal>) = 10.335
DEBUG:matplotlib.font_manager:findfont: score(<Font 'Noto Serif CJK JP' (NotoSerifCJK-Regular.ttc) normal normal 400 normal>) = 10.05
DEBUG:matplotlib.font_manager:findfont: score(<Font 'Waree' (Waree-Bold.ttf) normal normal bold normal>) = 10.335
DEBUG:matplotlib.font_manager:findfont: score(<Font 'Lohit Malayalam' (Lohit-Malayalam.ttf) normal normal 400 normal>) = 10.05
DEBUG:matplotlib.font_manager:findfont: score(<Font 'FreeSerif' (FreeSerifItalic.ttf) italic normal 400 normal>) = 11.05
DEBUG:matplotlib.font_manager:findfont: score(<Font 'Ubuntu Mono' (UbuntuMono-RI.ttf) italic normal 400 normal>) = 11.05
DEBUG:matplotlib.font_manager:findfont: score(<Font 'Meera' (Meera.ttf) normal normal 400 normal>) = 10.05
DEBUG:matplotlib.font_manager:findfont: score(<Font 'Lohit Tamil Classical' (Lohit-Tamil-Classical.ttf) normal normal 400 normal>) = 10.05
DEBUG:matplotlib.font_manager:findfont: score(<Font 'Tlwg Typewriter' (TlwgTypewriter.ttf) normal normal 400 normal>) = 10.05
DEBUG:matplotlib.font_manager:findfont: score(<Font 'Tlwg Typo' (TlwgTypo-Oblique.ttf) oblique normal 400 normal>) = 11.05
DEBUG:matplotlib.font_manager:findfont: score(<Font 'DejaVu Sans' (DejaVuSansCondensed-Bold.ttf) normal normal bold condensed>) = 0.5349999999999999
DEBUG:matplotlib.font_manager:findfont: score(<Font 'Dyuthi' (Dyuthi.ttf) normal normal 400 normal>) = 10.05
DEBUG:matplotlib.font_manager:findfont: score(<Font 'KacstOne' (KacstOne.ttf) normal normal 400 normal>) = 10.05
DEBUG:matplotlib.font_manager:findfont: score(<Font 'Suruma' (Suruma.ttf) normal normal 400 normal>) = 10.05
DEBUG:matplotlib.font_manager:findfont: score(<Font 'Liberation Serif' (LiberationSerif-Bold.ttf) normal normal bold normal>) = 10.335
DEBUG:matplotlib.font_manager:findfont: score(<Font 'Kalapi' (Kalapi.ttf) normal normal 400 normal>) = 10.05
DEBUG:matplotlib.font_manager:findfont: score(<Font 'Tlwg Typewriter' (TlwgTypewriter-Bold.ttf) normal normal bold normal>) = 10.335
DEBUG:matplotlib.font_manager:findfont: score(<Font 'Loma' (Loma-Oblique.ttf) oblique normal 400 normal>) = 11.05
DEBUG:matplotlib.font_manager:findfont: score(<Font 'Kinnari' (Kinnari-Bold.ttf) normal normal bold normal>) = 10.335
DEBUG:matplotlib.font_manager:findfont: score(<Font 'Sahadeva' (sahadeva.ttf) normal normal 400 normal>) = 10.05
DEBUG:matplotlib.font_manager:findfont: score(<Font 'LKLUG' (lklug.ttf) normal normal 400 normal>) = 10.05
DEBUG:matplotlib.font_manager:findfont: score(<Font 'Liberation Serif' (LiberationSerif-Italic.ttf) italic normal 400 normal>) = 11.05
DEBUG:matplotlib.font_manager:findfont: score(<Font 'Tlwg Typist' (TlwgTypist.ttf) normal normal 400 normal>) = 10.05
DEBUG:matplotlib.font_manager:findfont: score(<Font 'Mitra Mono' (mitra.ttf) normal normal 400 normal>) = 10.05
DEBUG:matplotlib.font_manager:findfont: score(<Font 'Lohit Bengali' (Lohit-Bengali.ttf) normal normal 400 normal>) = 10.05
DEBUG:matplotlib.font_manager:findfont: score(<Font 'Jamrul' (JamrulNormal.ttf) normal normal 400 normal>) = 10.05
DEBUG:matplotlib.font_manager:findfont: score(<Font 'DejaVu Sans' (DejaVuSansCondensed.ttf) normal normal 400 condensed>) = 0.25
DEBUG:matplotlib.font_manager:findfont: score(<Font 'Padauk Book' (PadaukBook-Bold.ttf) normal normal book normal>) = 10.05
DEBUG:matplotlib.font_manager:findfont: score(<Font 'KacstScreen' (KacstScreen.ttf) normal normal 400 normal>) = 10.05
DEBUG:matplotlib.font_manager:findfont: score(<Font 'Samyak Gujarati' (Samyak-Gujarati.ttf) normal normal 400 normal>) = 10.05
DEBUG:matplotlib.font_manager:findfont: score(<Font 'Ubuntu' (Ubuntu-LI.ttf) italic normal light normal>) = 11.24
DEBUG:matplotlib.font_manager:findfont: score(<Font 'Norasi' (Norasi-BoldOblique.ttf) oblique normal bold normal>) = 11.335
DEBUG:matplotlib.font_manager:findfont: score(<Font 'Laksaman' (Laksaman-Italic.ttf) italic normal 400 normal>) = 11.05
DEBUG:matplotlib.font_manager:findfont: score(<Font 'Ubuntu Condensed' (Ubuntu-C.ttf) normal normal 400 condensed>) = 10.25
DEBUG:matplotlib.font_manager:findfont: score(<Font 'Karumbi' (Karumbi.ttf) normal normal 400 normal>) = 10.05
DEBUG:matplotlib.font_manager:findfont: score(<Font 'Kinnari' (Kinnari-Italic.ttf) italic normal 400 normal>) = 11.05
DEBUG:matplotlib.font_manager:findfont: score(<Font 'Ubuntu' (Ubuntu-BI.ttf) italic normal bold normal>) = 11.335
DEBUG:matplotlib.font_manager:findfont: score(<Font 'Loma' (Loma-BoldOblique.ttf) oblique normal bold normal>) = 11.335
DEBUG:matplotlib.font_manager:findfont: score(<Font 'Laksaman' (Laksaman.ttf) normal normal 400 normal>) = 10.05
DEBUG:matplotlib.font_manager:findfont: score(<Font 'Laksaman' (Laksaman-BoldItalic.ttf) italic normal bold normal>) = 11.335
DEBUG:matplotlib.font_manager:findfont: score(<Font 'Likhan' (LikhanNormal.ttf) normal normal 400 normal>) = 10.05
DEBUG:matplotlib.font_manager:findfont: score(<Font 'Lohit Telugu' (Lohit-Telugu.ttf) normal normal 400 normal>) = 10.05
DEBUG:matplotlib.font_manager:findfont: score(<Font 'Liberation Sans Narrow' (LiberationSansNarrow-BoldItalic.ttf) italic normal bold condensed>) = 11.535
DEBUG:matplotlib.font_manager:findfont: score(<Font 'FreeMono' (FreeMono.ttf) normal normal 400 normal>) = 10.05
DEBUG:matplotlib.font_manager:findfont: score(<Font 'padmaa' (padmaa-Medium-0.5.ttf) normal normal normal normal>) = 10.0
DEBUG:matplotlib.font_manager:findfont: score(<Font 'Sawasdee' (Sawasdee-Oblique.ttf) oblique normal 400 normal>) = 11.05
DEBUG:matplotlib.font_manager:findfont: score(<Font 'Umpush' (Umpush-Light.ttf) normal normal light normal>) = 10.24
DEBUG:matplotlib.font_manager:findfont: score(<Font 'KacstOne' (KacstOne-Bold.ttf) normal normal bold normal>) = 10.335
DEBUG:matplotlib.font_manager:findfont: score(<Font 'Waree' (Waree.ttf) normal normal 400 normal>) = 10.05
DEBUG:matplotlib.font_manager:findfont: score(<Font 'Lohit Devanagari' (Lohit-Devanagari.ttf) normal normal 400 normal>) = 10.05
DEBUG:matplotlib.font_manager:findfont: score(<Font 'Tlwg Typewriter' (TlwgTypewriter-Oblique.ttf) oblique normal 400 normal>) = 11.05
DEBUG:matplotlib.font_manager:findfont: score(<Font 'Tlwg Typist' (TlwgTypist-Bold.ttf) normal normal bold normal>) = 10.335
DEBUG:matplotlib.font_manager:findfont: score(<Font 'Ubuntu Mono' (UbuntuMono-R.ttf) normal normal 400 normal>) = 10.05
DEBUG:matplotlib.font_manager:findfont: score(<Font 'Tibetan Machine Uni' (TibetanMachineUni.ttf) normal normal 400 normal>) = 10.05
DEBUG:matplotlib.font_manager:findfont: score(<Font 'Khmer OS System' (KhmerOSsys.ttf) normal normal 400 normal>) = 10.05
DEBUG:matplotlib.font_manager:findfont: score(<Font 'Droid Sans Fallback' (DroidSansFallbackFull.ttf) normal normal 400 normal>) = 10.05
DEBUG:matplotlib.font_manager:findfont: score(<Font 'Purisa' (Purisa.ttf) normal normal 400 normal>) = 10.05
DEBUG:matplotlib.font_manager:findfont: score(<Font 'Padauk' (Padauk-Regular.ttf) normal normal 400 normal>) = 10.05
DEBUG:matplotlib.font_manager:findfont: score(<Font 'Manjari' (Manjari-Bold.otf) normal normal bold normal>) = 10.335
DEBUG:matplotlib.font_manager:findfont: score(<Font 'KacstNaskh' (KacstNaskh.ttf) normal normal 400 normal>) = 10.05
DEBUG:matplotlib.font_manager:findfont: score(<Font 'Keraleeyam' (Keraleeyam.ttf) normal normal 700 normal>) = 10.335
DEBUG:matplotlib.font_manager:findfont: score(<Font 'Purisa' (Purisa-Bold.ttf) normal normal bold normal>) = 10.335
DEBUG:matplotlib.font_manager:findfont: score(<Font 'Norasi' (Norasi.ttf) normal normal 400 normal>) = 10.05
DEBUG:matplotlib.font_manager:findfont: score(<Font 'KacstPen' (KacstPen.ttf) normal normal 400 normal>) = 10.05
DEBUG:matplotlib.font_manager:findfont: score(<Font 'Kinnari' (Kinnari-Oblique.ttf) oblique normal 400 normal>) = 11.05
DEBUG:matplotlib.font_manager:findfont: score(<Font 'Garuda' (Garuda-BoldOblique.ttf) oblique normal bold normal>) = 11.335
DEBUG:matplotlib.font_manager:findfont: score(<Font 'Liberation Sans' (LiberationSans-BoldItalic.ttf) italic normal bold normal>) = 11.335
DEBUG:matplotlib.font_manager:findfont: score(<Font 'Tlwg Typo' (TlwgTypo.ttf) normal normal 400 normal>) = 10.05
DEBUG:matplotlib.font_manager:findfont: score(<Font 'FreeMono' (FreeMonoOblique.ttf) oblique normal 400 normal>) = 11.05
DEBUG:matplotlib.font_manager:findfont: score(<Font 'Tlwg Typo' (TlwgTypo-Bold.ttf) normal normal bold normal>) = 10.335
DEBUG:matplotlib.font_manager:findfont: score(<Font 'Noto Mono' (NotoMono-Regular.ttf) normal normal 400 normal>) = 10.05
DEBUG:matplotlib.font_manager:findfont: score(<Font 'FreeSans' (FreeSansBoldOblique.ttf) oblique normal bold normal>) = 11.335
DEBUG:matplotlib.font_manager:findfont: score(<Font 'Liberation Sans' (LiberationSans-Bold.ttf) normal normal bold normal>) = 10.335
DEBUG:matplotlib.font_manager:findfont: score(<Font 'Liberation Sans Narrow' (LiberationSansNarrow-Regular.ttf) normal normal 400 condensed>) = 10.25
DEBUG:matplotlib.font_manager:findfont: score(<Font 'RaghuMalayalam' (RaghuMalayalamSans-Regular.ttf) normal normal regular normal>) = 10.05
DEBUG:matplotlib.font_manager:findfont: score(<Font 'Kalimati' (kalimati.ttf) normal normal 400 normal>) = 10.05
DEBUG:matplotlib.font_manager:findfont: score(<Font 'Samyak Malayalam' (Samyak-Malayalam.ttf) normal normal 400 normal>) = 10.05
DEBUG:matplotlib.font_manager:findfont: score(<Font 'KacstDecorative' (KacstDecorative.ttf) normal normal 400 normal>) = 10.05
DEBUG:matplotlib.font_manager:findfont: score(<Font 'Abyssinica SIL' (AbyssinicaSIL-R.ttf) normal normal 400 normal>) = 10.05
DEBUG:matplotlib.font_manager:findfont: score(<Font 'AnjaliOldLipi' (AnjaliOldLipi.ttf) normal normal 400 normal>) = 10.05
DEBUG:matplotlib.font_manager:findfont: score(<Font 'Manjari' (Manjari-Thin.otf) normal normal 400 normal>) = 10.05
DEBUG:matplotlib.font_manager:findfont: score(<Font 'KacstArt' (KacstArt.ttf) normal normal 400 normal>) = 10.05
DEBUG:matplotlib.font_manager:findfont: score(<Font 'Purisa' (Purisa-Oblique.ttf) oblique normal 400 normal>) = 11.05
DEBUG:matplotlib.font_manager:findfont: score(<Font 'Lohit Odia' (Lohit-Odia.ttf) normal normal 400 normal>) = 10.05
DEBUG:matplotlib.font_manager:findfont: score(<Font 'KacstDigital' (KacstDigital.ttf) normal normal 400 normal>) = 10.05
DEBUG:matplotlib.font_manager:findfont: score(<Font 'Samyak Devanagari' (Samyak-Devanagari.ttf) normal normal 400 normal>) = 10.05
DEBUG:matplotlib.font_manager:findfont: score(<Font 'Umpush' (Umpush-Oblique.ttf) oblique normal 400 normal>) = 11.05
DEBUG:matplotlib.font_manager:findfont: score(<Font 'Lohit Tamil' (Lohit-Tamil.ttf) normal normal 400 normal>) = 10.05
DEBUG:matplotlib.font_manager:findfont: score(<Font 'Ubuntu' (Ubuntu-L.ttf) normal normal light normal>) = 10.24
DEBUG:matplotlib.font_manager:findfont: score(<Font 'Liberation Mono' (LiberationMono-Regular.ttf) normal normal 400 normal>) = 10.05
DEBUG:matplotlib.font_manager:findfont: score(<Font 'mry_KacstQurn' (mry_KacstQurn.ttf) normal normal 400 normal>) = 10.05
DEBUG:matplotlib.font_manager:findfont: score(<Font 'Liberation Mono' (LiberationMono-BoldItalic.ttf) italic normal bold normal>) = 11.335
DEBUG:matplotlib.font_manager:findfont: score(<Font 'Laksaman' (Laksaman-Bold.ttf) normal normal bold normal>) = 10.335
DEBUG:matplotlib.font_manager:findfont: score(<Font 'DejaVu Sans' (DejaVuSansCondensed-BoldOblique.ttf) oblique normal bold condensed>) = 1.535
DEBUG:matplotlib.font_manager:findfont: score(<Font 'Umpush' (Umpush.ttf) normal normal 400 normal>) = 10.05
DEBUG:matplotlib.font_manager:findfont: score(<Font 'Khmer OS' (KhmerOS.ttf) normal normal 400 normal>) = 10.05
DEBUG:matplotlib.font_manager:findfont: score(<Font 'Garuda' (Garuda.ttf) normal normal 400 normal>) = 10.05
DEBUG:matplotlib.font_manager:findfont: score(<Font 'DejaVu Sans' (DejaVuSansCondensed-Oblique.ttf) oblique normal 400 condensed>) = 1.25
DEBUG:matplotlib.font_manager:findfont: score(<Font 'FreeSans' (FreeSansOblique.ttf) oblique normal 400 normal>) = 11.05
DEBUG:matplotlib.font_manager:findfont: score(<Font 'FreeSerif' (FreeSerif.ttf) normal normal 400 normal>) = 10.05
DEBUG:matplotlib.font_manager:findfont: score(<Font 'Noto Sans CJK JP' (NotoSansCJK-Bold.ttc) normal normal bold normal>) = 10.335
DEBUG:matplotlib.font_manager:findfont: score(<Font 'Rachana' (Rachana-Bold.ttf) normal normal bold normal>) = 10.335
DEBUG:matplotlib.font_manager:findfont: score(<Font 'DejaVu Serif' (DejaVuSerifCondensed.ttf) normal normal 400 condensed>) = 10.25
DEBUG:matplotlib.font_manager:findfont: score(<Font 'padmaa-Bold.1.1' (padmaa-Bold.1.1.ttf) normal normal bold normal>) = 10.335
DEBUG:matplotlib.font_manager:findfont: score(<Font 'Uroob' (Uroob.ttf) normal normal 700 normal>) = 10.335
DEBUG:matplotlib.font_manager:findfont: score(<Font 'Purisa' (Purisa-BoldOblique.ttf) oblique normal bold normal>) = 11.335
DEBUG:matplotlib.font_manager:findfont: score(<Font 'Vemana2000' (vemana2000.ttf) normal normal 400 normal>) = 10.05
DEBUG:matplotlib.font_manager:findfont: score(<Font 'KacstLetter' (KacstLetter.ttf) normal normal 400 normal>) = 10.05
DEBUG:matplotlib.font_manager:findfont: score(<Font 'KacstOffice' (KacstOffice.ttf) normal normal 400 normal>) = 10.05
DEBUG:matplotlib.font_manager:findfont: score(<Font 'DejaVu Math TeX Gyre' (DejaVuMathTeXGyre.ttf) normal normal regular normal>) = 10.05
DEBUG:matplotlib.font_manager:findfont: score(<Font 'Chandas' (chandas1-2.ttf) normal normal 400 normal>) = 10.05
DEBUG:matplotlib.font_manager:findfont: score(<Font 'Samyak Tamil' (Samyak-Tamil.ttf) normal normal 400 normal>) = 10.05
DEBUG:matplotlib.font_manager:findfont: score(<Font 'aakar' (aakar-medium.ttf) normal normal 400 normal>) = 10.05
DEBUG:matplotlib.font_manager:findfont: score(<Font 'KacstTitleL' (KacstTitleL.ttf) normal normal 400 normal>) = 10.05
DEBUG:matplotlib.font_manager:findfont: score(<Font 'Nakula' (nakula.ttf) normal normal 400 normal>) = 10.05
DEBUG:matplotlib.font_manager:findfont: score(<Font 'Kinnari' (Kinnari.ttf) normal normal 400 normal>) = 10.05
DEBUG:matplotlib.font_manager:findfont: score(<Font 'Tlwg Mono' (TlwgMono-Oblique.ttf) oblique normal 400 normal>) = 11.05
DEBUG:matplotlib.font_manager:findfont: score(<Font 'OpenSymbol' (opens___.ttf) normal normal 400 normal>) = 10.05
DEBUG:matplotlib.font_manager:findfont: score(<Font 'Noto Sans CJK JP' (NotoSansCJK-Regular.ttc) normal normal 400 normal>) = 10.05
DEBUG:matplotlib.font_manager:findfont: score(<Font 'Ubuntu Mono' (UbuntuMono-B.ttf) normal normal bold normal>) = 10.335
DEBUG:matplotlib.font_manager:findfont: score(<Font 'KacstFarsi' (KacstFarsi.ttf) normal normal 400 normal>) = 10.05
DEBUG:matplotlib.font_manager:findfont: score(<Font 'Loma' (Loma.ttf) normal normal 400 normal>) = 10.05
DEBUG:matplotlib.font_manager:findfont: score(<Font 'Gargi' (Gargi.ttf) normal normal 400 normal>) = 10.05
DEBUG:matplotlib.font_manager:findfont: score(<Font 'DejaVu Serif' (DejaVuSerifCondensed-Italic.ttf) italic normal 400 condensed>) = 11.25
DEBUG:matplotlib.font_manager:findfont: score(<Font 'FreeMono' (FreeMonoBoldOblique.ttf) oblique normal bold normal>) = 11.335
DEBUG:matplotlib.font_manager:findfont: score(<Font 'DejaVu Serif' (DejaVuSerifCondensed-BoldItalic.ttf) italic normal bold condensed>) = 11.535
DEBUG:matplotlib.font_manager:findfont: score(<Font 'Sawasdee' (Sawasdee-BoldOblique.ttf) oblique normal bold normal>) = 11.335
DEBUG:matplotlib.font_manager:findfont: score(<Font 'Waree' (Waree-BoldOblique.ttf) oblique normal bold normal>) = 11.335
DEBUG:matplotlib.font_manager:findfont: score(<Font 'Tlwg Mono' (TlwgMono-Bold.ttf) normal normal bold normal>) = 10.335
DEBUG:matplotlib.font_manager:findfont: score(<Font 'Liberation Sans Narrow' (LiberationSansNarrow-Bold.ttf) normal normal bold condensed>) = 10.535
DEBUG:matplotlib.font_manager:findfont: score(<Font 'Sawasdee' (Sawasdee.ttf) normal normal 400 normal>) = 10.05
DEBUG:matplotlib.font_manager:findfont: score(<Font 'Liberation Mono' (LiberationMono-Italic.ttf) italic normal 400 normal>) = 11.05
DEBUG:matplotlib.font_manager:findfont: score(<Font 'DejaVu Sans' (DejaVuSans-ExtraLight.ttf) normal normal light normal>) = 0.24
DEBUG:matplotlib.font_manager:findfont: score(<Font 'FreeMono' (FreeMonoBold.ttf) normal normal bold normal>) = 10.335
DEBUG:matplotlib.font_manager:findfont: score(<Font 'Padauk' (Padauk-Bold.ttf) normal normal bold normal>) = 10.335
DEBUG:matplotlib.font_manager:findfont: score(<Font 'Phetsarath OT' (Phetsarath_OT.ttf) normal normal 400 normal>) = 10.05
DEBUG:matplotlib.font_manager:findfont: score(<Font 'Ubuntu' (Ubuntu-B.ttf) normal normal bold normal>) = 10.335
DEBUG:matplotlib.font_manager:findfont: score(<Font 'Garuda' (Garuda-Bold.ttf) normal normal bold normal>) = 10.335
DEBUG:matplotlib.font_manager:findfont: score(<Font 'Umpush' (Umpush-LightOblique.ttf) oblique normal light normal>) = 11.24
DEBUG:matplotlib.font_manager:findfont: score(<Font 'Padauk Book' (PadaukBook-Regular.ttf) normal normal book normal>) = 10.05
DEBUG:matplotlib.font_manager:findfont: score(<Font 'Saab' (Saab.ttf) normal normal 400 normal>) = 10.05
DEBUG:matplotlib.font_manager:findfont: score(<Font 'Mukti Narrow' (MuktiNarrowBold.ttf) normal normal 700 normal>) = 10.335
DEBUG:matplotlib.font_manager:findfont: score(<Font 'Tlwg Typist' (TlwgTypist-BoldOblique.ttf) oblique normal bold normal>) = 11.335
DEBUG:matplotlib.font_manager:findfont: score(<Font 'Liberation Sans Narrow' (LiberationSansNarrow-Italic.ttf) italic normal 400 condensed>) = 11.25
DEBUG:matplotlib.font_manager:findfont: score(<Font 'Waree' (Waree-Oblique.ttf) oblique normal 400 normal>) = 11.05
DEBUG:matplotlib.font_manager:findfont: score(<Font 'Navilu' (Navilu.ttf) normal normal 400 normal>) = 10.05
DEBUG:matplotlib.font_manager:findfont: score(<Font 'Garuda' (Garuda-Oblique.ttf) oblique normal 400 normal>) = 11.05
DEBUG:matplotlib.font_manager:findfont: score(<Font 'Ubuntu' (Ubuntu-R.ttf) normal normal 400 normal>) = 10.05
DEBUG:matplotlib.font_manager:findfont: score(<Font 'Sawasdee' (Sawasdee-Bold.ttf) normal normal bold normal>) = 10.335
DEBUG:matplotlib.font_manager:findfont: score(<Font 'KacstPoster' (KacstPoster.ttf) normal normal 400 normal>) = 10.05
DEBUG:matplotlib.font_manager:findfont: score(<Font 'KacstTitle' (KacstTitle.ttf) normal normal 400 normal>) = 10.05
DEBUG:matplotlib.font_manager:findfont: score(<Font 'FreeSans' (FreeSans.ttf) normal normal 400 normal>) = 10.05
DEBUG:matplotlib.font_manager:findfont: score(<Font 'ori1Uni' (utkal.ttf) normal normal medium normal>) = 10.145
DEBUG:matplotlib.font_manager:findfont: score(<Font 'Ubuntu Mono' (UbuntuMono-BI.ttf) italic normal bold normal>) = 11.335
DEBUG:matplotlib.font_manager:findfont: score(<Font 'Samanata' (samanata.ttf) normal normal 400 normal>) = 10.05
DEBUG:matplotlib.font_manager:findfont: score(<Font 'Chilanka' (Chilanka-Regular.ttf) normal normal regular normal>) = 10.05
DEBUG:matplotlib.font_manager:findfont: score(<Font 'Norasi' (Norasi-BoldItalic.ttf) italic normal bold normal>) = 11.335
DEBUG:matplotlib.font_manager:findfont: score(<Font 'Mukti Narrow' (MuktiNarrow.ttf) normal normal 400 normal>) = 10.05
DEBUG:matplotlib.font_manager:findfont: score(<Font 'Ani' (ani.ttf) normal normal 400 normal>) = 10.05
DEBUG:matplotlib.font_manager:findfont: score(<Font 'Noto Serif CJK JP' (NotoSerifCJK-Bold.ttc) normal normal bold normal>) = 10.335
DEBUG:matplotlib.font_manager:findfont: score(<Font 'Manjari' (Manjari-Regular.otf) normal normal regular normal>) = 10.05
DEBUG:matplotlib.font_manager:findfont: score(<Font 'Lohit Assamese' (Lohit-Assamese.ttf) normal normal 400 normal>) = 10.05
DEBUG:matplotlib.font_manager:findfont: score(<Font 'Kinnari' (Kinnari-BoldItalic.ttf) italic normal bold normal>) = 11.335
DEBUG:matplotlib.font_manager:findfont: score(<Font 'Gubbi' (Gubbi.ttf) normal normal 400 normal>) = 10.05
DEBUG:matplotlib.font_manager:findfont: score(<Font 'Ubuntu' (Ubuntu-M.ttf) normal normal medium normal>) = 10.145
DEBUG:matplotlib.font_manager:findfont: score(<Font 'Liberation Serif' (LiberationSerif-BoldItalic.ttf) italic normal bold normal>) = 11.335
DEBUG:matplotlib.font_manager:findfont: score(<Font 'Kinnari' (Kinnari-BoldOblique.ttf) oblique normal bold normal>) = 11.335
DEBUG:matplotlib.font_manager:findfont: score(<Font 'FreeSans' (FreeSansBold.ttf) normal normal bold normal>) = 10.335
DEBUG:matplotlib.font_manager:findfont: score(<Font 'Liberation Sans' (LiberationSans-Italic.ttf) italic normal 400 normal>) = 11.05
DEBUG:matplotlib.font_manager:findfont: score(<Font 'padmaa' (padmaa.ttf) normal normal 400 normal>) = 10.05
DEBUG:matplotlib.font_manager:findfont: score(<Font 'Rekha' (Rekha.ttf) normal normal 400 normal>) = 10.05
DEBUG:matplotlib.font_manager:findfont: score(<Font 'Lohit Gujarati' (Lohit-Gujarati.ttf) normal normal 400 normal>) = 10.05
DEBUG:matplotlib.font_manager:findfont: score(<Font 'Umpush' (Umpush-Bold.ttf) normal normal bold normal>) = 10.335
DEBUG:matplotlib.font_manager:findfont: score(<Font 'DejaVu Serif' (DejaVuSerifCondensed-Bold.ttf) normal normal bold condensed>) = 10.535
DEBUG:matplotlib.font_manager:findfont: score(<Font 'Norasi' (Norasi-Bold.ttf) normal normal bold normal>) = 10.335
DEBUG:matplotlib.font_manager:findfont: score(<Font 'Norasi' (Norasi-Italic.ttf) italic normal 400 normal>) = 11.05
DEBUG:matplotlib.font_manager:findfont: score(<Font 'FreeSerif' (FreeSerifBold.ttf) normal normal bold normal>) = 10.335
DEBUG:matplotlib.font_manager:findfont: score(<Font 'Tlwg Typist' (TlwgTypist-Oblique.ttf) oblique normal 400 normal>) = 11.05
DEBUG:matplotlib.font_manager:findfont: score(<Font 'Tlwg Mono' (TlwgMono-BoldOblique.ttf) oblique normal bold normal>) = 11.335
DEBUG:matplotlib.font_manager:findfont: score(<Font 'Pothana2000' (Pothana2000.ttf) normal normal 400 normal>) = 10.05
DEBUG:matplotlib.font_manager:findfont: score(<Font 'Rachana' (Rachana-Regular.ttf) normal normal regular normal>) = 10.05
DEBUG:matplotlib.font_manager:findfont: score(<Font 'Ubuntu' (Ubuntu-MI.ttf) italic normal medium normal>) = 11.145
DEBUG:matplotlib.font_manager:findfont: score(<Font 'Sarai' (Sarai.ttf) normal normal 400 normal>) = 10.05
DEBUG:matplotlib.font_manager:findfont: score(<Font 'KacstQurn' (KacstQurn.ttf) normal normal 400 normal>) = 10.05
DEBUG:matplotlib.font_manager:findfont: score(<Font 'Tlwg Mono' (TlwgMono.ttf) normal normal 400 normal>) = 10.05
DEBUG:matplotlib.font_manager:findfont: score(<Font 'Lohit Gurmukhi' (Lohit-Gurmukhi.ttf) normal normal 400 normal>) = 10.05
DEBUG:matplotlib.font_manager:findfont: score(<Font 'Tlwg Typewriter' (TlwgTypewriter-BoldOblique.ttf) oblique normal bold normal>) = 11.335
DEBUG:matplotlib.font_manager:findfont: score(<Font 'Umpush' (Umpush-BoldOblique.ttf) oblique normal bold normal>) = 11.335
DEBUG:matplotlib.font_manager:findfont: score(<Font 'KacstBook' (KacstBook.ttf) normal normal book normal>) = 10.05
DEBUG:matplotlib.font_manager:findfont: score(<Font 'Pagul' (Pagul.ttf) normal normal 400 normal>) = 10.05
DEBUG:matplotlib.font_manager:findfont: score(<Font 'FreeSerif' (FreeSerifBoldItalic.ttf) italic normal bold normal>) = 11.335
DEBUG:matplotlib.font_manager:findfont: score(<Font 'Lohit Kannada' (Lohit-Kannada.ttf) normal normal 400 normal>) = 10.05
DEBUG:matplotlib.font_manager:findfont: Matching :family=sans-serif:style=normal:variant=normal:weight=normal:stretch=normal:size=12.0 to DejaVu Sans ('/home/ram/.local/lib/python3.6/site-packages/matplotlib/mpl-data/fonts/ttf/DejaVuSans.ttf') with score of 0.050000.
DEBUG:roipoly.roipoly:Received single left mouse button click
DEBUG:roipoly.roipoly:draw line x: [31.410465053618566, 41.91862908875356] y: [545.3748720159508, 402.30217707603595]
DEBUG:roipoly.roipoly:draw line x: [31.410465053618566, 45.15191033033352] y: [545.3748720159508, 154.14784178477123]
DEBUG:roipoly.roipoly:draw line x: [31.410465053618566, 24.94390257045859] y: [545.3748720159508, 104.84030285067627]
DEBUG:roipoly.roipoly:draw line x: [31.410465053618566, 22.518941639273578] y: [545.3748720159508, 101.60702160909625]
DEBUG:roipoly.roipoly:draw line x: [31.410465053618566, 15.244058845718598] y: [545.3748720159508, 91.90717788435632]
DEBUG:roipoly.roipoly:Received single left mouse button click
DEBUG:roipoly.roipoly:draw line x: [31.410465053618566, 15.244058845718598] y: [545.3748720159508, 91.90717788435632]
DEBUG:roipoly.roipoly:draw line x: [15.244058845718598, 300.58112841515333] y: [91.90717788435632, 73.31581074527128]
DEBUG:roipoly.roipoly:draw line x: [15.244058845718598, 319.9808158646333] y: [91.90717788435632, 71.69917012448127]
DEBUG:roipoly.roipoly:draw line x: [15.244058845718598, 502.6612060139031] y: [91.90717788435632, 51.49116236460634]
DEBUG:roipoly.roipoly:draw line x: [15.244058845718598, 510.744409117853] y: [91.90717788435632, 49.87452174381633]
DEBUG:roipoly.roipoly:draw line x: [15.244058845718598, 537.4189793608881] y: [91.90717788435632, 38.558037398286274]
DEBUG:roipoly.roipoly:draw line x: [15.244058845718598, 538.227299671283] y: [91.90717788435632, 37.74971708789133]
DEBUG:roipoly.roipoly:Received single left mouse button click
DEBUG:roipoly.roipoly:draw line x: [15.244058845718598, 538.227299671283] y: [91.90717788435632, 37.74971708789133]
DEBUG:roipoly.roipoly:draw line x: [538.227299671283, 538.227299671283] y: [37.74971708789133, 38.558037398286274]
DEBUG:roipoly.roipoly:draw line x: [538.227299671283, 545.502182464838] y: [37.74971708789133, 368.352724039446]
DEBUG:roipoly.roipoly:draw line x: [538.227299671283, 565.710190224713] y: [37.74971708789133, 454.03467694131587]
DEBUG:roipoly.roipoly:draw line x: [538.227299671283, 585.1098776741931] y: [37.74971708789133, 538.0999892223958]
DEBUG:roipoly.roipoly:draw line x: [538.227299671283, 586.726518294983] y: [37.74971708789133, 541.3332704639759]
DEBUG:roipoly.roipoly:draw line x: [538.227299671283, 587.5348386053779] y: [37.74971708789133, 540.5249501535808]
DEBUG:roipoly.roipoly:Received single left mouse button click
DEBUG:roipoly.roipoly:draw line x: [538.227299671283, 587.5348386053779] y: [37.74971708789133, 540.5249501535808]
DEBUG:roipoly.roipoly:draw line x: [587.5348386053779, 587.5348386053779] y: [540.5249501535808, 540.5249501535808]
DEBUG:roipoly.roipoly:draw line x: [587.5348386053779, 550.352104327208] y: [540.5249501535808, 542.9499110847657]
DEBUG:roipoly.roipoly:draw line x: [587.5348386053779, 547.927143396023] y: [540.5249501535808, 587.4075281564908]
DEBUG:roipoly.roipoly:draw line x: [587.5348386053779, 579.451635501428] y: [540.5249501535808, 589.0241687772808]
DEBUG:roipoly.roipoly:draw line x: [587.5348386053779, 581.0682761222181] y: [540.5249501535808, 588.2158484668857]
DEBUG:roipoly.roipoly:draw line x: [587.5348386053779, 585.918197984588] y: [540.5249501535808, 587.4075281564908]
DEBUG:roipoly.roipoly:draw line x: [587.5348386053779, 586.726518294983] y: [540.5249501535808, 587.4075281564908]
DEBUG:roipoly.roipoly:draw line x: [587.5348386053779, 587.5348386053779] y: [540.5249501535808, 587.4075281564908]
DEBUG:roipoly.roipoly:Received single left mouse button click
DEBUG:roipoly.roipoly:draw line x: [587.5348386053779, 587.5348386053779] y: [540.5249501535808, 587.4075281564908]
DEBUG:roipoly.roipoly:draw line x: [587.5348386053779, 535.8023387400981] y: [587.4075281564908, 592.2574500188607]
DEBUG:roipoly.roipoly:draw line x: [587.5348386053779, 530.9524168777281] y: [587.4075281564908, 594.6824109500458]
DEBUG:roipoly.roipoly:draw line x: [587.5348386053779, 525.2941747049631] y: [587.4075281564908, 593.8740906396507]
DEBUG:roipoly.roipoly:Received single left mouse button click
DEBUG:roipoly.roipoly:draw line x: [587.5348386053779, 525.2941747049631] y: [587.4075281564908, 593.8740906396507]
DEBUG:roipoly.roipoly:draw line x: [525.2941747049631, 526.102495015358] y: [593.8740906396507, 588.2158484668857]
DEBUG:roipoly.roipoly:draw line x: [525.2941747049631, 526.102495015358] y: [593.8740906396507, 534.8667079808158]
DEBUG:roipoly.roipoly:draw line x: [525.2941747049631, 513.977690359433] y: [593.8740906396507, 535.6750282912108]
DEBUG:roipoly.roipoly:Received single left mouse button click
DEBUG:roipoly.roipoly:draw line x: [525.2941747049631, 513.977690359433] y: [593.8740906396507, 535.6750282912108]
DEBUG:roipoly.roipoly:draw line x: [513.977690359433, 513.1693700490381] y: [535.6750282912108, 536.4833486016058]
DEBUG:roipoly.roipoly:draw line x: [513.977690359433, 513.1693700490381] y: [535.6750282912108, 536.4833486016058]
DEBUG:roipoly.roipoly:draw line x: [513.977690359433, 492.1530419787681] y: [535.6750282912108, 534.0583876704209]
DEBUG:roipoly.roipoly:draw line x: [513.977690359433, 393.5379641105782] y: [535.6750282912108, 527.5918251872608]
DEBUG:roipoly.roipoly:draw line x: [513.977690359433, 334.5305814517433] y: [535.6750282912108, 530.8251064288409]
DEBUG:roipoly.roipoly:draw line x: [513.977690359433, 290.07296438001833] y: [535.6750282912108, 532.4417470496307]
DEBUG:roipoly.roipoly:draw line x: [513.977690359433, 268.2483159993533] y: [535.6750282912108, 534.8667079808158]
DEBUG:roipoly.roipoly:draw line x: [513.977690359433, 265.8233550681683] y: [535.6750282912108, 534.8667079808158]
DEBUG:roipoly.roipoly:draw line x: [513.977690359433, 264.2067144473783] y: [535.6750282912108, 533.2500673600258]
DEBUG:roipoly.roipoly:draw line x: [513.977690359433, 263.39839413698337] y: [535.6750282912108, 532.4417470496307]
DEBUG:roipoly.roipoly:Received single left mouse button click
DEBUG:roipoly.roipoly:draw line x: [513.977690359433, 263.39839413698337] y: [535.6750282912108, 532.4417470496307]
DEBUG:roipoly.roipoly:draw line x: [263.39839413698337, 263.39839413698337] y: [532.4417470496307, 535.6750282912108]
DEBUG:roipoly.roipoly:draw line x: [263.39839413698337, 258.54847227461335] y: [532.4417470496307, 580.9409656733308]
DEBUG:roipoly.roipoly:draw line x: [263.39839413698337, 259.3567925850083] y: [532.4417470496307, 586.5992078460957]
DEBUG:roipoly.roipoly:draw line x: [263.39839413698337, 260.16511289540335] y: [532.4417470496307, 587.4075281564908]
DEBUG:roipoly.roipoly:draw line x: [263.39839413698337, 260.9734332057983] y: [532.4417470496307, 588.2158484668857]
DEBUG:roipoly.roipoly:Received single left mouse button click
DEBUG:roipoly.roipoly:draw line x: [263.39839413698337, 260.9734332057983] y: [532.4417470496307, 588.2158484668857]
DEBUG:roipoly.roipoly:draw line x: [260.9734332057983, 260.9734332057983] y: [588.2158484668857, 587.4075281564908]
DEBUG:roipoly.roipoly:draw line x: [260.9734332057983, 163.16667564800343] y: [588.2158484668857, 589.0241687772808]
DEBUG:roipoly.roipoly:draw line x: [260.9734332057983, 85.5679258500835] y: [588.2158484668857, 589.8324890876758]
DEBUG:roipoly.roipoly:draw line x: [260.9734332057983, 50.001832192703546] y: [588.2158484668857, 584.9825672253057]
DEBUG:roipoly.roipoly:draw line x: [260.9734332057983, 38.685347847173546] y: [588.2158484668857, 584.9825672253057]
DEBUG:roipoly.roipoly:draw line x: [260.9734332057983, 34.64374629519858] y: [588.2158484668857, 584.9825672253057]
DEBUG:roipoly.roipoly:draw line x: [260.9734332057983, 33.83542598480358] y: [588.2158484668857, 584.9825672253057]
DEBUG:roipoly.roipoly:Received single left mouse button click
DEBUG:roipoly.roipoly:draw line x: [260.9734332057983, 33.83542598480358] y: [588.2158484668857, 584.9825672253057]
DEBUG:roipoly.roipoly:draw line x: [33.83542598480358, 33.83542598480358] y: [584.9825672253057, 585.7908875357008]
DEBUG:roipoly.roipoly:draw line x: [33.83542598480358, 38.685347847173546] y: [584.9825672253057, 553.4580751199007]
DEBUG:roipoly.roipoly:draw line x: [33.83542598480358, 39.49366815756855] y: [584.9825672253057, 546.9915126367408]
DEBUG:roipoly.roipoly:draw line x: [33.83542598480358, 27.368863501643546] y: [584.9825672253057, 552.6497548095058]
DEBUG:roipoly.roipoly:draw line x: [33.83542598480358, 26.56054319124854] y: [584.9825672253057, 553.4580751199007]
DEBUG:roipoly.roipoly:Received single right mouse button click or double left click
DEBUG:roipoly.roipoly:Stop ROI drawing
INFO:root:13_18_14_15_01_2021: Change detected
INFO:root:13_18_14_15_01_2021: Change detected
INFO:root:13_18_14_15_01_2021: Change detected
INFO:root:13_18_14_15_01_2021: Change detected
INFO:root:13_18_14_15_01_2021: Change detected
INFO:root:13_18_15_15_01_2021: Change detected
INFO:root:13_18_15_15_01_2021: Change detected
INFO:root:13_18_15_15_01_2021: Change detected
INFO:root:13_18_15_15_01_2021: Change detected
INFO:root:13_18_15_15_01_2021: Change detected
INFO:root:13_18_15_15_01_2021: Change detected
INFO:root:13_18_15_15_01_2021: Change detected
INFO:root:13_18_15_15_01_2021: Change detected
INFO:root:13_18_15_15_01_2021: Change detected
INFO:root:13_18_15_15_01_2021: Change detected
INFO:root:13_18_15_15_01_2021: Change detected
INFO:root:13_18_16_15_01_2021: Change detected
INFO:root:13_18_16_15_01_2021: Change detected
INFO:root:13_18_16_15_01_2021: Change detected
INFO:root:13_18_16_15_01_2021: Change detected
INFO:root:13_18_16_15_01_2021: Change detected
INFO:root:13_18_16_15_01_2021: Change detected
INFO:root:13_18_16_15_01_2021: Change detected
INFO:root:13_18_16_15_01_2021: Change detected
INFO:root:13_18_16_15_01_2021: Change detected
INFO:root:13_18_16_15_01_2021: Change detected
INFO:root:13_18_16_15_01_2021: Change detected
INFO:root:13_18_17_15_01_2021: Change detected
INFO:root:13_18_17_15_01_2021: Change detected
INFO:root:13_18_17_15_01_2021: Change detected
INFO:root:13_18_17_15_01_2021: Change detected
INFO:root:13_18_17_15_01_2021: Change detected
INFO:root:13_18_17_15_01_2021: Change detected
INFO:root:13_18_17_15_01_2021: Change detected
INFO:root:13_18_17_15_01_2021: Change detected
INFO:root:13_18_17_15_01_2021: Change detected
INFO:root:13_18_17_15_01_2021: Change detected
INFO:root:13_18_17_15_01_2021: Change detected
INFO:root:13_18_18_15_01_2021: Change detected
INFO:root:13_18_18_15_01_2021: Change detected
INFO:root:13_18_18_15_01_2021: Change detected
INFO:root:13_18_18_15_01_2021: Change detected
INFO:root:13_18_18_15_01_2021: Change detected
INFO:root:13_18_18_15_01_2021: Change detected
INFO:root:13_18_55_15_01_2021: Change detected
INFO:root:13_18_55_15_01_2021: Change detected
INFO:root:13_18_55_15_01_2021: Change detected
INFO:root:13_18_55_15_01_2021: Change detected
INFO:root:13_18_55_15_01_2021: Change detected
INFO:root:13_18_55_15_01_2021: Change detected
INFO:root:13_18_55_15_01_2021: Change detected
INFO:root:13_18_55_15_01_2021: Change detected
INFO:root:13_18_55_15_01_2021: Change detected
INFO:root:13_18_55_15_01_2021: Change detected
INFO:root:13_18_55_15_01_2021: Change detected
INFO:root:13_18_56_15_01_2021: Change detected
INFO:root:13_18_56_15_01_2021: Change detected
INFO:root:13_18_56_15_01_2021: Change detected
INFO:root:13_18_56_15_01_2021: Change detected
INFO:root:13_18_56_15_01_2021: Change detected
INFO:root:13_18_56_15_01_2021: Change detected
INFO:root:13_18_56_15_01_2021: Change detected
INFO:root:13_18_56_15_01_2021: Change detected
INFO:root:13_18_56_15_01_2021: Change detected
INFO:root:13_18_56_15_01_2021: Change detected
INFO:root:13_18_56_15_01_2021: Change detected
INFO:root:13_18_57_15_01_2021: Change detected
INFO:root:13_18_57_15_01_2021: Change detected
INFO:root:13_18_57_15_01_2021: Change detected
INFO:root:13_18_57_15_01_2021: Change detected
INFO:root:13_18_57_15_01_2021: Change detected
INFO:root:13_18_57_15_01_2021: Change detected
INFO:root:13_18_57_15_01_2021: Change detected
INFO:root:13_18_57_15_01_2021: Change detected
INFO:root:13_18_57_15_01_2021: Change detected
INFO:root:13_18_57_15_01_2021: Change detected
INFO:root:13_18_57_15_01_2021: Change detected
INFO:root:13_18_58_15_01_2021: Change detected
