INFO:root:Scene Object change detection Job Started...
DEBUG:root:Monitering started...
DEBUG:matplotlib.font_manager:findfont: Matching :family=sans-serif:style=normal:variant=normal:weight=normal:stretch=normal:size=10.0.
DEBUG:matplotlib.font_manager:findfont: score(<Font 'STIXSizeThreeSym' (STIXSizThreeSymBol.ttf) normal normal bold normal>) = 10.335
DEBUG:matplotlib.font_manager:findfont: score(<Font 'DejaVu Sans Mono' (DejaVuSansMono.ttf) normal normal 400 normal>) = 10.05
DEBUG:matplotlib.font_manager:findfont: score(<Font 'DejaVu Serif' (DejaVuSerif.ttf) normal normal 400 normal>) = 10.05
DEBUG:matplotlib.font_manager:findfont: score(<Font 'DejaVu Sans Mono' (DejaVuSansMono-Bold.ttf) normal normal bold normal>) = 10.335
DEBUG:matplotlib.font_manager:findfont: score(<Font 'cmtt10' (cmtt10.ttf) normal normal 400 normal>) = 10.05
DEBUG:matplotlib.font_manager:findfont: score(<Font 'STIXNonUnicode' (STIXNonUni.ttf) normal normal regular normal>) = 10.05
DEBUG:matplotlib.font_manager:findfont: score(<Font 'STIXSizeFourSym' (STIXSizFourSymBol.ttf) normal normal bold normal>) = 10.335
DEBUG:matplotlib.font_manager:findfont: score(<Font 'STIXNonUnicode' (STIXNonUniBolIta.ttf) italic normal bold normal>) = 11.335
DEBUG:matplotlib.font_manager:findfont: score(<Font 'DejaVu Sans' (DejaVuSans-BoldOblique.ttf) oblique normal bold normal>) = 1.335
DEBUG:matplotlib.font_manager:findfont: score(<Font 'STIXSizeOneSym' (STIXSizOneSymReg.ttf) normal normal regular normal>) = 10.05
DEBUG:matplotlib.font_manager:findfont: score(<Font 'cmr10' (cmr10.ttf) normal normal 400 normal>) = 10.05
DEBUG:matplotlib.font_manager:findfont: score(<Font 'cmss10' (cmss10.ttf) normal normal 400 normal>) = 10.05
DEBUG:matplotlib.font_manager:findfont: score(<Font 'STIXSizeOneSym' (STIXSizOneSymBol.ttf) normal normal bold normal>) = 10.335
DEBUG:matplotlib.font_manager:findfont: score(<Font 'cmb10' (cmb10.ttf) normal normal 400 normal>) = 10.05
DEBUG:matplotlib.font_manager:findfont: score(<Font 'DejaVu Serif' (DejaVuSerif-Italic.ttf) italic normal 400 normal>) = 11.05
DEBUG:matplotlib.font_manager:findfont: score(<Font 'DejaVu Sans Mono' (DejaVuSansMono-BoldOblique.ttf) oblique normal bold normal>) = 11.335
DEBUG:matplotlib.font_manager:findfont: score(<Font 'DejaVu Serif Display' (DejaVuSerifDisplay.ttf) normal normal 400 normal>) = 10.05
DEBUG:matplotlib.font_manager:findfont: score(<Font 'DejaVu Sans Display' (DejaVuSansDisplay.ttf) normal normal 400 normal>) = 10.05
DEBUG:matplotlib.font_manager:findfont: score(<Font 'cmex10' (cmex10.ttf) normal normal 400 normal>) = 10.05
DEBUG:matplotlib.font_manager:findfont: score(<Font 'STIXNonUnicode' (STIXNonUniBol.ttf) normal normal bold normal>) = 10.335
DEBUG:matplotlib.font_manager:findfont: score(<Font 'cmsy10' (cmsy10.ttf) normal normal 400 normal>) = 10.05
DEBUG:matplotlib.font_manager:findfont: score(<Font 'DejaVu Sans' (DejaVuSans-Bold.ttf) normal normal bold normal>) = 0.33499999999999996
DEBUG:matplotlib.font_manager:findfont: score(<Font 'STIXSizeTwoSym' (STIXSizTwoSymBol.ttf) normal normal bold normal>) = 10.335
DEBUG:matplotlib.font_manager:findfont: score(<Font 'DejaVu Sans' (DejaVuSans.ttf) normal normal 400 normal>) = 0.05
DEBUG:matplotlib.font_manager:findfont: score(<Font 'STIXGeneral' (STIXGeneral.ttf) normal normal regular normal>) = 10.05
DEBUG:matplotlib.font_manager:findfont: score(<Font 'STIXSizeFiveSym' (STIXSizFiveSymReg.ttf) normal normal regular normal>) = 10.05
DEBUG:matplotlib.font_manager:findfont: score(<Font 'STIXSizeThreeSym' (STIXSizThreeSymReg.ttf) normal normal regular normal>) = 10.05
DEBUG:matplotlib.font_manager:findfont: score(<Font 'cmmi10' (cmmi10.ttf) normal normal 400 normal>) = 10.05
DEBUG:matplotlib.font_manager:findfont: score(<Font 'STIXGeneral' (STIXGeneralBolIta.ttf) italic normal bold normal>) = 11.335
DEBUG:matplotlib.font_manager:findfont: score(<Font 'DejaVu Sans' (DejaVuSans-Oblique.ttf) oblique normal 400 normal>) = 1.05
DEBUG:matplotlib.font_manager:findfont: score(<Font 'STIXGeneral' (STIXGeneralBol.ttf) normal normal bold normal>) = 10.335
DEBUG:matplotlib.font_manager:findfont: score(<Font 'DejaVu Sans Mono' (DejaVuSansMono-Oblique.ttf) oblique normal 400 normal>) = 11.05
DEBUG:matplotlib.font_manager:findfont: score(<Font 'DejaVu Serif' (DejaVuSerif-Bold.ttf) normal normal bold normal>) = 10.335
DEBUG:matplotlib.font_manager:findfont: score(<Font 'DejaVu Serif' (DejaVuSerif-BoldItalic.ttf) italic normal bold normal>) = 11.335
DEBUG:matplotlib.font_manager:findfont: score(<Font 'STIXNonUnicode' (STIXNonUniIta.ttf) italic normal 400 normal>) = 11.05
DEBUG:matplotlib.font_manager:findfont: score(<Font 'STIXGeneral' (STIXGeneralItalic.ttf) italic normal 400 normal>) = 11.05
DEBUG:matplotlib.font_manager:findfont: score(<Font 'STIXSizeFourSym' (STIXSizFourSymReg.ttf) normal normal regular normal>) = 10.05
DEBUG:matplotlib.font_manager:findfont: score(<Font 'STIXSizeTwoSym' (STIXSizTwoSymReg.ttf) normal normal regular normal>) = 10.05
DEBUG:matplotlib.font_manager:findfont: score(<Font 'Liberation Sans' (LiberationSans-Regular.ttf) normal normal 400 normal>) = 10.05
DEBUG:matplotlib.font_manager:findfont: score(<Font 'Tlwg Typo' (TlwgTypo-BoldOblique.ttf) oblique normal bold normal>) = 11.335
DEBUG:matplotlib.font_manager:findfont: score(<Font 'Liberation Serif' (LiberationSerif-Regular.ttf) normal normal 400 normal>) = 10.05
DEBUG:matplotlib.font_manager:findfont: score(<Font 'Norasi' (Norasi-Oblique.ttf) oblique normal 400 normal>) = 11.05
DEBUG:matplotlib.font_manager:findfont: score(<Font 'Ubuntu' (Ubuntu-RI.ttf) italic normal 400 normal>) = 11.05
DEBUG:matplotlib.font_manager:findfont: score(<Font 'Liberation Mono' (LiberationMono-Bold.ttf) normal normal bold normal>) = 10.335
DEBUG:matplotlib.font_manager:findfont: score(<Font 'Loma' (Loma-Bold.ttf) normal normal bold normal>) = 10.335
DEBUG:matplotlib.font_manager:findfont: score(<Font 'Noto Serif CJK JP' (NotoSerifCJK-Regular.ttc) normal normal 400 normal>) = 10.05
DEBUG:matplotlib.font_manager:findfont: score(<Font 'Waree' (Waree-Bold.ttf) normal normal bold normal>) = 10.335
DEBUG:matplotlib.font_manager:findfont: score(<Font 'Lohit Malayalam' (Lohit-Malayalam.ttf) normal normal 400 normal>) = 10.05
DEBUG:matplotlib.font_manager:findfont: score(<Font 'FreeSerif' (FreeSerifItalic.ttf) italic normal 400 normal>) = 11.05
DEBUG:matplotlib.font_manager:findfont: score(<Font 'Ubuntu Mono' (UbuntuMono-RI.ttf) italic normal 400 normal>) = 11.05
DEBUG:matplotlib.font_manager:findfont: score(<Font 'Meera' (Meera.ttf) normal normal 400 normal>) = 10.05
DEBUG:matplotlib.font_manager:findfont: score(<Font 'Lohit Tamil Classical' (Lohit-Tamil-Classical.ttf) normal normal 400 normal>) = 10.05
DEBUG:matplotlib.font_manager:findfont: score(<Font 'Tlwg Typewriter' (TlwgTypewriter.ttf) normal normal 400 normal>) = 10.05
DEBUG:matplotlib.font_manager:findfont: score(<Font 'Tlwg Typo' (TlwgTypo-Oblique.ttf) oblique normal 400 normal>) = 11.05
DEBUG:matplotlib.font_manager:findfont: score(<Font 'DejaVu Sans' (DejaVuSansCondensed-Bold.ttf) normal normal bold condensed>) = 0.5349999999999999
DEBUG:matplotlib.font_manager:findfont: score(<Font 'Dyuthi' (Dyuthi.ttf) normal normal 400 normal>) = 10.05
DEBUG:matplotlib.font_manager:findfont: score(<Font 'KacstOne' (KacstOne.ttf) normal normal 400 normal>) = 10.05
DEBUG:matplotlib.font_manager:findfont: score(<Font 'Suruma' (Suruma.ttf) normal normal 400 normal>) = 10.05
DEBUG:matplotlib.font_manager:findfont: score(<Font 'Liberation Serif' (LiberationSerif-Bold.ttf) normal normal bold normal>) = 10.335
DEBUG:matplotlib.font_manager:findfont: score(<Font 'Kalapi' (Kalapi.ttf) normal normal 400 normal>) = 10.05
DEBUG:matplotlib.font_manager:findfont: score(<Font 'Tlwg Typewriter' (TlwgTypewriter-Bold.ttf) normal normal bold normal>) = 10.335
DEBUG:matplotlib.font_manager:findfont: score(<Font 'Loma' (Loma-Oblique.ttf) oblique normal 400 normal>) = 11.05
DEBUG:matplotlib.font_manager:findfont: score(<Font 'Kinnari' (Kinnari-Bold.ttf) normal normal bold normal>) = 10.335
DEBUG:matplotlib.font_manager:findfont: score(<Font 'Sahadeva' (sahadeva.ttf) normal normal 400 normal>) = 10.05
DEBUG:matplotlib.font_manager:findfont: score(<Font 'LKLUG' (lklug.ttf) normal normal 400 normal>) = 10.05
DEBUG:matplotlib.font_manager:findfont: score(<Font 'Liberation Serif' (LiberationSerif-Italic.ttf) italic normal 400 normal>) = 11.05
DEBUG:matplotlib.font_manager:findfont: score(<Font 'Tlwg Typist' (TlwgTypist.ttf) normal normal 400 normal>) = 10.05
DEBUG:matplotlib.font_manager:findfont: score(<Font 'Mitra Mono' (mitra.ttf) normal normal 400 normal>) = 10.05
DEBUG:matplotlib.font_manager:findfont: score(<Font 'Lohit Bengali' (Lohit-Bengali.ttf) normal normal 400 normal>) = 10.05
DEBUG:matplotlib.font_manager:findfont: score(<Font 'Jamrul' (JamrulNormal.ttf) normal normal 400 normal>) = 10.05
DEBUG:matplotlib.font_manager:findfont: score(<Font 'DejaVu Sans' (DejaVuSansCondensed.ttf) normal normal 400 condensed>) = 0.25
DEBUG:matplotlib.font_manager:findfont: score(<Font 'Padauk Book' (PadaukBook-Bold.ttf) normal normal book normal>) = 10.05
DEBUG:matplotlib.font_manager:findfont: score(<Font 'KacstScreen' (KacstScreen.ttf) normal normal 400 normal>) = 10.05
DEBUG:matplotlib.font_manager:findfont: score(<Font 'Samyak Gujarati' (Samyak-Gujarati.ttf) normal normal 400 normal>) = 10.05
DEBUG:matplotlib.font_manager:findfont: score(<Font 'Ubuntu' (Ubuntu-LI.ttf) italic normal light normal>) = 11.24
DEBUG:matplotlib.font_manager:findfont: score(<Font 'Norasi' (Norasi-BoldOblique.ttf) oblique normal bold normal>) = 11.335
DEBUG:matplotlib.font_manager:findfont: score(<Font 'Laksaman' (Laksaman-Italic.ttf) italic normal 400 normal>) = 11.05
DEBUG:matplotlib.font_manager:findfont: score(<Font 'Ubuntu Condensed' (Ubuntu-C.ttf) normal normal 400 condensed>) = 10.25
DEBUG:matplotlib.font_manager:findfont: score(<Font 'Karumbi' (Karumbi.ttf) normal normal 400 normal>) = 10.05
DEBUG:matplotlib.font_manager:findfont: score(<Font 'Kinnari' (Kinnari-Italic.ttf) italic normal 400 normal>) = 11.05
DEBUG:matplotlib.font_manager:findfont: score(<Font 'Ubuntu' (Ubuntu-BI.ttf) italic normal bold normal>) = 11.335
DEBUG:matplotlib.font_manager:findfont: score(<Font 'Loma' (Loma-BoldOblique.ttf) oblique normal bold normal>) = 11.335
DEBUG:matplotlib.font_manager:findfont: score(<Font 'Laksaman' (Laksaman.ttf) normal normal 400 normal>) = 10.05
DEBUG:matplotlib.font_manager:findfont: score(<Font 'Laksaman' (Laksaman-BoldItalic.ttf) italic normal bold normal>) = 11.335
DEBUG:matplotlib.font_manager:findfont: score(<Font 'Likhan' (LikhanNormal.ttf) normal normal 400 normal>) = 10.05
DEBUG:matplotlib.font_manager:findfont: score(<Font 'Lohit Telugu' (Lohit-Telugu.ttf) normal normal 400 normal>) = 10.05
DEBUG:matplotlib.font_manager:findfont: score(<Font 'Liberation Sans Narrow' (LiberationSansNarrow-BoldItalic.ttf) italic normal bold condensed>) = 11.535
DEBUG:matplotlib.font_manager:findfont: score(<Font 'FreeMono' (FreeMono.ttf) normal normal 400 normal>) = 10.05
DEBUG:matplotlib.font_manager:findfont: score(<Font 'padmaa' (padmaa-Medium-0.5.ttf) normal normal normal normal>) = 10.0
DEBUG:matplotlib.font_manager:findfont: score(<Font 'Sawasdee' (Sawasdee-Oblique.ttf) oblique normal 400 normal>) = 11.05
DEBUG:matplotlib.font_manager:findfont: score(<Font 'Umpush' (Umpush-Light.ttf) normal normal light normal>) = 10.24
DEBUG:matplotlib.font_manager:findfont: score(<Font 'KacstOne' (KacstOne-Bold.ttf) normal normal bold normal>) = 10.335
DEBUG:matplotlib.font_manager:findfont: score(<Font 'Waree' (Waree.ttf) normal normal 400 normal>) = 10.05
DEBUG:matplotlib.font_manager:findfont: score(<Font 'Lohit Devanagari' (Lohit-Devanagari.ttf) normal normal 400 normal>) = 10.05
DEBUG:matplotlib.font_manager:findfont: score(<Font 'Tlwg Typewriter' (TlwgTypewriter-Oblique.ttf) oblique normal 400 normal>) = 11.05
DEBUG:matplotlib.font_manager:findfont: score(<Font 'Tlwg Typist' (TlwgTypist-Bold.ttf) normal normal bold normal>) = 10.335
DEBUG:matplotlib.font_manager:findfont: score(<Font 'Ubuntu Mono' (UbuntuMono-R.ttf) normal normal 400 normal>) = 10.05
DEBUG:matplotlib.font_manager:findfont: score(<Font 'Tibetan Machine Uni' (TibetanMachineUni.ttf) normal normal 400 normal>) = 10.05
DEBUG:matplotlib.font_manager:findfont: score(<Font 'Khmer OS System' (KhmerOSsys.ttf) normal normal 400 normal>) = 10.05
DEBUG:matplotlib.font_manager:findfont: score(<Font 'Droid Sans Fallback' (DroidSansFallbackFull.ttf) normal normal 400 normal>) = 10.05
DEBUG:matplotlib.font_manager:findfont: score(<Font 'Purisa' (Purisa.ttf) normal normal 400 normal>) = 10.05
DEBUG:matplotlib.font_manager:findfont: score(<Font 'Padauk' (Padauk-Regular.ttf) normal normal 400 normal>) = 10.05
DEBUG:matplotlib.font_manager:findfont: score(<Font 'Manjari' (Manjari-Bold.otf) normal normal bold normal>) = 10.335
DEBUG:matplotlib.font_manager:findfont: score(<Font 'KacstNaskh' (KacstNaskh.ttf) normal normal 400 normal>) = 10.05
DEBUG:matplotlib.font_manager:findfont: score(<Font 'Keraleeyam' (Keraleeyam.ttf) normal normal 700 normal>) = 10.335
DEBUG:matplotlib.font_manager:findfont: score(<Font 'Purisa' (Purisa-Bold.ttf) normal normal bold normal>) = 10.335
DEBUG:matplotlib.font_manager:findfont: score(<Font 'Norasi' (Norasi.ttf) normal normal 400 normal>) = 10.05
DEBUG:matplotlib.font_manager:findfont: score(<Font 'KacstPen' (KacstPen.ttf) normal normal 400 normal>) = 10.05
DEBUG:matplotlib.font_manager:findfont: score(<Font 'Kinnari' (Kinnari-Oblique.ttf) oblique normal 400 normal>) = 11.05
DEBUG:matplotlib.font_manager:findfont: score(<Font 'Garuda' (Garuda-BoldOblique.ttf) oblique normal bold normal>) = 11.335
DEBUG:matplotlib.font_manager:findfont: score(<Font 'Liberation Sans' (LiberationSans-BoldItalic.ttf) italic normal bold normal>) = 11.335
DEBUG:matplotlib.font_manager:findfont: score(<Font 'Tlwg Typo' (TlwgTypo.ttf) normal normal 400 normal>) = 10.05
DEBUG:matplotlib.font_manager:findfont: score(<Font 'FreeMono' (FreeMonoOblique.ttf) oblique normal 400 normal>) = 11.05
DEBUG:matplotlib.font_manager:findfont: score(<Font 'Tlwg Typo' (TlwgTypo-Bold.ttf) normal normal bold normal>) = 10.335
DEBUG:matplotlib.font_manager:findfont: score(<Font 'Noto Mono' (NotoMono-Regular.ttf) normal normal 400 normal>) = 10.05
DEBUG:matplotlib.font_manager:findfont: score(<Font 'FreeSans' (FreeSansBoldOblique.ttf) oblique normal bold normal>) = 11.335
DEBUG:matplotlib.font_manager:findfont: score(<Font 'Liberation Sans' (LiberationSans-Bold.ttf) normal normal bold normal>) = 10.335
DEBUG:matplotlib.font_manager:findfont: score(<Font 'Liberation Sans Narrow' (LiberationSansNarrow-Regular.ttf) normal normal 400 condensed>) = 10.25
DEBUG:matplotlib.font_manager:findfont: score(<Font 'RaghuMalayalam' (RaghuMalayalamSans-Regular.ttf) normal normal regular normal>) = 10.05
DEBUG:matplotlib.font_manager:findfont: score(<Font 'Kalimati' (kalimati.ttf) normal normal 400 normal>) = 10.05
DEBUG:matplotlib.font_manager:findfont: score(<Font 'Samyak Malayalam' (Samyak-Malayalam.ttf) normal normal 400 normal>) = 10.05
DEBUG:matplotlib.font_manager:findfont: score(<Font 'KacstDecorative' (KacstDecorative.ttf) normal normal 400 normal>) = 10.05
DEBUG:matplotlib.font_manager:findfont: score(<Font 'Abyssinica SIL' (AbyssinicaSIL-R.ttf) normal normal 400 normal>) = 10.05
DEBUG:matplotlib.font_manager:findfont: score(<Font 'AnjaliOldLipi' (AnjaliOldLipi.ttf) normal normal 400 normal>) = 10.05
DEBUG:matplotlib.font_manager:findfont: score(<Font 'Manjari' (Manjari-Thin.otf) normal normal 400 normal>) = 10.05
DEBUG:matplotlib.font_manager:findfont: score(<Font 'KacstArt' (KacstArt.ttf) normal normal 400 normal>) = 10.05
DEBUG:matplotlib.font_manager:findfont: score(<Font 'Purisa' (Purisa-Oblique.ttf) oblique normal 400 normal>) = 11.05
DEBUG:matplotlib.font_manager:findfont: score(<Font 'Lohit Odia' (Lohit-Odia.ttf) normal normal 400 normal>) = 10.05
DEBUG:matplotlib.font_manager:findfont: score(<Font 'KacstDigital' (KacstDigital.ttf) normal normal 400 normal>) = 10.05
DEBUG:matplotlib.font_manager:findfont: score(<Font 'Samyak Devanagari' (Samyak-Devanagari.ttf) normal normal 400 normal>) = 10.05
DEBUG:matplotlib.font_manager:findfont: score(<Font 'Umpush' (Umpush-Oblique.ttf) oblique normal 400 normal>) = 11.05
DEBUG:matplotlib.font_manager:findfont: score(<Font 'Lohit Tamil' (Lohit-Tamil.ttf) normal normal 400 normal>) = 10.05
DEBUG:matplotlib.font_manager:findfont: score(<Font 'Ubuntu' (Ubuntu-L.ttf) normal normal light normal>) = 10.24
DEBUG:matplotlib.font_manager:findfont: score(<Font 'Liberation Mono' (LiberationMono-Regular.ttf) normal normal 400 normal>) = 10.05
DEBUG:matplotlib.font_manager:findfont: score(<Font 'mry_KacstQurn' (mry_KacstQurn.ttf) normal normal 400 normal>) = 10.05
DEBUG:matplotlib.font_manager:findfont: score(<Font 'Liberation Mono' (LiberationMono-BoldItalic.ttf) italic normal bold normal>) = 11.335
DEBUG:matplotlib.font_manager:findfont: score(<Font 'Laksaman' (Laksaman-Bold.ttf) normal normal bold normal>) = 10.335
DEBUG:matplotlib.font_manager:findfont: score(<Font 'DejaVu Sans' (DejaVuSansCondensed-BoldOblique.ttf) oblique normal bold condensed>) = 1.535
DEBUG:matplotlib.font_manager:findfont: score(<Font 'Umpush' (Umpush.ttf) normal normal 400 normal>) = 10.05
DEBUG:matplotlib.font_manager:findfont: score(<Font 'Khmer OS' (KhmerOS.ttf) normal normal 400 normal>) = 10.05
DEBUG:matplotlib.font_manager:findfont: score(<Font 'Garuda' (Garuda.ttf) normal normal 400 normal>) = 10.05
DEBUG:matplotlib.font_manager:findfont: score(<Font 'DejaVu Sans' (DejaVuSansCondensed-Oblique.ttf) oblique normal 400 condensed>) = 1.25
DEBUG:matplotlib.font_manager:findfont: score(<Font 'FreeSans' (FreeSansOblique.ttf) oblique normal 400 normal>) = 11.05
DEBUG:matplotlib.font_manager:findfont: score(<Font 'FreeSerif' (FreeSerif.ttf) normal normal 400 normal>) = 10.05
DEBUG:matplotlib.font_manager:findfont: score(<Font 'Noto Sans CJK JP' (NotoSansCJK-Bold.ttc) normal normal bold normal>) = 10.335
DEBUG:matplotlib.font_manager:findfont: score(<Font 'Rachana' (Rachana-Bold.ttf) normal normal bold normal>) = 10.335
DEBUG:matplotlib.font_manager:findfont: score(<Font 'DejaVu Serif' (DejaVuSerifCondensed.ttf) normal normal 400 condensed>) = 10.25
DEBUG:matplotlib.font_manager:findfont: score(<Font 'padmaa-Bold.1.1' (padmaa-Bold.1.1.ttf) normal normal bold normal>) = 10.335
DEBUG:matplotlib.font_manager:findfont: score(<Font 'Uroob' (Uroob.ttf) normal normal 700 normal>) = 10.335
DEBUG:matplotlib.font_manager:findfont: score(<Font 'Purisa' (Purisa-BoldOblique.ttf) oblique normal bold normal>) = 11.335
DEBUG:matplotlib.font_manager:findfont: score(<Font 'Vemana2000' (vemana2000.ttf) normal normal 400 normal>) = 10.05
DEBUG:matplotlib.font_manager:findfont: score(<Font 'KacstLetter' (KacstLetter.ttf) normal normal 400 normal>) = 10.05
DEBUG:matplotlib.font_manager:findfont: score(<Font 'KacstOffice' (KacstOffice.ttf) normal normal 400 normal>) = 10.05
DEBUG:matplotlib.font_manager:findfont: score(<Font 'DejaVu Math TeX Gyre' (DejaVuMathTeXGyre.ttf) normal normal regular normal>) = 10.05
DEBUG:matplotlib.font_manager:findfont: score(<Font 'Chandas' (chandas1-2.ttf) normal normal 400 normal>) = 10.05
DEBUG:matplotlib.font_manager:findfont: score(<Font 'Samyak Tamil' (Samyak-Tamil.ttf) normal normal 400 normal>) = 10.05
DEBUG:matplotlib.font_manager:findfont: score(<Font 'aakar' (aakar-medium.ttf) normal normal 400 normal>) = 10.05
DEBUG:matplotlib.font_manager:findfont: score(<Font 'KacstTitleL' (KacstTitleL.ttf) normal normal 400 normal>) = 10.05
DEBUG:matplotlib.font_manager:findfont: score(<Font 'Nakula' (nakula.ttf) normal normal 400 normal>) = 10.05
DEBUG:matplotlib.font_manager:findfont: score(<Font 'Kinnari' (Kinnari.ttf) normal normal 400 normal>) = 10.05
DEBUG:matplotlib.font_manager:findfont: score(<Font 'Tlwg Mono' (TlwgMono-Oblique.ttf) oblique normal 400 normal>) = 11.05
DEBUG:matplotlib.font_manager:findfont: score(<Font 'OpenSymbol' (opens___.ttf) normal normal 400 normal>) = 10.05
DEBUG:matplotlib.font_manager:findfont: score(<Font 'Noto Sans CJK JP' (NotoSansCJK-Regular.ttc) normal normal 400 normal>) = 10.05
DEBUG:matplotlib.font_manager:findfont: score(<Font 'Ubuntu Mono' (UbuntuMono-B.ttf) normal normal bold normal>) = 10.335
DEBUG:matplotlib.font_manager:findfont: score(<Font 'KacstFarsi' (KacstFarsi.ttf) normal normal 400 normal>) = 10.05
DEBUG:matplotlib.font_manager:findfont: score(<Font 'Loma' (Loma.ttf) normal normal 400 normal>) = 10.05
DEBUG:matplotlib.font_manager:findfont: score(<Font 'Gargi' (Gargi.ttf) normal normal 400 normal>) = 10.05
DEBUG:matplotlib.font_manager:findfont: score(<Font 'DejaVu Serif' (DejaVuSerifCondensed-Italic.ttf) italic normal 400 condensed>) = 11.25
DEBUG:matplotlib.font_manager:findfont: score(<Font 'FreeMono' (FreeMonoBoldOblique.ttf) oblique normal bold normal>) = 11.335
DEBUG:matplotlib.font_manager:findfont: score(<Font 'DejaVu Serif' (DejaVuSerifCondensed-BoldItalic.ttf) italic normal bold condensed>) = 11.535
DEBUG:matplotlib.font_manager:findfont: score(<Font 'Sawasdee' (Sawasdee-BoldOblique.ttf) oblique normal bold normal>) = 11.335
DEBUG:matplotlib.font_manager:findfont: score(<Font 'Waree' (Waree-BoldOblique.ttf) oblique normal bold normal>) = 11.335
DEBUG:matplotlib.font_manager:findfont: score(<Font 'Tlwg Mono' (TlwgMono-Bold.ttf) normal normal bold normal>) = 10.335
DEBUG:matplotlib.font_manager:findfont: score(<Font 'Liberation Sans Narrow' (LiberationSansNarrow-Bold.ttf) normal normal bold condensed>) = 10.535
DEBUG:matplotlib.font_manager:findfont: score(<Font 'Sawasdee' (Sawasdee.ttf) normal normal 400 normal>) = 10.05
DEBUG:matplotlib.font_manager:findfont: score(<Font 'Liberation Mono' (LiberationMono-Italic.ttf) italic normal 400 normal>) = 11.05
DEBUG:matplotlib.font_manager:findfont: score(<Font 'DejaVu Sans' (DejaVuSans-ExtraLight.ttf) normal normal light normal>) = 0.24
DEBUG:matplotlib.font_manager:findfont: score(<Font 'FreeMono' (FreeMonoBold.ttf) normal normal bold normal>) = 10.335
DEBUG:matplotlib.font_manager:findfont: score(<Font 'Padauk' (Padauk-Bold.ttf) normal normal bold normal>) = 10.335
DEBUG:matplotlib.font_manager:findfont: score(<Font 'Phetsarath OT' (Phetsarath_OT.ttf) normal normal 400 normal>) = 10.05
DEBUG:matplotlib.font_manager:findfont: score(<Font 'Ubuntu' (Ubuntu-B.ttf) normal normal bold normal>) = 10.335
DEBUG:matplotlib.font_manager:findfont: score(<Font 'Garuda' (Garuda-Bold.ttf) normal normal bold normal>) = 10.335
DEBUG:matplotlib.font_manager:findfont: score(<Font 'Umpush' (Umpush-LightOblique.ttf) oblique normal light normal>) = 11.24
DEBUG:matplotlib.font_manager:findfont: score(<Font 'Padauk Book' (PadaukBook-Regular.ttf) normal normal book normal>) = 10.05
DEBUG:matplotlib.font_manager:findfont: score(<Font 'Saab' (Saab.ttf) normal normal 400 normal>) = 10.05
DEBUG:matplotlib.font_manager:findfont: score(<Font 'Mukti Narrow' (MuktiNarrowBold.ttf) normal normal 700 normal>) = 10.335
DEBUG:matplotlib.font_manager:findfont: score(<Font 'Tlwg Typist' (TlwgTypist-BoldOblique.ttf) oblique normal bold normal>) = 11.335
DEBUG:matplotlib.font_manager:findfont: score(<Font 'Liberation Sans Narrow' (LiberationSansNarrow-Italic.ttf) italic normal 400 condensed>) = 11.25
DEBUG:matplotlib.font_manager:findfont: score(<Font 'Waree' (Waree-Oblique.ttf) oblique normal 400 normal>) = 11.05
DEBUG:matplotlib.font_manager:findfont: score(<Font 'Navilu' (Navilu.ttf) normal normal 400 normal>) = 10.05
DEBUG:matplotlib.font_manager:findfont: score(<Font 'Garuda' (Garuda-Oblique.ttf) oblique normal 400 normal>) = 11.05
DEBUG:matplotlib.font_manager:findfont: score(<Font 'Ubuntu' (Ubuntu-R.ttf) normal normal 400 normal>) = 10.05
DEBUG:matplotlib.font_manager:findfont: score(<Font 'Sawasdee' (Sawasdee-Bold.ttf) normal normal bold normal>) = 10.335
DEBUG:matplotlib.font_manager:findfont: score(<Font 'KacstPoster' (KacstPoster.ttf) normal normal 400 normal>) = 10.05
DEBUG:matplotlib.font_manager:findfont: score(<Font 'KacstTitle' (KacstTitle.ttf) normal normal 400 normal>) = 10.05
DEBUG:matplotlib.font_manager:findfont: score(<Font 'FreeSans' (FreeSans.ttf) normal normal 400 normal>) = 10.05
DEBUG:matplotlib.font_manager:findfont: score(<Font 'ori1Uni' (utkal.ttf) normal normal medium normal>) = 10.145
DEBUG:matplotlib.font_manager:findfont: score(<Font 'Ubuntu Mono' (UbuntuMono-BI.ttf) italic normal bold normal>) = 11.335
DEBUG:matplotlib.font_manager:findfont: score(<Font 'Samanata' (samanata.ttf) normal normal 400 normal>) = 10.05
DEBUG:matplotlib.font_manager:findfont: score(<Font 'Chilanka' (Chilanka-Regular.ttf) normal normal regular normal>) = 10.05
DEBUG:matplotlib.font_manager:findfont: score(<Font 'Norasi' (Norasi-BoldItalic.ttf) italic normal bold normal>) = 11.335
DEBUG:matplotlib.font_manager:findfont: score(<Font 'Mukti Narrow' (MuktiNarrow.ttf) normal normal 400 normal>) = 10.05
DEBUG:matplotlib.font_manager:findfont: score(<Font 'Ani' (ani.ttf) normal normal 400 normal>) = 10.05
DEBUG:matplotlib.font_manager:findfont: score(<Font 'Noto Serif CJK JP' (NotoSerifCJK-Bold.ttc) normal normal bold normal>) = 10.335
DEBUG:matplotlib.font_manager:findfont: score(<Font 'Manjari' (Manjari-Regular.otf) normal normal regular normal>) = 10.05
DEBUG:matplotlib.font_manager:findfont: score(<Font 'Lohit Assamese' (Lohit-Assamese.ttf) normal normal 400 normal>) = 10.05
DEBUG:matplotlib.font_manager:findfont: score(<Font 'Kinnari' (Kinnari-BoldItalic.ttf) italic normal bold normal>) = 11.335
DEBUG:matplotlib.font_manager:findfont: score(<Font 'Gubbi' (Gubbi.ttf) normal normal 400 normal>) = 10.05
DEBUG:matplotlib.font_manager:findfont: score(<Font 'Ubuntu' (Ubuntu-M.ttf) normal normal medium normal>) = 10.145
DEBUG:matplotlib.font_manager:findfont: score(<Font 'Liberation Serif' (LiberationSerif-BoldItalic.ttf) italic normal bold normal>) = 11.335
DEBUG:matplotlib.font_manager:findfont: score(<Font 'Kinnari' (Kinnari-BoldOblique.ttf) oblique normal bold normal>) = 11.335
DEBUG:matplotlib.font_manager:findfont: score(<Font 'FreeSans' (FreeSansBold.ttf) normal normal bold normal>) = 10.335
DEBUG:matplotlib.font_manager:findfont: score(<Font 'Liberation Sans' (LiberationSans-Italic.ttf) italic normal 400 normal>) = 11.05
DEBUG:matplotlib.font_manager:findfont: score(<Font 'padmaa' (padmaa.ttf) normal normal 400 normal>) = 10.05
DEBUG:matplotlib.font_manager:findfont: score(<Font 'Rekha' (Rekha.ttf) normal normal 400 normal>) = 10.05
DEBUG:matplotlib.font_manager:findfont: score(<Font 'Lohit Gujarati' (Lohit-Gujarati.ttf) normal normal 400 normal>) = 10.05
DEBUG:matplotlib.font_manager:findfont: score(<Font 'Umpush' (Umpush-Bold.ttf) normal normal bold normal>) = 10.335
DEBUG:matplotlib.font_manager:findfont: score(<Font 'DejaVu Serif' (DejaVuSerifCondensed-Bold.ttf) normal normal bold condensed>) = 10.535
DEBUG:matplotlib.font_manager:findfont: score(<Font 'Norasi' (Norasi-Bold.ttf) normal normal bold normal>) = 10.335
DEBUG:matplotlib.font_manager:findfont: score(<Font 'Norasi' (Norasi-Italic.ttf) italic normal 400 normal>) = 11.05
DEBUG:matplotlib.font_manager:findfont: score(<Font 'FreeSerif' (FreeSerifBold.ttf) normal normal bold normal>) = 10.335
DEBUG:matplotlib.font_manager:findfont: score(<Font 'Tlwg Typist' (TlwgTypist-Oblique.ttf) oblique normal 400 normal>) = 11.05
DEBUG:matplotlib.font_manager:findfont: score(<Font 'Tlwg Mono' (TlwgMono-BoldOblique.ttf) oblique normal bold normal>) = 11.335
DEBUG:matplotlib.font_manager:findfont: score(<Font 'Pothana2000' (Pothana2000.ttf) normal normal 400 normal>) = 10.05
DEBUG:matplotlib.font_manager:findfont: score(<Font 'Rachana' (Rachana-Regular.ttf) normal normal regular normal>) = 10.05
DEBUG:matplotlib.font_manager:findfont: score(<Font 'Ubuntu' (Ubuntu-MI.ttf) italic normal medium normal>) = 11.145
DEBUG:matplotlib.font_manager:findfont: score(<Font 'Sarai' (Sarai.ttf) normal normal 400 normal>) = 10.05
DEBUG:matplotlib.font_manager:findfont: score(<Font 'KacstQurn' (KacstQurn.ttf) normal normal 400 normal>) = 10.05
DEBUG:matplotlib.font_manager:findfont: score(<Font 'Tlwg Mono' (TlwgMono.ttf) normal normal 400 normal>) = 10.05
DEBUG:matplotlib.font_manager:findfont: score(<Font 'Lohit Gurmukhi' (Lohit-Gurmukhi.ttf) normal normal 400 normal>) = 10.05
DEBUG:matplotlib.font_manager:findfont: score(<Font 'Tlwg Typewriter' (TlwgTypewriter-BoldOblique.ttf) oblique normal bold normal>) = 11.335
DEBUG:matplotlib.font_manager:findfont: score(<Font 'Umpush' (Umpush-BoldOblique.ttf) oblique normal bold normal>) = 11.335
DEBUG:matplotlib.font_manager:findfont: score(<Font 'KacstBook' (KacstBook.ttf) normal normal book normal>) = 10.05
DEBUG:matplotlib.font_manager:findfont: score(<Font 'Pagul' (Pagul.ttf) normal normal 400 normal>) = 10.05
DEBUG:matplotlib.font_manager:findfont: score(<Font 'FreeSerif' (FreeSerifBoldItalic.ttf) italic normal bold normal>) = 11.335
DEBUG:matplotlib.font_manager:findfont: score(<Font 'Lohit Kannada' (Lohit-Kannada.ttf) normal normal 400 normal>) = 10.05
DEBUG:matplotlib.font_manager:findfont: Matching :family=sans-serif:style=normal:variant=normal:weight=normal:stretch=normal:size=10.0 to DejaVu Sans ('/home/ram/.local/lib/python3.6/site-packages/matplotlib/mpl-data/fonts/ttf/DejaVuSans.ttf') with score of 0.050000.
DEBUG:roipoly.roipoly:Creating new ROI 0
DEBUG:matplotlib.font_manager:findfont: Matching :family=sans-serif:style=normal:variant=normal:weight=normal:stretch=normal:size=12.0.
DEBUG:matplotlib.font_manager:findfont: score(<Font 'STIXSizeThreeSym' (STIXSizThreeSymBol.ttf) normal normal bold normal>) = 10.335
DEBUG:matplotlib.font_manager:findfont: score(<Font 'DejaVu Sans Mono' (DejaVuSansMono.ttf) normal normal 400 normal>) = 10.05
DEBUG:matplotlib.font_manager:findfont: score(<Font 'DejaVu Serif' (DejaVuSerif.ttf) normal normal 400 normal>) = 10.05
DEBUG:matplotlib.font_manager:findfont: score(<Font 'DejaVu Sans Mono' (DejaVuSansMono-Bold.ttf) normal normal bold normal>) = 10.335
DEBUG:matplotlib.font_manager:findfont: score(<Font 'cmtt10' (cmtt10.ttf) normal normal 400 normal>) = 10.05
DEBUG:matplotlib.font_manager:findfont: score(<Font 'STIXNonUnicode' (STIXNonUni.ttf) normal normal regular normal>) = 10.05
DEBUG:matplotlib.font_manager:findfont: score(<Font 'STIXSizeFourSym' (STIXSizFourSymBol.ttf) normal normal bold normal>) = 10.335
DEBUG:matplotlib.font_manager:findfont: score(<Font 'STIXNonUnicode' (STIXNonUniBolIta.ttf) italic normal bold normal>) = 11.335
DEBUG:matplotlib.font_manager:findfont: score(<Font 'DejaVu Sans' (DejaVuSans-BoldOblique.ttf) oblique normal bold normal>) = 1.335
DEBUG:matplotlib.font_manager:findfont: score(<Font 'STIXSizeOneSym' (STIXSizOneSymReg.ttf) normal normal regular normal>) = 10.05
DEBUG:matplotlib.font_manager:findfont: score(<Font 'cmr10' (cmr10.ttf) normal normal 400 normal>) = 10.05
DEBUG:matplotlib.font_manager:findfont: score(<Font 'cmss10' (cmss10.ttf) normal normal 400 normal>) = 10.05
DEBUG:matplotlib.font_manager:findfont: score(<Font 'STIXSizeOneSym' (STIXSizOneSymBol.ttf) normal normal bold normal>) = 10.335
DEBUG:matplotlib.font_manager:findfont: score(<Font 'cmb10' (cmb10.ttf) normal normal 400 normal>) = 10.05
DEBUG:matplotlib.font_manager:findfont: score(<Font 'DejaVu Serif' (DejaVuSerif-Italic.ttf) italic normal 400 normal>) = 11.05
DEBUG:matplotlib.font_manager:findfont: score(<Font 'DejaVu Sans Mono' (DejaVuSansMono-BoldOblique.ttf) oblique normal bold normal>) = 11.335
DEBUG:matplotlib.font_manager:findfont: score(<Font 'DejaVu Serif Display' (DejaVuSerifDisplay.ttf) normal normal 400 normal>) = 10.05
DEBUG:matplotlib.font_manager:findfont: score(<Font 'DejaVu Sans Display' (DejaVuSansDisplay.ttf) normal normal 400 normal>) = 10.05
DEBUG:matplotlib.font_manager:findfont: score(<Font 'cmex10' (cmex10.ttf) normal normal 400 normal>) = 10.05
DEBUG:matplotlib.font_manager:findfont: score(<Font 'STIXNonUnicode' (STIXNonUniBol.ttf) normal normal bold normal>) = 10.335
DEBUG:matplotlib.font_manager:findfont: score(<Font 'cmsy10' (cmsy10.ttf) normal normal 400 normal>) = 10.05
DEBUG:matplotlib.font_manager:findfont: score(<Font 'DejaVu Sans' (DejaVuSans-Bold.ttf) normal normal bold normal>) = 0.33499999999999996
DEBUG:matplotlib.font_manager:findfont: score(<Font 'STIXSizeTwoSym' (STIXSizTwoSymBol.ttf) normal normal bold normal>) = 10.335
DEBUG:matplotlib.font_manager:findfont: score(<Font 'DejaVu Sans' (DejaVuSans.ttf) normal normal 400 normal>) = 0.05
DEBUG:matplotlib.font_manager:findfont: score(<Font 'STIXGeneral' (STIXGeneral.ttf) normal normal regular normal>) = 10.05
DEBUG:matplotlib.font_manager:findfont: score(<Font 'STIXSizeFiveSym' (STIXSizFiveSymReg.ttf) normal normal regular normal>) = 10.05
DEBUG:matplotlib.font_manager:findfont: score(<Font 'STIXSizeThreeSym' (STIXSizThreeSymReg.ttf) normal normal regular normal>) = 10.05
DEBUG:matplotlib.font_manager:findfont: score(<Font 'cmmi10' (cmmi10.ttf) normal normal 400 normal>) = 10.05
DEBUG:matplotlib.font_manager:findfont: score(<Font 'STIXGeneral' (STIXGeneralBolIta.ttf) italic normal bold normal>) = 11.335
DEBUG:matplotlib.font_manager:findfont: score(<Font 'DejaVu Sans' (DejaVuSans-Oblique.ttf) oblique normal 400 normal>) = 1.05
DEBUG:matplotlib.font_manager:findfont: score(<Font 'STIXGeneral' (STIXGeneralBol.ttf) normal normal bold normal>) = 10.335
DEBUG:matplotlib.font_manager:findfont: score(<Font 'DejaVu Sans Mono' (DejaVuSansMono-Oblique.ttf) oblique normal 400 normal>) = 11.05
DEBUG:matplotlib.font_manager:findfont: score(<Font 'DejaVu Serif' (DejaVuSerif-Bold.ttf) normal normal bold normal>) = 10.335
DEBUG:matplotlib.font_manager:findfont: score(<Font 'DejaVu Serif' (DejaVuSerif-BoldItalic.ttf) italic normal bold normal>) = 11.335
DEBUG:matplotlib.font_manager:findfont: score(<Font 'STIXNonUnicode' (STIXNonUniIta.ttf) italic normal 400 normal>) = 11.05
DEBUG:matplotlib.font_manager:findfont: score(<Font 'STIXGeneral' (STIXGeneralItalic.ttf) italic normal 400 normal>) = 11.05
DEBUG:matplotlib.font_manager:findfont: score(<Font 'STIXSizeFourSym' (STIXSizFourSymReg.ttf) normal normal regular normal>) = 10.05
DEBUG:matplotlib.font_manager:findfont: score(<Font 'STIXSizeTwoSym' (STIXSizTwoSymReg.ttf) normal normal regular normal>) = 10.05
DEBUG:matplotlib.font_manager:findfont: score(<Font 'Liberation Sans' (LiberationSans-Regular.ttf) normal normal 400 normal>) = 10.05
DEBUG:matplotlib.font_manager:findfont: score(<Font 'Tlwg Typo' (TlwgTypo-BoldOblique.ttf) oblique normal bold normal>) = 11.335
DEBUG:matplotlib.font_manager:findfont: score(<Font 'Liberation Serif' (LiberationSerif-Regular.ttf) normal normal 400 normal>) = 10.05
DEBUG:matplotlib.font_manager:findfont: score(<Font 'Norasi' (Norasi-Oblique.ttf) oblique normal 400 normal>) = 11.05
DEBUG:matplotlib.font_manager:findfont: score(<Font 'Ubuntu' (Ubuntu-RI.ttf) italic normal 400 normal>) = 11.05
DEBUG:matplotlib.font_manager:findfont: score(<Font 'Liberation Mono' (LiberationMono-Bold.ttf) normal normal bold normal>) = 10.335
DEBUG:matplotlib.font_manager:findfont: score(<Font 'Loma' (Loma-Bold.ttf) normal normal bold normal>) = 10.335
DEBUG:matplotlib.font_manager:findfont: score(<Font 'Noto Serif CJK JP' (NotoSerifCJK-Regular.ttc) normal normal 400 normal>) = 10.05
DEBUG:matplotlib.font_manager:findfont: score(<Font 'Waree' (Waree-Bold.ttf) normal normal bold normal>) = 10.335
DEBUG:matplotlib.font_manager:findfont: score(<Font 'Lohit Malayalam' (Lohit-Malayalam.ttf) normal normal 400 normal>) = 10.05
DEBUG:matplotlib.font_manager:findfont: score(<Font 'FreeSerif' (FreeSerifItalic.ttf) italic normal 400 normal>) = 11.05
DEBUG:matplotlib.font_manager:findfont: score(<Font 'Ubuntu Mono' (UbuntuMono-RI.ttf) italic normal 400 normal>) = 11.05
DEBUG:matplotlib.font_manager:findfont: score(<Font 'Meera' (Meera.ttf) normal normal 400 normal>) = 10.05
DEBUG:matplotlib.font_manager:findfont: score(<Font 'Lohit Tamil Classical' (Lohit-Tamil-Classical.ttf) normal normal 400 normal>) = 10.05
DEBUG:matplotlib.font_manager:findfont: score(<Font 'Tlwg Typewriter' (TlwgTypewriter.ttf) normal normal 400 normal>) = 10.05
DEBUG:matplotlib.font_manager:findfont: score(<Font 'Tlwg Typo' (TlwgTypo-Oblique.ttf) oblique normal 400 normal>) = 11.05
DEBUG:matplotlib.font_manager:findfont: score(<Font 'DejaVu Sans' (DejaVuSansCondensed-Bold.ttf) normal normal bold condensed>) = 0.5349999999999999
DEBUG:matplotlib.font_manager:findfont: score(<Font 'Dyuthi' (Dyuthi.ttf) normal normal 400 normal>) = 10.05
DEBUG:matplotlib.font_manager:findfont: score(<Font 'KacstOne' (KacstOne.ttf) normal normal 400 normal>) = 10.05
DEBUG:matplotlib.font_manager:findfont: score(<Font 'Suruma' (Suruma.ttf) normal normal 400 normal>) = 10.05
DEBUG:matplotlib.font_manager:findfont: score(<Font 'Liberation Serif' (LiberationSerif-Bold.ttf) normal normal bold normal>) = 10.335
DEBUG:matplotlib.font_manager:findfont: score(<Font 'Kalapi' (Kalapi.ttf) normal normal 400 normal>) = 10.05
DEBUG:matplotlib.font_manager:findfont: score(<Font 'Tlwg Typewriter' (TlwgTypewriter-Bold.ttf) normal normal bold normal>) = 10.335
DEBUG:matplotlib.font_manager:findfont: score(<Font 'Loma' (Loma-Oblique.ttf) oblique normal 400 normal>) = 11.05
DEBUG:matplotlib.font_manager:findfont: score(<Font 'Kinnari' (Kinnari-Bold.ttf) normal normal bold normal>) = 10.335
DEBUG:matplotlib.font_manager:findfont: score(<Font 'Sahadeva' (sahadeva.ttf) normal normal 400 normal>) = 10.05
DEBUG:matplotlib.font_manager:findfont: score(<Font 'LKLUG' (lklug.ttf) normal normal 400 normal>) = 10.05
DEBUG:matplotlib.font_manager:findfont: score(<Font 'Liberation Serif' (LiberationSerif-Italic.ttf) italic normal 400 normal>) = 11.05
DEBUG:matplotlib.font_manager:findfont: score(<Font 'Tlwg Typist' (TlwgTypist.ttf) normal normal 400 normal>) = 10.05
DEBUG:matplotlib.font_manager:findfont: score(<Font 'Mitra Mono' (mitra.ttf) normal normal 400 normal>) = 10.05
DEBUG:matplotlib.font_manager:findfont: score(<Font 'Lohit Bengali' (Lohit-Bengali.ttf) normal normal 400 normal>) = 10.05
DEBUG:matplotlib.font_manager:findfont: score(<Font 'Jamrul' (JamrulNormal.ttf) normal normal 400 normal>) = 10.05
DEBUG:matplotlib.font_manager:findfont: score(<Font 'DejaVu Sans' (DejaVuSansCondensed.ttf) normal normal 400 condensed>) = 0.25
DEBUG:matplotlib.font_manager:findfont: score(<Font 'Padauk Book' (PadaukBook-Bold.ttf) normal normal book normal>) = 10.05
DEBUG:matplotlib.font_manager:findfont: score(<Font 'KacstScreen' (KacstScreen.ttf) normal normal 400 normal>) = 10.05
DEBUG:matplotlib.font_manager:findfont: score(<Font 'Samyak Gujarati' (Samyak-Gujarati.ttf) normal normal 400 normal>) = 10.05
DEBUG:matplotlib.font_manager:findfont: score(<Font 'Ubuntu' (Ubuntu-LI.ttf) italic normal light normal>) = 11.24
DEBUG:matplotlib.font_manager:findfont: score(<Font 'Norasi' (Norasi-BoldOblique.ttf) oblique normal bold normal>) = 11.335
DEBUG:matplotlib.font_manager:findfont: score(<Font 'Laksaman' (Laksaman-Italic.ttf) italic normal 400 normal>) = 11.05
DEBUG:matplotlib.font_manager:findfont: score(<Font 'Ubuntu Condensed' (Ubuntu-C.ttf) normal normal 400 condensed>) = 10.25
DEBUG:matplotlib.font_manager:findfont: score(<Font 'Karumbi' (Karumbi.ttf) normal normal 400 normal>) = 10.05
DEBUG:matplotlib.font_manager:findfont: score(<Font 'Kinnari' (Kinnari-Italic.ttf) italic normal 400 normal>) = 11.05
DEBUG:matplotlib.font_manager:findfont: score(<Font 'Ubuntu' (Ubuntu-BI.ttf) italic normal bold normal>) = 11.335
DEBUG:matplotlib.font_manager:findfont: score(<Font 'Loma' (Loma-BoldOblique.ttf) oblique normal bold normal>) = 11.335
DEBUG:matplotlib.font_manager:findfont: score(<Font 'Laksaman' (Laksaman.ttf) normal normal 400 normal>) = 10.05
DEBUG:matplotlib.font_manager:findfont: score(<Font 'Laksaman' (Laksaman-BoldItalic.ttf) italic normal bold normal>) = 11.335
DEBUG:matplotlib.font_manager:findfont: score(<Font 'Likhan' (LikhanNormal.ttf) normal normal 400 normal>) = 10.05
DEBUG:matplotlib.font_manager:findfont: score(<Font 'Lohit Telugu' (Lohit-Telugu.ttf) normal normal 400 normal>) = 10.05
DEBUG:matplotlib.font_manager:findfont: score(<Font 'Liberation Sans Narrow' (LiberationSansNarrow-BoldItalic.ttf) italic normal bold condensed>) = 11.535
DEBUG:matplotlib.font_manager:findfont: score(<Font 'FreeMono' (FreeMono.ttf) normal normal 400 normal>) = 10.05
DEBUG:matplotlib.font_manager:findfont: score(<Font 'padmaa' (padmaa-Medium-0.5.ttf) normal normal normal normal>) = 10.0
DEBUG:matplotlib.font_manager:findfont: score(<Font 'Sawasdee' (Sawasdee-Oblique.ttf) oblique normal 400 normal>) = 11.05
DEBUG:matplotlib.font_manager:findfont: score(<Font 'Umpush' (Umpush-Light.ttf) normal normal light normal>) = 10.24
DEBUG:matplotlib.font_manager:findfont: score(<Font 'KacstOne' (KacstOne-Bold.ttf) normal normal bold normal>) = 10.335
DEBUG:matplotlib.font_manager:findfont: score(<Font 'Waree' (Waree.ttf) normal normal 400 normal>) = 10.05
DEBUG:matplotlib.font_manager:findfont: score(<Font 'Lohit Devanagari' (Lohit-Devanagari.ttf) normal normal 400 normal>) = 10.05
DEBUG:matplotlib.font_manager:findfont: score(<Font 'Tlwg Typewriter' (TlwgTypewriter-Oblique.ttf) oblique normal 400 normal>) = 11.05
DEBUG:matplotlib.font_manager:findfont: score(<Font 'Tlwg Typist' (TlwgTypist-Bold.ttf) normal normal bold normal>) = 10.335
DEBUG:matplotlib.font_manager:findfont: score(<Font 'Ubuntu Mono' (UbuntuMono-R.ttf) normal normal 400 normal>) = 10.05
DEBUG:matplotlib.font_manager:findfont: score(<Font 'Tibetan Machine Uni' (TibetanMachineUni.ttf) normal normal 400 normal>) = 10.05
DEBUG:matplotlib.font_manager:findfont: score(<Font 'Khmer OS System' (KhmerOSsys.ttf) normal normal 400 normal>) = 10.05
DEBUG:matplotlib.font_manager:findfont: score(<Font 'Droid Sans Fallback' (DroidSansFallbackFull.ttf) normal normal 400 normal>) = 10.05
DEBUG:matplotlib.font_manager:findfont: score(<Font 'Purisa' (Purisa.ttf) normal normal 400 normal>) = 10.05
DEBUG:matplotlib.font_manager:findfont: score(<Font 'Padauk' (Padauk-Regular.ttf) normal normal 400 normal>) = 10.05
DEBUG:matplotlib.font_manager:findfont: score(<Font 'Manjari' (Manjari-Bold.otf) normal normal bold normal>) = 10.335
DEBUG:matplotlib.font_manager:findfont: score(<Font 'KacstNaskh' (KacstNaskh.ttf) normal normal 400 normal>) = 10.05
DEBUG:matplotlib.font_manager:findfont: score(<Font 'Keraleeyam' (Keraleeyam.ttf) normal normal 700 normal>) = 10.335
DEBUG:matplotlib.font_manager:findfont: score(<Font 'Purisa' (Purisa-Bold.ttf) normal normal bold normal>) = 10.335
DEBUG:matplotlib.font_manager:findfont: score(<Font 'Norasi' (Norasi.ttf) normal normal 400 normal>) = 10.05
DEBUG:matplotlib.font_manager:findfont: score(<Font 'KacstPen' (KacstPen.ttf) normal normal 400 normal>) = 10.05
DEBUG:matplotlib.font_manager:findfont: score(<Font 'Kinnari' (Kinnari-Oblique.ttf) oblique normal 400 normal>) = 11.05
DEBUG:matplotlib.font_manager:findfont: score(<Font 'Garuda' (Garuda-BoldOblique.ttf) oblique normal bold normal>) = 11.335
DEBUG:matplotlib.font_manager:findfont: score(<Font 'Liberation Sans' (LiberationSans-BoldItalic.ttf) italic normal bold normal>) = 11.335
DEBUG:matplotlib.font_manager:findfont: score(<Font 'Tlwg Typo' (TlwgTypo.ttf) normal normal 400 normal>) = 10.05
DEBUG:matplotlib.font_manager:findfont: score(<Font 'FreeMono' (FreeMonoOblique.ttf) oblique normal 400 normal>) = 11.05
DEBUG:matplotlib.font_manager:findfont: score(<Font 'Tlwg Typo' (TlwgTypo-Bold.ttf) normal normal bold normal>) = 10.335
DEBUG:matplotlib.font_manager:findfont: score(<Font 'Noto Mono' (NotoMono-Regular.ttf) normal normal 400 normal>) = 10.05
DEBUG:matplotlib.font_manager:findfont: score(<Font 'FreeSans' (FreeSansBoldOblique.ttf) oblique normal bold normal>) = 11.335
DEBUG:matplotlib.font_manager:findfont: score(<Font 'Liberation Sans' (LiberationSans-Bold.ttf) normal normal bold normal>) = 10.335
DEBUG:matplotlib.font_manager:findfont: score(<Font 'Liberation Sans Narrow' (LiberationSansNarrow-Regular.ttf) normal normal 400 condensed>) = 10.25
DEBUG:matplotlib.font_manager:findfont: score(<Font 'RaghuMalayalam' (RaghuMalayalamSans-Regular.ttf) normal normal regular normal>) = 10.05
DEBUG:matplotlib.font_manager:findfont: score(<Font 'Kalimati' (kalimati.ttf) normal normal 400 normal>) = 10.05
DEBUG:matplotlib.font_manager:findfont: score(<Font 'Samyak Malayalam' (Samyak-Malayalam.ttf) normal normal 400 normal>) = 10.05
DEBUG:matplotlib.font_manager:findfont: score(<Font 'KacstDecorative' (KacstDecorative.ttf) normal normal 400 normal>) = 10.05
DEBUG:matplotlib.font_manager:findfont: score(<Font 'Abyssinica SIL' (AbyssinicaSIL-R.ttf) normal normal 400 normal>) = 10.05
DEBUG:matplotlib.font_manager:findfont: score(<Font 'AnjaliOldLipi' (AnjaliOldLipi.ttf) normal normal 400 normal>) = 10.05
DEBUG:matplotlib.font_manager:findfont: score(<Font 'Manjari' (Manjari-Thin.otf) normal normal 400 normal>) = 10.05
DEBUG:matplotlib.font_manager:findfont: score(<Font 'KacstArt' (KacstArt.ttf) normal normal 400 normal>) = 10.05
DEBUG:matplotlib.font_manager:findfont: score(<Font 'Purisa' (Purisa-Oblique.ttf) oblique normal 400 normal>) = 11.05
DEBUG:matplotlib.font_manager:findfont: score(<Font 'Lohit Odia' (Lohit-Odia.ttf) normal normal 400 normal>) = 10.05
DEBUG:matplotlib.font_manager:findfont: score(<Font 'KacstDigital' (KacstDigital.ttf) normal normal 400 normal>) = 10.05
DEBUG:matplotlib.font_manager:findfont: score(<Font 'Samyak Devanagari' (Samyak-Devanagari.ttf) normal normal 400 normal>) = 10.05
DEBUG:matplotlib.font_manager:findfont: score(<Font 'Umpush' (Umpush-Oblique.ttf) oblique normal 400 normal>) = 11.05
DEBUG:matplotlib.font_manager:findfont: score(<Font 'Lohit Tamil' (Lohit-Tamil.ttf) normal normal 400 normal>) = 10.05
DEBUG:matplotlib.font_manager:findfont: score(<Font 'Ubuntu' (Ubuntu-L.ttf) normal normal light normal>) = 10.24
DEBUG:matplotlib.font_manager:findfont: score(<Font 'Liberation Mono' (LiberationMono-Regular.ttf) normal normal 400 normal>) = 10.05
DEBUG:matplotlib.font_manager:findfont: score(<Font 'mry_KacstQurn' (mry_KacstQurn.ttf) normal normal 400 normal>) = 10.05
DEBUG:matplotlib.font_manager:findfont: score(<Font 'Liberation Mono' (LiberationMono-BoldItalic.ttf) italic normal bold normal>) = 11.335
DEBUG:matplotlib.font_manager:findfont: score(<Font 'Laksaman' (Laksaman-Bold.ttf) normal normal bold normal>) = 10.335
DEBUG:matplotlib.font_manager:findfont: score(<Font 'DejaVu Sans' (DejaVuSansCondensed-BoldOblique.ttf) oblique normal bold condensed>) = 1.535
DEBUG:matplotlib.font_manager:findfont: score(<Font 'Umpush' (Umpush.ttf) normal normal 400 normal>) = 10.05
DEBUG:matplotlib.font_manager:findfont: score(<Font 'Khmer OS' (KhmerOS.ttf) normal normal 400 normal>) = 10.05
DEBUG:matplotlib.font_manager:findfont: score(<Font 'Garuda' (Garuda.ttf) normal normal 400 normal>) = 10.05
DEBUG:matplotlib.font_manager:findfont: score(<Font 'DejaVu Sans' (DejaVuSansCondensed-Oblique.ttf) oblique normal 400 condensed>) = 1.25
DEBUG:matplotlib.font_manager:findfont: score(<Font 'FreeSans' (FreeSansOblique.ttf) oblique normal 400 normal>) = 11.05
DEBUG:matplotlib.font_manager:findfont: score(<Font 'FreeSerif' (FreeSerif.ttf) normal normal 400 normal>) = 10.05
DEBUG:matplotlib.font_manager:findfont: score(<Font 'Noto Sans CJK JP' (NotoSansCJK-Bold.ttc) normal normal bold normal>) = 10.335
DEBUG:matplotlib.font_manager:findfont: score(<Font 'Rachana' (Rachana-Bold.ttf) normal normal bold normal>) = 10.335
DEBUG:matplotlib.font_manager:findfont: score(<Font 'DejaVu Serif' (DejaVuSerifCondensed.ttf) normal normal 400 condensed>) = 10.25
DEBUG:matplotlib.font_manager:findfont: score(<Font 'padmaa-Bold.1.1' (padmaa-Bold.1.1.ttf) normal normal bold normal>) = 10.335
DEBUG:matplotlib.font_manager:findfont: score(<Font 'Uroob' (Uroob.ttf) normal normal 700 normal>) = 10.335
DEBUG:matplotlib.font_manager:findfont: score(<Font 'Purisa' (Purisa-BoldOblique.ttf) oblique normal bold normal>) = 11.335
DEBUG:matplotlib.font_manager:findfont: score(<Font 'Vemana2000' (vemana2000.ttf) normal normal 400 normal>) = 10.05
DEBUG:matplotlib.font_manager:findfont: score(<Font 'KacstLetter' (KacstLetter.ttf) normal normal 400 normal>) = 10.05
DEBUG:matplotlib.font_manager:findfont: score(<Font 'KacstOffice' (KacstOffice.ttf) normal normal 400 normal>) = 10.05
DEBUG:matplotlib.font_manager:findfont: score(<Font 'DejaVu Math TeX Gyre' (DejaVuMathTeXGyre.ttf) normal normal regular normal>) = 10.05
DEBUG:matplotlib.font_manager:findfont: score(<Font 'Chandas' (chandas1-2.ttf) normal normal 400 normal>) = 10.05
DEBUG:matplotlib.font_manager:findfont: score(<Font 'Samyak Tamil' (Samyak-Tamil.ttf) normal normal 400 normal>) = 10.05
DEBUG:matplotlib.font_manager:findfont: score(<Font 'aakar' (aakar-medium.ttf) normal normal 400 normal>) = 10.05
DEBUG:matplotlib.font_manager:findfont: score(<Font 'KacstTitleL' (KacstTitleL.ttf) normal normal 400 normal>) = 10.05
DEBUG:matplotlib.font_manager:findfont: score(<Font 'Nakula' (nakula.ttf) normal normal 400 normal>) = 10.05
DEBUG:matplotlib.font_manager:findfont: score(<Font 'Kinnari' (Kinnari.ttf) normal normal 400 normal>) = 10.05
DEBUG:matplotlib.font_manager:findfont: score(<Font 'Tlwg Mono' (TlwgMono-Oblique.ttf) oblique normal 400 normal>) = 11.05
DEBUG:matplotlib.font_manager:findfont: score(<Font 'OpenSymbol' (opens___.ttf) normal normal 400 normal>) = 10.05
DEBUG:matplotlib.font_manager:findfont: score(<Font 'Noto Sans CJK JP' (NotoSansCJK-Regular.ttc) normal normal 400 normal>) = 10.05
DEBUG:matplotlib.font_manager:findfont: score(<Font 'Ubuntu Mono' (UbuntuMono-B.ttf) normal normal bold normal>) = 10.335
DEBUG:matplotlib.font_manager:findfont: score(<Font 'KacstFarsi' (KacstFarsi.ttf) normal normal 400 normal>) = 10.05
DEBUG:matplotlib.font_manager:findfont: score(<Font 'Loma' (Loma.ttf) normal normal 400 normal>) = 10.05
DEBUG:matplotlib.font_manager:findfont: score(<Font 'Gargi' (Gargi.ttf) normal normal 400 normal>) = 10.05
DEBUG:matplotlib.font_manager:findfont: score(<Font 'DejaVu Serif' (DejaVuSerifCondensed-Italic.ttf) italic normal 400 condensed>) = 11.25
DEBUG:matplotlib.font_manager:findfont: score(<Font 'FreeMono' (FreeMonoBoldOblique.ttf) oblique normal bold normal>) = 11.335
DEBUG:matplotlib.font_manager:findfont: score(<Font 'DejaVu Serif' (DejaVuSerifCondensed-BoldItalic.ttf) italic normal bold condensed>) = 11.535
DEBUG:matplotlib.font_manager:findfont: score(<Font 'Sawasdee' (Sawasdee-BoldOblique.ttf) oblique normal bold normal>) = 11.335
DEBUG:matplotlib.font_manager:findfont: score(<Font 'Waree' (Waree-BoldOblique.ttf) oblique normal bold normal>) = 11.335
DEBUG:matplotlib.font_manager:findfont: score(<Font 'Tlwg Mono' (TlwgMono-Bold.ttf) normal normal bold normal>) = 10.335
DEBUG:matplotlib.font_manager:findfont: score(<Font 'Liberation Sans Narrow' (LiberationSansNarrow-Bold.ttf) normal normal bold condensed>) = 10.535
DEBUG:matplotlib.font_manager:findfont: score(<Font 'Sawasdee' (Sawasdee.ttf) normal normal 400 normal>) = 10.05
DEBUG:matplotlib.font_manager:findfont: score(<Font 'Liberation Mono' (LiberationMono-Italic.ttf) italic normal 400 normal>) = 11.05
DEBUG:matplotlib.font_manager:findfont: score(<Font 'DejaVu Sans' (DejaVuSans-ExtraLight.ttf) normal normal light normal>) = 0.24
DEBUG:matplotlib.font_manager:findfont: score(<Font 'FreeMono' (FreeMonoBold.ttf) normal normal bold normal>) = 10.335
DEBUG:matplotlib.font_manager:findfont: score(<Font 'Padauk' (Padauk-Bold.ttf) normal normal bold normal>) = 10.335
DEBUG:matplotlib.font_manager:findfont: score(<Font 'Phetsarath OT' (Phetsarath_OT.ttf) normal normal 400 normal>) = 10.05
DEBUG:matplotlib.font_manager:findfont: score(<Font 'Ubuntu' (Ubuntu-B.ttf) normal normal bold normal>) = 10.335
DEBUG:matplotlib.font_manager:findfont: score(<Font 'Garuda' (Garuda-Bold.ttf) normal normal bold normal>) = 10.335
DEBUG:matplotlib.font_manager:findfont: score(<Font 'Umpush' (Umpush-LightOblique.ttf) oblique normal light normal>) = 11.24
DEBUG:matplotlib.font_manager:findfont: score(<Font 'Padauk Book' (PadaukBook-Regular.ttf) normal normal book normal>) = 10.05
DEBUG:matplotlib.font_manager:findfont: score(<Font 'Saab' (Saab.ttf) normal normal 400 normal>) = 10.05
DEBUG:matplotlib.font_manager:findfont: score(<Font 'Mukti Narrow' (MuktiNarrowBold.ttf) normal normal 700 normal>) = 10.335
DEBUG:matplotlib.font_manager:findfont: score(<Font 'Tlwg Typist' (TlwgTypist-BoldOblique.ttf) oblique normal bold normal>) = 11.335
DEBUG:matplotlib.font_manager:findfont: score(<Font 'Liberation Sans Narrow' (LiberationSansNarrow-Italic.ttf) italic normal 400 condensed>) = 11.25
DEBUG:matplotlib.font_manager:findfont: score(<Font 'Waree' (Waree-Oblique.ttf) oblique normal 400 normal>) = 11.05
DEBUG:matplotlib.font_manager:findfont: score(<Font 'Navilu' (Navilu.ttf) normal normal 400 normal>) = 10.05
DEBUG:matplotlib.font_manager:findfont: score(<Font 'Garuda' (Garuda-Oblique.ttf) oblique normal 400 normal>) = 11.05
DEBUG:matplotlib.font_manager:findfont: score(<Font 'Ubuntu' (Ubuntu-R.ttf) normal normal 400 normal>) = 10.05
DEBUG:matplotlib.font_manager:findfont: score(<Font 'Sawasdee' (Sawasdee-Bold.ttf) normal normal bold normal>) = 10.335
DEBUG:matplotlib.font_manager:findfont: score(<Font 'KacstPoster' (KacstPoster.ttf) normal normal 400 normal>) = 10.05
DEBUG:matplotlib.font_manager:findfont: score(<Font 'KacstTitle' (KacstTitle.ttf) normal normal 400 normal>) = 10.05
DEBUG:matplotlib.font_manager:findfont: score(<Font 'FreeSans' (FreeSans.ttf) normal normal 400 normal>) = 10.05
DEBUG:matplotlib.font_manager:findfont: score(<Font 'ori1Uni' (utkal.ttf) normal normal medium normal>) = 10.145
DEBUG:matplotlib.font_manager:findfont: score(<Font 'Ubuntu Mono' (UbuntuMono-BI.ttf) italic normal bold normal>) = 11.335
DEBUG:matplotlib.font_manager:findfont: score(<Font 'Samanata' (samanata.ttf) normal normal 400 normal>) = 10.05
DEBUG:matplotlib.font_manager:findfont: score(<Font 'Chilanka' (Chilanka-Regular.ttf) normal normal regular normal>) = 10.05
DEBUG:matplotlib.font_manager:findfont: score(<Font 'Norasi' (Norasi-BoldItalic.ttf) italic normal bold normal>) = 11.335
DEBUG:matplotlib.font_manager:findfont: score(<Font 'Mukti Narrow' (MuktiNarrow.ttf) normal normal 400 normal>) = 10.05
DEBUG:matplotlib.font_manager:findfont: score(<Font 'Ani' (ani.ttf) normal normal 400 normal>) = 10.05
DEBUG:matplotlib.font_manager:findfont: score(<Font 'Noto Serif CJK JP' (NotoSerifCJK-Bold.ttc) normal normal bold normal>) = 10.335
DEBUG:matplotlib.font_manager:findfont: score(<Font 'Manjari' (Manjari-Regular.otf) normal normal regular normal>) = 10.05
DEBUG:matplotlib.font_manager:findfont: score(<Font 'Lohit Assamese' (Lohit-Assamese.ttf) normal normal 400 normal>) = 10.05
DEBUG:matplotlib.font_manager:findfont: score(<Font 'Kinnari' (Kinnari-BoldItalic.ttf) italic normal bold normal>) = 11.335
DEBUG:matplotlib.font_manager:findfont: score(<Font 'Gubbi' (Gubbi.ttf) normal normal 400 normal>) = 10.05
DEBUG:matplotlib.font_manager:findfont: score(<Font 'Ubuntu' (Ubuntu-M.ttf) normal normal medium normal>) = 10.145
DEBUG:matplotlib.font_manager:findfont: score(<Font 'Liberation Serif' (LiberationSerif-BoldItalic.ttf) italic normal bold normal>) = 11.335
DEBUG:matplotlib.font_manager:findfont: score(<Font 'Kinnari' (Kinnari-BoldOblique.ttf) oblique normal bold normal>) = 11.335
DEBUG:matplotlib.font_manager:findfont: score(<Font 'FreeSans' (FreeSansBold.ttf) normal normal bold normal>) = 10.335
DEBUG:matplotlib.font_manager:findfont: score(<Font 'Liberation Sans' (LiberationSans-Italic.ttf) italic normal 400 normal>) = 11.05
DEBUG:matplotlib.font_manager:findfont: score(<Font 'padmaa' (padmaa.ttf) normal normal 400 normal>) = 10.05
DEBUG:matplotlib.font_manager:findfont: score(<Font 'Rekha' (Rekha.ttf) normal normal 400 normal>) = 10.05
DEBUG:matplotlib.font_manager:findfont: score(<Font 'Lohit Gujarati' (Lohit-Gujarati.ttf) normal normal 400 normal>) = 10.05
DEBUG:matplotlib.font_manager:findfont: score(<Font 'Umpush' (Umpush-Bold.ttf) normal normal bold normal>) = 10.335
DEBUG:matplotlib.font_manager:findfont: score(<Font 'DejaVu Serif' (DejaVuSerifCondensed-Bold.ttf) normal normal bold condensed>) = 10.535
DEBUG:matplotlib.font_manager:findfont: score(<Font 'Norasi' (Norasi-Bold.ttf) normal normal bold normal>) = 10.335
DEBUG:matplotlib.font_manager:findfont: score(<Font 'Norasi' (Norasi-Italic.ttf) italic normal 400 normal>) = 11.05
DEBUG:matplotlib.font_manager:findfont: score(<Font 'FreeSerif' (FreeSerifBold.ttf) normal normal bold normal>) = 10.335
DEBUG:matplotlib.font_manager:findfont: score(<Font 'Tlwg Typist' (TlwgTypist-Oblique.ttf) oblique normal 400 normal>) = 11.05
DEBUG:matplotlib.font_manager:findfont: score(<Font 'Tlwg Mono' (TlwgMono-BoldOblique.ttf) oblique normal bold normal>) = 11.335
DEBUG:matplotlib.font_manager:findfont: score(<Font 'Pothana2000' (Pothana2000.ttf) normal normal 400 normal>) = 10.05
DEBUG:matplotlib.font_manager:findfont: score(<Font 'Rachana' (Rachana-Regular.ttf) normal normal regular normal>) = 10.05
DEBUG:matplotlib.font_manager:findfont: score(<Font 'Ubuntu' (Ubuntu-MI.ttf) italic normal medium normal>) = 11.145
DEBUG:matplotlib.font_manager:findfont: score(<Font 'Sarai' (Sarai.ttf) normal normal 400 normal>) = 10.05
DEBUG:matplotlib.font_manager:findfont: score(<Font 'KacstQurn' (KacstQurn.ttf) normal normal 400 normal>) = 10.05
DEBUG:matplotlib.font_manager:findfont: score(<Font 'Tlwg Mono' (TlwgMono.ttf) normal normal 400 normal>) = 10.05
DEBUG:matplotlib.font_manager:findfont: score(<Font 'Lohit Gurmukhi' (Lohit-Gurmukhi.ttf) normal normal 400 normal>) = 10.05
DEBUG:matplotlib.font_manager:findfont: score(<Font 'Tlwg Typewriter' (TlwgTypewriter-BoldOblique.ttf) oblique normal bold normal>) = 11.335
DEBUG:matplotlib.font_manager:findfont: score(<Font 'Umpush' (Umpush-BoldOblique.ttf) oblique normal bold normal>) = 11.335
DEBUG:matplotlib.font_manager:findfont: score(<Font 'KacstBook' (KacstBook.ttf) normal normal book normal>) = 10.05
DEBUG:matplotlib.font_manager:findfont: score(<Font 'Pagul' (Pagul.ttf) normal normal 400 normal>) = 10.05
DEBUG:matplotlib.font_manager:findfont: score(<Font 'FreeSerif' (FreeSerifBoldItalic.ttf) italic normal bold normal>) = 11.335
DEBUG:matplotlib.font_manager:findfont: score(<Font 'Lohit Kannada' (Lohit-Kannada.ttf) normal normal 400 normal>) = 10.05
DEBUG:matplotlib.font_manager:findfont: Matching :family=sans-serif:style=normal:variant=normal:weight=normal:stretch=normal:size=12.0 to DejaVu Sans ('/home/ram/.local/lib/python3.6/site-packages/matplotlib/mpl-data/fonts/ttf/DejaVuSans.ttf') with score of 0.050000.
DEBUG:roipoly.roipoly:Received single left mouse button click
DEBUG:roipoly.roipoly:draw line x: [274.7148784825133, 275.52319879290826] y: [539.7166298431858, 538.9083095327908]
DEBUG:roipoly.roipoly:draw line x: [274.7148784825133, 275.52319879290826] y: [539.7166298431858, 520.3169423937059]
DEBUG:roipoly.roipoly:draw line x: [274.7148784825133, 272.28991755132836] y: [539.7166298431858, 466.15948159724087]
DEBUG:roipoly.roipoly:draw line x: [274.7148784825133, 264.2067144473783] y: [539.7166298431858, 389.36905210971594]
DEBUG:roipoly.roipoly:draw line x: [274.7148784825133, 261.78175351619336] y: [539.7166298431858, 352.186317831546]
DEBUG:roipoly.roipoly:draw line x: [274.7148784825133, 255.31519103303333] y: [539.7166298431858, 306.92038044942603]
DEBUG:roipoly.roipoly:draw line x: [274.7148784825133, 255.31519103303333] y: [539.7166298431858, 251.1462790321711]
DEBUG:roipoly.roipoly:draw line x: [274.7148784825133, 255.31519103303333] y: [539.7166298431858, 246.29635716980113]
DEBUG:roipoly.roipoly:draw line x: [274.7148784825133, 256.1235113434284] y: [539.7166298431858, 234.97987282427113]
DEBUG:roipoly.roipoly:draw line x: [274.7148784825133, 256.1235113434284] y: [539.7166298431858, 230.1299509619011]
DEBUG:roipoly.roipoly:draw line x: [274.7148784825133, 256.1235113434284] y: [539.7166298431858, 226.08834940992614]
DEBUG:roipoly.roipoly:draw line x: [274.7148784825133, 256.1235113434284] y: [539.7166298431858, 222.04674785795112]
DEBUG:roipoly.roipoly:draw line x: [274.7148784825133, 257.7401519642183] y: [539.7166298431858, 209.11362289163117]
DEBUG:roipoly.roipoly:draw line x: [274.7148784825133, 256.1235113434284] y: [539.7166298431858, 196.18049792531116]
DEBUG:roipoly.roipoly:draw line x: [274.7148784825133, 252.89023010184837] y: [539.7166298431858, 185.67233389017616]
DEBUG:roipoly.roipoly:draw line x: [274.7148784825133, 249.65694886026836] y: [539.7166298431858, 174.35584954464616]
DEBUG:roipoly.roipoly:draw line x: [274.7148784825133, 246.42366761868834] y: [539.7166298431858, 163.03936519911622]
DEBUG:roipoly.roipoly:draw line x: [274.7148784825133, 243.9987066875034] y: [539.7166298431858, 158.1894433367462]
DEBUG:roipoly.roipoly:draw line x: [274.7148784825133, 237.53214420434335] y: [539.7166298431858, 151.72288085358616]
DEBUG:roipoly.roipoly:draw line x: [274.7148784825133, 235.1071832731584] y: [539.7166298431858, 150.10624023279615]
DEBUG:roipoly.roipoly:draw line x: [274.7148784825133, 234.29886296276334] y: [539.7166298431858, 143.63967774963623]
DEBUG:roipoly.roipoly:draw line x: [274.7148784825133, 230.25726141078837] y: [539.7166298431858, 121.81502936897118]
DEBUG:roipoly.roipoly:draw line x: [274.7148784825133, 229.4489411003933] y: [539.7166298431858, 113.73182626502125]
DEBUG:roipoly.roipoly:draw line x: [274.7148784825133, 229.4489411003933] y: [539.7166298431858, 112.9235059546262]
DEBUG:roipoly.roipoly:draw line x: [274.7148784825133, 229.4489411003933] y: [539.7166298431858, 103.22366222988626]
DEBUG:roipoly.roipoly:draw line x: [274.7148784825133, 231.06558172118332] y: [539.7166298431858, 95.94877943633128]
DEBUG:roipoly.roipoly:draw line x: [274.7148784825133, 231.06558172118332] y: [539.7166298431858, 89.48221695317125]
DEBUG:roipoly.roipoly:draw line x: [274.7148784825133, 231.06558172118332] y: [539.7166298431858, 86.24893571159123]
DEBUG:roipoly.roipoly:draw line x: [274.7148784825133, 231.06558172118332] y: [539.7166298431858, 85.44061540119628]
DEBUG:roipoly.roipoly:Received single left mouse button click
DEBUG:roipoly.roipoly:draw line x: [274.7148784825133, 231.06558172118332] y: [539.7166298431858, 85.44061540119628]
DEBUG:roipoly.roipoly:draw line x: [231.06558172118332, 231.06558172118332] y: [85.44061540119628, 85.44061540119628]
DEBUG:roipoly.roipoly:draw line x: [231.06558172118332, 256.93183165382334] y: [85.44061540119628, 81.39901384922132]
DEBUG:roipoly.roipoly:draw line x: [231.06558172118332, 353.1219485908282] y: [85.44061540119628, 77.35741229724624]
DEBUG:roipoly.roipoly:draw line x: [231.06558172118332, 426.67909683677317] y: [85.44061540119628, 77.35741229724624]
DEBUG:roipoly.roipoly:draw line x: [231.06558172118332, 500.23624508271814] y: [85.44061540119628, 74.93245136606129]
DEBUG:roipoly.roipoly:draw line x: [231.06558172118332, 516.4026512906181] y: [85.44061540119628, 68.46588888290125]
DEBUG:roipoly.roipoly:draw line x: [231.06558172118332, 547.118823085628] y: [85.44061540119628, 55.5327639165813]
DEBUG:roipoly.roipoly:draw line x: [231.06558172118332, 554.393705879183] y: [85.44061540119628, 53.10780298539635]
DEBUG:roipoly.roipoly:Received single left mouse button click
DEBUG:roipoly.roipoly:draw line x: [231.06558172118332, 554.393705879183] y: [85.44061540119628, 53.10780298539635]
DEBUG:roipoly.roipoly:draw line x: [554.393705879183, 553.5853855687881] y: [53.10780298539635, 53.916123295791294]
DEBUG:roipoly.roipoly:draw line x: [554.393705879183, 551.9687449479981] y: [53.10780298539635, 54.724443606186355]
DEBUG:roipoly.roipoly:draw line x: [554.393705879183, 551.9687449479981] y: [53.10780298539635, 63.61596702053134]
DEBUG:roipoly.roipoly:draw line x: [554.393705879183, 560.0519480519481] y: [53.10780298539635, 134.74815433529125]
DEBUG:roipoly.roipoly:draw line x: [554.393705879183, 568.943471466293] y: [53.10780298539635, 280.24581020639107]
DEBUG:roipoly.roipoly:draw line x: [554.393705879183, 570.5601120870831] y: [53.10780298539635, 348.953036589966]
DEBUG:roipoly.roipoly:draw line x: [554.393705879183, 577.0266745702429] y: [53.10780298539635, 403.91881769682595]
DEBUG:roipoly.roipoly:draw line x: [554.393705879183, 582.684916743008] y: [53.10780298539635, 449.1847550789459]
DEBUG:roipoly.roipoly:draw line x: [554.393705879183, 585.918197984588] y: [53.10780298539635, 473.43436439079585]
DEBUG:roipoly.roipoly:draw line x: [554.393705879183, 587.5348386053779] y: [53.10780298539635, 483.94252842593085]
DEBUG:roipoly.roipoly:draw line x: [554.393705879183, 587.5348386053779] y: [53.10780298539635, 488.79245028830087]
DEBUG:roipoly.roipoly:draw line x: [554.393705879183, 587.5348386053779] y: [53.10780298539635, 492.0257315298809]
DEBUG:roipoly.roipoly:draw line x: [554.393705879183, 589.151479226168] y: [53.10780298539635, 513.8503799105458]
DEBUG:roipoly.roipoly:draw line x: [554.393705879183, 591.5764401573531] y: [53.10780298539635, 534.0583876704209]
DEBUG:roipoly.roipoly:draw line x: [554.393705879183, 591.5764401573531] y: [53.10780298539635, 534.8667079808158]
DEBUG:roipoly.roipoly:draw line x: [554.393705879183, 593.193080778143] y: [53.10780298539635, 536.4833486016058]
DEBUG:roipoly.roipoly:draw line x: [554.393705879183, 594.8097213989329] y: [53.10780298539635, 543.7582313951608]
DEBUG:roipoly.roipoly:draw line x: [554.393705879183, 594.8097213989329] y: [53.10780298539635, 550.2247938783208]
DEBUG:roipoly.roipoly:draw line x: [554.393705879183, 595.618041709328] y: [53.10780298539635, 555.8830360510858]
DEBUG:roipoly.roipoly:draw line x: [554.393705879183, 594.8097213989329] y: [53.10780298539635, 563.1579188446408]
DEBUG:roipoly.roipoly:draw line x: [554.393705879183, 594.0014010885379] y: [53.10780298539635, 563.1579188446408]
DEBUG:roipoly.roipoly:draw line x: [554.393705879183, 589.959799536563] y: [53.10780298539635, 564.7745594654308]
DEBUG:roipoly.roipoly:draw line x: [554.393705879183, 589.151479226168] y: [53.10780298539635, 564.7745594654308]
DEBUG:roipoly.roipoly:draw line x: [554.393705879183, 590.7681198469579] y: [53.10780298539635, 567.1995203966158]
DEBUG:roipoly.roipoly:draw line x: [554.393705879183, 590.7681198469579] y: [53.10780298539635, 568.0078407070108]
DEBUG:roipoly.roipoly:draw line x: [554.393705879183, 594.0014010885379] y: [53.10780298539635, 572.0494422589858]
DEBUG:roipoly.roipoly:draw line x: [554.393705879183, 594.8097213989329] y: [53.10780298539635, 572.8577625693808]
DEBUG:roipoly.roipoly:Received single left mouse button click
DEBUG:roipoly.roipoly:draw line x: [554.393705879183, 594.8097213989329] y: [53.10780298539635, 572.8577625693808]
DEBUG:roipoly.roipoly:draw line x: [594.8097213989329, 594.0014010885379] y: [572.8577625693808, 572.0494422589858]
DEBUG:roipoly.roipoly:draw line x: [594.8097213989329, 591.5764401573531] y: [572.8577625693808, 571.2411219485907]
DEBUG:roipoly.roipoly:draw line x: [594.8097213989329, 587.5348386053779] y: [572.8577625693808, 568.8161610174058]
DEBUG:roipoly.roipoly:draw line x: [594.8097213989329, 551.9687449479981] y: [572.8577625693808, 572.0494422589858]
DEBUG:roipoly.roipoly:draw line x: [594.8097213989329, 525.2941747049631] y: [572.8577625693808, 577.7076844317507]
DEBUG:roipoly.roipoly:draw line x: [594.8097213989329, 524.485854394568] y: [572.8577625693808, 578.5160047421458]
DEBUG:roipoly.roipoly:draw line x: [594.8097213989329, 524.485854394568] y: [572.8577625693808, 579.3243250525408]
DEBUG:roipoly.roipoly:draw line x: [594.8097213989329, 523.6775340841731] y: [572.8577625693808, 583.3659266045157]
DEBUG:roipoly.roipoly:draw line x: [594.8097213989329, 525.2941747049631] y: [572.8577625693808, 587.4075281564908]
DEBUG:roipoly.roipoly:draw line x: [594.8097213989329, 525.2941747049631] y: [572.8577625693808, 587.4075281564908]
DEBUG:roipoly.roipoly:draw line x: [594.8097213989329, 522.869213773778] y: [572.8577625693808, 591.4491297084658]
DEBUG:roipoly.roipoly:draw line x: [594.8097213989329, 516.4026512906181] y: [572.8577625693808, 598.7240125020207]
DEBUG:roipoly.roipoly:Received single left mouse button click
DEBUG:roipoly.roipoly:draw line x: [594.8097213989329, 516.4026512906181] y: [572.8577625693808, 598.7240125020207]
DEBUG:roipoly.roipoly:draw line x: [516.4026512906181, 515.594330980223] y: [598.7240125020207, 597.9156921916258]
DEBUG:roipoly.roipoly:draw line x: [516.4026512906181, 512.361049738643] y: [598.7240125020207, 578.5160047421458]
DEBUG:roipoly.roipoly:draw line x: [516.4026512906181, 492.96136228916305] y: [598.7240125020207, 542.1415907743708]
DEBUG:roipoly.roipoly:draw line x: [516.4026512906181, 492.96136228916305] y: [598.7240125020207, 540.5249501535808]
DEBUG:roipoly.roipoly:draw line x: [516.4026512906181, 492.96136228916305] y: [598.7240125020207, 539.7166298431858]
DEBUG:roipoly.roipoly:draw line x: [516.4026512906181, 492.96136228916305] y: [598.7240125020207, 538.9083095327908]
DEBUG:roipoly.roipoly:draw line x: [516.4026512906181, 497.8112841515331] y: [598.7240125020207, 540.5249501535808]
DEBUG:roipoly.roipoly:draw line x: [516.4026512906181, 505.08616694508805] y: [598.7240125020207, 542.9499110847657]
DEBUG:roipoly.roipoly:draw line x: [516.4026512906181, 507.5111278762731] y: [598.7240125020207, 543.7582313951608]
DEBUG:roipoly.roipoly:draw line x: [516.4026512906181, 508.31944818666807] y: [598.7240125020207, 543.7582313951608]
DEBUG:roipoly.roipoly:draw line x: [516.4026512906181, 509.12776849706313] y: [598.7240125020207, 542.9499110847657]
DEBUG:roipoly.roipoly:draw line x: [516.4026512906181, 509.9360888074581] y: [598.7240125020207, 542.1415907743708]
DEBUG:roipoly.roipoly:draw line x: [516.4026512906181, 510.744409117853] y: [598.7240125020207, 542.1415907743708]
DEBUG:roipoly.roipoly:Received single left mouse button click
DEBUG:roipoly.roipoly:draw line x: [516.4026512906181, 510.744409117853] y: [598.7240125020207, 542.1415907743708]
DEBUG:roipoly.roipoly:draw line x: [510.744409117853, 511.5527294282481] y: [542.1415907743708, 541.3332704639759]
DEBUG:roipoly.roipoly:draw line x: [510.744409117853, 511.5527294282481] y: [542.1415907743708, 539.7166298431858]
DEBUG:roipoly.roipoly:draw line x: [510.744409117853, 488.9197607371881] y: [542.1415907743708, 529.2084658080508]
DEBUG:roipoly.roipoly:draw line x: [510.744409117853, 448.5037452174381] y: [542.1415907743708, 521.1252627041008]
DEBUG:roipoly.roipoly:draw line x: [510.744409117853, 414.55429218084817] y: [542.1415907743708, 521.1252627041008]
DEBUG:roipoly.roipoly:draw line x: [510.744409117853, 370.9049954195182] y: [542.1415907743708, 521.1252627041008]
DEBUG:roipoly.roipoly:draw line x: [510.744409117853, 365.2467532467532] y: [542.1415907743708, 521.9335830144959]
DEBUG:roipoly.roipoly:draw line x: [510.744409117853, 340.9971439349032] y: [542.1415907743708, 524.3585439456808]
DEBUG:roipoly.roipoly:draw line x: [510.744409117853, 334.5305814517433] y: [542.1415907743708, 525.9751845664708]
DEBUG:roipoly.roipoly:draw line x: [510.744409117853, 321.5974564854233] y: [542.1415907743708, 528.4001454976558]
DEBUG:roipoly.roipoly:draw line x: [510.744409117853, 317.55585493344824] y: [542.1415907743708, 530.0167861184458]
DEBUG:roipoly.roipoly:draw line x: [510.744409117853, 303.81440965673323] y: [542.1415907743708, 532.4417470496307]
DEBUG:roipoly.roipoly:draw line x: [510.744409117853, 303.0060893463383] y: [542.1415907743708, 532.4417470496307]
DEBUG:roipoly.roipoly:draw line x: [510.744409117853, 301.3894487255483] y: [542.1415907743708, 532.4417470496307]
DEBUG:roipoly.roipoly:draw line x: [510.744409117853, 295.7312065527833] y: [542.1415907743708, 532.4417470496307]
DEBUG:roipoly.roipoly:draw line x: [510.744409117853, 294.1145659319933] y: [542.1415907743708, 533.2500673600258]
DEBUG:roipoly.roipoly:draw line x: [510.744409117853, 293.30624562159835] y: [542.1415907743708, 533.2500673600258]
DEBUG:roipoly.roipoly:draw line x: [510.744409117853, 292.4979253112033] y: [542.1415907743708, 534.0583876704209]
DEBUG:roipoly.roipoly:draw line x: [510.744409117853, 292.4979253112033] y: [542.1415907743708, 534.8667079808158]
DEBUG:roipoly.roipoly:draw line x: [510.744409117853, 292.4979253112033] y: [542.1415907743708, 534.8667079808158]
DEBUG:roipoly.roipoly:draw line x: [510.744409117853, 292.4979253112033] y: [542.1415907743708, 534.8667079808158]
DEBUG:roipoly.roipoly:draw line x: [510.744409117853, 290.8812846904133] y: [542.1415907743708, 534.8667079808158]
DEBUG:roipoly.roipoly:draw line x: [510.744409117853, 284.41472220725325] y: [542.1415907743708, 538.0999892223958]
DEBUG:roipoly.roipoly:draw line x: [510.744409117853, 282.79808158646335] y: [542.1415907743708, 538.9083095327908]
DEBUG:roipoly.roipoly:draw line x: [510.744409117853, 281.9897612760683] y: [542.1415907743708, 538.9083095327908]
DEBUG:roipoly.roipoly:Received single right mouse button click or double left click
DEBUG:roipoly.roipoly:Stop ROI drawing
INFO:root:14_42_42_15_01_2021: Change detected
INFO:root:14_42_42_15_01_2021: Change detected
INFO:root:14_42_43_15_01_2021: Change detected
INFO:root:14_42_43_15_01_2021: Change detected
INFO:root:14_42_43_15_01_2021: Change detected
INFO:root:14_42_43_15_01_2021: Change detected
INFO:root:14_42_43_15_01_2021: Change detected
INFO:root:14_42_43_15_01_2021: Change detected
INFO:root:14_42_43_15_01_2021: Change detected
INFO:root:14_42_43_15_01_2021: Change detected
INFO:root:14_42_43_15_01_2021: Change detected
INFO:root:14_42_43_15_01_2021: Change detected
INFO:root:14_42_43_15_01_2021: Change detected
INFO:root:14_42_43_15_01_2021: Change detected
INFO:root:14_42_44_15_01_2021: Change detected
INFO:root:14_42_44_15_01_2021: Change detected
INFO:root:14_42_44_15_01_2021: Change detected
INFO:root:14_42_44_15_01_2021: Change detected
INFO:root:14_42_44_15_01_2021: Change detected
INFO:root:14_42_44_15_01_2021: Change detected
INFO:root:14_42_44_15_01_2021: Change detected
INFO:root:14_42_44_15_01_2021: Change detected
INFO:root:14_42_44_15_01_2021: Change detected
INFO:root:14_42_44_15_01_2021: Change detected
INFO:root:14_42_44_15_01_2021: Change detected
INFO:root:14_42_44_15_01_2021: Change detected
INFO:root:14_42_44_15_01_2021: Change detected
INFO:root:14_42_45_15_01_2021: Change detected
INFO:root:14_42_45_15_01_2021: Change detected
INFO:root:14_42_45_15_01_2021: Change detected
INFO:root:14_42_45_15_01_2021: Change detected
INFO:root:14_42_45_15_01_2021: Change detected
INFO:root:14_42_45_15_01_2021: Change detected
INFO:root:14_42_45_15_01_2021: Change detected
INFO:root:14_42_45_15_01_2021: Change detected
INFO:root:14_42_45_15_01_2021: Change detected
INFO:root:14_42_45_15_01_2021: Change detected
INFO:root:14_42_45_15_01_2021: Change detected
INFO:root:14_42_45_15_01_2021: Change detected
INFO:root:14_42_46_15_01_2021: Change detected
INFO:root:14_42_46_15_01_2021: Change detected
INFO:root:14_42_46_15_01_2021: Change detected
INFO:root:14_42_46_15_01_2021: Change detected
INFO:root:14_42_46_15_01_2021: Change detected
INFO:root:14_42_46_15_01_2021: Change detected
INFO:root:14_42_46_15_01_2021: Change detected
INFO:root:14_42_46_15_01_2021: Change detected
INFO:root:14_42_46_15_01_2021: Change detected
INFO:root:14_42_46_15_01_2021: Change detected
INFO:root:14_42_46_15_01_2021: Change detected
INFO:root:14_42_46_15_01_2021: Change detected
INFO:root:14_42_46_15_01_2021: Change detected
INFO:root:14_42_47_15_01_2021: Change detected
INFO:root:14_42_47_15_01_2021: Change detected
INFO:root:14_42_47_15_01_2021: Change detected
INFO:root:14_42_47_15_01_2021: Change detected
INFO:root:14_42_47_15_01_2021: Change detected
INFO:root:14_42_47_15_01_2021: Change detected
INFO:root:14_42_47_15_01_2021: Change detected
INFO:root:14_42_47_15_01_2021: Change detected
INFO:root:14_42_47_15_01_2021: Change detected
INFO:root:14_42_47_15_01_2021: Change detected
INFO:root:14_42_47_15_01_2021: Change detected
INFO:root:14_42_47_15_01_2021: Change detected
INFO:root:14_42_48_15_01_2021: Change detected
INFO:root:14_42_48_15_01_2021: Change detected
INFO:root:14_42_48_15_01_2021: Change detected
INFO:root:14_42_48_15_01_2021: Change detected
INFO:root:14_42_48_15_01_2021: Change detected
INFO:root:14_42_48_15_01_2021: Change detected
INFO:root:14_42_48_15_01_2021: Change detected
INFO:root:14_42_48_15_01_2021: Change detected
INFO:root:14_42_48_15_01_2021: Change detected
INFO:root:14_42_48_15_01_2021: Change detected
INFO:root:14_42_48_15_01_2021: Change detected
INFO:root:14_42_48_15_01_2021: Change detected
INFO:root:14_42_48_15_01_2021: Change detected
INFO:root:14_42_49_15_01_2021: Change detected
INFO:root:14_42_49_15_01_2021: Change detected
INFO:root:14_42_49_15_01_2021: Change detected
INFO:root:14_42_49_15_01_2021: Change detected
INFO:root:14_42_49_15_01_2021: Change detected
INFO:root:14_42_49_15_01_2021: Change detected
INFO:root:14_42_49_15_01_2021: Change detected
INFO:root:14_42_49_15_01_2021: Change detected
INFO:root:14_42_49_15_01_2021: Change detected
INFO:root:14_42_49_15_01_2021: Change detected
INFO:root:14_42_49_15_01_2021: Change detected
INFO:root:14_42_49_15_01_2021: Change detected
INFO:root:14_42_50_15_01_2021: Change detected
INFO:root:14_42_50_15_01_2021: Change detected
INFO:root:14_42_50_15_01_2021: Change detected
INFO:root:14_42_50_15_01_2021: Change detected
INFO:root:14_42_50_15_01_2021: Change detected
INFO:root:14_42_50_15_01_2021: Change detected
INFO:root:14_42_50_15_01_2021: Change detected
INFO:root:14_42_50_15_01_2021: Change detected
INFO:root:14_42_50_15_01_2021: Change detected
INFO:root:14_42_50_15_01_2021: Change detected
INFO:root:14_42_50_15_01_2021: Change detected
INFO:root:14_42_50_15_01_2021: Change detected
INFO:root:14_42_51_15_01_2021: Change detected
INFO:root:14_42_51_15_01_2021: Change detected
INFO:root:14_42_51_15_01_2021: Change detected
INFO:root:14_42_51_15_01_2021: Change detected
INFO:root:14_42_51_15_01_2021: Change detected
INFO:root:14_42_51_15_01_2021: Change detected
INFO:root:14_42_51_15_01_2021: Change detected
INFO:root:14_42_51_15_01_2021: Change detected
INFO:root:14_42_51_15_01_2021: Change detected
INFO:root:14_42_51_15_01_2021: Change detected
INFO:root:14_42_51_15_01_2021: Change detected
INFO:root:14_42_51_15_01_2021: Change detected
INFO:root:14_42_51_15_01_2021: Change detected
INFO:root:14_42_52_15_01_2021: Change detected
INFO:root:14_42_52_15_01_2021: Change detected
INFO:root:14_42_52_15_01_2021: Change detected
INFO:root:14_42_52_15_01_2021: Change detected
INFO:root:14_42_52_15_01_2021: Change detected
INFO:root:14_42_52_15_01_2021: Change detected
INFO:root:14_42_52_15_01_2021: Change detected
INFO:root:14_42_52_15_01_2021: Change detected
INFO:root:14_42_52_15_01_2021: Change detected
INFO:root:14_42_52_15_01_2021: Change detected
INFO:root:14_42_52_15_01_2021: Change detected
INFO:root:14_42_52_15_01_2021: Change detected
INFO:root:14_42_53_15_01_2021: Change detected
INFO:root:14_42_53_15_01_2021: Change detected
INFO:root:14_42_53_15_01_2021: Change detected
INFO:root:14_42_53_15_01_2021: Change detected
INFO:root:14_42_53_15_01_2021: Change detected
INFO:root:14_42_53_15_01_2021: Change detected
INFO:root:14_42_53_15_01_2021: Change detected
INFO:root:14_42_53_15_01_2021: Change detected
INFO:root:14_42_53_15_01_2021: Change detected
INFO:root:14_42_53_15_01_2021: Change detected
INFO:root:14_42_53_15_01_2021: Change detected
INFO:root:14_42_53_15_01_2021: Change detected
INFO:root:14_42_53_15_01_2021: Change detected
INFO:root:14_42_54_15_01_2021: Change detected
INFO:root:14_42_54_15_01_2021: Change detected
INFO:root:14_42_54_15_01_2021: Change detected
INFO:root:14_42_54_15_01_2021: Change detected
INFO:root:14_42_54_15_01_2021: Change detected
INFO:root:14_42_54_15_01_2021: Change detected
INFO:root:14_42_54_15_01_2021: Change detected
INFO:root:14_42_54_15_01_2021: Change detected
INFO:root:14_42_54_15_01_2021: Change detected
INFO:root:14_42_54_15_01_2021: Change detected
INFO:root:14_42_54_15_01_2021: Change detected
INFO:root:14_42_54_15_01_2021: Change detected
INFO:root:14_42_54_15_01_2021: Change detected
INFO:root:14_42_54_15_01_2021: Change detected
INFO:root:14_42_55_15_01_2021: Change detected
INFO:root:14_42_55_15_01_2021: Change detected
INFO:root:14_42_55_15_01_2021: Change detected
INFO:root:14_42_55_15_01_2021: Change detected
INFO:root:14_42_55_15_01_2021: Change detected
INFO:root:14_42_55_15_01_2021: Change detected
INFO:root:14_42_55_15_01_2021: Change detected
INFO:root:14_42_55_15_01_2021: Change detected
INFO:root:14_42_55_15_01_2021: Change detected
INFO:root:14_42_55_15_01_2021: Change detected
INFO:root:14_42_55_15_01_2021: Change detected
INFO:root:14_42_55_15_01_2021: Change detected
INFO:root:14_42_55_15_01_2021: Change detected
INFO:root:14_42_56_15_01_2021: Change detected
INFO:root:14_42_56_15_01_2021: Change detected
INFO:root:14_42_56_15_01_2021: Change detected
INFO:root:14_42_56_15_01_2021: Change detected
INFO:root:14_42_56_15_01_2021: Change detected
INFO:root:14_42_56_15_01_2021: Change detected
INFO:root:14_42_56_15_01_2021: Change detected
INFO:root:14_42_56_15_01_2021: Change detected
INFO:root:14_42_56_15_01_2021: Change detected
INFO:root:14_42_56_15_01_2021: Change detected
INFO:root:14_42_56_15_01_2021: Change detected
INFO:root:14_42_56_15_01_2021: Change detected
INFO:root:14_42_56_15_01_2021: Change detected
INFO:root:14_42_57_15_01_2021: Change detected
INFO:root:14_42_57_15_01_2021: Change detected
INFO:root:14_42_57_15_01_2021: Change detected
INFO:root:14_42_57_15_01_2021: Change detected
INFO:root:14_42_57_15_01_2021: Change detected
INFO:root:14_42_57_15_01_2021: Change detected
INFO:root:14_42_57_15_01_2021: Change detected
INFO:root:14_42_57_15_01_2021: Change detected
INFO:root:14_42_57_15_01_2021: Change detected
INFO:root:14_42_57_15_01_2021: Change detected
INFO:root:14_42_57_15_01_2021: Change detected
INFO:root:14_42_57_15_01_2021: Change detected
INFO:root:14_42_57_15_01_2021: Change detected
INFO:root:14_42_58_15_01_2021: Change detected
INFO:root:14_42_58_15_01_2021: Change detected
INFO:root:14_42_58_15_01_2021: Change detected
INFO:root:14_42_58_15_01_2021: Change detected
INFO:root:14_42_58_15_01_2021: Change detected
INFO:root:14_42_58_15_01_2021: Change detected
INFO:root:14_42_58_15_01_2021: Change detected
INFO:root:14_42_58_15_01_2021: Change detected
INFO:root:14_42_58_15_01_2021: Change detected
INFO:root:14_42_58_15_01_2021: Change detected
INFO:root:14_42_58_15_01_2021: Change detected
INFO:root:14_42_58_15_01_2021: Change detected
INFO:root:14_42_58_15_01_2021: Change detected
INFO:root:14_42_59_15_01_2021: Change detected
INFO:root:14_42_59_15_01_2021: Change detected
INFO:root:14_42_59_15_01_2021: Change detected
INFO:root:14_42_59_15_01_2021: Change detected
INFO:root:14_42_59_15_01_2021: Change detected
INFO:root:14_42_59_15_01_2021: Change detected
INFO:root:14_42_59_15_01_2021: Change detected
INFO:root:14_42_59_15_01_2021: Change detected
INFO:root:14_42_59_15_01_2021: Change detected
INFO:root:14_42_59_15_01_2021: Change detected
INFO:root:14_42_59_15_01_2021: Change detected
INFO:root:14_42_59_15_01_2021: Change detected
INFO:root:14_42_59_15_01_2021: Change detected
INFO:root:14_43_00_15_01_2021: Change detected
INFO:root:14_43_00_15_01_2021: Change detected
INFO:root:14_43_00_15_01_2021: Change detected
INFO:root:14_43_00_15_01_2021: Change detected
INFO:root:14_43_00_15_01_2021: Change detected
INFO:root:14_43_00_15_01_2021: Change detected
INFO:root:14_43_00_15_01_2021: Change detected
INFO:root:14_43_00_15_01_2021: Change detected
INFO:root:14_43_00_15_01_2021: Change detected
INFO:root:14_43_00_15_01_2021: Change detected
INFO:root:14_43_00_15_01_2021: Change detected
INFO:root:14_43_00_15_01_2021: Change detected
INFO:root:14_43_00_15_01_2021: Change detected
INFO:root:14_43_01_15_01_2021: Change detected
INFO:root:14_43_01_15_01_2021: Change detected
INFO:root:14_43_01_15_01_2021: Change detected
INFO:root:14_43_01_15_01_2021: Change detected
INFO:root:14_43_01_15_01_2021: Change detected
INFO:root:14_43_01_15_01_2021: Change detected
INFO:root:14_43_01_15_01_2021: Change detected
INFO:root:14_43_01_15_01_2021: Change detected
INFO:root:14_43_01_15_01_2021: Change detected
INFO:root:14_43_01_15_01_2021: Change detected
INFO:root:14_43_01_15_01_2021: Change detected
INFO:root:14_43_01_15_01_2021: Change detected
INFO:root:14_43_01_15_01_2021: Change detected
INFO:root:14_43_02_15_01_2021: Change detected
INFO:root:14_43_02_15_01_2021: Change detected
INFO:root:14_43_02_15_01_2021: Change detected
INFO:root:14_43_02_15_01_2021: Change detected
INFO:root:14_43_02_15_01_2021: Change detected
INFO:root:14_43_02_15_01_2021: Change detected
INFO:root:14_43_02_15_01_2021: Change detected
INFO:root:14_43_02_15_01_2021: Change detected
INFO:root:14_43_02_15_01_2021: Change detected
INFO:root:14_43_02_15_01_2021: Change detected
INFO:root:14_43_02_15_01_2021: Change detected
INFO:root:14_43_02_15_01_2021: Change detected
INFO:root:14_43_02_15_01_2021: Change detected
INFO:root:14_43_02_15_01_2021: Change detected
INFO:root:14_43_03_15_01_2021: Change detected
INFO:root:14_43_03_15_01_2021: Change detected
INFO:root:14_43_03_15_01_2021: Change detected
INFO:root:14_43_03_15_01_2021: Change detected
INFO:root:14_43_03_15_01_2021: Change detected
INFO:root:14_43_03_15_01_2021: Change detected
INFO:root:14_43_03_15_01_2021: Change detected
INFO:root:14_43_03_15_01_2021: Change detected
INFO:root:14_43_03_15_01_2021: Change detected
INFO:root:14_43_03_15_01_2021: Change detected
INFO:root:14_43_03_15_01_2021: Change detected
INFO:root:14_43_03_15_01_2021: Change detected
INFO:root:14_43_03_15_01_2021: Change detected
INFO:root:14_43_04_15_01_2021: Change detected
INFO:root:14_43_04_15_01_2021: Change detected
INFO:root:14_43_04_15_01_2021: Change detected
INFO:root:14_43_04_15_01_2021: Change detected
INFO:root:14_43_04_15_01_2021: Change detected
INFO:root:14_43_04_15_01_2021: Change detected
INFO:root:14_43_04_15_01_2021: Change detected
INFO:root:14_43_04_15_01_2021: Change detected
INFO:root:14_43_04_15_01_2021: Change detected
INFO:root:14_43_04_15_01_2021: Change detected
INFO:root:14_43_04_15_01_2021: Change detected
INFO:root:14_43_04_15_01_2021: Change detected
INFO:root:14_43_04_15_01_2021: Change detected
INFO:root:14_43_05_15_01_2021: Change detected
INFO:root:14_43_05_15_01_2021: Change detected
INFO:root:14_43_05_15_01_2021: Change detected
INFO:root:14_43_05_15_01_2021: Change detected
INFO:root:14_43_05_15_01_2021: Change detected
INFO:root:14_43_05_15_01_2021: Change detected
INFO:root:14_43_05_15_01_2021: Change detected
INFO:root:14_43_05_15_01_2021: Change detected
INFO:root:14_43_05_15_01_2021: Change detected
INFO:root:14_43_05_15_01_2021: Change detected
INFO:root:14_43_05_15_01_2021: Change detected
INFO:root:14_43_05_15_01_2021: Change detected
INFO:root:14_43_05_15_01_2021: Change detected
INFO:root:14_43_06_15_01_2021: Change detected
INFO:root:14_43_06_15_01_2021: Change detected
INFO:root:14_43_06_15_01_2021: Change detected
INFO:root:14_43_06_15_01_2021: Change detected
INFO:root:14_43_06_15_01_2021: Change detected
INFO:root:14_43_06_15_01_2021: Change detected
INFO:root:14_43_06_15_01_2021: Change detected
INFO:root:14_43_06_15_01_2021: Change detected
INFO:root:14_43_06_15_01_2021: Change detected
INFO:root:14_43_06_15_01_2021: Change detected
INFO:root:14_43_06_15_01_2021: Change detected
INFO:root:14_43_06_15_01_2021: Change detected
INFO:root:14_43_06_15_01_2021: Change detected
INFO:root:14_43_07_15_01_2021: Change detected
INFO:root:14_43_07_15_01_2021: Change detected
INFO:root:14_43_07_15_01_2021: Change detected
INFO:root:14_43_07_15_01_2021: Change detected
INFO:root:14_43_07_15_01_2021: Change detected
INFO:root:14_43_07_15_01_2021: Change detected
INFO:root:14_43_07_15_01_2021: Change detected
INFO:root:14_43_07_15_01_2021: Change detected
INFO:root:14_43_07_15_01_2021: Change detected
INFO:root:14_43_07_15_01_2021: Change detected
INFO:root:14_43_07_15_01_2021: Change detected
INFO:root:14_43_07_15_01_2021: Change detected
INFO:root:14_43_07_15_01_2021: Change detected
INFO:root:14_43_08_15_01_2021: Change detected
INFO:root:14_43_08_15_01_2021: Change detected
INFO:root:14_43_08_15_01_2021: Change detected
INFO:root:14_43_08_15_01_2021: Change detected
INFO:root:14_43_08_15_01_2021: Change detected
INFO:root:14_43_08_15_01_2021: Change detected
INFO:root:14_43_08_15_01_2021: Change detected
INFO:root:14_43_08_15_01_2021: Change detected
INFO:root:14_43_08_15_01_2021: Change detected
INFO:root:14_43_08_15_01_2021: Change detected
INFO:root:14_43_08_15_01_2021: Change detected
INFO:root:14_43_08_15_01_2021: Change detected
INFO:root:14_43_08_15_01_2021: Change detected
INFO:root:14_43_09_15_01_2021: Change detected
INFO:root:14_43_09_15_01_2021: Change detected
INFO:root:14_43_09_15_01_2021: Change detected
INFO:root:14_43_09_15_01_2021: Change detected
INFO:root:14_43_09_15_01_2021: Change detected
INFO:root:14_43_09_15_01_2021: Change detected
INFO:root:14_43_09_15_01_2021: Change detected
INFO:root:14_43_09_15_01_2021: Change detected
INFO:root:14_43_09_15_01_2021: Change detected
INFO:root:14_43_09_15_01_2021: Change detected
INFO:root:14_43_09_15_01_2021: Change detected
INFO:root:14_43_09_15_01_2021: Change detected
INFO:root:14_43_09_15_01_2021: Change detected
INFO:root:14_43_10_15_01_2021: Change detected
INFO:root:14_43_10_15_01_2021: Change detected
INFO:root:14_43_10_15_01_2021: Change detected
INFO:root:14_43_10_15_01_2021: Change detected
INFO:root:14_43_10_15_01_2021: Change detected
INFO:root:14_43_10_15_01_2021: Change detected
INFO:root:14_43_10_15_01_2021: Change detected
INFO:root:14_43_10_15_01_2021: Change detected
INFO:root:14_43_10_15_01_2021: Change detected
INFO:root:14_43_10_15_01_2021: Change detected
INFO:root:14_43_10_15_01_2021: Change detected
INFO:root:14_43_10_15_01_2021: Change detected
INFO:root:14_43_11_15_01_2021: Change detected
INFO:root:14_43_11_15_01_2021: Change detected
INFO:root:14_43_11_15_01_2021: Change detected
INFO:root:14_43_11_15_01_2021: Change detected
INFO:root:14_43_11_15_01_2021: Change detected
INFO:root:14_43_11_15_01_2021: Change detected
INFO:root:14_43_11_15_01_2021: Change detected
INFO:root:14_43_11_15_01_2021: Change detected
INFO:root:14_43_11_15_01_2021: Change detected
INFO:root:14_43_11_15_01_2021: Change detected
INFO:root:14_43_11_15_01_2021: Change detected
INFO:root:14_43_11_15_01_2021: Change detected
INFO:root:14_43_12_15_01_2021: Change detected
INFO:root:14_43_12_15_01_2021: Change detected
INFO:root:14_43_12_15_01_2021: Change detected
INFO:root:14_43_12_15_01_2021: Change detected
INFO:root:14_43_12_15_01_2021: Change detected
INFO:root:14_43_12_15_01_2021: Change detected
INFO:root:14_43_12_15_01_2021: Change detected
INFO:root:14_43_12_15_01_2021: Change detected
INFO:root:14_43_12_15_01_2021: Change detected
INFO:root:14_43_12_15_01_2021: Change detected
INFO:root:14_43_12_15_01_2021: Change detected
INFO:root:14_43_12_15_01_2021: Change detected
INFO:root:14_43_12_15_01_2021: Change detected
INFO:root:14_43_13_15_01_2021: Change detected
INFO:root:14_43_13_15_01_2021: Change detected
INFO:root:14_43_13_15_01_2021: Change detected
INFO:root:14_43_13_15_01_2021: Change detected
INFO:root:14_43_13_15_01_2021: Change detected
INFO:root:14_43_13_15_01_2021: Change detected
INFO:root:14_43_13_15_01_2021: Change detected
INFO:root:14_43_13_15_01_2021: Change detected
INFO:root:14_43_13_15_01_2021: Change detected
INFO:root:14_43_13_15_01_2021: Change detected
INFO:root:14_43_13_15_01_2021: Change detected
INFO:root:14_43_13_15_01_2021: Change detected
INFO:root:14_43_14_15_01_2021: Change detected
INFO:root:14_43_14_15_01_2021: Change detected
INFO:root:14_43_14_15_01_2021: Change detected
INFO:root:14_43_14_15_01_2021: Change detected
INFO:root:14_43_14_15_01_2021: Change detected
INFO:root:14_43_14_15_01_2021: Change detected
INFO:root:14_43_14_15_01_2021: Change detected
INFO:root:14_43_14_15_01_2021: Change detected
INFO:root:14_43_14_15_01_2021: Change detected
INFO:root:14_43_14_15_01_2021: Change detected
INFO:root:14_43_14_15_01_2021: Change detected
INFO:root:14_43_14_15_01_2021: Change detected
INFO:root:14_43_14_15_01_2021: Change detected
INFO:root:14_43_14_15_01_2021: Change detected
INFO:root:14_43_15_15_01_2021: Change detected
INFO:root:14_43_15_15_01_2021: Change detected
INFO:root:14_43_15_15_01_2021: Change detected
INFO:root:14_43_15_15_01_2021: Change detected
INFO:root:14_43_15_15_01_2021: Change detected
INFO:root:14_43_15_15_01_2021: Change detected
INFO:root:14_43_15_15_01_2021: Change detected
INFO:root:14_43_15_15_01_2021: Change detected
INFO:root:14_43_15_15_01_2021: Change detected
INFO:root:14_43_15_15_01_2021: Change detected
INFO:root:14_43_15_15_01_2021: Change detected
INFO:root:14_43_15_15_01_2021: Change detected
INFO:root:14_43_15_15_01_2021: Change detected
INFO:root:14_43_16_15_01_2021: Change detected
INFO:root:14_43_16_15_01_2021: Change detected
INFO:root:14_43_16_15_01_2021: Change detected
INFO:root:14_43_16_15_01_2021: Change detected
INFO:root:14_43_16_15_01_2021: Change detected
INFO:root:14_43_16_15_01_2021: Change detected
INFO:root:14_43_16_15_01_2021: Change detected
INFO:root:14_43_16_15_01_2021: Change detected
INFO:root:14_43_16_15_01_2021: Change detected
INFO:root:14_43_16_15_01_2021: Change detected
INFO:root:14_43_16_15_01_2021: Change detected
INFO:root:14_43_16_15_01_2021: Change detected
INFO:root:14_43_17_15_01_2021: Change detected
INFO:root:14_43_17_15_01_2021: Change detected
INFO:root:14_43_17_15_01_2021: Change detected
INFO:root:14_43_17_15_01_2021: Change detected
INFO:root:14_43_17_15_01_2021: Change detected
INFO:root:14_43_17_15_01_2021: Change detected
INFO:root:14_43_17_15_01_2021: Change detected
INFO:root:14_43_17_15_01_2021: Change detected
