INFO:root:Scene Object change detection Job Started...
DEBUG:root:Monitering started...
DEBUG:matplotlib.font_manager:findfont: Matching :family=sans-serif:style=normal:variant=normal:weight=normal:stretch=normal:size=10.0.
DEBUG:matplotlib.font_manager:findfont: score(<Font 'STIXSizeThreeSym' (STIXSizThreeSymBol.ttf) normal normal bold normal>) = 10.335
DEBUG:matplotlib.font_manager:findfont: score(<Font 'DejaVu Sans Mono' (DejaVuSansMono.ttf) normal normal 400 normal>) = 10.05
DEBUG:matplotlib.font_manager:findfont: score(<Font 'DejaVu Serif' (DejaVuSerif.ttf) normal normal 400 normal>) = 10.05
DEBUG:matplotlib.font_manager:findfont: score(<Font 'DejaVu Sans Mono' (DejaVuSansMono-Bold.ttf) normal normal bold normal>) = 10.335
DEBUG:matplotlib.font_manager:findfont: score(<Font 'cmtt10' (cmtt10.ttf) normal normal 400 normal>) = 10.05
DEBUG:matplotlib.font_manager:findfont: score(<Font 'STIXNonUnicode' (STIXNonUni.ttf) normal normal regular normal>) = 10.05
DEBUG:matplotlib.font_manager:findfont: score(<Font 'STIXSizeFourSym' (STIXSizFourSymBol.ttf) normal normal bold normal>) = 10.335
DEBUG:matplotlib.font_manager:findfont: score(<Font 'STIXNonUnicode' (STIXNonUniBolIta.ttf) italic normal bold normal>) = 11.335
DEBUG:matplotlib.font_manager:findfont: score(<Font 'DejaVu Sans' (DejaVuSans-BoldOblique.ttf) oblique normal bold normal>) = 1.335
DEBUG:matplotlib.font_manager:findfont: score(<Font 'STIXSizeOneSym' (STIXSizOneSymReg.ttf) normal normal regular normal>) = 10.05
DEBUG:matplotlib.font_manager:findfont: score(<Font 'cmr10' (cmr10.ttf) normal normal 400 normal>) = 10.05
DEBUG:matplotlib.font_manager:findfont: score(<Font 'cmss10' (cmss10.ttf) normal normal 400 normal>) = 10.05
DEBUG:matplotlib.font_manager:findfont: score(<Font 'STIXSizeOneSym' (STIXSizOneSymBol.ttf) normal normal bold normal>) = 10.335
DEBUG:matplotlib.font_manager:findfont: score(<Font 'cmb10' (cmb10.ttf) normal normal 400 normal>) = 10.05
DEBUG:matplotlib.font_manager:findfont: score(<Font 'DejaVu Serif' (DejaVuSerif-Italic.ttf) italic normal 400 normal>) = 11.05
DEBUG:matplotlib.font_manager:findfont: score(<Font 'DejaVu Sans Mono' (DejaVuSansMono-BoldOblique.ttf) oblique normal bold normal>) = 11.335
DEBUG:matplotlib.font_manager:findfont: score(<Font 'DejaVu Serif Display' (DejaVuSerifDisplay.ttf) normal normal 400 normal>) = 10.05
DEBUG:matplotlib.font_manager:findfont: score(<Font 'DejaVu Sans Display' (DejaVuSansDisplay.ttf) normal normal 400 normal>) = 10.05
DEBUG:matplotlib.font_manager:findfont: score(<Font 'cmex10' (cmex10.ttf) normal normal 400 normal>) = 10.05
DEBUG:matplotlib.font_manager:findfont: score(<Font 'STIXNonUnicode' (STIXNonUniBol.ttf) normal normal bold normal>) = 10.335
DEBUG:matplotlib.font_manager:findfont: score(<Font 'cmsy10' (cmsy10.ttf) normal normal 400 normal>) = 10.05
DEBUG:matplotlib.font_manager:findfont: score(<Font 'DejaVu Sans' (DejaVuSans-Bold.ttf) normal normal bold normal>) = 0.33499999999999996
DEBUG:matplotlib.font_manager:findfont: score(<Font 'STIXSizeTwoSym' (STIXSizTwoSymBol.ttf) normal normal bold normal>) = 10.335
DEBUG:matplotlib.font_manager:findfont: score(<Font 'DejaVu Sans' (DejaVuSans.ttf) normal normal 400 normal>) = 0.05
DEBUG:matplotlib.font_manager:findfont: score(<Font 'STIXGeneral' (STIXGeneral.ttf) normal normal regular normal>) = 10.05
DEBUG:matplotlib.font_manager:findfont: score(<Font 'STIXSizeFiveSym' (STIXSizFiveSymReg.ttf) normal normal regular normal>) = 10.05
DEBUG:matplotlib.font_manager:findfont: score(<Font 'STIXSizeThreeSym' (STIXSizThreeSymReg.ttf) normal normal regular normal>) = 10.05
DEBUG:matplotlib.font_manager:findfont: score(<Font 'cmmi10' (cmmi10.ttf) normal normal 400 normal>) = 10.05
DEBUG:matplotlib.font_manager:findfont: score(<Font 'STIXGeneral' (STIXGeneralBolIta.ttf) italic normal bold normal>) = 11.335
DEBUG:matplotlib.font_manager:findfont: score(<Font 'DejaVu Sans' (DejaVuSans-Oblique.ttf) oblique normal 400 normal>) = 1.05
DEBUG:matplotlib.font_manager:findfont: score(<Font 'STIXGeneral' (STIXGeneralBol.ttf) normal normal bold normal>) = 10.335
DEBUG:matplotlib.font_manager:findfont: score(<Font 'DejaVu Sans Mono' (DejaVuSansMono-Oblique.ttf) oblique normal 400 normal>) = 11.05
DEBUG:matplotlib.font_manager:findfont: score(<Font 'DejaVu Serif' (DejaVuSerif-Bold.ttf) normal normal bold normal>) = 10.335
DEBUG:matplotlib.font_manager:findfont: score(<Font 'DejaVu Serif' (DejaVuSerif-BoldItalic.ttf) italic normal bold normal>) = 11.335
DEBUG:matplotlib.font_manager:findfont: score(<Font 'STIXNonUnicode' (STIXNonUniIta.ttf) italic normal 400 normal>) = 11.05
DEBUG:matplotlib.font_manager:findfont: score(<Font 'STIXGeneral' (STIXGeneralItalic.ttf) italic normal 400 normal>) = 11.05
DEBUG:matplotlib.font_manager:findfont: score(<Font 'STIXSizeFourSym' (STIXSizFourSymReg.ttf) normal normal regular normal>) = 10.05
DEBUG:matplotlib.font_manager:findfont: score(<Font 'STIXSizeTwoSym' (STIXSizTwoSymReg.ttf) normal normal regular normal>) = 10.05
DEBUG:matplotlib.font_manager:findfont: score(<Font 'Liberation Sans' (LiberationSans-Regular.ttf) normal normal 400 normal>) = 10.05
DEBUG:matplotlib.font_manager:findfont: score(<Font 'Tlwg Typo' (TlwgTypo-BoldOblique.ttf) oblique normal bold normal>) = 11.335
DEBUG:matplotlib.font_manager:findfont: score(<Font 'Liberation Serif' (LiberationSerif-Regular.ttf) normal normal 400 normal>) = 10.05
DEBUG:matplotlib.font_manager:findfont: score(<Font 'Norasi' (Norasi-Oblique.ttf) oblique normal 400 normal>) = 11.05
DEBUG:matplotlib.font_manager:findfont: score(<Font 'Ubuntu' (Ubuntu-RI.ttf) italic normal 400 normal>) = 11.05
DEBUG:matplotlib.font_manager:findfont: score(<Font 'Liberation Mono' (LiberationMono-Bold.ttf) normal normal bold normal>) = 10.335
DEBUG:matplotlib.font_manager:findfont: score(<Font 'Loma' (Loma-Bold.ttf) normal normal bold normal>) = 10.335
DEBUG:matplotlib.font_manager:findfont: score(<Font 'Noto Serif CJK JP' (NotoSerifCJK-Regular.ttc) normal normal 400 normal>) = 10.05
DEBUG:matplotlib.font_manager:findfont: score(<Font 'Waree' (Waree-Bold.ttf) normal normal bold normal>) = 10.335
DEBUG:matplotlib.font_manager:findfont: score(<Font 'Lohit Malayalam' (Lohit-Malayalam.ttf) normal normal 400 normal>) = 10.05
DEBUG:matplotlib.font_manager:findfont: score(<Font 'FreeSerif' (FreeSerifItalic.ttf) italic normal 400 normal>) = 11.05
DEBUG:matplotlib.font_manager:findfont: score(<Font 'Ubuntu Mono' (UbuntuMono-RI.ttf) italic normal 400 normal>) = 11.05
DEBUG:matplotlib.font_manager:findfont: score(<Font 'Meera' (Meera.ttf) normal normal 400 normal>) = 10.05
DEBUG:matplotlib.font_manager:findfont: score(<Font 'Lohit Tamil Classical' (Lohit-Tamil-Classical.ttf) normal normal 400 normal>) = 10.05
DEBUG:matplotlib.font_manager:findfont: score(<Font 'Tlwg Typewriter' (TlwgTypewriter.ttf) normal normal 400 normal>) = 10.05
DEBUG:matplotlib.font_manager:findfont: score(<Font 'Tlwg Typo' (TlwgTypo-Oblique.ttf) oblique normal 400 normal>) = 11.05
DEBUG:matplotlib.font_manager:findfont: score(<Font 'DejaVu Sans' (DejaVuSansCondensed-Bold.ttf) normal normal bold condensed>) = 0.5349999999999999
DEBUG:matplotlib.font_manager:findfont: score(<Font 'Dyuthi' (Dyuthi.ttf) normal normal 400 normal>) = 10.05
DEBUG:matplotlib.font_manager:findfont: score(<Font 'KacstOne' (KacstOne.ttf) normal normal 400 normal>) = 10.05
DEBUG:matplotlib.font_manager:findfont: score(<Font 'Suruma' (Suruma.ttf) normal normal 400 normal>) = 10.05
DEBUG:matplotlib.font_manager:findfont: score(<Font 'Liberation Serif' (LiberationSerif-Bold.ttf) normal normal bold normal>) = 10.335
DEBUG:matplotlib.font_manager:findfont: score(<Font 'Kalapi' (Kalapi.ttf) normal normal 400 normal>) = 10.05
DEBUG:matplotlib.font_manager:findfont: score(<Font 'Tlwg Typewriter' (TlwgTypewriter-Bold.ttf) normal normal bold normal>) = 10.335
DEBUG:matplotlib.font_manager:findfont: score(<Font 'Loma' (Loma-Oblique.ttf) oblique normal 400 normal>) = 11.05
DEBUG:matplotlib.font_manager:findfont: score(<Font 'Kinnari' (Kinnari-Bold.ttf) normal normal bold normal>) = 10.335
DEBUG:matplotlib.font_manager:findfont: score(<Font 'Sahadeva' (sahadeva.ttf) normal normal 400 normal>) = 10.05
DEBUG:matplotlib.font_manager:findfont: score(<Font 'LKLUG' (lklug.ttf) normal normal 400 normal>) = 10.05
DEBUG:matplotlib.font_manager:findfont: score(<Font 'Liberation Serif' (LiberationSerif-Italic.ttf) italic normal 400 normal>) = 11.05
DEBUG:matplotlib.font_manager:findfont: score(<Font 'Tlwg Typist' (TlwgTypist.ttf) normal normal 400 normal>) = 10.05
DEBUG:matplotlib.font_manager:findfont: score(<Font 'Mitra Mono' (mitra.ttf) normal normal 400 normal>) = 10.05
DEBUG:matplotlib.font_manager:findfont: score(<Font 'Lohit Bengali' (Lohit-Bengali.ttf) normal normal 400 normal>) = 10.05
DEBUG:matplotlib.font_manager:findfont: score(<Font 'Jamrul' (JamrulNormal.ttf) normal normal 400 normal>) = 10.05
DEBUG:matplotlib.font_manager:findfont: score(<Font 'DejaVu Sans' (DejaVuSansCondensed.ttf) normal normal 400 condensed>) = 0.25
DEBUG:matplotlib.font_manager:findfont: score(<Font 'Padauk Book' (PadaukBook-Bold.ttf) normal normal book normal>) = 10.05
DEBUG:matplotlib.font_manager:findfont: score(<Font 'KacstScreen' (KacstScreen.ttf) normal normal 400 normal>) = 10.05
DEBUG:matplotlib.font_manager:findfont: score(<Font 'Samyak Gujarati' (Samyak-Gujarati.ttf) normal normal 400 normal>) = 10.05
DEBUG:matplotlib.font_manager:findfont: score(<Font 'Ubuntu' (Ubuntu-LI.ttf) italic normal light normal>) = 11.24
DEBUG:matplotlib.font_manager:findfont: score(<Font 'Norasi' (Norasi-BoldOblique.ttf) oblique normal bold normal>) = 11.335
DEBUG:matplotlib.font_manager:findfont: score(<Font 'Laksaman' (Laksaman-Italic.ttf) italic normal 400 normal>) = 11.05
DEBUG:matplotlib.font_manager:findfont: score(<Font 'Ubuntu Condensed' (Ubuntu-C.ttf) normal normal 400 condensed>) = 10.25
DEBUG:matplotlib.font_manager:findfont: score(<Font 'Karumbi' (Karumbi.ttf) normal normal 400 normal>) = 10.05
DEBUG:matplotlib.font_manager:findfont: score(<Font 'Kinnari' (Kinnari-Italic.ttf) italic normal 400 normal>) = 11.05
DEBUG:matplotlib.font_manager:findfont: score(<Font 'Ubuntu' (Ubuntu-BI.ttf) italic normal bold normal>) = 11.335
DEBUG:matplotlib.font_manager:findfont: score(<Font 'Loma' (Loma-BoldOblique.ttf) oblique normal bold normal>) = 11.335
DEBUG:matplotlib.font_manager:findfont: score(<Font 'Laksaman' (Laksaman.ttf) normal normal 400 normal>) = 10.05
DEBUG:matplotlib.font_manager:findfont: score(<Font 'Laksaman' (Laksaman-BoldItalic.ttf) italic normal bold normal>) = 11.335
DEBUG:matplotlib.font_manager:findfont: score(<Font 'Likhan' (LikhanNormal.ttf) normal normal 400 normal>) = 10.05
DEBUG:matplotlib.font_manager:findfont: score(<Font 'Lohit Telugu' (Lohit-Telugu.ttf) normal normal 400 normal>) = 10.05
DEBUG:matplotlib.font_manager:findfont: score(<Font 'Liberation Sans Narrow' (LiberationSansNarrow-BoldItalic.ttf) italic normal bold condensed>) = 11.535
DEBUG:matplotlib.font_manager:findfont: score(<Font 'FreeMono' (FreeMono.ttf) normal normal 400 normal>) = 10.05
DEBUG:matplotlib.font_manager:findfont: score(<Font 'padmaa' (padmaa-Medium-0.5.ttf) normal normal normal normal>) = 10.0
DEBUG:matplotlib.font_manager:findfont: score(<Font 'Sawasdee' (Sawasdee-Oblique.ttf) oblique normal 400 normal>) = 11.05
DEBUG:matplotlib.font_manager:findfont: score(<Font 'Umpush' (Umpush-Light.ttf) normal normal light normal>) = 10.24
DEBUG:matplotlib.font_manager:findfont: score(<Font 'KacstOne' (KacstOne-Bold.ttf) normal normal bold normal>) = 10.335
DEBUG:matplotlib.font_manager:findfont: score(<Font 'Waree' (Waree.ttf) normal normal 400 normal>) = 10.05
DEBUG:matplotlib.font_manager:findfont: score(<Font 'Lohit Devanagari' (Lohit-Devanagari.ttf) normal normal 400 normal>) = 10.05
DEBUG:matplotlib.font_manager:findfont: score(<Font 'Tlwg Typewriter' (TlwgTypewriter-Oblique.ttf) oblique normal 400 normal>) = 11.05
DEBUG:matplotlib.font_manager:findfont: score(<Font 'Tlwg Typist' (TlwgTypist-Bold.ttf) normal normal bold normal>) = 10.335
DEBUG:matplotlib.font_manager:findfont: score(<Font 'Ubuntu Mono' (UbuntuMono-R.ttf) normal normal 400 normal>) = 10.05
DEBUG:matplotlib.font_manager:findfont: score(<Font 'Tibetan Machine Uni' (TibetanMachineUni.ttf) normal normal 400 normal>) = 10.05
DEBUG:matplotlib.font_manager:findfont: score(<Font 'Khmer OS System' (KhmerOSsys.ttf) normal normal 400 normal>) = 10.05
DEBUG:matplotlib.font_manager:findfont: score(<Font 'Droid Sans Fallback' (DroidSansFallbackFull.ttf) normal normal 400 normal>) = 10.05
DEBUG:matplotlib.font_manager:findfont: score(<Font 'Purisa' (Purisa.ttf) normal normal 400 normal>) = 10.05
DEBUG:matplotlib.font_manager:findfont: score(<Font 'Padauk' (Padauk-Regular.ttf) normal normal 400 normal>) = 10.05
DEBUG:matplotlib.font_manager:findfont: score(<Font 'Manjari' (Manjari-Bold.otf) normal normal bold normal>) = 10.335
DEBUG:matplotlib.font_manager:findfont: score(<Font 'KacstNaskh' (KacstNaskh.ttf) normal normal 400 normal>) = 10.05
DEBUG:matplotlib.font_manager:findfont: score(<Font 'Keraleeyam' (Keraleeyam.ttf) normal normal 700 normal>) = 10.335
DEBUG:matplotlib.font_manager:findfont: score(<Font 'Purisa' (Purisa-Bold.ttf) normal normal bold normal>) = 10.335
DEBUG:matplotlib.font_manager:findfont: score(<Font 'Norasi' (Norasi.ttf) normal normal 400 normal>) = 10.05
DEBUG:matplotlib.font_manager:findfont: score(<Font 'KacstPen' (KacstPen.ttf) normal normal 400 normal>) = 10.05
DEBUG:matplotlib.font_manager:findfont: score(<Font 'Kinnari' (Kinnari-Oblique.ttf) oblique normal 400 normal>) = 11.05
DEBUG:matplotlib.font_manager:findfont: score(<Font 'Garuda' (Garuda-BoldOblique.ttf) oblique normal bold normal>) = 11.335
DEBUG:matplotlib.font_manager:findfont: score(<Font 'Liberation Sans' (LiberationSans-BoldItalic.ttf) italic normal bold normal>) = 11.335
DEBUG:matplotlib.font_manager:findfont: score(<Font 'Tlwg Typo' (TlwgTypo.ttf) normal normal 400 normal>) = 10.05
DEBUG:matplotlib.font_manager:findfont: score(<Font 'FreeMono' (FreeMonoOblique.ttf) oblique normal 400 normal>) = 11.05
DEBUG:matplotlib.font_manager:findfont: score(<Font 'Tlwg Typo' (TlwgTypo-Bold.ttf) normal normal bold normal>) = 10.335
DEBUG:matplotlib.font_manager:findfont: score(<Font 'Noto Mono' (NotoMono-Regular.ttf) normal normal 400 normal>) = 10.05
DEBUG:matplotlib.font_manager:findfont: score(<Font 'FreeSans' (FreeSansBoldOblique.ttf) oblique normal bold normal>) = 11.335
DEBUG:matplotlib.font_manager:findfont: score(<Font 'Liberation Sans' (LiberationSans-Bold.ttf) normal normal bold normal>) = 10.335
DEBUG:matplotlib.font_manager:findfont: score(<Font 'Liberation Sans Narrow' (LiberationSansNarrow-Regular.ttf) normal normal 400 condensed>) = 10.25
DEBUG:matplotlib.font_manager:findfont: score(<Font 'RaghuMalayalam' (RaghuMalayalamSans-Regular.ttf) normal normal regular normal>) = 10.05
DEBUG:matplotlib.font_manager:findfont: score(<Font 'Kalimati' (kalimati.ttf) normal normal 400 normal>) = 10.05
DEBUG:matplotlib.font_manager:findfont: score(<Font 'Samyak Malayalam' (Samyak-Malayalam.ttf) normal normal 400 normal>) = 10.05
DEBUG:matplotlib.font_manager:findfont: score(<Font 'KacstDecorative' (KacstDecorative.ttf) normal normal 400 normal>) = 10.05
DEBUG:matplotlib.font_manager:findfont: score(<Font 'Abyssinica SIL' (AbyssinicaSIL-R.ttf) normal normal 400 normal>) = 10.05
DEBUG:matplotlib.font_manager:findfont: score(<Font 'AnjaliOldLipi' (AnjaliOldLipi.ttf) normal normal 400 normal>) = 10.05
DEBUG:matplotlib.font_manager:findfont: score(<Font 'Manjari' (Manjari-Thin.otf) normal normal 400 normal>) = 10.05
DEBUG:matplotlib.font_manager:findfont: score(<Font 'KacstArt' (KacstArt.ttf) normal normal 400 normal>) = 10.05
DEBUG:matplotlib.font_manager:findfont: score(<Font 'Purisa' (Purisa-Oblique.ttf) oblique normal 400 normal>) = 11.05
DEBUG:matplotlib.font_manager:findfont: score(<Font 'Lohit Odia' (Lohit-Odia.ttf) normal normal 400 normal>) = 10.05
DEBUG:matplotlib.font_manager:findfont: score(<Font 'KacstDigital' (KacstDigital.ttf) normal normal 400 normal>) = 10.05
DEBUG:matplotlib.font_manager:findfont: score(<Font 'Samyak Devanagari' (Samyak-Devanagari.ttf) normal normal 400 normal>) = 10.05
DEBUG:matplotlib.font_manager:findfont: score(<Font 'Umpush' (Umpush-Oblique.ttf) oblique normal 400 normal>) = 11.05
DEBUG:matplotlib.font_manager:findfont: score(<Font 'Lohit Tamil' (Lohit-Tamil.ttf) normal normal 400 normal>) = 10.05
DEBUG:matplotlib.font_manager:findfont: score(<Font 'Ubuntu' (Ubuntu-L.ttf) normal normal light normal>) = 10.24
DEBUG:matplotlib.font_manager:findfont: score(<Font 'Liberation Mono' (LiberationMono-Regular.ttf) normal normal 400 normal>) = 10.05
DEBUG:matplotlib.font_manager:findfont: score(<Font 'mry_KacstQurn' (mry_KacstQurn.ttf) normal normal 400 normal>) = 10.05
DEBUG:matplotlib.font_manager:findfont: score(<Font 'Liberation Mono' (LiberationMono-BoldItalic.ttf) italic normal bold normal>) = 11.335
DEBUG:matplotlib.font_manager:findfont: score(<Font 'Laksaman' (Laksaman-Bold.ttf) normal normal bold normal>) = 10.335
DEBUG:matplotlib.font_manager:findfont: score(<Font 'DejaVu Sans' (DejaVuSansCondensed-BoldOblique.ttf) oblique normal bold condensed>) = 1.535
DEBUG:matplotlib.font_manager:findfont: score(<Font 'Umpush' (Umpush.ttf) normal normal 400 normal>) = 10.05
DEBUG:matplotlib.font_manager:findfont: score(<Font 'Khmer OS' (KhmerOS.ttf) normal normal 400 normal>) = 10.05
DEBUG:matplotlib.font_manager:findfont: score(<Font 'Garuda' (Garuda.ttf) normal normal 400 normal>) = 10.05
DEBUG:matplotlib.font_manager:findfont: score(<Font 'DejaVu Sans' (DejaVuSansCondensed-Oblique.ttf) oblique normal 400 condensed>) = 1.25
DEBUG:matplotlib.font_manager:findfont: score(<Font 'FreeSans' (FreeSansOblique.ttf) oblique normal 400 normal>) = 11.05
DEBUG:matplotlib.font_manager:findfont: score(<Font 'FreeSerif' (FreeSerif.ttf) normal normal 400 normal>) = 10.05
DEBUG:matplotlib.font_manager:findfont: score(<Font 'Noto Sans CJK JP' (NotoSansCJK-Bold.ttc) normal normal bold normal>) = 10.335
DEBUG:matplotlib.font_manager:findfont: score(<Font 'Rachana' (Rachana-Bold.ttf) normal normal bold normal>) = 10.335
DEBUG:matplotlib.font_manager:findfont: score(<Font 'DejaVu Serif' (DejaVuSerifCondensed.ttf) normal normal 400 condensed>) = 10.25
DEBUG:matplotlib.font_manager:findfont: score(<Font 'padmaa-Bold.1.1' (padmaa-Bold.1.1.ttf) normal normal bold normal>) = 10.335
DEBUG:matplotlib.font_manager:findfont: score(<Font 'Uroob' (Uroob.ttf) normal normal 700 normal>) = 10.335
DEBUG:matplotlib.font_manager:findfont: score(<Font 'Purisa' (Purisa-BoldOblique.ttf) oblique normal bold normal>) = 11.335
DEBUG:matplotlib.font_manager:findfont: score(<Font 'Vemana2000' (vemana2000.ttf) normal normal 400 normal>) = 10.05
DEBUG:matplotlib.font_manager:findfont: score(<Font 'KacstLetter' (KacstLetter.ttf) normal normal 400 normal>) = 10.05
DEBUG:matplotlib.font_manager:findfont: score(<Font 'KacstOffice' (KacstOffice.ttf) normal normal 400 normal>) = 10.05
DEBUG:matplotlib.font_manager:findfont: score(<Font 'DejaVu Math TeX Gyre' (DejaVuMathTeXGyre.ttf) normal normal regular normal>) = 10.05
DEBUG:matplotlib.font_manager:findfont: score(<Font 'Chandas' (chandas1-2.ttf) normal normal 400 normal>) = 10.05
DEBUG:matplotlib.font_manager:findfont: score(<Font 'Samyak Tamil' (Samyak-Tamil.ttf) normal normal 400 normal>) = 10.05
DEBUG:matplotlib.font_manager:findfont: score(<Font 'aakar' (aakar-medium.ttf) normal normal 400 normal>) = 10.05
DEBUG:matplotlib.font_manager:findfont: score(<Font 'KacstTitleL' (KacstTitleL.ttf) normal normal 400 normal>) = 10.05
DEBUG:matplotlib.font_manager:findfont: score(<Font 'Nakula' (nakula.ttf) normal normal 400 normal>) = 10.05
DEBUG:matplotlib.font_manager:findfont: score(<Font 'Kinnari' (Kinnari.ttf) normal normal 400 normal>) = 10.05
DEBUG:matplotlib.font_manager:findfont: score(<Font 'Tlwg Mono' (TlwgMono-Oblique.ttf) oblique normal 400 normal>) = 11.05
DEBUG:matplotlib.font_manager:findfont: score(<Font 'OpenSymbol' (opens___.ttf) normal normal 400 normal>) = 10.05
DEBUG:matplotlib.font_manager:findfont: score(<Font 'Noto Sans CJK JP' (NotoSansCJK-Regular.ttc) normal normal 400 normal>) = 10.05
DEBUG:matplotlib.font_manager:findfont: score(<Font 'Ubuntu Mono' (UbuntuMono-B.ttf) normal normal bold normal>) = 10.335
DEBUG:matplotlib.font_manager:findfont: score(<Font 'KacstFarsi' (KacstFarsi.ttf) normal normal 400 normal>) = 10.05
DEBUG:matplotlib.font_manager:findfont: score(<Font 'Loma' (Loma.ttf) normal normal 400 normal>) = 10.05
DEBUG:matplotlib.font_manager:findfont: score(<Font 'Gargi' (Gargi.ttf) normal normal 400 normal>) = 10.05
DEBUG:matplotlib.font_manager:findfont: score(<Font 'DejaVu Serif' (DejaVuSerifCondensed-Italic.ttf) italic normal 400 condensed>) = 11.25
DEBUG:matplotlib.font_manager:findfont: score(<Font 'FreeMono' (FreeMonoBoldOblique.ttf) oblique normal bold normal>) = 11.335
DEBUG:matplotlib.font_manager:findfont: score(<Font 'DejaVu Serif' (DejaVuSerifCondensed-BoldItalic.ttf) italic normal bold condensed>) = 11.535
DEBUG:matplotlib.font_manager:findfont: score(<Font 'Sawasdee' (Sawasdee-BoldOblique.ttf) oblique normal bold normal>) = 11.335
DEBUG:matplotlib.font_manager:findfont: score(<Font 'Waree' (Waree-BoldOblique.ttf) oblique normal bold normal>) = 11.335
DEBUG:matplotlib.font_manager:findfont: score(<Font 'Tlwg Mono' (TlwgMono-Bold.ttf) normal normal bold normal>) = 10.335
DEBUG:matplotlib.font_manager:findfont: score(<Font 'Liberation Sans Narrow' (LiberationSansNarrow-Bold.ttf) normal normal bold condensed>) = 10.535
DEBUG:matplotlib.font_manager:findfont: score(<Font 'Sawasdee' (Sawasdee.ttf) normal normal 400 normal>) = 10.05
DEBUG:matplotlib.font_manager:findfont: score(<Font 'Liberation Mono' (LiberationMono-Italic.ttf) italic normal 400 normal>) = 11.05
DEBUG:matplotlib.font_manager:findfont: score(<Font 'DejaVu Sans' (DejaVuSans-ExtraLight.ttf) normal normal light normal>) = 0.24
DEBUG:matplotlib.font_manager:findfont: score(<Font 'FreeMono' (FreeMonoBold.ttf) normal normal bold normal>) = 10.335
DEBUG:matplotlib.font_manager:findfont: score(<Font 'Padauk' (Padauk-Bold.ttf) normal normal bold normal>) = 10.335
DEBUG:matplotlib.font_manager:findfont: score(<Font 'Phetsarath OT' (Phetsarath_OT.ttf) normal normal 400 normal>) = 10.05
DEBUG:matplotlib.font_manager:findfont: score(<Font 'Ubuntu' (Ubuntu-B.ttf) normal normal bold normal>) = 10.335
DEBUG:matplotlib.font_manager:findfont: score(<Font 'Garuda' (Garuda-Bold.ttf) normal normal bold normal>) = 10.335
DEBUG:matplotlib.font_manager:findfont: score(<Font 'Umpush' (Umpush-LightOblique.ttf) oblique normal light normal>) = 11.24
DEBUG:matplotlib.font_manager:findfont: score(<Font 'Padauk Book' (PadaukBook-Regular.ttf) normal normal book normal>) = 10.05
DEBUG:matplotlib.font_manager:findfont: score(<Font 'Saab' (Saab.ttf) normal normal 400 normal>) = 10.05
DEBUG:matplotlib.font_manager:findfont: score(<Font 'Mukti Narrow' (MuktiNarrowBold.ttf) normal normal 700 normal>) = 10.335
DEBUG:matplotlib.font_manager:findfont: score(<Font 'Tlwg Typist' (TlwgTypist-BoldOblique.ttf) oblique normal bold normal>) = 11.335
DEBUG:matplotlib.font_manager:findfont: score(<Font 'Liberation Sans Narrow' (LiberationSansNarrow-Italic.ttf) italic normal 400 condensed>) = 11.25
DEBUG:matplotlib.font_manager:findfont: score(<Font 'Waree' (Waree-Oblique.ttf) oblique normal 400 normal>) = 11.05
DEBUG:matplotlib.font_manager:findfont: score(<Font 'Navilu' (Navilu.ttf) normal normal 400 normal>) = 10.05
DEBUG:matplotlib.font_manager:findfont: score(<Font 'Garuda' (Garuda-Oblique.ttf) oblique normal 400 normal>) = 11.05
DEBUG:matplotlib.font_manager:findfont: score(<Font 'Ubuntu' (Ubuntu-R.ttf) normal normal 400 normal>) = 10.05
DEBUG:matplotlib.font_manager:findfont: score(<Font 'Sawasdee' (Sawasdee-Bold.ttf) normal normal bold normal>) = 10.335
DEBUG:matplotlib.font_manager:findfont: score(<Font 'KacstPoster' (KacstPoster.ttf) normal normal 400 normal>) = 10.05
DEBUG:matplotlib.font_manager:findfont: score(<Font 'KacstTitle' (KacstTitle.ttf) normal normal 400 normal>) = 10.05
DEBUG:matplotlib.font_manager:findfont: score(<Font 'FreeSans' (FreeSans.ttf) normal normal 400 normal>) = 10.05
DEBUG:matplotlib.font_manager:findfont: score(<Font 'ori1Uni' (utkal.ttf) normal normal medium normal>) = 10.145
DEBUG:matplotlib.font_manager:findfont: score(<Font 'Ubuntu Mono' (UbuntuMono-BI.ttf) italic normal bold normal>) = 11.335
DEBUG:matplotlib.font_manager:findfont: score(<Font 'Samanata' (samanata.ttf) normal normal 400 normal>) = 10.05
DEBUG:matplotlib.font_manager:findfont: score(<Font 'Chilanka' (Chilanka-Regular.ttf) normal normal regular normal>) = 10.05
DEBUG:matplotlib.font_manager:findfont: score(<Font 'Norasi' (Norasi-BoldItalic.ttf) italic normal bold normal>) = 11.335
DEBUG:matplotlib.font_manager:findfont: score(<Font 'Mukti Narrow' (MuktiNarrow.ttf) normal normal 400 normal>) = 10.05
DEBUG:matplotlib.font_manager:findfont: score(<Font 'Ani' (ani.ttf) normal normal 400 normal>) = 10.05
DEBUG:matplotlib.font_manager:findfont: score(<Font 'Noto Serif CJK JP' (NotoSerifCJK-Bold.ttc) normal normal bold normal>) = 10.335
DEBUG:matplotlib.font_manager:findfont: score(<Font 'Manjari' (Manjari-Regular.otf) normal normal regular normal>) = 10.05
DEBUG:matplotlib.font_manager:findfont: score(<Font 'Lohit Assamese' (Lohit-Assamese.ttf) normal normal 400 normal>) = 10.05
DEBUG:matplotlib.font_manager:findfont: score(<Font 'Kinnari' (Kinnari-BoldItalic.ttf) italic normal bold normal>) = 11.335
DEBUG:matplotlib.font_manager:findfont: score(<Font 'Gubbi' (Gubbi.ttf) normal normal 400 normal>) = 10.05
DEBUG:matplotlib.font_manager:findfont: score(<Font 'Ubuntu' (Ubuntu-M.ttf) normal normal medium normal>) = 10.145
DEBUG:matplotlib.font_manager:findfont: score(<Font 'Liberation Serif' (LiberationSerif-BoldItalic.ttf) italic normal bold normal>) = 11.335
DEBUG:matplotlib.font_manager:findfont: score(<Font 'Kinnari' (Kinnari-BoldOblique.ttf) oblique normal bold normal>) = 11.335
DEBUG:matplotlib.font_manager:findfont: score(<Font 'FreeSans' (FreeSansBold.ttf) normal normal bold normal>) = 10.335
DEBUG:matplotlib.font_manager:findfont: score(<Font 'Liberation Sans' (LiberationSans-Italic.ttf) italic normal 400 normal>) = 11.05
DEBUG:matplotlib.font_manager:findfont: score(<Font 'padmaa' (padmaa.ttf) normal normal 400 normal>) = 10.05
DEBUG:matplotlib.font_manager:findfont: score(<Font 'Rekha' (Rekha.ttf) normal normal 400 normal>) = 10.05
DEBUG:matplotlib.font_manager:findfont: score(<Font 'Lohit Gujarati' (Lohit-Gujarati.ttf) normal normal 400 normal>) = 10.05
DEBUG:matplotlib.font_manager:findfont: score(<Font 'Umpush' (Umpush-Bold.ttf) normal normal bold normal>) = 10.335
DEBUG:matplotlib.font_manager:findfont: score(<Font 'DejaVu Serif' (DejaVuSerifCondensed-Bold.ttf) normal normal bold condensed>) = 10.535
DEBUG:matplotlib.font_manager:findfont: score(<Font 'Norasi' (Norasi-Bold.ttf) normal normal bold normal>) = 10.335
DEBUG:matplotlib.font_manager:findfont: score(<Font 'Norasi' (Norasi-Italic.ttf) italic normal 400 normal>) = 11.05
DEBUG:matplotlib.font_manager:findfont: score(<Font 'FreeSerif' (FreeSerifBold.ttf) normal normal bold normal>) = 10.335
DEBUG:matplotlib.font_manager:findfont: score(<Font 'Tlwg Typist' (TlwgTypist-Oblique.ttf) oblique normal 400 normal>) = 11.05
DEBUG:matplotlib.font_manager:findfont: score(<Font 'Tlwg Mono' (TlwgMono-BoldOblique.ttf) oblique normal bold normal>) = 11.335
DEBUG:matplotlib.font_manager:findfont: score(<Font 'Pothana2000' (Pothana2000.ttf) normal normal 400 normal>) = 10.05
DEBUG:matplotlib.font_manager:findfont: score(<Font 'Rachana' (Rachana-Regular.ttf) normal normal regular normal>) = 10.05
DEBUG:matplotlib.font_manager:findfont: score(<Font 'Ubuntu' (Ubuntu-MI.ttf) italic normal medium normal>) = 11.145
DEBUG:matplotlib.font_manager:findfont: score(<Font 'Sarai' (Sarai.ttf) normal normal 400 normal>) = 10.05
DEBUG:matplotlib.font_manager:findfont: score(<Font 'KacstQurn' (KacstQurn.ttf) normal normal 400 normal>) = 10.05
DEBUG:matplotlib.font_manager:findfont: score(<Font 'Tlwg Mono' (TlwgMono.ttf) normal normal 400 normal>) = 10.05
DEBUG:matplotlib.font_manager:findfont: score(<Font 'Lohit Gurmukhi' (Lohit-Gurmukhi.ttf) normal normal 400 normal>) = 10.05
DEBUG:matplotlib.font_manager:findfont: score(<Font 'Tlwg Typewriter' (TlwgTypewriter-BoldOblique.ttf) oblique normal bold normal>) = 11.335
DEBUG:matplotlib.font_manager:findfont: score(<Font 'Umpush' (Umpush-BoldOblique.ttf) oblique normal bold normal>) = 11.335
DEBUG:matplotlib.font_manager:findfont: score(<Font 'KacstBook' (KacstBook.ttf) normal normal book normal>) = 10.05
DEBUG:matplotlib.font_manager:findfont: score(<Font 'Pagul' (Pagul.ttf) normal normal 400 normal>) = 10.05
DEBUG:matplotlib.font_manager:findfont: score(<Font 'FreeSerif' (FreeSerifBoldItalic.ttf) italic normal bold normal>) = 11.335
DEBUG:matplotlib.font_manager:findfont: score(<Font 'Lohit Kannada' (Lohit-Kannada.ttf) normal normal 400 normal>) = 10.05
DEBUG:matplotlib.font_manager:findfont: Matching :family=sans-serif:style=normal:variant=normal:weight=normal:stretch=normal:size=10.0 to DejaVu Sans ('/home/ram/.local/lib/python3.6/site-packages/matplotlib/mpl-data/fonts/ttf/DejaVuSans.ttf') with score of 0.050000.
DEBUG:roipoly.roipoly:Creating new ROI 0
DEBUG:matplotlib.font_manager:findfont: Matching :family=sans-serif:style=normal:variant=normal:weight=normal:stretch=normal:size=12.0.
DEBUG:matplotlib.font_manager:findfont: score(<Font 'STIXSizeThreeSym' (STIXSizThreeSymBol.ttf) normal normal bold normal>) = 10.335
DEBUG:matplotlib.font_manager:findfont: score(<Font 'DejaVu Sans Mono' (DejaVuSansMono.ttf) normal normal 400 normal>) = 10.05
DEBUG:matplotlib.font_manager:findfont: score(<Font 'DejaVu Serif' (DejaVuSerif.ttf) normal normal 400 normal>) = 10.05
DEBUG:matplotlib.font_manager:findfont: score(<Font 'DejaVu Sans Mono' (DejaVuSansMono-Bold.ttf) normal normal bold normal>) = 10.335
DEBUG:matplotlib.font_manager:findfont: score(<Font 'cmtt10' (cmtt10.ttf) normal normal 400 normal>) = 10.05
DEBUG:matplotlib.font_manager:findfont: score(<Font 'STIXNonUnicode' (STIXNonUni.ttf) normal normal regular normal>) = 10.05
DEBUG:matplotlib.font_manager:findfont: score(<Font 'STIXSizeFourSym' (STIXSizFourSymBol.ttf) normal normal bold normal>) = 10.335
DEBUG:matplotlib.font_manager:findfont: score(<Font 'STIXNonUnicode' (STIXNonUniBolIta.ttf) italic normal bold normal>) = 11.335
DEBUG:matplotlib.font_manager:findfont: score(<Font 'DejaVu Sans' (DejaVuSans-BoldOblique.ttf) oblique normal bold normal>) = 1.335
DEBUG:matplotlib.font_manager:findfont: score(<Font 'STIXSizeOneSym' (STIXSizOneSymReg.ttf) normal normal regular normal>) = 10.05
DEBUG:matplotlib.font_manager:findfont: score(<Font 'cmr10' (cmr10.ttf) normal normal 400 normal>) = 10.05
DEBUG:matplotlib.font_manager:findfont: score(<Font 'cmss10' (cmss10.ttf) normal normal 400 normal>) = 10.05
DEBUG:matplotlib.font_manager:findfont: score(<Font 'STIXSizeOneSym' (STIXSizOneSymBol.ttf) normal normal bold normal>) = 10.335
DEBUG:matplotlib.font_manager:findfont: score(<Font 'cmb10' (cmb10.ttf) normal normal 400 normal>) = 10.05
DEBUG:matplotlib.font_manager:findfont: score(<Font 'DejaVu Serif' (DejaVuSerif-Italic.ttf) italic normal 400 normal>) = 11.05
DEBUG:matplotlib.font_manager:findfont: score(<Font 'DejaVu Sans Mono' (DejaVuSansMono-BoldOblique.ttf) oblique normal bold normal>) = 11.335
DEBUG:matplotlib.font_manager:findfont: score(<Font 'DejaVu Serif Display' (DejaVuSerifDisplay.ttf) normal normal 400 normal>) = 10.05
DEBUG:matplotlib.font_manager:findfont: score(<Font 'DejaVu Sans Display' (DejaVuSansDisplay.ttf) normal normal 400 normal>) = 10.05
DEBUG:matplotlib.font_manager:findfont: score(<Font 'cmex10' (cmex10.ttf) normal normal 400 normal>) = 10.05
DEBUG:matplotlib.font_manager:findfont: score(<Font 'STIXNonUnicode' (STIXNonUniBol.ttf) normal normal bold normal>) = 10.335
DEBUG:matplotlib.font_manager:findfont: score(<Font 'cmsy10' (cmsy10.ttf) normal normal 400 normal>) = 10.05
DEBUG:matplotlib.font_manager:findfont: score(<Font 'DejaVu Sans' (DejaVuSans-Bold.ttf) normal normal bold normal>) = 0.33499999999999996
DEBUG:matplotlib.font_manager:findfont: score(<Font 'STIXSizeTwoSym' (STIXSizTwoSymBol.ttf) normal normal bold normal>) = 10.335
DEBUG:matplotlib.font_manager:findfont: score(<Font 'DejaVu Sans' (DejaVuSans.ttf) normal normal 400 normal>) = 0.05
DEBUG:matplotlib.font_manager:findfont: score(<Font 'STIXGeneral' (STIXGeneral.ttf) normal normal regular normal>) = 10.05
DEBUG:matplotlib.font_manager:findfont: score(<Font 'STIXSizeFiveSym' (STIXSizFiveSymReg.ttf) normal normal regular normal>) = 10.05
DEBUG:matplotlib.font_manager:findfont: score(<Font 'STIXSizeThreeSym' (STIXSizThreeSymReg.ttf) normal normal regular normal>) = 10.05
DEBUG:matplotlib.font_manager:findfont: score(<Font 'cmmi10' (cmmi10.ttf) normal normal 400 normal>) = 10.05
DEBUG:matplotlib.font_manager:findfont: score(<Font 'STIXGeneral' (STIXGeneralBolIta.ttf) italic normal bold normal>) = 11.335
DEBUG:matplotlib.font_manager:findfont: score(<Font 'DejaVu Sans' (DejaVuSans-Oblique.ttf) oblique normal 400 normal>) = 1.05
DEBUG:matplotlib.font_manager:findfont: score(<Font 'STIXGeneral' (STIXGeneralBol.ttf) normal normal bold normal>) = 10.335
DEBUG:matplotlib.font_manager:findfont: score(<Font 'DejaVu Sans Mono' (DejaVuSansMono-Oblique.ttf) oblique normal 400 normal>) = 11.05
DEBUG:matplotlib.font_manager:findfont: score(<Font 'DejaVu Serif' (DejaVuSerif-Bold.ttf) normal normal bold normal>) = 10.335
DEBUG:matplotlib.font_manager:findfont: score(<Font 'DejaVu Serif' (DejaVuSerif-BoldItalic.ttf) italic normal bold normal>) = 11.335
DEBUG:matplotlib.font_manager:findfont: score(<Font 'STIXNonUnicode' (STIXNonUniIta.ttf) italic normal 400 normal>) = 11.05
DEBUG:matplotlib.font_manager:findfont: score(<Font 'STIXGeneral' (STIXGeneralItalic.ttf) italic normal 400 normal>) = 11.05
DEBUG:matplotlib.font_manager:findfont: score(<Font 'STIXSizeFourSym' (STIXSizFourSymReg.ttf) normal normal regular normal>) = 10.05
DEBUG:matplotlib.font_manager:findfont: score(<Font 'STIXSizeTwoSym' (STIXSizTwoSymReg.ttf) normal normal regular normal>) = 10.05
DEBUG:matplotlib.font_manager:findfont: score(<Font 'Liberation Sans' (LiberationSans-Regular.ttf) normal normal 400 normal>) = 10.05
DEBUG:matplotlib.font_manager:findfont: score(<Font 'Tlwg Typo' (TlwgTypo-BoldOblique.ttf) oblique normal bold normal>) = 11.335
DEBUG:matplotlib.font_manager:findfont: score(<Font 'Liberation Serif' (LiberationSerif-Regular.ttf) normal normal 400 normal>) = 10.05
DEBUG:matplotlib.font_manager:findfont: score(<Font 'Norasi' (Norasi-Oblique.ttf) oblique normal 400 normal>) = 11.05
DEBUG:matplotlib.font_manager:findfont: score(<Font 'Ubuntu' (Ubuntu-RI.ttf) italic normal 400 normal>) = 11.05
DEBUG:matplotlib.font_manager:findfont: score(<Font 'Liberation Mono' (LiberationMono-Bold.ttf) normal normal bold normal>) = 10.335
DEBUG:matplotlib.font_manager:findfont: score(<Font 'Loma' (Loma-Bold.ttf) normal normal bold normal>) = 10.335
DEBUG:matplotlib.font_manager:findfont: score(<Font 'Noto Serif CJK JP' (NotoSerifCJK-Regular.ttc) normal normal 400 normal>) = 10.05
DEBUG:matplotlib.font_manager:findfont: score(<Font 'Waree' (Waree-Bold.ttf) normal normal bold normal>) = 10.335
DEBUG:matplotlib.font_manager:findfont: score(<Font 'Lohit Malayalam' (Lohit-Malayalam.ttf) normal normal 400 normal>) = 10.05
DEBUG:matplotlib.font_manager:findfont: score(<Font 'FreeSerif' (FreeSerifItalic.ttf) italic normal 400 normal>) = 11.05
DEBUG:matplotlib.font_manager:findfont: score(<Font 'Ubuntu Mono' (UbuntuMono-RI.ttf) italic normal 400 normal>) = 11.05
DEBUG:matplotlib.font_manager:findfont: score(<Font 'Meera' (Meera.ttf) normal normal 400 normal>) = 10.05
DEBUG:matplotlib.font_manager:findfont: score(<Font 'Lohit Tamil Classical' (Lohit-Tamil-Classical.ttf) normal normal 400 normal>) = 10.05
DEBUG:matplotlib.font_manager:findfont: score(<Font 'Tlwg Typewriter' (TlwgTypewriter.ttf) normal normal 400 normal>) = 10.05
DEBUG:matplotlib.font_manager:findfont: score(<Font 'Tlwg Typo' (TlwgTypo-Oblique.ttf) oblique normal 400 normal>) = 11.05
DEBUG:matplotlib.font_manager:findfont: score(<Font 'DejaVu Sans' (DejaVuSansCondensed-Bold.ttf) normal normal bold condensed>) = 0.5349999999999999
DEBUG:matplotlib.font_manager:findfont: score(<Font 'Dyuthi' (Dyuthi.ttf) normal normal 400 normal>) = 10.05
DEBUG:matplotlib.font_manager:findfont: score(<Font 'KacstOne' (KacstOne.ttf) normal normal 400 normal>) = 10.05
DEBUG:matplotlib.font_manager:findfont: score(<Font 'Suruma' (Suruma.ttf) normal normal 400 normal>) = 10.05
DEBUG:matplotlib.font_manager:findfont: score(<Font 'Liberation Serif' (LiberationSerif-Bold.ttf) normal normal bold normal>) = 10.335
DEBUG:matplotlib.font_manager:findfont: score(<Font 'Kalapi' (Kalapi.ttf) normal normal 400 normal>) = 10.05
DEBUG:matplotlib.font_manager:findfont: score(<Font 'Tlwg Typewriter' (TlwgTypewriter-Bold.ttf) normal normal bold normal>) = 10.335
DEBUG:matplotlib.font_manager:findfont: score(<Font 'Loma' (Loma-Oblique.ttf) oblique normal 400 normal>) = 11.05
DEBUG:matplotlib.font_manager:findfont: score(<Font 'Kinnari' (Kinnari-Bold.ttf) normal normal bold normal>) = 10.335
DEBUG:matplotlib.font_manager:findfont: score(<Font 'Sahadeva' (sahadeva.ttf) normal normal 400 normal>) = 10.05
DEBUG:matplotlib.font_manager:findfont: score(<Font 'LKLUG' (lklug.ttf) normal normal 400 normal>) = 10.05
DEBUG:matplotlib.font_manager:findfont: score(<Font 'Liberation Serif' (LiberationSerif-Italic.ttf) italic normal 400 normal>) = 11.05
DEBUG:matplotlib.font_manager:findfont: score(<Font 'Tlwg Typist' (TlwgTypist.ttf) normal normal 400 normal>) = 10.05
DEBUG:matplotlib.font_manager:findfont: score(<Font 'Mitra Mono' (mitra.ttf) normal normal 400 normal>) = 10.05
DEBUG:matplotlib.font_manager:findfont: score(<Font 'Lohit Bengali' (Lohit-Bengali.ttf) normal normal 400 normal>) = 10.05
DEBUG:matplotlib.font_manager:findfont: score(<Font 'Jamrul' (JamrulNormal.ttf) normal normal 400 normal>) = 10.05
DEBUG:matplotlib.font_manager:findfont: score(<Font 'DejaVu Sans' (DejaVuSansCondensed.ttf) normal normal 400 condensed>) = 0.25
DEBUG:matplotlib.font_manager:findfont: score(<Font 'Padauk Book' (PadaukBook-Bold.ttf) normal normal book normal>) = 10.05
DEBUG:matplotlib.font_manager:findfont: score(<Font 'KacstScreen' (KacstScreen.ttf) normal normal 400 normal>) = 10.05
DEBUG:matplotlib.font_manager:findfont: score(<Font 'Samyak Gujarati' (Samyak-Gujarati.ttf) normal normal 400 normal>) = 10.05
DEBUG:matplotlib.font_manager:findfont: score(<Font 'Ubuntu' (Ubuntu-LI.ttf) italic normal light normal>) = 11.24
DEBUG:matplotlib.font_manager:findfont: score(<Font 'Norasi' (Norasi-BoldOblique.ttf) oblique normal bold normal>) = 11.335
DEBUG:matplotlib.font_manager:findfont: score(<Font 'Laksaman' (Laksaman-Italic.ttf) italic normal 400 normal>) = 11.05
DEBUG:matplotlib.font_manager:findfont: score(<Font 'Ubuntu Condensed' (Ubuntu-C.ttf) normal normal 400 condensed>) = 10.25
DEBUG:matplotlib.font_manager:findfont: score(<Font 'Karumbi' (Karumbi.ttf) normal normal 400 normal>) = 10.05
DEBUG:matplotlib.font_manager:findfont: score(<Font 'Kinnari' (Kinnari-Italic.ttf) italic normal 400 normal>) = 11.05
DEBUG:matplotlib.font_manager:findfont: score(<Font 'Ubuntu' (Ubuntu-BI.ttf) italic normal bold normal>) = 11.335
DEBUG:matplotlib.font_manager:findfont: score(<Font 'Loma' (Loma-BoldOblique.ttf) oblique normal bold normal>) = 11.335
DEBUG:matplotlib.font_manager:findfont: score(<Font 'Laksaman' (Laksaman.ttf) normal normal 400 normal>) = 10.05
DEBUG:matplotlib.font_manager:findfont: score(<Font 'Laksaman' (Laksaman-BoldItalic.ttf) italic normal bold normal>) = 11.335
DEBUG:matplotlib.font_manager:findfont: score(<Font 'Likhan' (LikhanNormal.ttf) normal normal 400 normal>) = 10.05
DEBUG:matplotlib.font_manager:findfont: score(<Font 'Lohit Telugu' (Lohit-Telugu.ttf) normal normal 400 normal>) = 10.05
DEBUG:matplotlib.font_manager:findfont: score(<Font 'Liberation Sans Narrow' (LiberationSansNarrow-BoldItalic.ttf) italic normal bold condensed>) = 11.535
DEBUG:matplotlib.font_manager:findfont: score(<Font 'FreeMono' (FreeMono.ttf) normal normal 400 normal>) = 10.05
DEBUG:matplotlib.font_manager:findfont: score(<Font 'padmaa' (padmaa-Medium-0.5.ttf) normal normal normal normal>) = 10.0
DEBUG:matplotlib.font_manager:findfont: score(<Font 'Sawasdee' (Sawasdee-Oblique.ttf) oblique normal 400 normal>) = 11.05
DEBUG:matplotlib.font_manager:findfont: score(<Font 'Umpush' (Umpush-Light.ttf) normal normal light normal>) = 10.24
DEBUG:matplotlib.font_manager:findfont: score(<Font 'KacstOne' (KacstOne-Bold.ttf) normal normal bold normal>) = 10.335
DEBUG:matplotlib.font_manager:findfont: score(<Font 'Waree' (Waree.ttf) normal normal 400 normal>) = 10.05
DEBUG:matplotlib.font_manager:findfont: score(<Font 'Lohit Devanagari' (Lohit-Devanagari.ttf) normal normal 400 normal>) = 10.05
DEBUG:matplotlib.font_manager:findfont: score(<Font 'Tlwg Typewriter' (TlwgTypewriter-Oblique.ttf) oblique normal 400 normal>) = 11.05
DEBUG:matplotlib.font_manager:findfont: score(<Font 'Tlwg Typist' (TlwgTypist-Bold.ttf) normal normal bold normal>) = 10.335
DEBUG:matplotlib.font_manager:findfont: score(<Font 'Ubuntu Mono' (UbuntuMono-R.ttf) normal normal 400 normal>) = 10.05
DEBUG:matplotlib.font_manager:findfont: score(<Font 'Tibetan Machine Uni' (TibetanMachineUni.ttf) normal normal 400 normal>) = 10.05
DEBUG:matplotlib.font_manager:findfont: score(<Font 'Khmer OS System' (KhmerOSsys.ttf) normal normal 400 normal>) = 10.05
DEBUG:matplotlib.font_manager:findfont: score(<Font 'Droid Sans Fallback' (DroidSansFallbackFull.ttf) normal normal 400 normal>) = 10.05
DEBUG:matplotlib.font_manager:findfont: score(<Font 'Purisa' (Purisa.ttf) normal normal 400 normal>) = 10.05
DEBUG:matplotlib.font_manager:findfont: score(<Font 'Padauk' (Padauk-Regular.ttf) normal normal 400 normal>) = 10.05
DEBUG:matplotlib.font_manager:findfont: score(<Font 'Manjari' (Manjari-Bold.otf) normal normal bold normal>) = 10.335
DEBUG:matplotlib.font_manager:findfont: score(<Font 'KacstNaskh' (KacstNaskh.ttf) normal normal 400 normal>) = 10.05
DEBUG:matplotlib.font_manager:findfont: score(<Font 'Keraleeyam' (Keraleeyam.ttf) normal normal 700 normal>) = 10.335
DEBUG:matplotlib.font_manager:findfont: score(<Font 'Purisa' (Purisa-Bold.ttf) normal normal bold normal>) = 10.335
DEBUG:matplotlib.font_manager:findfont: score(<Font 'Norasi' (Norasi.ttf) normal normal 400 normal>) = 10.05
DEBUG:matplotlib.font_manager:findfont: score(<Font 'KacstPen' (KacstPen.ttf) normal normal 400 normal>) = 10.05
DEBUG:matplotlib.font_manager:findfont: score(<Font 'Kinnari' (Kinnari-Oblique.ttf) oblique normal 400 normal>) = 11.05
DEBUG:matplotlib.font_manager:findfont: score(<Font 'Garuda' (Garuda-BoldOblique.ttf) oblique normal bold normal>) = 11.335
DEBUG:matplotlib.font_manager:findfont: score(<Font 'Liberation Sans' (LiberationSans-BoldItalic.ttf) italic normal bold normal>) = 11.335
DEBUG:matplotlib.font_manager:findfont: score(<Font 'Tlwg Typo' (TlwgTypo.ttf) normal normal 400 normal>) = 10.05
DEBUG:matplotlib.font_manager:findfont: score(<Font 'FreeMono' (FreeMonoOblique.ttf) oblique normal 400 normal>) = 11.05
DEBUG:matplotlib.font_manager:findfont: score(<Font 'Tlwg Typo' (TlwgTypo-Bold.ttf) normal normal bold normal>) = 10.335
DEBUG:matplotlib.font_manager:findfont: score(<Font 'Noto Mono' (NotoMono-Regular.ttf) normal normal 400 normal>) = 10.05
DEBUG:matplotlib.font_manager:findfont: score(<Font 'FreeSans' (FreeSansBoldOblique.ttf) oblique normal bold normal>) = 11.335
DEBUG:matplotlib.font_manager:findfont: score(<Font 'Liberation Sans' (LiberationSans-Bold.ttf) normal normal bold normal>) = 10.335
DEBUG:matplotlib.font_manager:findfont: score(<Font 'Liberation Sans Narrow' (LiberationSansNarrow-Regular.ttf) normal normal 400 condensed>) = 10.25
DEBUG:matplotlib.font_manager:findfont: score(<Font 'RaghuMalayalam' (RaghuMalayalamSans-Regular.ttf) normal normal regular normal>) = 10.05
DEBUG:matplotlib.font_manager:findfont: score(<Font 'Kalimati' (kalimati.ttf) normal normal 400 normal>) = 10.05
DEBUG:matplotlib.font_manager:findfont: score(<Font 'Samyak Malayalam' (Samyak-Malayalam.ttf) normal normal 400 normal>) = 10.05
DEBUG:matplotlib.font_manager:findfont: score(<Font 'KacstDecorative' (KacstDecorative.ttf) normal normal 400 normal>) = 10.05
DEBUG:matplotlib.font_manager:findfont: score(<Font 'Abyssinica SIL' (AbyssinicaSIL-R.ttf) normal normal 400 normal>) = 10.05
DEBUG:matplotlib.font_manager:findfont: score(<Font 'AnjaliOldLipi' (AnjaliOldLipi.ttf) normal normal 400 normal>) = 10.05
DEBUG:matplotlib.font_manager:findfont: score(<Font 'Manjari' (Manjari-Thin.otf) normal normal 400 normal>) = 10.05
DEBUG:matplotlib.font_manager:findfont: score(<Font 'KacstArt' (KacstArt.ttf) normal normal 400 normal>) = 10.05
DEBUG:matplotlib.font_manager:findfont: score(<Font 'Purisa' (Purisa-Oblique.ttf) oblique normal 400 normal>) = 11.05
DEBUG:matplotlib.font_manager:findfont: score(<Font 'Lohit Odia' (Lohit-Odia.ttf) normal normal 400 normal>) = 10.05
DEBUG:matplotlib.font_manager:findfont: score(<Font 'KacstDigital' (KacstDigital.ttf) normal normal 400 normal>) = 10.05
DEBUG:matplotlib.font_manager:findfont: score(<Font 'Samyak Devanagari' (Samyak-Devanagari.ttf) normal normal 400 normal>) = 10.05
DEBUG:matplotlib.font_manager:findfont: score(<Font 'Umpush' (Umpush-Oblique.ttf) oblique normal 400 normal>) = 11.05
DEBUG:matplotlib.font_manager:findfont: score(<Font 'Lohit Tamil' (Lohit-Tamil.ttf) normal normal 400 normal>) = 10.05
DEBUG:matplotlib.font_manager:findfont: score(<Font 'Ubuntu' (Ubuntu-L.ttf) normal normal light normal>) = 10.24
DEBUG:matplotlib.font_manager:findfont: score(<Font 'Liberation Mono' (LiberationMono-Regular.ttf) normal normal 400 normal>) = 10.05
DEBUG:matplotlib.font_manager:findfont: score(<Font 'mry_KacstQurn' (mry_KacstQurn.ttf) normal normal 400 normal>) = 10.05
DEBUG:matplotlib.font_manager:findfont: score(<Font 'Liberation Mono' (LiberationMono-BoldItalic.ttf) italic normal bold normal>) = 11.335
DEBUG:matplotlib.font_manager:findfont: score(<Font 'Laksaman' (Laksaman-Bold.ttf) normal normal bold normal>) = 10.335
DEBUG:matplotlib.font_manager:findfont: score(<Font 'DejaVu Sans' (DejaVuSansCondensed-BoldOblique.ttf) oblique normal bold condensed>) = 1.535
DEBUG:matplotlib.font_manager:findfont: score(<Font 'Umpush' (Umpush.ttf) normal normal 400 normal>) = 10.05
DEBUG:matplotlib.font_manager:findfont: score(<Font 'Khmer OS' (KhmerOS.ttf) normal normal 400 normal>) = 10.05
DEBUG:matplotlib.font_manager:findfont: score(<Font 'Garuda' (Garuda.ttf) normal normal 400 normal>) = 10.05
DEBUG:matplotlib.font_manager:findfont: score(<Font 'DejaVu Sans' (DejaVuSansCondensed-Oblique.ttf) oblique normal 400 condensed>) = 1.25
DEBUG:matplotlib.font_manager:findfont: score(<Font 'FreeSans' (FreeSansOblique.ttf) oblique normal 400 normal>) = 11.05
DEBUG:matplotlib.font_manager:findfont: score(<Font 'FreeSerif' (FreeSerif.ttf) normal normal 400 normal>) = 10.05
DEBUG:matplotlib.font_manager:findfont: score(<Font 'Noto Sans CJK JP' (NotoSansCJK-Bold.ttc) normal normal bold normal>) = 10.335
DEBUG:matplotlib.font_manager:findfont: score(<Font 'Rachana' (Rachana-Bold.ttf) normal normal bold normal>) = 10.335
DEBUG:matplotlib.font_manager:findfont: score(<Font 'DejaVu Serif' (DejaVuSerifCondensed.ttf) normal normal 400 condensed>) = 10.25
DEBUG:matplotlib.font_manager:findfont: score(<Font 'padmaa-Bold.1.1' (padmaa-Bold.1.1.ttf) normal normal bold normal>) = 10.335
DEBUG:matplotlib.font_manager:findfont: score(<Font 'Uroob' (Uroob.ttf) normal normal 700 normal>) = 10.335
DEBUG:matplotlib.font_manager:findfont: score(<Font 'Purisa' (Purisa-BoldOblique.ttf) oblique normal bold normal>) = 11.335
DEBUG:matplotlib.font_manager:findfont: score(<Font 'Vemana2000' (vemana2000.ttf) normal normal 400 normal>) = 10.05
DEBUG:matplotlib.font_manager:findfont: score(<Font 'KacstLetter' (KacstLetter.ttf) normal normal 400 normal>) = 10.05
DEBUG:matplotlib.font_manager:findfont: score(<Font 'KacstOffice' (KacstOffice.ttf) normal normal 400 normal>) = 10.05
DEBUG:matplotlib.font_manager:findfont: score(<Font 'DejaVu Math TeX Gyre' (DejaVuMathTeXGyre.ttf) normal normal regular normal>) = 10.05
DEBUG:matplotlib.font_manager:findfont: score(<Font 'Chandas' (chandas1-2.ttf) normal normal 400 normal>) = 10.05
DEBUG:matplotlib.font_manager:findfont: score(<Font 'Samyak Tamil' (Samyak-Tamil.ttf) normal normal 400 normal>) = 10.05
DEBUG:matplotlib.font_manager:findfont: score(<Font 'aakar' (aakar-medium.ttf) normal normal 400 normal>) = 10.05
DEBUG:matplotlib.font_manager:findfont: score(<Font 'KacstTitleL' (KacstTitleL.ttf) normal normal 400 normal>) = 10.05
DEBUG:matplotlib.font_manager:findfont: score(<Font 'Nakula' (nakula.ttf) normal normal 400 normal>) = 10.05
DEBUG:matplotlib.font_manager:findfont: score(<Font 'Kinnari' (Kinnari.ttf) normal normal 400 normal>) = 10.05
DEBUG:matplotlib.font_manager:findfont: score(<Font 'Tlwg Mono' (TlwgMono-Oblique.ttf) oblique normal 400 normal>) = 11.05
DEBUG:matplotlib.font_manager:findfont: score(<Font 'OpenSymbol' (opens___.ttf) normal normal 400 normal>) = 10.05
DEBUG:matplotlib.font_manager:findfont: score(<Font 'Noto Sans CJK JP' (NotoSansCJK-Regular.ttc) normal normal 400 normal>) = 10.05
DEBUG:matplotlib.font_manager:findfont: score(<Font 'Ubuntu Mono' (UbuntuMono-B.ttf) normal normal bold normal>) = 10.335
DEBUG:matplotlib.font_manager:findfont: score(<Font 'KacstFarsi' (KacstFarsi.ttf) normal normal 400 normal>) = 10.05
DEBUG:matplotlib.font_manager:findfont: score(<Font 'Loma' (Loma.ttf) normal normal 400 normal>) = 10.05
DEBUG:matplotlib.font_manager:findfont: score(<Font 'Gargi' (Gargi.ttf) normal normal 400 normal>) = 10.05
DEBUG:matplotlib.font_manager:findfont: score(<Font 'DejaVu Serif' (DejaVuSerifCondensed-Italic.ttf) italic normal 400 condensed>) = 11.25
DEBUG:matplotlib.font_manager:findfont: score(<Font 'FreeMono' (FreeMonoBoldOblique.ttf) oblique normal bold normal>) = 11.335
DEBUG:matplotlib.font_manager:findfont: score(<Font 'DejaVu Serif' (DejaVuSerifCondensed-BoldItalic.ttf) italic normal bold condensed>) = 11.535
DEBUG:matplotlib.font_manager:findfont: score(<Font 'Sawasdee' (Sawasdee-BoldOblique.ttf) oblique normal bold normal>) = 11.335
DEBUG:matplotlib.font_manager:findfont: score(<Font 'Waree' (Waree-BoldOblique.ttf) oblique normal bold normal>) = 11.335
DEBUG:matplotlib.font_manager:findfont: score(<Font 'Tlwg Mono' (TlwgMono-Bold.ttf) normal normal bold normal>) = 10.335
DEBUG:matplotlib.font_manager:findfont: score(<Font 'Liberation Sans Narrow' (LiberationSansNarrow-Bold.ttf) normal normal bold condensed>) = 10.535
DEBUG:matplotlib.font_manager:findfont: score(<Font 'Sawasdee' (Sawasdee.ttf) normal normal 400 normal>) = 10.05
DEBUG:matplotlib.font_manager:findfont: score(<Font 'Liberation Mono' (LiberationMono-Italic.ttf) italic normal 400 normal>) = 11.05
DEBUG:matplotlib.font_manager:findfont: score(<Font 'DejaVu Sans' (DejaVuSans-ExtraLight.ttf) normal normal light normal>) = 0.24
DEBUG:matplotlib.font_manager:findfont: score(<Font 'FreeMono' (FreeMonoBold.ttf) normal normal bold normal>) = 10.335
DEBUG:matplotlib.font_manager:findfont: score(<Font 'Padauk' (Padauk-Bold.ttf) normal normal bold normal>) = 10.335
DEBUG:matplotlib.font_manager:findfont: score(<Font 'Phetsarath OT' (Phetsarath_OT.ttf) normal normal 400 normal>) = 10.05
DEBUG:matplotlib.font_manager:findfont: score(<Font 'Ubuntu' (Ubuntu-B.ttf) normal normal bold normal>) = 10.335
DEBUG:matplotlib.font_manager:findfont: score(<Font 'Garuda' (Garuda-Bold.ttf) normal normal bold normal>) = 10.335
DEBUG:matplotlib.font_manager:findfont: score(<Font 'Umpush' (Umpush-LightOblique.ttf) oblique normal light normal>) = 11.24
DEBUG:matplotlib.font_manager:findfont: score(<Font 'Padauk Book' (PadaukBook-Regular.ttf) normal normal book normal>) = 10.05
DEBUG:matplotlib.font_manager:findfont: score(<Font 'Saab' (Saab.ttf) normal normal 400 normal>) = 10.05
DEBUG:matplotlib.font_manager:findfont: score(<Font 'Mukti Narrow' (MuktiNarrowBold.ttf) normal normal 700 normal>) = 10.335
DEBUG:matplotlib.font_manager:findfont: score(<Font 'Tlwg Typist' (TlwgTypist-BoldOblique.ttf) oblique normal bold normal>) = 11.335
DEBUG:matplotlib.font_manager:findfont: score(<Font 'Liberation Sans Narrow' (LiberationSansNarrow-Italic.ttf) italic normal 400 condensed>) = 11.25
DEBUG:matplotlib.font_manager:findfont: score(<Font 'Waree' (Waree-Oblique.ttf) oblique normal 400 normal>) = 11.05
DEBUG:matplotlib.font_manager:findfont: score(<Font 'Navilu' (Navilu.ttf) normal normal 400 normal>) = 10.05
DEBUG:matplotlib.font_manager:findfont: score(<Font 'Garuda' (Garuda-Oblique.ttf) oblique normal 400 normal>) = 11.05
DEBUG:matplotlib.font_manager:findfont: score(<Font 'Ubuntu' (Ubuntu-R.ttf) normal normal 400 normal>) = 10.05
DEBUG:matplotlib.font_manager:findfont: score(<Font 'Sawasdee' (Sawasdee-Bold.ttf) normal normal bold normal>) = 10.335
DEBUG:matplotlib.font_manager:findfont: score(<Font 'KacstPoster' (KacstPoster.ttf) normal normal 400 normal>) = 10.05
DEBUG:matplotlib.font_manager:findfont: score(<Font 'KacstTitle' (KacstTitle.ttf) normal normal 400 normal>) = 10.05
DEBUG:matplotlib.font_manager:findfont: score(<Font 'FreeSans' (FreeSans.ttf) normal normal 400 normal>) = 10.05
DEBUG:matplotlib.font_manager:findfont: score(<Font 'ori1Uni' (utkal.ttf) normal normal medium normal>) = 10.145
DEBUG:matplotlib.font_manager:findfont: score(<Font 'Ubuntu Mono' (UbuntuMono-BI.ttf) italic normal bold normal>) = 11.335
DEBUG:matplotlib.font_manager:findfont: score(<Font 'Samanata' (samanata.ttf) normal normal 400 normal>) = 10.05
DEBUG:matplotlib.font_manager:findfont: score(<Font 'Chilanka' (Chilanka-Regular.ttf) normal normal regular normal>) = 10.05
DEBUG:matplotlib.font_manager:findfont: score(<Font 'Norasi' (Norasi-BoldItalic.ttf) italic normal bold normal>) = 11.335
DEBUG:matplotlib.font_manager:findfont: score(<Font 'Mukti Narrow' (MuktiNarrow.ttf) normal normal 400 normal>) = 10.05
DEBUG:matplotlib.font_manager:findfont: score(<Font 'Ani' (ani.ttf) normal normal 400 normal>) = 10.05
DEBUG:matplotlib.font_manager:findfont: score(<Font 'Noto Serif CJK JP' (NotoSerifCJK-Bold.ttc) normal normal bold normal>) = 10.335
DEBUG:matplotlib.font_manager:findfont: score(<Font 'Manjari' (Manjari-Regular.otf) normal normal regular normal>) = 10.05
DEBUG:matplotlib.font_manager:findfont: score(<Font 'Lohit Assamese' (Lohit-Assamese.ttf) normal normal 400 normal>) = 10.05
DEBUG:matplotlib.font_manager:findfont: score(<Font 'Kinnari' (Kinnari-BoldItalic.ttf) italic normal bold normal>) = 11.335
DEBUG:matplotlib.font_manager:findfont: score(<Font 'Gubbi' (Gubbi.ttf) normal normal 400 normal>) = 10.05
DEBUG:matplotlib.font_manager:findfont: score(<Font 'Ubuntu' (Ubuntu-M.ttf) normal normal medium normal>) = 10.145
DEBUG:matplotlib.font_manager:findfont: score(<Font 'Liberation Serif' (LiberationSerif-BoldItalic.ttf) italic normal bold normal>) = 11.335
DEBUG:matplotlib.font_manager:findfont: score(<Font 'Kinnari' (Kinnari-BoldOblique.ttf) oblique normal bold normal>) = 11.335
DEBUG:matplotlib.font_manager:findfont: score(<Font 'FreeSans' (FreeSansBold.ttf) normal normal bold normal>) = 10.335
DEBUG:matplotlib.font_manager:findfont: score(<Font 'Liberation Sans' (LiberationSans-Italic.ttf) italic normal 400 normal>) = 11.05
DEBUG:matplotlib.font_manager:findfont: score(<Font 'padmaa' (padmaa.ttf) normal normal 400 normal>) = 10.05
DEBUG:matplotlib.font_manager:findfont: score(<Font 'Rekha' (Rekha.ttf) normal normal 400 normal>) = 10.05
DEBUG:matplotlib.font_manager:findfont: score(<Font 'Lohit Gujarati' (Lohit-Gujarati.ttf) normal normal 400 normal>) = 10.05
DEBUG:matplotlib.font_manager:findfont: score(<Font 'Umpush' (Umpush-Bold.ttf) normal normal bold normal>) = 10.335
DEBUG:matplotlib.font_manager:findfont: score(<Font 'DejaVu Serif' (DejaVuSerifCondensed-Bold.ttf) normal normal bold condensed>) = 10.535
DEBUG:matplotlib.font_manager:findfont: score(<Font 'Norasi' (Norasi-Bold.ttf) normal normal bold normal>) = 10.335
DEBUG:matplotlib.font_manager:findfont: score(<Font 'Norasi' (Norasi-Italic.ttf) italic normal 400 normal>) = 11.05
DEBUG:matplotlib.font_manager:findfont: score(<Font 'FreeSerif' (FreeSerifBold.ttf) normal normal bold normal>) = 10.335
DEBUG:matplotlib.font_manager:findfont: score(<Font 'Tlwg Typist' (TlwgTypist-Oblique.ttf) oblique normal 400 normal>) = 11.05
DEBUG:matplotlib.font_manager:findfont: score(<Font 'Tlwg Mono' (TlwgMono-BoldOblique.ttf) oblique normal bold normal>) = 11.335
DEBUG:matplotlib.font_manager:findfont: score(<Font 'Pothana2000' (Pothana2000.ttf) normal normal 400 normal>) = 10.05
DEBUG:matplotlib.font_manager:findfont: score(<Font 'Rachana' (Rachana-Regular.ttf) normal normal regular normal>) = 10.05
DEBUG:matplotlib.font_manager:findfont: score(<Font 'Ubuntu' (Ubuntu-MI.ttf) italic normal medium normal>) = 11.145
DEBUG:matplotlib.font_manager:findfont: score(<Font 'Sarai' (Sarai.ttf) normal normal 400 normal>) = 10.05
DEBUG:matplotlib.font_manager:findfont: score(<Font 'KacstQurn' (KacstQurn.ttf) normal normal 400 normal>) = 10.05
DEBUG:matplotlib.font_manager:findfont: score(<Font 'Tlwg Mono' (TlwgMono.ttf) normal normal 400 normal>) = 10.05
DEBUG:matplotlib.font_manager:findfont: score(<Font 'Lohit Gurmukhi' (Lohit-Gurmukhi.ttf) normal normal 400 normal>) = 10.05
DEBUG:matplotlib.font_manager:findfont: score(<Font 'Tlwg Typewriter' (TlwgTypewriter-BoldOblique.ttf) oblique normal bold normal>) = 11.335
DEBUG:matplotlib.font_manager:findfont: score(<Font 'Umpush' (Umpush-BoldOblique.ttf) oblique normal bold normal>) = 11.335
DEBUG:matplotlib.font_manager:findfont: score(<Font 'KacstBook' (KacstBook.ttf) normal normal book normal>) = 10.05
DEBUG:matplotlib.font_manager:findfont: score(<Font 'Pagul' (Pagul.ttf) normal normal 400 normal>) = 10.05
DEBUG:matplotlib.font_manager:findfont: score(<Font 'FreeSerif' (FreeSerifBoldItalic.ttf) italic normal bold normal>) = 11.335
DEBUG:matplotlib.font_manager:findfont: score(<Font 'Lohit Kannada' (Lohit-Kannada.ttf) normal normal 400 normal>) = 10.05
DEBUG:matplotlib.font_manager:findfont: Matching :family=sans-serif:style=normal:variant=normal:weight=normal:stretch=normal:size=12.0 to DejaVu Sans ('/home/ram/.local/lib/python3.6/site-packages/matplotlib/mpl-data/fonts/ttf/DejaVuSans.ttf') with score of 0.050000.
DEBUG:roipoly.roipoly:Received single left mouse button click
DEBUG:roipoly.roipoly:draw line x: [60.40909090909088, 59.762434660774886] y: [152.96446085035296, 153.61111709866896]
DEBUG:roipoly.roipoly:draw line x: [60.40909090909088, 60.40909090909088] y: [152.96446085035296, 153.61111709866896]
DEBUG:roipoly.roipoly:draw line x: [60.40909090909088, 229.1863717195667] y: [152.96446085035296, 123.86492967613299]
DEBUG:roipoly.roipoly:draw line x: [60.40909090909088, 377.91730883224653] y: [152.96446085035296, 122.571617179501]
DEBUG:roipoly.roipoly:draw line x: [60.40909090909088, 427.0631837042625] y: [152.96446085035296, 127.098210917713]
DEBUG:roipoly.roipoly:draw line x: [60.40909090909088, 452.9294336369025] y: [152.96446085035296, 129.68483591097697]
DEBUG:roipoly.roipoly:draw line x: [60.40909090909088, 534.4081209247183] y: [152.96446085035296, 130.33149215929296]
DEBUG:roipoly.roipoly:draw line x: [60.40909090909088, 537.6414021662983] y: [152.96446085035296, 129.68483591097697]
DEBUG:roipoly.roipoly:draw line x: [60.40909090909088, 540.2280271595623] y: [152.96446085035296, 125.15824217276497]
DEBUG:roipoly.roipoly:draw line x: [60.40909090909088, 558.3344021124103] y: [152.96446085035296, 112.87177345476101]
DEBUG:roipoly.roipoly:draw line x: [60.40909090909088, 562.2143396023064] y: [152.96446085035296, 100.585304736757]
DEBUG:roipoly.roipoly:draw line x: [60.40909090909088, 562.2143396023064] y: [152.96446085035296, 99.938648488441]
DEBUG:roipoly.roipoly:draw line x: [60.40909090909088, 562.2143396023064] y: [152.96446085035296, 99.29199224012501]
DEBUG:roipoly.roipoly:Received single left mouse button click
DEBUG:roipoly.roipoly:draw line x: [60.40909090909088, 562.2143396023064] y: [152.96446085035296, 99.29199224012501]
DEBUG:roipoly.roipoly:draw line x: [562.2143396023064, 562.8609958506224] y: [99.29199224012501, 98.64533599180902]
DEBUG:roipoly.roipoly:draw line x: [562.2143396023064, 566.0942770922024] y: [99.29199224012501, 107.69852346823302]
DEBUG:roipoly.roipoly:draw line x: [562.2143396023064, 569.3275583337822] y: [99.29199224012501, 157.49105458856496]
DEBUG:roipoly.roipoly:draw line x: [562.2143396023064, 578.3807458102062] y: [99.29199224012501, 264.83599180902087]
DEBUG:roipoly.roipoly:draw line x: [562.2143396023064, 575.7941208169423] y: [99.29199224012501, 336.61483537209676]
DEBUG:roipoly.roipoly:draw line x: [562.2143396023064, 573.8541520719943] y: [99.29199224012501, 388.99399148569273]
DEBUG:roipoly.roipoly:draw line x: [562.2143396023064, 594.5471520181063] y: [99.29199224012501, 430.37999137791667]
DEBUG:roipoly.roipoly:draw line x: [562.2143396023064, 595.1938082664224] y: [99.29199224012501, 436.19989761276065]
DEBUG:roipoly.roipoly:draw line x: [562.2143396023064, 595.8404645147384] y: [99.29199224012501, 434.90658511612867]
DEBUG:roipoly.roipoly:draw line x: [562.2143396023064, 618.4734332057983] y: [99.29199224012501, 399.9871477070647]
DEBUG:roipoly.roipoly:Received single left mouse button click
DEBUG:roipoly.roipoly:draw line x: [562.2143396023064, 618.4734332057983] y: [99.29199224012501, 399.9871477070647]
DEBUG:roipoly.roipoly:draw line x: [618.4734332057983, 617.8267769574823] y: [399.9871477070647, 399.9871477070647]
DEBUG:roipoly.roipoly:draw line x: [618.4734332057983, 594.5471520181063] y: [399.9871477070647, 409.6869914318047]
DEBUG:roipoly.roipoly:draw line x: [618.4734332057983, 501.4286522606024] y: [399.9871477070647, 413.5669289217007]
DEBUG:roipoly.roipoly:draw line x: [618.4734332057983, 356.5776526378185] y: [399.9871477070647, 422.62011639812465]
DEBUG:roipoly.roipoly:draw line x: [618.4734332057983, 234.35962170609474] y: [399.9871477070647, 423.9134288947567]
DEBUG:roipoly.roipoly:draw line x: [618.4734332057983, 219.48652799482676] y: [399.9871477070647, 425.2067413913887]
DEBUG:roipoly.roipoly:draw line x: [618.4734332057983, 206.5534030285067] y: [399.9871477070647, 425.2067413913887]
DEBUG:roipoly.roipoly:draw line x: [618.4734332057983, 190.38699682060673] y: [399.9871477070647, 427.14671013633665]
DEBUG:roipoly.roipoly:draw line x: [618.4734332057983, 181.33380934418273] y: [399.9871477070647, 431.02664762623266]
DEBUG:roipoly.roipoly:draw line x: [618.4734332057983, 169.04734062617877] y: [399.9871477070647, 437.49321010939263]
DEBUG:roipoly.roipoly:draw line x: [618.4734332057983, 146.41437193511877] y: [399.9871477070647, 453.01296006897667]
DEBUG:roipoly.roipoly:draw line x: [618.4734332057983, 134.1279032171148] y: [399.9871477070647, 457.53955380718867]
DEBUG:roipoly.roipoly:draw line x: [618.4734332057983, 131.54127822385078] y: [399.9871477070647, 457.53955380718867]
DEBUG:roipoly.roipoly:draw line x: [618.4734332057983, 119.25480950584682] y: [399.9871477070647, 456.8928975588726]
DEBUG:roipoly.roipoly:draw line x: [618.4734332057983, 117.31484076089879] y: [399.9871477070647, 456.8928975588726]
DEBUG:roipoly.roipoly:draw line x: [618.4734332057983, 112.78824702268679] y: [399.9871477070647, 458.18621005550466]
DEBUG:roipoly.roipoly:draw line x: [618.4734332057983, 111.4949345260548] y: [399.9871477070647, 458.83286630382065]
DEBUG:roipoly.roipoly:draw line x: [618.4734332057983, 111.4949345260548] y: [399.9871477070647, 459.47952255213664]
DEBUG:roipoly.roipoly:Received single left mouse button click
DEBUG:roipoly.roipoly:draw line x: [618.4734332057983, 111.4949345260548] y: [399.9871477070647, 459.47952255213664]
DEBUG:roipoly.roipoly:draw line x: [111.4949345260548, 107.6149970361588] y: [459.47952255213664, 461.4194912970846]
DEBUG:roipoly.roipoly:draw line x: [111.4949345260548, 81.74874710351884] y: [459.47952255213664, 445.25308508918465]
DEBUG:roipoly.roipoly:draw line x: [111.4949345260548, 61.05574715740687] y: [459.47952255213664, 423.2667726464407]
DEBUG:roipoly.roipoly:draw line x: [111.4949345260548, 16.436466023602918] y: [459.47952255213664, 352.78124157999673]
DEBUG:roipoly.roipoly:draw line x: [111.4949345260548, 15.789809775286926] y: [459.47952255213664, 327.56164789567276]
DEBUG:roipoly.roipoly:draw line x: [111.4949345260548, 30.66290348655491] y: [459.47952255213664, 289.40892924502884]
DEBUG:roipoly.roipoly:draw line x: [111.4949345260548, 32.602872231502886] y: [459.47952255213664, 281.00239801692084]
DEBUG:roipoly.roipoly:draw line x: [111.4949345260548, 34.54284097645092] y: [459.47952255213664, 271.94921054049684]
DEBUG:roipoly.roipoly:draw line x: [111.4949345260548, 35.8361534730829] y: [459.47952255213664, 269.36258554723287]
DEBUG:roipoly.roipoly:draw line x: [111.4949345260548, 36.482809721398894] y: [459.47952255213664, 268.7159292989168]
DEBUG:roipoly.roipoly:draw line x: [111.4949345260548, 37.129465969714886] y: [459.47952255213664, 268.0692730506008]
DEBUG:roipoly.roipoly:Received single left mouse button click
DEBUG:roipoly.roipoly:draw line x: [111.4949345260548, 37.129465969714886] y: [459.47952255213664, 268.0692730506008]
DEBUG:roipoly.roipoly:draw line x: [37.129465969714886, 37.77612221803088] y: [268.0692730506008, 268.0692730506008]
DEBUG:roipoly.roipoly:draw line x: [37.129465969714886, 34.54284097645092] y: [268.0692730506008, 248.02292935280485]
DEBUG:roipoly.roipoly:draw line x: [37.129465969714886, 30.66290348655491] y: [268.0692730506008, 203.4036482190009]
DEBUG:roipoly.roipoly:draw line x: [37.129465969714886, 40.3627472112949] y: [268.0692730506008, 182.71064827288893]
DEBUG:roipoly.roipoly:draw line x: [37.129465969714886, 41.009403459610894] y: [268.0692730506008, 180.12402327962496]
DEBUG:roipoly.roipoly:draw line x: [37.129465969714886, 46.182653446138886] y: [268.0692730506008, 169.13086705825293]
DEBUG:roipoly.roipoly:draw line x: [37.129465969714886, 51.35590343266688] y: [268.0692730506008, 156.84439834024897]
DEBUG:roipoly.roipoly:draw line x: [37.129465969714886, 51.35590343266688] y: [268.0692730506008, 154.90442959530094]
DEBUG:roipoly.roipoly:Received single left mouse button click
DEBUG:roipoly.roipoly:draw line x: [37.129465969714886, 51.35590343266688] y: [268.0692730506008, 154.90442959530094]
DEBUG:roipoly.roipoly:draw line x: [51.35590343266688, 52.00255968098287] y: [154.90442959530094, 154.25777334698495]
DEBUG:roipoly.roipoly:draw line x: [51.35590343266688, 51.35590343266688] y: [154.90442959530094, 154.90442959530094]
DEBUG:roipoly.roipoly:draw line x: [51.35590343266688, 51.35590343266688] y: [154.90442959530094, 155.551085843617]
DEBUG:roipoly.roipoly:Received single right mouse button click or double left click
DEBUG:roipoly.roipoly:Stop ROI drawing
INFO:root:12_37_40_13_01_2021: Change detected
INFO:root:12_37_41_13_01_2021: Change detected
INFO:root:12_37_41_13_01_2021: Change detected
INFO:root:12_37_41_13_01_2021: Change detected
INFO:root:12_37_41_13_01_2021: Change detected
INFO:root:12_37_41_13_01_2021: Change detected
INFO:root:12_37_42_13_01_2021: Change detected
INFO:root:12_37_42_13_01_2021: Change detected
INFO:root:12_37_42_13_01_2021: Change detected
INFO:root:12_37_42_13_01_2021: Change detected
INFO:root:12_37_42_13_01_2021: Change detected
INFO:root:12_37_42_13_01_2021: Change detected
INFO:root:12_37_42_13_01_2021: Change detected
INFO:root:12_37_42_13_01_2021: Change detected
INFO:root:12_37_42_13_01_2021: Change detected
INFO:root:12_37_42_13_01_2021: Change detected
INFO:root:12_37_42_13_01_2021: Change detected
INFO:root:12_37_43_13_01_2021: Change detected
INFO:root:12_37_43_13_01_2021: Change detected
INFO:root:12_37_43_13_01_2021: Change detected
INFO:root:12_37_43_13_01_2021: Change detected
INFO:root:12_37_43_13_01_2021: Change detected
INFO:root:12_37_43_13_01_2021: Change detected
INFO:root:12_37_43_13_01_2021: Change detected
INFO:root:12_37_43_13_01_2021: Change detected
INFO:root:12_37_43_13_01_2021: Change detected
INFO:root:12_37_43_13_01_2021: Change detected
INFO:root:12_37_43_13_01_2021: Change detected
INFO:root:12_37_44_13_01_2021: Change detected
INFO:root:12_37_44_13_01_2021: Change detected
INFO:root:12_37_44_13_01_2021: Change detected
INFO:root:12_37_44_13_01_2021: Change detected
INFO:root:12_37_44_13_01_2021: Change detected
INFO:root:12_37_44_13_01_2021: Change detected
INFO:root:12_37_44_13_01_2021: Change detected
INFO:root:12_37_44_13_01_2021: Change detected
INFO:root:12_37_44_13_01_2021: Change detected
INFO:root:12_37_44_13_01_2021: Change detected
INFO:root:12_37_55_13_01_2021: Change detected
INFO:root:12_37_55_13_01_2021: Change detected
INFO:root:12_37_55_13_01_2021: Change detected
INFO:root:12_37_55_13_01_2021: Change detected
INFO:root:12_37_55_13_01_2021: Change detected
INFO:root:12_37_55_13_01_2021: Change detected
INFO:root:12_37_55_13_01_2021: Change detected
INFO:root:12_37_55_13_01_2021: Change detected
INFO:root:12_37_55_13_01_2021: Change detected
INFO:root:12_37_55_13_01_2021: Change detected
INFO:root:12_37_55_13_01_2021: Change detected
INFO:root:12_37_56_13_01_2021: Change detected
INFO:root:12_37_56_13_01_2021: Change detected
INFO:root:12_37_56_13_01_2021: Change detected
INFO:root:12_37_56_13_01_2021: Change detected
INFO:root:12_37_56_13_01_2021: Change detected
INFO:root:12_37_56_13_01_2021: Change detected
INFO:root:12_37_56_13_01_2021: Change detected
INFO:root:12_37_56_13_01_2021: Change detected
INFO:root:12_37_56_13_01_2021: Change detected
INFO:root:12_37_56_13_01_2021: Change detected
INFO:root:12_37_56_13_01_2021: Change detected
INFO:root:12_37_56_13_01_2021: Change detected
INFO:root:12_37_57_13_01_2021: Change detected
INFO:root:12_37_57_13_01_2021: Change detected
INFO:root:12_37_57_13_01_2021: Change detected
INFO:root:12_37_57_13_01_2021: Change detected
INFO:root:12_37_57_13_01_2021: Change detected
INFO:root:12_37_57_13_01_2021: Change detected
INFO:root:12_37_57_13_01_2021: Change detected
INFO:root:12_37_57_13_01_2021: Change detected
INFO:root:12_37_57_13_01_2021: Change detected
INFO:root:12_37_57_13_01_2021: Change detected
INFO:root:12_37_57_13_01_2021: Change detected
INFO:root:12_37_58_13_01_2021: Change detected
INFO:root:12_37_58_13_01_2021: Change detected
INFO:root:12_37_58_13_01_2021: Change detected
INFO:root:12_37_58_13_01_2021: Change detected
INFO:root:12_37_58_13_01_2021: Change detected
INFO:root:12_37_58_13_01_2021: Change detected
INFO:root:12_37_58_13_01_2021: Change detected
INFO:root:12_37_58_13_01_2021: Change detected
INFO:root:12_37_58_13_01_2021: Change detected
INFO:root:12_37_58_13_01_2021: Change detected
INFO:root:12_37_58_13_01_2021: Change detected
INFO:root:12_37_59_13_01_2021: Change detected
INFO:root:12_37_59_13_01_2021: Change detected
INFO:root:12_37_59_13_01_2021: Change detected
INFO:root:12_37_59_13_01_2021: Change detected
INFO:root:12_37_59_13_01_2021: Change detected
INFO:root:12_37_59_13_01_2021: Change detected
INFO:root:12_37_59_13_01_2021: Change detected
INFO:root:12_37_59_13_01_2021: Change detected
INFO:root:12_37_59_13_01_2021: Change detected
INFO:root:12_37_59_13_01_2021: Change detected
INFO:root:12_37_59_13_01_2021: Change detected
INFO:root:12_38_00_13_01_2021: Change detected
INFO:root:12_38_00_13_01_2021: Change detected
INFO:root:12_38_00_13_01_2021: Change detected
INFO:root:12_38_00_13_01_2021: Change detected
INFO:root:12_38_00_13_01_2021: Change detected
INFO:root:12_38_00_13_01_2021: Change detected
INFO:root:12_38_00_13_01_2021: Change detected
INFO:root:12_38_00_13_01_2021: Change detected
INFO:root:12_38_00_13_01_2021: Change detected
INFO:root:12_38_00_13_01_2021: Change detected
INFO:root:12_38_00_13_01_2021: Change detected
INFO:root:12_38_01_13_01_2021: Change detected
INFO:root:12_38_01_13_01_2021: Change detected
INFO:root:12_38_01_13_01_2021: Change detected
INFO:root:12_38_01_13_01_2021: Change detected
INFO:root:12_38_01_13_01_2021: Change detected
INFO:root:12_38_01_13_01_2021: Change detected
INFO:root:12_38_01_13_01_2021: Change detected
INFO:root:12_38_01_13_01_2021: Change detected
INFO:root:12_38_01_13_01_2021: Change detected
INFO:root:12_38_01_13_01_2021: Change detected
INFO:root:12_38_01_13_01_2021: Change detected
INFO:root:12_38_02_13_01_2021: Change detected
INFO:root:12_38_02_13_01_2021: Change detected
INFO:root:12_38_02_13_01_2021: Change detected
INFO:root:12_38_02_13_01_2021: Change detected
INFO:root:12_38_02_13_01_2021: Change detected
INFO:root:12_38_02_13_01_2021: Change detected
INFO:root:12_38_02_13_01_2021: Change detected
INFO:root:12_38_02_13_01_2021: Change detected
INFO:root:12_38_02_13_01_2021: Change detected
INFO:root:12_38_02_13_01_2021: Change detected
INFO:root:12_38_02_13_01_2021: Change detected
INFO:root:12_38_03_13_01_2021: Change detected
INFO:root:12_38_03_13_01_2021: Change detected
INFO:root:12_38_03_13_01_2021: Change detected
INFO:root:12_38_03_13_01_2021: Change detected
INFO:root:12_38_03_13_01_2021: Change detected
INFO:root:12_38_03_13_01_2021: Change detected
INFO:root:12_38_03_13_01_2021: Change detected
INFO:root:12_38_03_13_01_2021: Change detected
INFO:root:12_38_03_13_01_2021: Change detected
INFO:root:12_38_03_13_01_2021: Change detected
INFO:root:12_38_03_13_01_2021: Change detected
INFO:root:12_38_04_13_01_2021: Change detected
INFO:root:12_38_04_13_01_2021: Change detected
INFO:root:12_38_04_13_01_2021: Change detected
INFO:root:12_38_04_13_01_2021: Change detected
INFO:root:12_38_04_13_01_2021: Change detected
INFO:root:12_38_04_13_01_2021: Change detected
INFO:root:12_38_04_13_01_2021: Change detected
INFO:root:12_38_04_13_01_2021: Change detected
INFO:root:12_38_04_13_01_2021: Change detected
INFO:root:12_38_04_13_01_2021: Change detected
INFO:root:12_38_04_13_01_2021: Change detected
INFO:root:12_38_05_13_01_2021: Change detected
INFO:root:12_38_05_13_01_2021: Change detected
INFO:root:12_38_05_13_01_2021: Change detected
INFO:root:12_38_05_13_01_2021: Change detected
INFO:root:12_38_05_13_01_2021: Change detected
INFO:root:12_38_05_13_01_2021: Change detected
INFO:root:12_38_05_13_01_2021: Change detected
INFO:root:12_38_05_13_01_2021: Change detected
INFO:root:12_38_05_13_01_2021: Change detected
INFO:root:12_38_05_13_01_2021: Change detected
INFO:root:12_38_05_13_01_2021: Change detected
INFO:root:12_38_06_13_01_2021: Change detected
INFO:root:12_38_06_13_01_2021: Change detected
INFO:root:12_38_06_13_01_2021: Change detected
INFO:root:12_38_06_13_01_2021: Change detected
INFO:root:12_38_06_13_01_2021: Change detected
INFO:root:12_38_06_13_01_2021: Change detected
INFO:root:12_38_06_13_01_2021: Change detected
INFO:root:12_38_06_13_01_2021: Change detected
INFO:root:12_38_06_13_01_2021: Change detected
INFO:root:12_38_06_13_01_2021: Change detected
INFO:root:12_38_06_13_01_2021: Change detected
INFO:root:12_38_06_13_01_2021: Change detected
INFO:root:12_38_07_13_01_2021: Change detected
INFO:root:12_38_07_13_01_2021: Change detected
INFO:root:12_38_07_13_01_2021: Change detected
INFO:root:12_38_07_13_01_2021: Change detected
INFO:root:12_38_07_13_01_2021: Change detected
INFO:root:12_38_07_13_01_2021: Change detected
INFO:root:12_38_07_13_01_2021: Change detected
INFO:root:12_38_07_13_01_2021: Change detected
INFO:root:12_38_07_13_01_2021: Change detected
INFO:root:12_38_07_13_01_2021: Change detected
INFO:root:12_38_07_13_01_2021: Change detected
INFO:root:12_38_08_13_01_2021: Change detected
INFO:root:12_38_08_13_01_2021: Change detected
INFO:root:12_38_08_13_01_2021: Change detected
INFO:root:12_38_08_13_01_2021: Change detected
INFO:root:12_38_08_13_01_2021: Change detected
INFO:root:12_38_08_13_01_2021: Change detected
INFO:root:12_38_08_13_01_2021: Change detected
INFO:root:12_38_08_13_01_2021: Change detected
INFO:root:12_38_08_13_01_2021: Change detected
INFO:root:12_38_08_13_01_2021: Change detected
INFO:root:12_38_08_13_01_2021: Change detected
INFO:root:12_38_09_13_01_2021: Change detected
INFO:root:12_38_09_13_01_2021: Change detected
INFO:root:12_38_09_13_01_2021: Change detected
INFO:root:12_38_09_13_01_2021: Change detected
INFO:root:12_38_09_13_01_2021: Change detected
INFO:root:12_38_09_13_01_2021: Change detected
INFO:root:12_38_09_13_01_2021: Change detected
INFO:root:12_38_09_13_01_2021: Change detected
INFO:root:12_38_09_13_01_2021: Change detected
INFO:root:12_38_09_13_01_2021: Change detected
INFO:root:12_38_09_13_01_2021: Change detected
INFO:root:12_38_10_13_01_2021: Change detected
INFO:root:12_38_10_13_01_2021: Change detected
INFO:root:12_38_10_13_01_2021: Change detected
INFO:root:12_38_10_13_01_2021: Change detected
INFO:root:12_38_10_13_01_2021: Change detected
INFO:root:12_38_10_13_01_2021: Change detected
INFO:root:12_38_10_13_01_2021: Change detected
INFO:root:12_38_10_13_01_2021: Change detected
INFO:root:12_38_10_13_01_2021: Change detected
INFO:root:12_38_10_13_01_2021: Change detected
INFO:root:12_38_10_13_01_2021: Change detected
INFO:root:12_38_10_13_01_2021: Change detected
INFO:root:12_38_11_13_01_2021: Change detected
INFO:root:12_38_11_13_01_2021: Change detected
INFO:root:12_38_11_13_01_2021: Change detected
INFO:root:12_38_11_13_01_2021: Change detected
INFO:root:12_38_11_13_01_2021: Change detected
INFO:root:12_38_11_13_01_2021: Change detected
INFO:root:12_38_11_13_01_2021: Change detected
INFO:root:12_38_11_13_01_2021: Change detected
INFO:root:12_38_11_13_01_2021: Change detected
INFO:root:12_38_11_13_01_2021: Change detected
INFO:root:12_38_11_13_01_2021: Change detected
INFO:root:12_38_12_13_01_2021: Change detected
INFO:root:12_38_12_13_01_2021: Change detected
INFO:root:12_38_12_13_01_2021: Change detected
INFO:root:12_38_12_13_01_2021: Change detected
INFO:root:12_38_12_13_01_2021: Change detected
INFO:root:12_38_12_13_01_2021: Change detected
INFO:root:12_38_12_13_01_2021: Change detected
INFO:root:12_38_12_13_01_2021: Change detected
INFO:root:12_38_12_13_01_2021: Change detected
INFO:root:12_38_12_13_01_2021: Change detected
INFO:root:12_38_12_13_01_2021: Change detected
INFO:root:12_38_13_13_01_2021: Change detected
INFO:root:12_38_13_13_01_2021: Change detected
INFO:root:12_38_13_13_01_2021: Change detected
INFO:root:12_38_13_13_01_2021: Change detected
INFO:root:12_38_13_13_01_2021: Change detected
INFO:root:12_38_13_13_01_2021: Change detected
INFO:root:12_38_13_13_01_2021: Change detected
INFO:root:12_38_13_13_01_2021: Change detected
INFO:root:12_38_13_13_01_2021: Change detected
INFO:root:12_38_13_13_01_2021: Change detected
INFO:root:12_38_13_13_01_2021: Change detected
INFO:root:12_38_14_13_01_2021: Change detected
INFO:root:12_38_14_13_01_2021: Change detected
INFO:root:12_38_14_13_01_2021: Change detected
INFO:root:12_38_14_13_01_2021: Change detected
INFO:root:12_38_14_13_01_2021: Change detected
INFO:root:12_38_14_13_01_2021: Change detected
INFO:root:12_38_14_13_01_2021: Change detected
INFO:root:12_38_14_13_01_2021: Change detected
INFO:root:12_38_14_13_01_2021: Change detected
INFO:root:12_38_14_13_01_2021: Change detected
INFO:root:12_38_14_13_01_2021: Change detected
INFO:root:12_38_15_13_01_2021: Change detected
INFO:root:12_38_15_13_01_2021: Change detected
INFO:root:12_38_15_13_01_2021: Change detected
INFO:root:12_38_15_13_01_2021: Change detected
INFO:root:12_38_15_13_01_2021: Change detected
INFO:root:12_38_15_13_01_2021: Change detected
INFO:root:12_38_15_13_01_2021: Change detected
INFO:root:12_38_15_13_01_2021: Change detected
INFO:root:12_38_15_13_01_2021: Change detected
INFO:root:12_38_15_13_01_2021: Change detected
INFO:root:12_38_15_13_01_2021: Change detected
INFO:root:12_38_16_13_01_2021: Change detected
INFO:root:12_38_16_13_01_2021: Change detected
INFO:root:12_38_16_13_01_2021: Change detected
INFO:root:12_38_16_13_01_2021: Change detected
INFO:root:12_38_16_13_01_2021: Change detected
INFO:root:12_38_16_13_01_2021: Change detected
INFO:root:12_38_16_13_01_2021: Change detected
INFO:root:12_38_16_13_01_2021: Change detected
INFO:root:12_38_16_13_01_2021: Change detected
INFO:root:12_38_16_13_01_2021: Change detected
INFO:root:12_38_16_13_01_2021: Change detected
INFO:root:12_38_17_13_01_2021: Change detected
INFO:root:12_38_17_13_01_2021: Change detected
INFO:root:12_38_17_13_01_2021: Change detected
INFO:root:12_38_17_13_01_2021: Change detected
INFO:root:12_38_17_13_01_2021: Change detected
INFO:root:12_38_17_13_01_2021: Change detected
INFO:root:12_38_17_13_01_2021: Change detected
INFO:root:12_38_17_13_01_2021: Change detected
INFO:root:12_38_17_13_01_2021: Change detected
INFO:root:12_38_17_13_01_2021: Change detected
INFO:root:12_38_17_13_01_2021: Change detected
INFO:root:12_38_18_13_01_2021: Change detected
INFO:root:12_38_18_13_01_2021: Change detected
INFO:root:12_38_18_13_01_2021: Change detected
INFO:root:12_38_18_13_01_2021: Change detected
INFO:root:12_38_18_13_01_2021: Change detected
INFO:root:12_38_18_13_01_2021: Change detected
INFO:root:12_38_18_13_01_2021: Change detected
INFO:root:12_38_18_13_01_2021: Change detected
INFO:root:12_38_18_13_01_2021: Change detected
INFO:root:12_38_18_13_01_2021: Change detected
INFO:root:12_38_18_13_01_2021: Change detected
INFO:root:12_38_18_13_01_2021: Change detected
INFO:root:12_38_19_13_01_2021: Change detected
INFO:root:12_38_19_13_01_2021: Change detected
INFO:root:12_38_19_13_01_2021: Change detected
INFO:root:12_38_19_13_01_2021: Change detected
INFO:root:12_38_19_13_01_2021: Change detected
INFO:root:12_38_19_13_01_2021: Change detected
INFO:root:12_38_19_13_01_2021: Change detected
INFO:root:12_38_19_13_01_2021: Change detected
INFO:root:12_39_08_13_01_2021: Change detected
INFO:root:12_39_08_13_01_2021: Change detected
INFO:root:12_39_08_13_01_2021: Change detected
INFO:root:12_39_08_13_01_2021: Change detected
INFO:root:12_39_08_13_01_2021: Change detected
INFO:root:12_39_08_13_01_2021: Change detected
INFO:root:12_39_08_13_01_2021: Change detected
INFO:root:12_39_08_13_01_2021: Change detected
INFO:root:12_39_09_13_01_2021: Change detected
INFO:root:12_39_09_13_01_2021: Change detected
INFO:root:12_39_09_13_01_2021: Change detected
INFO:root:12_39_09_13_01_2021: Change detected
INFO:root:12_39_09_13_01_2021: Change detected
INFO:root:12_39_09_13_01_2021: Change detected
INFO:root:12_39_09_13_01_2021: Change detected
INFO:root:12_39_09_13_01_2021: Change detected
INFO:root:12_39_09_13_01_2021: Change detected
INFO:root:12_39_09_13_01_2021: Change detected
INFO:root:12_39_09_13_01_2021: Change detected
INFO:root:12_39_09_13_01_2021: Change detected
INFO:root:12_39_10_13_01_2021: Change detected
INFO:root:12_39_10_13_01_2021: Change detected
INFO:root:12_39_10_13_01_2021: Change detected
INFO:root:12_39_10_13_01_2021: Change detected
INFO:root:12_39_10_13_01_2021: Change detected
INFO:root:12_39_10_13_01_2021: Change detected
INFO:root:12_39_10_13_01_2021: Change detected
INFO:root:12_39_10_13_01_2021: Change detected
INFO:root:12_39_10_13_01_2021: Change detected
INFO:root:12_39_10_13_01_2021: Change detected
INFO:root:12_39_10_13_01_2021: Change detected
INFO:root:12_39_10_13_01_2021: Change detected
INFO:root:12_39_11_13_01_2021: Change detected
INFO:root:12_39_11_13_01_2021: Change detected
INFO:root:12_39_11_13_01_2021: Change detected
INFO:root:12_39_11_13_01_2021: Change detected
INFO:root:12_39_11_13_01_2021: Change detected
INFO:root:12_39_11_13_01_2021: Change detected
INFO:root:12_39_11_13_01_2021: Change detected
INFO:root:12_39_11_13_01_2021: Change detected
INFO:root:12_39_11_13_01_2021: Change detected
INFO:root:12_39_11_13_01_2021: Change detected
INFO:root:12_39_11_13_01_2021: Change detected
INFO:root:12_39_12_13_01_2021: Change detected
INFO:root:12_39_12_13_01_2021: Change detected
INFO:root:12_39_12_13_01_2021: Change detected
INFO:root:12_39_12_13_01_2021: Change detected
INFO:root:12_39_12_13_01_2021: Change detected
INFO:root:12_39_12_13_01_2021: Change detected
INFO:root:12_39_12_13_01_2021: Change detected
INFO:root:12_39_12_13_01_2021: Change detected
INFO:root:12_39_12_13_01_2021: Change detected
INFO:root:12_39_12_13_01_2021: Change detected
INFO:root:12_39_12_13_01_2021: Change detected
INFO:root:12_39_13_13_01_2021: Change detected
INFO:root:12_39_13_13_01_2021: Change detected
INFO:root:12_39_13_13_01_2021: Change detected
INFO:root:12_39_13_13_01_2021: Change detected
INFO:root:12_39_13_13_01_2021: Change detected
INFO:root:12_39_13_13_01_2021: Change detected
INFO:root:12_39_13_13_01_2021: Change detected
INFO:root:12_39_13_13_01_2021: Change detected
INFO:root:12_39_13_13_01_2021: Change detected
INFO:root:12_39_13_13_01_2021: Change detected
INFO:root:12_39_13_13_01_2021: Change detected
INFO:root:12_39_13_13_01_2021: Change detected
INFO:root:12_39_14_13_01_2021: Change detected
INFO:root:12_39_14_13_01_2021: Change detected
INFO:root:12_39_14_13_01_2021: Change detected
INFO:root:12_39_14_13_01_2021: Change detected
INFO:root:12_39_14_13_01_2021: Change detected
INFO:root:12_39_14_13_01_2021: Change detected
INFO:root:12_39_14_13_01_2021: Change detected
INFO:root:12_39_14_13_01_2021: Change detected
INFO:root:12_39_14_13_01_2021: Change detected
INFO:root:12_39_14_13_01_2021: Change detected
INFO:root:12_39_14_13_01_2021: Change detected
INFO:root:12_39_14_13_01_2021: Change detected
INFO:root:12_39_15_13_01_2021: Change detected
INFO:root:12_39_15_13_01_2021: Change detected
INFO:root:12_39_15_13_01_2021: Change detected
INFO:root:12_39_15_13_01_2021: Change detected
INFO:root:12_39_15_13_01_2021: Change detected
INFO:root:12_39_15_13_01_2021: Change detected
INFO:root:12_39_15_13_01_2021: Change detected
INFO:root:12_39_15_13_01_2021: Change detected
INFO:root:12_39_15_13_01_2021: Change detected
INFO:root:12_39_15_13_01_2021: Change detected
INFO:root:12_39_15_13_01_2021: Change detected
INFO:root:12_39_16_13_01_2021: Change detected
INFO:root:12_39_16_13_01_2021: Change detected
INFO:root:12_39_16_13_01_2021: Change detected
INFO:root:12_39_16_13_01_2021: Change detected
INFO:root:12_39_16_13_01_2021: Change detected
INFO:root:12_39_16_13_01_2021: Change detected
INFO:root:12_39_16_13_01_2021: Change detected
INFO:root:12_39_16_13_01_2021: Change detected
INFO:root:12_39_16_13_01_2021: Change detected
INFO:root:12_39_16_13_01_2021: Change detected
INFO:root:12_39_16_13_01_2021: Change detected
INFO:root:12_39_17_13_01_2021: Change detected
INFO:root:12_39_17_13_01_2021: Change detected
INFO:root:12_39_17_13_01_2021: Change detected
INFO:root:12_39_17_13_01_2021: Change detected
INFO:root:12_39_17_13_01_2021: Change detected
INFO:root:12_39_17_13_01_2021: Change detected
INFO:root:12_39_17_13_01_2021: Change detected
INFO:root:12_39_17_13_01_2021: Change detected
INFO:root:12_39_17_13_01_2021: Change detected
INFO:root:12_39_17_13_01_2021: Change detected
INFO:root:12_39_17_13_01_2021: Change detected
INFO:root:12_39_18_13_01_2021: Change detected
INFO:root:12_39_18_13_01_2021: Change detected
INFO:root:12_39_18_13_01_2021: Change detected
INFO:root:12_39_18_13_01_2021: Change detected
INFO:root:12_39_18_13_01_2021: Change detected
INFO:root:12_39_18_13_01_2021: Change detected
INFO:root:12_39_18_13_01_2021: Change detected
INFO:root:12_39_18_13_01_2021: Change detected
INFO:root:12_39_18_13_01_2021: Change detected
INFO:root:12_39_18_13_01_2021: Change detected
INFO:root:12_39_18_13_01_2021: Change detected
INFO:root:12_39_19_13_01_2021: Change detected
INFO:root:12_39_19_13_01_2021: Change detected
INFO:root:12_39_19_13_01_2021: Change detected
INFO:root:12_39_19_13_01_2021: Change detected
INFO:root:12_39_19_13_01_2021: Change detected
INFO:root:12_39_19_13_01_2021: Change detected
INFO:root:12_39_19_13_01_2021: Change detected
INFO:root:12_39_19_13_01_2021: Change detected
INFO:root:12_39_19_13_01_2021: Change detected
